mode: set
github.com/niiniyare/erp/pkg/schema/action.go:125.63,127.2 1 1
github.com/niiniyare/erp/pkg/schema/action.go:130.54,132.2 1 1
github.com/niiniyare/erp/pkg/schema/action.go:135.54,138.16 2 1
github.com/niiniyare/erp/pkg/schema/action.go:138.16,140.3 1 1
github.com/niiniyare/erp/pkg/schema/action.go:141.2,141.18 1 1
github.com/niiniyare/erp/pkg/schema/action.go:141.18,143.3 1 1
github.com/niiniyare/erp/pkg/schema/action.go:144.2,144.18 1 1
github.com/niiniyare/erp/pkg/schema/action.go:144.18,146.3 1 1
github.com/niiniyare/erp/pkg/schema/action.go:149.2,149.26 1 1
github.com/niiniyare/erp/pkg/schema/action.go:149.26,150.44 1 0
github.com/niiniyare/erp/pkg/schema/action.go:150.44,155.4 1 0
github.com/niiniyare/erp/pkg/schema/action.go:159.2,159.28 1 1
github.com/niiniyare/erp/pkg/schema/action.go:159.28,160.48 1 0
github.com/niiniyare/erp/pkg/schema/action.go:160.48,165.4 1 0
github.com/niiniyare/erp/pkg/schema/action.go:169.2,169.43 1 1
github.com/niiniyare/erp/pkg/schema/action.go:169.43,170.30 1 0
github.com/niiniyare/erp/pkg/schema/action.go:170.30,175.4 1 0
github.com/niiniyare/erp/pkg/schema/action.go:178.2,178.27 1 1
github.com/niiniyare/erp/pkg/schema/action.go:178.27,180.3 1 1
github.com/niiniyare/erp/pkg/schema/action.go:182.2,182.12 1 1
github.com/niiniyare/erp/pkg/schema/action.go:186.84,187.14 1 1
github.com/niiniyare/erp/pkg/schema/action.go:187.14,189.3 1 1
github.com/niiniyare/erp/pkg/schema/action.go:192.2,192.46 1 1
github.com/niiniyare/erp/pkg/schema/action.go:192.46,195.17 3 0
github.com/niiniyare/erp/pkg/schema/action.go:195.17,197.4 1 0
github.com/niiniyare/erp/pkg/schema/action.go:198.3,198.21 1 0
github.com/niiniyare/erp/pkg/schema/action.go:202.2,202.26 1 1
github.com/niiniyare/erp/pkg/schema/action.go:202.26,205.3 1 0
github.com/niiniyare/erp/pkg/schema/action.go:207.2,207.18 1 1
github.com/niiniyare/erp/pkg/schema/action.go:211.35,213.2 1 1
github.com/niiniyare/erp/pkg/schema/action.go:216.43,217.19 1 1
github.com/niiniyare/erp/pkg/schema/action.go:218.65,219.31 1 1
github.com/niiniyare/erp/pkg/schema/action.go:220.10,221.26 1 1
github.com/niiniyare/erp/pkg/schema/action.go:222.10,223.26 1 1
github.com/niiniyare/erp/pkg/schema/action.go:228.40,229.16 1 1
github.com/niiniyare/erp/pkg/schema/action.go:230.30,231.28 1 1
github.com/niiniyare/erp/pkg/schema/action.go:232.10,233.21 1 1
github.com/niiniyare/erp/pkg/schema/action.go:234.10,235.21 1 1
github.com/niiniyare/erp/pkg/schema/action.go:240.43,241.22 1 1
github.com/niiniyare/erp/pkg/schema/action.go:241.22,243.3 1 1
github.com/niiniyare/erp/pkg/schema/action.go:244.2,244.15 1 1
github.com/niiniyare/erp/pkg/schema/action.go:248.33,250.2 1 1
github.com/niiniyare/erp/pkg/schema/action.go:253.41,255.2 1 1
github.com/niiniyare/erp/pkg/schema/action.go:258.61,259.26 1 1
github.com/niiniyare/erp/pkg/schema/action.go:259.26,261.3 1 1
github.com/niiniyare/erp/pkg/schema/action.go:262.2,262.43 1 1
github.com/niiniyare/erp/pkg/schema/action.go:262.43,263.22 1 1
github.com/niiniyare/erp/pkg/schema/action.go:263.22,265.4 1 1
github.com/niiniyare/erp/pkg/schema/action.go:267.2,267.14 1 1
github.com/niiniyare/erp/pkg/schema/action.go:271.51,272.58 1 1
github.com/niiniyare/erp/pkg/schema/action.go:272.58,274.3 1 1
github.com/niiniyare/erp/pkg/schema/action.go:276.2,276.33 1 1
github.com/niiniyare/erp/pkg/schema/action.go:276.33,277.50 1 1
github.com/niiniyare/erp/pkg/schema/action.go:277.50,278.27 1 1
github.com/niiniyare/erp/pkg/schema/action.go:278.27,280.5 1 1
github.com/niiniyare/erp/pkg/schema/action.go:283.2,283.14 1 1
github.com/niiniyare/erp/pkg/schema/action.go:287.54,288.61 1 1
github.com/niiniyare/erp/pkg/schema/action.go:288.61,290.3 1 1
github.com/niiniyare/erp/pkg/schema/action.go:292.2,292.33 1 1
github.com/niiniyare/erp/pkg/schema/action.go:292.33,293.53 1 1
github.com/niiniyare/erp/pkg/schema/action.go:293.53,294.27 1 1
github.com/niiniyare/erp/pkg/schema/action.go:294.27,296.5 1 1
github.com/niiniyare/erp/pkg/schema/action.go:299.2,299.14 1 1
github.com/niiniyare/erp/pkg/schema/action.go:303.34,307.2 3 1
github.com/niiniyare/erp/pkg/schema/action.go:310.43,311.18 1 1
github.com/niiniyare/erp/pkg/schema/action.go:311.18,313.3 1 1
github.com/niiniyare/erp/pkg/schema/action.go:316.2,316.20 1 1
github.com/niiniyare/erp/pkg/schema/action.go:316.20,318.3 1 1
github.com/niiniyare/erp/pkg/schema/action.go:324.44,325.21 1 1
github.com/niiniyare/erp/pkg/schema/action.go:325.21,327.3 1 1
github.com/niiniyare/erp/pkg/schema/action.go:328.2,328.17 1 1
github.com/niiniyare/erp/pkg/schema/action.go:332.43,334.2 1 1
github.com/niiniyare/erp/pkg/schema/action.go:337.45,339.2 1 1
github.com/niiniyare/erp/pkg/schema/action.go:342.41,344.2 1 1
github.com/niiniyare/erp/pkg/schema/action.go:347.46,348.19 1 1
github.com/niiniyare/erp/pkg/schema/action.go:348.19,350.3 1 1
github.com/niiniyare/erp/pkg/schema/action.go:351.2,351.15 1 1
github.com/niiniyare/erp/pkg/schema/action.go:355.50,356.21 1 1
github.com/niiniyare/erp/pkg/schema/action.go:356.21,358.3 1 1
github.com/niiniyare/erp/pkg/schema/action.go:359.2,359.17 1 1
github.com/niiniyare/erp/pkg/schema/action.go:363.40,365.2 1 1
github.com/niiniyare/erp/pkg/schema/action.go:368.39,370.2 1 1
github.com/niiniyare/erp/pkg/schema/action.go:373.38,375.2 1 1
github.com/niiniyare/erp/pkg/schema/action.go:378.40,380.2 1 1
github.com/niiniyare/erp/pkg/schema/action.go:383.34,384.45 1 1
github.com/niiniyare/erp/pkg/schema/action.go:384.45,386.3 1 1
github.com/niiniyare/erp/pkg/schema/action.go:387.2,387.19 1 1
github.com/niiniyare/erp/pkg/schema/action.go:387.19,389.3 1 1
github.com/niiniyare/erp/pkg/schema/action.go:390.2,390.11 1 1
github.com/niiniyare/erp/pkg/schema/action.go:394.41,395.42 1 1
github.com/niiniyare/erp/pkg/schema/action.go:395.42,397.3 1 1
github.com/niiniyare/erp/pkg/schema/action.go:398.2,398.28 1 1
github.com/niiniyare/erp/pkg/schema/action.go:398.28,400.3 1 1
github.com/niiniyare/erp/pkg/schema/action.go:401.2,401.14 1 1
github.com/niiniyare/erp/pkg/schema/action.go:405.40,407.2 1 1
github.com/niiniyare/erp/pkg/schema/action.go:410.41,411.21 1 1
github.com/niiniyare/erp/pkg/schema/action.go:411.21,413.3 1 1
github.com/niiniyare/erp/pkg/schema/action.go:414.2,414.10 1 1
github.com/niiniyare/erp/pkg/schema/action.go:418.40,420.2 1 1
github.com/niiniyare/erp/pkg/schema/action.go:423.41,424.21 1 1
github.com/niiniyare/erp/pkg/schema/action.go:424.21,426.3 1 1
github.com/niiniyare/erp/pkg/schema/action.go:427.2,427.10 1 1
github.com/niiniyare/erp/pkg/schema/action.go:437.78,445.2 1 1
github.com/niiniyare/erp/pkg/schema/action.go:448.69,451.2 2 1
github.com/niiniyare/erp/pkg/schema/action.go:454.63,457.2 2 1
github.com/niiniyare/erp/pkg/schema/action.go:460.80,464.2 3 1
github.com/niiniyare/erp/pkg/schema/action.go:467.74,470.2 2 1
github.com/niiniyare/erp/pkg/schema/action.go:473.88,480.2 2 1
github.com/niiniyare/erp/pkg/schema/action.go:483.89,486.2 2 1
github.com/niiniyare/erp/pkg/schema/action.go:489.92,492.2 2 1
github.com/niiniyare/erp/pkg/schema/action.go:495.87,498.2 2 1
github.com/niiniyare/erp/pkg/schema/action.go:501.52,504.2 2 1
github.com/niiniyare/erp/pkg/schema/action.go:507.50,510.2 2 1
github.com/niiniyare/erp/pkg/schema/action.go:513.42,514.25 1 1
github.com/niiniyare/erp/pkg/schema/action.go:514.25,516.3 1 1
github.com/niiniyare/erp/pkg/schema/action.go:517.2,517.18 1 1
github.com/niiniyare/erp/pkg/schema/action.go:523.54,525.2 1 1
github.com/niiniyare/erp/pkg/schema/action.go:528.53,530.2 1 1
github.com/niiniyare/erp/pkg/schema/action.go:533.54,535.2 1 1
github.com/niiniyare/erp/pkg/schema/action.go:538.54,542.2 1 1
github.com/niiniyare/erp/pkg/schema/builder.go:21.68,28.2 1 1
github.com/niiniyare/erp/pkg/schema/builder.go:31.74,34.2 2 1
github.com/niiniyare/erp/pkg/schema/builder.go:37.57,40.2 2 1
github.com/niiniyare/erp/pkg/schema/builder.go:43.56,46.2 2 1
github.com/niiniyare/erp/pkg/schema/builder.go:49.58,52.2 2 1
github.com/niiniyare/erp/pkg/schema/builder.go:55.54,58.2 2 1
github.com/niiniyare/erp/pkg/schema/builder.go:61.53,64.2 2 1
github.com/niiniyare/erp/pkg/schema/builder.go:67.55,70.2 2 1
github.com/niiniyare/erp/pkg/schema/builder.go:73.55,76.2 2 1
github.com/niiniyare/erp/pkg/schema/builder.go:79.64,86.2 2 1
github.com/niiniyare/erp/pkg/schema/builder.go:89.61,92.2 2 1
github.com/niiniyare/erp/pkg/schema/builder.go:95.39,96.30 1 1
github.com/niiniyare/erp/pkg/schema/builder.go:96.30,98.3 1 1
github.com/niiniyare/erp/pkg/schema/builder.go:99.2,104.10 2 1
github.com/niiniyare/erp/pkg/schema/builder.go:108.80,109.30 1 1
github.com/niiniyare/erp/pkg/schema/builder.go:109.30,111.3 1 1
github.com/niiniyare/erp/pkg/schema/builder.go:112.2,117.10 2 1
github.com/niiniyare/erp/pkg/schema/builder.go:121.58,129.2 2 1
github.com/niiniyare/erp/pkg/schema/builder.go:132.53,138.2 2 1
github.com/niiniyare/erp/pkg/schema/builder.go:141.80,148.2 2 1
github.com/niiniyare/erp/pkg/schema/builder.go:151.76,158.24 2 1
github.com/niiniyare/erp/pkg/schema/builder.go:158.24,160.3 1 0
github.com/niiniyare/erp/pkg/schema/builder.go:161.2,162.10 2 1
github.com/niiniyare/erp/pkg/schema/builder.go:166.77,173.24 2 1
github.com/niiniyare/erp/pkg/schema/builder.go:173.24,175.3 1 0
github.com/niiniyare/erp/pkg/schema/builder.go:176.2,177.10 2 1
github.com/niiniyare/erp/pkg/schema/builder.go:181.80,188.24 2 1
github.com/niiniyare/erp/pkg/schema/builder.go:188.24,190.3 1 0
github.com/niiniyare/erp/pkg/schema/builder.go:191.2,192.10 2 1
github.com/niiniyare/erp/pkg/schema/builder.go:196.97,203.30 2 1
github.com/niiniyare/erp/pkg/schema/builder.go:203.30,208.3 1 1
github.com/niiniyare/erp/pkg/schema/builder.go:209.2,209.24 1 1
github.com/niiniyare/erp/pkg/schema/builder.go:209.24,211.3 1 0
github.com/niiniyare/erp/pkg/schema/builder.go:212.2,213.10 2 1
github.com/niiniyare/erp/pkg/schema/builder.go:217.96,225.24 2 1
github.com/niiniyare/erp/pkg/schema/builder.go:225.24,227.3 1 0
github.com/niiniyare/erp/pkg/schema/builder.go:228.2,229.10 2 1
github.com/niiniyare/erp/pkg/schema/builder.go:233.90,240.14 2 1
github.com/niiniyare/erp/pkg/schema/builder.go:240.14,242.3 1 1
github.com/niiniyare/erp/pkg/schema/builder.go:243.2,243.24 1 1
github.com/niiniyare/erp/pkg/schema/builder.go:243.24,245.3 1 0
github.com/niiniyare/erp/pkg/schema/builder.go:246.2,247.10 2 1
github.com/niiniyare/erp/pkg/schema/builder.go:251.84,258.24 2 1
github.com/niiniyare/erp/pkg/schema/builder.go:258.24,260.3 1 0
github.com/niiniyare/erp/pkg/schema/builder.go:261.2,262.10 2 1
github.com/niiniyare/erp/pkg/schema/builder.go:266.76,273.24 2 1
github.com/niiniyare/erp/pkg/schema/builder.go:273.24,275.3 1 0
github.com/niiniyare/erp/pkg/schema/builder.go:276.2,277.10 2 1
github.com/niiniyare/erp/pkg/schema/builder.go:281.60,282.24 1 1
github.com/niiniyare/erp/pkg/schema/builder.go:282.24,284.3 1 1
github.com/niiniyare/erp/pkg/schema/builder.go:285.2,286.10 2 1
github.com/niiniyare/erp/pkg/schema/builder.go:290.57,299.2 2 1
github.com/niiniyare/erp/pkg/schema/builder.go:302.56,311.2 2 1
github.com/niiniyare/erp/pkg/schema/builder.go:314.64,323.2 2 1
github.com/niiniyare/erp/pkg/schema/builder.go:326.63,329.2 2 1
github.com/niiniyare/erp/pkg/schema/builder.go:332.44,334.24 1 1
github.com/niiniyare/erp/pkg/schema/builder.go:334.24,335.34 1 1
github.com/niiniyare/erp/pkg/schema/builder.go:335.34,337.4 1 1
github.com/niiniyare/erp/pkg/schema/builder.go:341.2,341.44 1 1
github.com/niiniyare/erp/pkg/schema/builder.go:341.44,343.3 1 1
github.com/niiniyare/erp/pkg/schema/builder.go:344.2,344.22 1 1
github.com/niiniyare/erp/pkg/schema/builder.go:348.39,350.16 2 1
github.com/niiniyare/erp/pkg/schema/builder.go:350.16,351.13 1 0
github.com/niiniyare/erp/pkg/schema/builder.go:353.2,353.15 1 1
github.com/niiniyare/erp/pkg/schema/builder.go:357.54,358.99 1 1
github.com/niiniyare/erp/pkg/schema/builder.go:358.99,360.27 1 1
github.com/niiniyare/erp/pkg/schema/builder.go:360.27,362.4 1 0
github.com/niiniyare/erp/pkg/schema/builder.go:362.9,362.45 1 1
github.com/niiniyare/erp/pkg/schema/builder.go:362.45,364.4 1 0
github.com/niiniyare/erp/pkg/schema/builder.go:365.3,365.82 1 1
github.com/niiniyare/erp/pkg/schema/builder.go:365.82,366.53 1 1
github.com/niiniyare/erp/pkg/schema/builder.go:366.53,368.5 1 1
github.com/niiniyare/erp/pkg/schema/builder.go:369.9,371.4 1 0
github.com/niiniyare/erp/pkg/schema/builder.go:373.2,373.10 1 1
github.com/niiniyare/erp/pkg/schema/builder.go:377.58,378.55 1 1
github.com/niiniyare/erp/pkg/schema/builder.go:378.55,380.3 1 1
github.com/niiniyare/erp/pkg/schema/builder.go:381.2,381.10 1 1
github.com/niiniyare/erp/pkg/schema/builder.go:385.67,386.24 1 1
github.com/niiniyare/erp/pkg/schema/builder.go:386.24,388.3 1 0
github.com/niiniyare/erp/pkg/schema/builder.go:389.2,390.10 2 1
github.com/niiniyare/erp/pkg/schema/builder.go:394.90,397.2 2 1
github.com/niiniyare/erp/pkg/schema/builder.go:400.95,403.2 2 1
github.com/niiniyare/erp/pkg/schema/builder.go:406.83,409.2 2 1
github.com/niiniyare/erp/pkg/schema/builder.go:412.53,414.2 1 1
github.com/niiniyare/erp/pkg/schema/builder.go:417.72,419.2 1 1
github.com/niiniyare/erp/pkg/schema/builder.go:422.65,425.2 2 1
github.com/niiniyare/erp/pkg/schema/builder.go:428.86,429.50 1 1
github.com/niiniyare/erp/pkg/schema/builder.go:429.50,431.3 1 1
github.com/niiniyare/erp/pkg/schema/builder.go:432.2,432.10 1 1
github.com/niiniyare/erp/pkg/schema/builder.go:436.63,438.2 1 1
github.com/niiniyare/erp/pkg/schema/builder.go:441.97,443.2 1 1
github.com/niiniyare/erp/pkg/schema/builder.go:446.93,449.16 2 1
github.com/niiniyare/erp/pkg/schema/builder.go:449.16,451.3 1 0
github.com/niiniyare/erp/pkg/schema/builder.go:454.2,454.51 1 1
github.com/niiniyare/erp/pkg/schema/builder.go:460.41,467.2 1 1
github.com/niiniyare/erp/pkg/schema/builder.go:470.39,475.2 1 1
github.com/niiniyare/erp/pkg/schema/builder.go:478.42,483.2 1 1
github.com/niiniyare/erp/pkg/schema/builder.go:486.53,493.2 1 1
github.com/niiniyare/erp/pkg/schema/builder.go:496.47,501.2 1 1
github.com/niiniyare/erp/pkg/schema/builder.go:504.61,510.2 1 1
github.com/niiniyare/erp/pkg/schema/builder.go:513.61,519.2 1 1
github.com/niiniyare/erp/pkg/schema/builder.go:530.63,537.2 1 1
github.com/niiniyare/erp/pkg/schema/builder.go:540.63,543.2 2 1
github.com/niiniyare/erp/pkg/schema/builder.go:546.68,549.2 2 1
github.com/niiniyare/erp/pkg/schema/builder.go:552.75,555.2 2 1
github.com/niiniyare/erp/pkg/schema/builder.go:558.61,561.2 2 1
github.com/niiniyare/erp/pkg/schema/builder.go:564.50,567.2 2 1
github.com/niiniyare/erp/pkg/schema/builder.go:570.50,573.2 2 1
github.com/niiniyare/erp/pkg/schema/builder.go:576.50,579.2 2 1
github.com/niiniyare/erp/pkg/schema/builder.go:582.62,585.2 2 1
github.com/niiniyare/erp/pkg/schema/builder.go:588.69,591.2 2 1
github.com/niiniyare/erp/pkg/schema/builder.go:594.83,597.2 2 1
github.com/niiniyare/erp/pkg/schema/builder.go:600.85,603.2 2 0
github.com/niiniyare/erp/pkg/schema/builder.go:606.39,607.25 1 1
github.com/niiniyare/erp/pkg/schema/builder.go:607.25,609.3 1 0
github.com/niiniyare/erp/pkg/schema/builder.go:610.2,610.17 1 1
github.com/niiniyare/erp/pkg/schema/builder.go:616.39,661.2 16 0
github.com/niiniyare/erp/pkg/schema/builder.go:664.39,682.128 6 0
github.com/niiniyare/erp/pkg/schema/builder.go:682.128,685.3 1 0
github.com/niiniyare/erp/pkg/schema/builder.go:687.2,689.16 2 0
github.com/niiniyare/erp/pkg/schema/builder.go:693.39,711.2 6 0
github.com/niiniyare/erp/pkg/schema/builder.go:714.44,734.79 9 0
github.com/niiniyare/erp/pkg/schema/builder.go:734.79,737.4 1 0
github.com/niiniyare/erp/pkg/schema/builder.go:740.2,745.79 1 0
github.com/niiniyare/erp/pkg/schema/builder.go:745.79,748.4 1 0
github.com/niiniyare/erp/pkg/schema/builder.go:751.2,754.16 3 0
github.com/niiniyare/erp/pkg/schema/builder.go:758.36,815.2 14 0
github.com/niiniyare/erp/pkg/schema/business_rules.go:109.50,153.2 3 1
github.com/niiniyare/erp/pkg/schema/business_rules.go:156.66,157.17 1 1
github.com/niiniyare/erp/pkg/schema/business_rules.go:157.17,159.3 1 1
github.com/niiniyare/erp/pkg/schema/business_rules.go:161.2,161.47 1 1
github.com/niiniyare/erp/pkg/schema/business_rules.go:161.47,163.3 1 1
github.com/niiniyare/erp/pkg/schema/business_rules.go:165.2,169.29 4 1
github.com/niiniyare/erp/pkg/schema/business_rules.go:169.29,171.3 1 1
github.com/niiniyare/erp/pkg/schema/business_rules.go:172.2,175.12 3 1
github.com/niiniyare/erp/pkg/schema/business_rules.go:179.64,183.45 3 1
github.com/niiniyare/erp/pkg/schema/business_rules.go:183.45,185.3 1 1
github.com/niiniyare/erp/pkg/schema/business_rules.go:187.2,188.12 2 1
github.com/niiniyare/erp/pkg/schema/business_rules.go:192.77,198.2 4 1
github.com/niiniyare/erp/pkg/schema/business_rules.go:201.60,206.33 4 1
github.com/niiniyare/erp/pkg/schema/business_rules.go:206.33,208.3 1 1
github.com/niiniyare/erp/pkg/schema/business_rules.go:209.2,209.14 1 1
github.com/niiniyare/erp/pkg/schema/business_rules.go:213.118,226.39 6 1
github.com/niiniyare/erp/pkg/schema/business_rules.go:226.39,227.20 1 1
github.com/niiniyare/erp/pkg/schema/business_rules.go:227.20,228.12 1 1
github.com/niiniyare/erp/pkg/schema/business_rules.go:232.3,233.17 2 1
github.com/niiniyare/erp/pkg/schema/business_rules.go:233.17,235.12 2 0
github.com/niiniyare/erp/pkg/schema/business_rules.go:238.3,238.18 1 1
github.com/niiniyare/erp/pkg/schema/business_rules.go:238.18,239.80 1 1
github.com/niiniyare/erp/pkg/schema/business_rules.go:239.80,240.47 1 1
github.com/niiniyare/erp/pkg/schema/business_rules.go:240.47,242.6 1 0
github.com/niiniyare/erp/pkg/schema/business_rules.go:242.11,244.6 1 1
github.com/niiniyare/erp/pkg/schema/business_rules.go:249.2,249.27 1 1
github.com/niiniyare/erp/pkg/schema/business_rules.go:249.27,251.3 1 1
github.com/niiniyare/erp/pkg/schema/business_rules.go:253.2,253.28 1 1
github.com/niiniyare/erp/pkg/schema/business_rules.go:257.71,264.29 4 1
github.com/niiniyare/erp/pkg/schema/business_rules.go:264.29,265.29 1 1
github.com/niiniyare/erp/pkg/schema/business_rules.go:265.29,267.4 1 1
github.com/niiniyare/erp/pkg/schema/business_rules.go:270.2,270.14 1 1
github.com/niiniyare/erp/pkg/schema/business_rules.go:274.71,277.19 2 1
github.com/niiniyare/erp/pkg/schema/business_rules.go:277.19,279.3 1 1
github.com/niiniyare/erp/pkg/schema/business_rules.go:281.2,281.21 1 1
github.com/niiniyare/erp/pkg/schema/business_rules.go:281.21,283.3 1 1
github.com/niiniyare/erp/pkg/schema/business_rules.go:285.2,285.21 1 1
github.com/niiniyare/erp/pkg/schema/business_rules.go:285.21,287.3 1 0
github.com/niiniyare/erp/pkg/schema/business_rules.go:289.2,289.28 1 1
github.com/niiniyare/erp/pkg/schema/business_rules.go:289.28,291.3 1 1
github.com/niiniyare/erp/pkg/schema/business_rules.go:294.2,294.38 1 1
github.com/niiniyare/erp/pkg/schema/business_rules.go:294.38,295.24 1 1
github.com/niiniyare/erp/pkg/schema/business_rules.go:295.24,297.4 1 1
github.com/niiniyare/erp/pkg/schema/business_rules.go:300.3,300.22 1 1
github.com/niiniyare/erp/pkg/schema/business_rules.go:301.82,302.27 1 1
github.com/niiniyare/erp/pkg/schema/business_rules.go:302.27,304.5 1 1
github.com/niiniyare/erp/pkg/schema/business_rules.go:305.42,306.27 1 1
github.com/niiniyare/erp/pkg/schema/business_rules.go:306.27,308.5 1 0
github.com/niiniyare/erp/pkg/schema/business_rules.go:312.2,312.27 1 1
github.com/niiniyare/erp/pkg/schema/business_rules.go:312.27,314.3 1 1
github.com/niiniyare/erp/pkg/schema/business_rules.go:316.2,316.12 1 1
github.com/niiniyare/erp/pkg/schema/business_rules.go:320.69,322.33 2 1
github.com/niiniyare/erp/pkg/schema/business_rules.go:322.33,324.3 1 1
github.com/niiniyare/erp/pkg/schema/business_rules.go:327.2,327.40 1 1
github.com/niiniyare/erp/pkg/schema/business_rules.go:327.40,329.3 1 1
github.com/niiniyare/erp/pkg/schema/business_rules.go:331.2,331.14 1 1
github.com/niiniyare/erp/pkg/schema/business_rules.go:335.130,336.27 1 1
github.com/niiniyare/erp/pkg/schema/business_rules.go:336.27,338.3 1 1
github.com/niiniyare/erp/pkg/schema/business_rules.go:340.2,341.61 2 1
github.com/niiniyare/erp/pkg/schema/business_rules.go:345.133,348.38 2 1
github.com/niiniyare/erp/pkg/schema/business_rules.go:348.38,349.68 1 1
github.com/niiniyare/erp/pkg/schema/business_rules.go:349.68,355.4 1 1
github.com/niiniyare/erp/pkg/schema/business_rules.go:358.2,358.27 1 1
github.com/niiniyare/erp/pkg/schema/business_rules.go:358.27,360.3 1 1
github.com/niiniyare/erp/pkg/schema/business_rules.go:362.2,362.12 1 1
github.com/niiniyare/erp/pkg/schema/business_rules.go:366.135,367.21 1 1
github.com/niiniyare/erp/pkg/schema/business_rules.go:368.23,369.61 1 1
github.com/niiniyare/erp/pkg/schema/business_rules.go:371.23,372.62 1 1
github.com/niiniyare/erp/pkg/schema/business_rules.go:374.26,375.59 1 1
github.com/niiniyare/erp/pkg/schema/business_rules.go:377.27,378.60 1 1
github.com/niiniyare/erp/pkg/schema/business_rules.go:380.24,381.66 1 1
github.com/niiniyare/erp/pkg/schema/business_rules.go:383.24,384.49 1 1
github.com/niiniyare/erp/pkg/schema/business_rules.go:384.49,386.4 1 1
github.com/niiniyare/erp/pkg/schema/business_rules.go:387.3,387.80 1 1
github.com/niiniyare/erp/pkg/schema/business_rules.go:389.23,390.82 1 1
github.com/niiniyare/erp/pkg/schema/business_rules.go:392.24,393.62 1 1
github.com/niiniyare/erp/pkg/schema/business_rules.go:395.24,396.63 1 1
github.com/niiniyare/erp/pkg/schema/business_rules.go:398.26,399.59 1 1
github.com/niiniyare/erp/pkg/schema/business_rules.go:401.27,402.60 1 1
github.com/niiniyare/erp/pkg/schema/business_rules.go:404.10,405.108 1 1
github.com/niiniyare/erp/pkg/schema/business_rules.go:410.105,411.31 1 1
github.com/niiniyare/erp/pkg/schema/business_rules.go:411.31,412.41 1 1
github.com/niiniyare/erp/pkg/schema/business_rules.go:412.41,415.4 2 1
github.com/niiniyare/erp/pkg/schema/business_rules.go:417.2,417.92 1 1
github.com/niiniyare/erp/pkg/schema/business_rules.go:420.104,421.31 1 1
github.com/niiniyare/erp/pkg/schema/business_rules.go:421.31,422.41 1 1
github.com/niiniyare/erp/pkg/schema/business_rules.go:422.41,425.4 2 1
github.com/niiniyare/erp/pkg/schema/business_rules.go:427.2,427.92 1 0
github.com/niiniyare/erp/pkg/schema/business_rules.go:430.106,431.31 1 1
github.com/niiniyare/erp/pkg/schema/business_rules.go:431.31,432.41 1 1
github.com/niiniyare/erp/pkg/schema/business_rules.go:432.41,435.4 2 1
github.com/niiniyare/erp/pkg/schema/business_rules.go:437.2,437.92 1 0
github.com/niiniyare/erp/pkg/schema/business_rules.go:440.106,441.31 1 1
github.com/niiniyare/erp/pkg/schema/business_rules.go:441.31,442.41 1 1
github.com/niiniyare/erp/pkg/schema/business_rules.go:442.41,445.4 2 1
github.com/niiniyare/erp/pkg/schema/business_rules.go:447.2,447.92 1 0
github.com/niiniyare/erp/pkg/schema/business_rules.go:450.157,452.13 2 1
github.com/niiniyare/erp/pkg/schema/business_rules.go:452.13,454.3 1 0
github.com/niiniyare/erp/pkg/schema/business_rules.go:457.2,457.31 1 1
github.com/niiniyare/erp/pkg/schema/business_rules.go:457.31,458.41 1 1
github.com/niiniyare/erp/pkg/schema/business_rules.go:458.41,463.38 2 1
github.com/niiniyare/erp/pkg/schema/business_rules.go:463.38,465.5 1 1
github.com/niiniyare/erp/pkg/schema/business_rules.go:466.4,473.14 3 1
github.com/niiniyare/erp/pkg/schema/business_rules.go:477.2,477.92 1 0
github.com/niiniyare/erp/pkg/schema/business_rules.go:481.105,482.32 1 1
github.com/niiniyare/erp/pkg/schema/business_rules.go:482.32,483.39 1 1
github.com/niiniyare/erp/pkg/schema/business_rules.go:483.39,486.4 2 1
github.com/niiniyare/erp/pkg/schema/business_rules.go:488.2,488.93 1 1
github.com/niiniyare/erp/pkg/schema/business_rules.go:491.102,492.32 1 1
github.com/niiniyare/erp/pkg/schema/business_rules.go:492.32,493.39 1 1
github.com/niiniyare/erp/pkg/schema/business_rules.go:493.39,496.4 2 1
github.com/niiniyare/erp/pkg/schema/business_rules.go:498.2,498.93 1 0
github.com/niiniyare/erp/pkg/schema/business_rules.go:502.142,505.33 2 1
github.com/niiniyare/erp/pkg/schema/business_rules.go:505.33,507.17 2 1
github.com/niiniyare/erp/pkg/schema/business_rules.go:507.17,509.4 1 0
github.com/niiniyare/erp/pkg/schema/business_rules.go:510.3,510.27 1 1
github.com/niiniyare/erp/pkg/schema/business_rules.go:513.2,513.21 1 1
github.com/niiniyare/erp/pkg/schema/business_rules.go:517.122,524.16 6 1
github.com/niiniyare/erp/pkg/schema/business_rules.go:524.16,526.3 1 0
github.com/niiniyare/erp/pkg/schema/business_rules.go:528.2,531.38 3 1
github.com/niiniyare/erp/pkg/schema/business_rules.go:531.38,533.3 1 1
github.com/niiniyare/erp/pkg/schema/business_rules.go:535.2,535.25 1 1
github.com/niiniyare/erp/pkg/schema/business_rules.go:539.69,540.34 1 1
github.com/niiniyare/erp/pkg/schema/business_rules.go:540.34,542.3 1 1
github.com/niiniyare/erp/pkg/schema/business_rules.go:544.2,544.47 1 1
github.com/niiniyare/erp/pkg/schema/business_rules.go:544.47,546.3 1 1
github.com/niiniyare/erp/pkg/schema/business_rules.go:548.2,551.46 3 1
github.com/niiniyare/erp/pkg/schema/business_rules.go:551.46,553.3 1 1
github.com/niiniyare/erp/pkg/schema/business_rules.go:555.2,557.12 3 1
github.com/niiniyare/erp/pkg/schema/business_rules.go:566.87,578.2 1 1
github.com/niiniyare/erp/pkg/schema/business_rules.go:581.83,584.2 2 1
github.com/niiniyare/erp/pkg/schema/business_rules.go:587.81,590.2 2 1
github.com/niiniyare/erp/pkg/schema/business_rules.go:593.105,596.2 2 1
github.com/niiniyare/erp/pkg/schema/business_rules.go:599.126,606.2 2 1
github.com/niiniyare/erp/pkg/schema/business_rules.go:609.158,617.2 2 1
github.com/niiniyare/erp/pkg/schema/business_rules.go:620.76,623.2 2 1
github.com/niiniyare/erp/pkg/schema/business_rules.go:626.90,629.2 2 1
github.com/niiniyare/erp/pkg/schema/business_rules.go:632.64,635.33 2 1
github.com/niiniyare/erp/pkg/schema/business_rules.go:635.33,637.3 1 1
github.com/niiniyare/erp/pkg/schema/business_rules.go:638.2,642.54 3 1
github.com/niiniyare/erp/pkg/schema/business_rules.go:642.54,644.3 1 1
github.com/niiniyare/erp/pkg/schema/business_rules.go:646.2,646.22 1 1
github.com/niiniyare/erp/pkg/schema/business_rules.go:652.128,654.14 2 1
github.com/niiniyare/erp/pkg/schema/business_rules.go:654.14,656.3 1 1
github.com/niiniyare/erp/pkg/schema/business_rules.go:658.2,661.10 1 1
github.com/niiniyare/erp/pkg/schema/business_rules.go:665.127,667.15 2 1
github.com/niiniyare/erp/pkg/schema/business_rules.go:667.15,669.3 1 1
github.com/niiniyare/erp/pkg/schema/business_rules.go:671.2,674.10 1 1
github.com/niiniyare/erp/pkg/schema/business_rules.go:678.119,687.2 2 1
github.com/niiniyare/erp/pkg/schema/enterprise.go:289.41,291.2 1 1
github.com/niiniyare/erp/pkg/schema/enterprise.go:294.46,296.2 1 1
github.com/niiniyare/erp/pkg/schema/enterprise.go:299.47,301.2 1 1
github.com/niiniyare/erp/pkg/schema/enterprise.go:304.62,305.30 1 1
github.com/niiniyare/erp/pkg/schema/enterprise.go:305.30,307.3 1 1
github.com/niiniyare/erp/pkg/schema/enterprise.go:308.2,308.44 1 1
github.com/niiniyare/erp/pkg/schema/enterprise.go:308.44,309.25 1 1
github.com/niiniyare/erp/pkg/schema/enterprise.go:309.25,311.4 1 1
github.com/niiniyare/erp/pkg/schema/enterprise.go:313.2,313.14 1 1
github.com/niiniyare/erp/pkg/schema/enterprise.go:317.41,319.2 1 1
github.com/niiniyare/erp/pkg/schema/enterprise.go:322.45,324.2 1 1
github.com/niiniyare/erp/pkg/schema/enterprise.go:327.45,328.14 1 1
github.com/niiniyare/erp/pkg/schema/enterprise.go:328.14,330.3 1 1
github.com/niiniyare/erp/pkg/schema/enterprise.go:331.2,331.16 1 1
github.com/niiniyare/erp/pkg/schema/enterprise.go:335.46,336.14 1 1
github.com/niiniyare/erp/pkg/schema/enterprise.go:336.14,338.3 1 1
github.com/niiniyare/erp/pkg/schema/enterprise.go:339.2,339.17 1 1
github.com/niiniyare/erp/pkg/schema/enterprise.go:343.131,344.28 1 1
github.com/niiniyare/erp/pkg/schema/enterprise.go:344.28,346.3 1 1
github.com/niiniyare/erp/pkg/schema/enterprise.go:348.2,349.35 2 1
github.com/niiniyare/erp/pkg/schema/enterprise.go:349.35,351.50 1 1
github.com/niiniyare/erp/pkg/schema/enterprise.go:351.50,354.29 3 1
github.com/niiniyare/erp/pkg/schema/enterprise.go:354.29,355.13 1 1
github.com/niiniyare/erp/pkg/schema/enterprise.go:358.3,358.40 1 1
github.com/niiniyare/erp/pkg/schema/enterprise.go:361.2,361.18 1 1
github.com/niiniyare/erp/pkg/schema/enterprise.go:365.37,367.2 1 1
github.com/niiniyare/erp/pkg/schema/enterprise.go:370.35,371.14 1 1
github.com/niiniyare/erp/pkg/schema/enterprise.go:371.14,373.3 1 1
github.com/niiniyare/erp/pkg/schema/enterprise.go:374.2,374.27 1 1
github.com/niiniyare/erp/pkg/schema/enterprise.go:374.27,376.3 1 1
github.com/niiniyare/erp/pkg/schema/enterprise.go:377.2,377.16 1 1
github.com/niiniyare/erp/pkg/schema/enterprise.go:381.37,383.2 1 1
github.com/niiniyare/erp/pkg/schema/enterprise.go:386.41,388.2 1 1
github.com/niiniyare/erp/pkg/schema/enterprise.go:391.39,392.14 1 1
github.com/niiniyare/erp/pkg/schema/enterprise.go:392.14,394.3 1 1
github.com/niiniyare/erp/pkg/schema/enterprise.go:395.2,395.18 1 1
github.com/niiniyare/erp/pkg/schema/enterprise.go:395.18,397.3 1 1
github.com/niiniyare/erp/pkg/schema/enterprise.go:398.2,398.17 1 1
github.com/niiniyare/erp/pkg/schema/enterprise.go:398.17,400.3 1 1
github.com/niiniyare/erp/pkg/schema/enterprise.go:401.2,401.19 1 1
github.com/niiniyare/erp/pkg/schema/enterprise.go:401.19,403.3 1 1
github.com/niiniyare/erp/pkg/schema/enterprise.go:404.2,404.20 1 1
github.com/niiniyare/erp/pkg/schema/enterprise.go:404.20,406.3 1 1
github.com/niiniyare/erp/pkg/schema/enterprise.go:407.2,407.14 1 1
github.com/niiniyare/erp/pkg/schema/enterprise.go:411.32,412.14 1 1
github.com/niiniyare/erp/pkg/schema/enterprise.go:412.14,414.3 1 1
github.com/niiniyare/erp/pkg/schema/enterprise.go:415.2,415.27 1 1
github.com/niiniyare/erp/pkg/schema/enterprise.go:416.14,417.16 1 1
github.com/niiniyare/erp/pkg/schema/enterprise.go:418.13,419.15 1 1
github.com/niiniyare/erp/pkg/schema/enterprise.go:420.15,421.17 1 1
github.com/niiniyare/erp/pkg/schema/enterprise.go:422.16,423.18 1 1
github.com/niiniyare/erp/pkg/schema/enterprise.go:424.10,425.15 1 1
github.com/niiniyare/erp/pkg/schema/enterprise.go:430.51,431.24 1 1
github.com/niiniyare/erp/pkg/schema/enterprise.go:431.24,433.3 1 1
github.com/niiniyare/erp/pkg/schema/enterprise.go:434.2,434.42 1 1
github.com/niiniyare/erp/pkg/schema/enterprise.go:438.42,439.39 1 1
github.com/niiniyare/erp/pkg/schema/enterprise.go:439.39,441.3 1 1
github.com/niiniyare/erp/pkg/schema/enterprise.go:442.2,442.48 1 1
github.com/niiniyare/erp/pkg/schema/enterprise.go:446.36,448.2 1 1
github.com/niiniyare/erp/pkg/schema/enterprise.go:451.38,453.2 1 1
github.com/niiniyare/erp/pkg/schema/errors.go:97.36,98.19 1 1
github.com/niiniyare/erp/pkg/schema/errors.go:98.19,100.3 1 1
github.com/niiniyare/erp/pkg/schema/errors.go:101.2,101.50 1 1
github.com/niiniyare/erp/pkg/schema/errors.go:104.35,106.2 1 1
github.com/niiniyare/erp/pkg/schema/errors.go:108.38,110.2 1 1
github.com/niiniyare/erp/pkg/schema/errors.go:112.36,114.2 1 1
github.com/niiniyare/erp/pkg/schema/errors.go:116.46,117.22 1 1
github.com/niiniyare/erp/pkg/schema/errors.go:117.22,119.3 1 0
github.com/niiniyare/erp/pkg/schema/errors.go:120.2,120.18 1 1
github.com/niiniyare/erp/pkg/schema/errors.go:123.57,127.2 3 1
github.com/niiniyare/erp/pkg/schema/errors.go:129.67,131.27 2 1
github.com/niiniyare/erp/pkg/schema/errors.go:131.27,133.3 1 0
github.com/niiniyare/erp/pkg/schema/errors.go:134.2,135.16 2 1
github.com/niiniyare/erp/pkg/schema/errors.go:139.59,146.2 1 1
github.com/niiniyare/erp/pkg/schema/errors.go:148.61,157.2 1 1
github.com/niiniyare/erp/pkg/schema/errors.go:159.61,168.2 1 1
github.com/niiniyare/erp/pkg/schema/errors.go:170.59,177.2 1 1
github.com/niiniyare/erp/pkg/schema/errors.go:179.59,186.2 1 1
github.com/niiniyare/erp/pkg/schema/errors.go:188.55,195.2 1 1
github.com/niiniyare/erp/pkg/schema/errors.go:197.57,204.2 1 1
github.com/niiniyare/erp/pkg/schema/errors.go:206.55,213.2 1 1
github.com/niiniyare/erp/pkg/schema/errors.go:215.57,222.2 1 1
github.com/niiniyare/erp/pkg/schema/errors.go:229.64,233.2 1 1
github.com/niiniyare/erp/pkg/schema/errors.go:235.60,237.2 1 1
github.com/niiniyare/erp/pkg/schema/errors.go:239.83,241.2 1 1
github.com/niiniyare/erp/pkg/schema/errors.go:243.56,245.2 1 1
github.com/niiniyare/erp/pkg/schema/errors.go:247.51,249.2 1 1
github.com/niiniyare/erp/pkg/schema/errors.go:251.62,253.2 1 1
github.com/niiniyare/erp/pkg/schema/errors.go:255.54,256.26 1 1
github.com/niiniyare/erp/pkg/schema/errors.go:256.26,258.3 1 1
github.com/niiniyare/erp/pkg/schema/errors.go:260.2,261.33 2 1
github.com/niiniyare/erp/pkg/schema/errors.go:261.33,263.3 1 1
github.com/niiniyare/erp/pkg/schema/errors.go:265.2,267.32 1 1
github.com/niiniyare/erp/pkg/schema/errors.go:270.75,273.33 2 1
github.com/niiniyare/erp/pkg/schema/errors.go:273.33,275.18 2 1
github.com/niiniyare/erp/pkg/schema/errors.go:275.18,277.4 1 1
github.com/niiniyare/erp/pkg/schema/errors.go:279.3,279.47 1 1
github.com/niiniyare/erp/pkg/schema/errors.go:279.47,281.4 1 1
github.com/niiniyare/erp/pkg/schema/errors.go:283.3,283.63 1 1
github.com/niiniyare/erp/pkg/schema/errors.go:286.2,286.20 1 1
github.com/niiniyare/erp/pkg/schema/errors.go:294.42,298.2 1 1
github.com/niiniyare/erp/pkg/schema/errors.go:300.53,302.2 1 1
github.com/niiniyare/erp/pkg/schema/errors.go:304.72,306.2 1 1
github.com/niiniyare/erp/pkg/schema/errors.go:308.75,310.2 1 1
github.com/niiniyare/erp/pkg/schema/errors.go:312.44,314.2 1 1
github.com/niiniyare/erp/pkg/schema/errors.go:316.63,318.2 1 1
github.com/niiniyare/erp/pkg/schema/errors.go:321.61,322.44 1 1
github.com/niiniyare/erp/pkg/schema/errors.go:322.44,324.3 1 1
github.com/niiniyare/erp/pkg/schema/errors.go:326.2,333.3 1 1
github.com/niiniyare/erp/pkg/schema/errors.go:336.53,337.44 1 1
github.com/niiniyare/erp/pkg/schema/errors.go:337.44,339.3 1 1
github.com/niiniyare/erp/pkg/schema/errors.go:340.2,340.14 1 0
github.com/niiniyare/erp/pkg/schema/errors.go:343.40,345.2 1 1
github.com/niiniyare/erp/pkg/schema/errors.go:347.38,349.2 1 1
github.com/niiniyare/erp/pkg/schema/errors.go:351.40,353.2 1 1
github.com/niiniyare/erp/pkg/schema/errors.go:355.37,356.44 1 1
github.com/niiniyare/erp/pkg/schema/errors.go:356.44,358.3 1 1
github.com/niiniyare/erp/pkg/schema/errors.go:359.2,359.24 1 1
github.com/niiniyare/erp/pkg/schema/errors.go:362.48,363.44 1 1
github.com/niiniyare/erp/pkg/schema/errors.go:363.44,365.3 1 1
github.com/niiniyare/erp/pkg/schema/errors.go:366.2,368.3 1 1
github.com/niiniyare/erp/pkg/schema/errors.go:372.39,373.44 1 1
github.com/niiniyare/erp/pkg/schema/errors.go:373.44,374.27 1 1
github.com/niiniyare/erp/pkg/schema/errors.go:375.28,376.14 1 1
github.com/niiniyare/erp/pkg/schema/errors.go:377.26,378.14 1 1
github.com/niiniyare/erp/pkg/schema/errors.go:379.26,380.14 1 1
github.com/niiniyare/erp/pkg/schema/errors.go:381.28,382.14 1 1
github.com/niiniyare/erp/pkg/schema/errors.go:383.28,384.14 1 0
github.com/niiniyare/erp/pkg/schema/errors.go:385.24,386.14 1 0
github.com/niiniyare/erp/pkg/schema/errors.go:387.26,388.14 1 0
github.com/niiniyare/erp/pkg/schema/errors.go:389.24,390.14 1 0
github.com/niiniyare/erp/pkg/schema/errors.go:391.26,392.14 1 1
github.com/niiniyare/erp/pkg/schema/errors.go:395.2,395.12 1 1
github.com/niiniyare/erp/pkg/schema/errors.go:407.48,408.44 1 1
github.com/niiniyare/erp/pkg/schema/errors.go:408.44,416.3 1 1
github.com/niiniyare/erp/pkg/schema/errors.go:418.2,422.3 1 1
github.com/niiniyare/erp/pkg/schema/errors.go:433.79,434.36 1 1
github.com/niiniyare/erp/pkg/schema/errors.go:434.36,441.3 1 0
github.com/niiniyare/erp/pkg/schema/errors.go:443.2,444.41 2 1
github.com/niiniyare/erp/pkg/schema/errors.go:444.41,446.3 1 1
github.com/niiniyare/erp/pkg/schema/errors.go:448.2,453.3 1 1
github.com/niiniyare/erp/pkg/schema/errors.go:457.39,458.30 1 0
github.com/niiniyare/erp/pkg/schema/errors.go:458.30,459.31 1 0
github.com/niiniyare/erp/pkg/schema/errors.go:459.31,461.4 1 0
github.com/niiniyare/erp/pkg/schema/errors.go:462.3,462.94 1 0
github.com/niiniyare/erp/pkg/schema/errors.go:464.2,464.12 1 0
github.com/niiniyare/erp/pkg/schema/errors.go:472.58,474.2 1 1
github.com/niiniyare/erp/pkg/schema/errors.go:476.60,477.16 1 1
github.com/niiniyare/erp/pkg/schema/errors.go:477.16,479.3 1 0
github.com/niiniyare/erp/pkg/schema/errors.go:482.2,482.22 1 1
github.com/niiniyare/erp/pkg/schema/errors.go:482.22,487.3 1 0
github.com/niiniyare/erp/pkg/schema/errors.go:490.2,490.44 1 1
github.com/niiniyare/erp/pkg/schema/errors.go:490.44,492.3 1 1
github.com/niiniyare/erp/pkg/schema/errors.go:495.2,495.9 1 1
github.com/niiniyare/erp/pkg/schema/errors.go:496.48,497.62 1 0
github.com/niiniyare/erp/pkg/schema/errors.go:498.40,499.64 1 0
github.com/niiniyare/erp/pkg/schema/errors.go:500.10,501.70 1 1
github.com/niiniyare/erp/pkg/schema/errors.go:510.45,512.2 1 0
github.com/niiniyare/erp/pkg/schema/field.go:295.72,296.15 1 1
github.com/niiniyare/erp/pkg/schema/field.go:296.15,298.3 1 0
github.com/niiniyare/erp/pkg/schema/field.go:300.2,301.39 2 1
github.com/niiniyare/erp/pkg/schema/field.go:301.39,303.3 1 1
github.com/niiniyare/erp/pkg/schema/field.go:303.8,305.3 1 1
github.com/niiniyare/erp/pkg/schema/field.go:307.2,309.37 2 1
github.com/niiniyare/erp/pkg/schema/field.go:309.37,316.3 3 1
github.com/niiniyare/erp/pkg/schema/field.go:318.2,318.24 1 1
github.com/niiniyare/erp/pkg/schema/field.go:322.56,323.29 1 1
github.com/niiniyare/erp/pkg/schema/field.go:324.37,325.27 1 1
github.com/niiniyare/erp/pkg/schema/field.go:326.46,327.30 1 1
github.com/niiniyare/erp/pkg/schema/field.go:328.44,329.29 1 1
github.com/niiniyare/erp/pkg/schema/field.go:330.64,331.36 1 0
github.com/niiniyare/erp/pkg/schema/field.go:332.38,333.26 1 0
github.com/niiniyare/erp/pkg/schema/field.go:334.58,335.33 1 0
github.com/niiniyare/erp/pkg/schema/field.go:336.17,337.29 1 0
github.com/niiniyare/erp/pkg/schema/field.go:338.21,339.32 1 0
github.com/niiniyare/erp/pkg/schema/field.go:340.18,341.30 1 0
github.com/niiniyare/erp/pkg/schema/field.go:342.22,343.33 1 0
github.com/niiniyare/erp/pkg/schema/field.go:344.21,345.32 1 0
github.com/niiniyare/erp/pkg/schema/field.go:346.19,347.30 1 0
github.com/niiniyare/erp/pkg/schema/field.go:348.29,349.24 1 0
github.com/niiniyare/erp/pkg/schema/field.go:350.37,351.27 1 0
github.com/niiniyare/erp/pkg/schema/field.go:352.18,353.29 1 0
github.com/niiniyare/erp/pkg/schema/field.go:354.22,355.32 1 0
github.com/niiniyare/erp/pkg/schema/field.go:356.31,357.33 1 0
github.com/niiniyare/erp/pkg/schema/field.go:358.10,359.27 1 0
github.com/niiniyare/erp/pkg/schema/field.go:651.62,653.2 1 1
github.com/niiniyare/erp/pkg/schema/field.go:657.83,658.14 1 1
github.com/niiniyare/erp/pkg/schema/field.go:658.14,660.3 1 1
github.com/niiniyare/erp/pkg/schema/field.go:662.2,662.26 1 1
github.com/niiniyare/erp/pkg/schema/field.go:662.26,664.3 1 1
github.com/niiniyare/erp/pkg/schema/field.go:668.2,669.55 2 1
github.com/niiniyare/erp/pkg/schema/field.go:669.55,672.3 1 1
github.com/niiniyare/erp/pkg/schema/field.go:674.2,674.26 1 1
github.com/niiniyare/erp/pkg/schema/field.go:674.26,675.25 1 1
github.com/niiniyare/erp/pkg/schema/field.go:675.25,679.4 1 0
github.com/niiniyare/erp/pkg/schema/field.go:680.3,682.17 3 1
github.com/niiniyare/erp/pkg/schema/field.go:682.17,684.4 1 0
github.com/niiniyare/erp/pkg/schema/field.go:685.3,685.11 1 1
github.com/niiniyare/erp/pkg/schema/field.go:685.11,687.4 1 1
github.com/niiniyare/erp/pkg/schema/field.go:692.2,693.55 2 1
github.com/niiniyare/erp/pkg/schema/field.go:693.55,696.3 1 1
github.com/niiniyare/erp/pkg/schema/field.go:698.2,698.26 1 1
github.com/niiniyare/erp/pkg/schema/field.go:698.26,699.25 1 1
github.com/niiniyare/erp/pkg/schema/field.go:699.25,703.4 1 1
github.com/niiniyare/erp/pkg/schema/field.go:704.3,706.17 3 1
github.com/niiniyare/erp/pkg/schema/field.go:706.17,708.4 1 0
github.com/niiniyare/erp/pkg/schema/field.go:709.3,709.19 1 1
github.com/niiniyare/erp/pkg/schema/field.go:712.2,712.18 1 1
github.com/niiniyare/erp/pkg/schema/field.go:717.84,718.16 1 1
github.com/niiniyare/erp/pkg/schema/field.go:718.16,720.3 1 1
github.com/niiniyare/erp/pkg/schema/field.go:722.2,722.26 1 1
github.com/niiniyare/erp/pkg/schema/field.go:722.26,724.3 1 1
github.com/niiniyare/erp/pkg/schema/field.go:727.2,728.63 2 1
github.com/niiniyare/erp/pkg/schema/field.go:728.63,731.3 1 1
github.com/niiniyare/erp/pkg/schema/field.go:733.2,733.30 1 1
github.com/niiniyare/erp/pkg/schema/field.go:733.30,734.25 1 1
github.com/niiniyare/erp/pkg/schema/field.go:734.25,738.4 1 0
github.com/niiniyare/erp/pkg/schema/field.go:739.3,741.17 3 1
github.com/niiniyare/erp/pkg/schema/field.go:741.17,743.4 1 0
github.com/niiniyare/erp/pkg/schema/field.go:744.3,744.23 1 1
github.com/niiniyare/erp/pkg/schema/field.go:747.2,747.19 1 0
github.com/niiniyare/erp/pkg/schema/field.go:752.84,753.16 1 1
github.com/niiniyare/erp/pkg/schema/field.go:753.16,755.3 1 0
github.com/niiniyare/erp/pkg/schema/field.go:757.2,757.26 1 1
github.com/niiniyare/erp/pkg/schema/field.go:757.26,759.3 1 0
github.com/niiniyare/erp/pkg/schema/field.go:762.2,763.63 2 1
github.com/niiniyare/erp/pkg/schema/field.go:763.63,766.3 1 1
github.com/niiniyare/erp/pkg/schema/field.go:768.2,768.30 1 1
github.com/niiniyare/erp/pkg/schema/field.go:768.30,769.25 1 1
github.com/niiniyare/erp/pkg/schema/field.go:769.25,773.4 1 0
github.com/niiniyare/erp/pkg/schema/field.go:774.3,776.17 3 1
github.com/niiniyare/erp/pkg/schema/field.go:776.17,778.4 1 0
github.com/niiniyare/erp/pkg/schema/field.go:779.3,779.23 1 1
github.com/niiniyare/erp/pkg/schema/field.go:782.2,782.19 1 0
github.com/niiniyare/erp/pkg/schema/field.go:786.53,787.18 1 1
github.com/niiniyare/erp/pkg/schema/field.go:787.18,789.3 1 1
github.com/niiniyare/erp/pkg/schema/field.go:790.2,790.18 1 1
github.com/niiniyare/erp/pkg/schema/field.go:790.18,792.3 1 1
github.com/niiniyare/erp/pkg/schema/field.go:795.2,795.25 1 1
github.com/niiniyare/erp/pkg/schema/field.go:795.25,796.57 1 1
github.com/niiniyare/erp/pkg/schema/field.go:796.57,797.45 1 1
github.com/niiniyare/erp/pkg/schema/field.go:797.45,802.5 1 1
github.com/niiniyare/erp/pkg/schema/field.go:804.3,804.69 1 1
github.com/niiniyare/erp/pkg/schema/field.go:804.69,805.57 1 0
github.com/niiniyare/erp/pkg/schema/field.go:805.57,810.5 1 0
github.com/niiniyare/erp/pkg/schema/field.go:812.3,812.67 1 1
github.com/niiniyare/erp/pkg/schema/field.go:812.67,813.55 1 0
github.com/niiniyare/erp/pkg/schema/field.go:813.55,818.5 1 0
github.com/niiniyare/erp/pkg/schema/field.go:822.3,822.33 1 1
github.com/niiniyare/erp/pkg/schema/field.go:822.33,823.66 1 1
github.com/niiniyare/erp/pkg/schema/field.go:823.66,828.5 1 1
github.com/niiniyare/erp/pkg/schema/field.go:833.2,833.71 1 1
github.com/niiniyare/erp/pkg/schema/field.go:833.71,838.3 1 1
github.com/niiniyare/erp/pkg/schema/field.go:841.2,841.28 1 1
github.com/niiniyare/erp/pkg/schema/field.go:841.28,843.68 2 0
github.com/niiniyare/erp/pkg/schema/field.go:843.68,848.4 1 0
github.com/niiniyare/erp/pkg/schema/field.go:849.3,849.34 1 0
github.com/niiniyare/erp/pkg/schema/field.go:849.34,854.4 1 0
github.com/niiniyare/erp/pkg/schema/field.go:857.2,857.12 1 1
github.com/niiniyare/erp/pkg/schema/field.go:861.40,862.16 1 1
github.com/niiniyare/erp/pkg/schema/field.go:863.113,864.14 1 1
github.com/niiniyare/erp/pkg/schema/field.go:866.2,866.14 1 1
github.com/niiniyare/erp/pkg/schema/field.go:870.84,872.34 1 0
github.com/niiniyare/erp/pkg/schema/field.go:872.34,874.26 2 0
github.com/niiniyare/erp/pkg/schema/field.go:874.26,876.4 1 0
github.com/niiniyare/erp/pkg/schema/field.go:877.3,877.67 1 0
github.com/niiniyare/erp/pkg/schema/field.go:881.2,881.20 1 0
github.com/niiniyare/erp/pkg/schema/field.go:881.20,883.3 1 0
github.com/niiniyare/erp/pkg/schema/field.go:885.2,885.25 1 0
github.com/niiniyare/erp/pkg/schema/field.go:885.25,887.3 1 0
github.com/niiniyare/erp/pkg/schema/field.go:890.2,890.38 1 0
github.com/niiniyare/erp/pkg/schema/field.go:890.38,891.50 1 0
github.com/niiniyare/erp/pkg/schema/field.go:891.50,893.4 1 0
github.com/niiniyare/erp/pkg/schema/field.go:897.2,897.48 1 0
github.com/niiniyare/erp/pkg/schema/field.go:897.48,899.3 1 0
github.com/niiniyare/erp/pkg/schema/field.go:902.2,902.34 1 0
github.com/niiniyare/erp/pkg/schema/field.go:902.34,903.46 1 0
github.com/niiniyare/erp/pkg/schema/field.go:903.46,905.4 1 0
github.com/niiniyare/erp/pkg/schema/field.go:909.2,909.12 1 0
github.com/niiniyare/erp/pkg/schema/field.go:913.69,915.34 1 1
github.com/niiniyare/erp/pkg/schema/field.go:915.34,917.26 2 1
github.com/niiniyare/erp/pkg/schema/field.go:917.26,919.4 1 0
github.com/niiniyare/erp/pkg/schema/field.go:920.3,920.67 1 1
github.com/niiniyare/erp/pkg/schema/field.go:924.2,924.20 1 1
github.com/niiniyare/erp/pkg/schema/field.go:924.20,926.3 1 1
github.com/niiniyare/erp/pkg/schema/field.go:928.2,928.25 1 1
github.com/niiniyare/erp/pkg/schema/field.go:928.25,930.3 1 1
github.com/niiniyare/erp/pkg/schema/field.go:933.2,933.38 1 1
github.com/niiniyare/erp/pkg/schema/field.go:933.38,934.50 1 1
github.com/niiniyare/erp/pkg/schema/field.go:934.50,936.4 1 1
github.com/niiniyare/erp/pkg/schema/field.go:940.2,940.48 1 1
github.com/niiniyare/erp/pkg/schema/field.go:940.48,942.3 1 1
github.com/niiniyare/erp/pkg/schema/field.go:945.2,945.34 1 1
github.com/niiniyare/erp/pkg/schema/field.go:945.34,946.46 1 1
github.com/niiniyare/erp/pkg/schema/field.go:946.46,948.4 1 1
github.com/niiniyare/erp/pkg/schema/field.go:952.2,952.31 1 1
github.com/niiniyare/erp/pkg/schema/field.go:952.31,953.54 1 0
github.com/niiniyare/erp/pkg/schema/field.go:953.54,955.4 1 0
github.com/niiniyare/erp/pkg/schema/field.go:958.2,958.12 1 1
github.com/niiniyare/erp/pkg/schema/field.go:962.52,966.53 2 1
github.com/niiniyare/erp/pkg/schema/field.go:966.53,969.3 1 1
github.com/niiniyare/erp/pkg/schema/field.go:970.2,970.53 1 1
github.com/niiniyare/erp/pkg/schema/field.go:970.53,973.3 1 1
github.com/niiniyare/erp/pkg/schema/field.go:976.2,976.21 1 1
github.com/niiniyare/erp/pkg/schema/field.go:976.21,978.17 2 1
github.com/niiniyare/erp/pkg/schema/field.go:978.17,981.4 1 0
github.com/niiniyare/erp/pkg/schema/field.go:982.3,982.15 1 1
github.com/niiniyare/erp/pkg/schema/field.go:982.15,985.4 1 1
github.com/niiniyare/erp/pkg/schema/field.go:989.2,989.20 1 1
github.com/niiniyare/erp/pkg/schema/field.go:989.20,990.49 1 1
github.com/niiniyare/erp/pkg/schema/field.go:990.49,992.4 1 1
github.com/niiniyare/erp/pkg/schema/field.go:995.2,995.12 1 1
github.com/niiniyare/erp/pkg/schema/field.go:999.52,1000.29 1 1
github.com/niiniyare/erp/pkg/schema/field.go:1001.15,1002.27 1 1
github.com/niiniyare/erp/pkg/schema/field.go:1002.27,1005.4 1 1
github.com/niiniyare/erp/pkg/schema/field.go:1006.13,1008.100 2 1
github.com/niiniyare/erp/pkg/schema/field.go:1008.100,1011.4 1 1
github.com/niiniyare/erp/pkg/schema/field.go:1012.3,1012.53 1 1
github.com/niiniyare/erp/pkg/schema/field.go:1012.53,1015.4 1 0
github.com/niiniyare/erp/pkg/schema/field.go:1016.14,1017.46 1 1
github.com/niiniyare/erp/pkg/schema/field.go:1017.46,1020.4 1 1
github.com/niiniyare/erp/pkg/schema/field.go:1021.14,1022.60 1 1
github.com/niiniyare/erp/pkg/schema/field.go:1022.60,1025.4 1 1
github.com/niiniyare/erp/pkg/schema/field.go:1026.18,1027.60 1 1
github.com/niiniyare/erp/pkg/schema/field.go:1027.60,1030.4 1 1
github.com/niiniyare/erp/pkg/schema/field.go:1031.14,1032.58 1 1
github.com/niiniyare/erp/pkg/schema/field.go:1032.58,1035.4 1 1
github.com/niiniyare/erp/pkg/schema/field.go:1037.2,1037.12 1 1
github.com/niiniyare/erp/pkg/schema/field.go:1041.49,1043.9 2 1
github.com/niiniyare/erp/pkg/schema/field.go:1043.9,1045.3 1 1
github.com/niiniyare/erp/pkg/schema/field.go:1047.2,1049.18 2 1
github.com/niiniyare/erp/pkg/schema/field.go:1049.18,1050.41 1 1
github.com/niiniyare/erp/pkg/schema/field.go:1050.41,1053.4 1 1
github.com/niiniyare/erp/pkg/schema/field.go:1054.3,1054.41 1 1
github.com/niiniyare/erp/pkg/schema/field.go:1054.41,1057.4 1 1
github.com/niiniyare/erp/pkg/schema/field.go:1060.2,1060.18 1 1
github.com/niiniyare/erp/pkg/schema/field.go:1060.18,1061.41 1 1
github.com/niiniyare/erp/pkg/schema/field.go:1061.41,1064.4 1 1
github.com/niiniyare/erp/pkg/schema/field.go:1065.3,1065.41 1 1
github.com/niiniyare/erp/pkg/schema/field.go:1065.41,1068.4 1 1
github.com/niiniyare/erp/pkg/schema/field.go:1071.2,1071.47 1 1
github.com/niiniyare/erp/pkg/schema/field.go:1071.47,1074.3 1 1
github.com/niiniyare/erp/pkg/schema/field.go:1076.2,1076.31 1 1
github.com/niiniyare/erp/pkg/schema/field.go:1076.31,1079.3 1 1
github.com/niiniyare/erp/pkg/schema/field.go:1081.2,1081.31 1 1
github.com/niiniyare/erp/pkg/schema/field.go:1081.31,1084.3 1 1
github.com/niiniyare/erp/pkg/schema/field.go:1086.2,1086.65 1 1
github.com/niiniyare/erp/pkg/schema/field.go:1086.65,1089.3 1 1
github.com/niiniyare/erp/pkg/schema/field.go:1091.2,1091.53 1 1
github.com/niiniyare/erp/pkg/schema/field.go:1091.53,1094.3 1 1
github.com/niiniyare/erp/pkg/schema/field.go:1096.2,1096.12 1 1
github.com/niiniyare/erp/pkg/schema/field.go:1100.48,1103.49 2 1
github.com/niiniyare/erp/pkg/schema/field.go:1103.49,1106.3 1 1
github.com/niiniyare/erp/pkg/schema/field.go:1108.2,1108.49 1 1
github.com/niiniyare/erp/pkg/schema/field.go:1108.49,1111.3 1 1
github.com/niiniyare/erp/pkg/schema/field.go:1113.2,1113.43 1 1
github.com/niiniyare/erp/pkg/schema/field.go:1113.43,1116.3 1 1
github.com/niiniyare/erp/pkg/schema/field.go:1118.2,1118.12 1 1
github.com/niiniyare/erp/pkg/schema/field.go:1122.70,1123.24 1 0
github.com/niiniyare/erp/pkg/schema/field.go:1123.24,1126.3 1 0
github.com/niiniyare/erp/pkg/schema/field.go:1129.2,1141.16 7 0
github.com/niiniyare/erp/pkg/schema/field.go:1141.16,1143.3 1 0
github.com/niiniyare/erp/pkg/schema/field.go:1145.2,1145.12 1 0
github.com/niiniyare/erp/pkg/schema/field.go:1145.12,1148.3 1 0
github.com/niiniyare/erp/pkg/schema/field.go:1150.2,1150.12 1 0
github.com/niiniyare/erp/pkg/schema/field.go:1154.88,1158.21 3 1
github.com/niiniyare/erp/pkg/schema/field.go:1158.21,1162.3 2 1
github.com/niiniyare/erp/pkg/schema/field.go:1162.8,1165.3 2 1
github.com/niiniyare/erp/pkg/schema/field.go:1168.2,1168.21 1 1
github.com/niiniyare/erp/pkg/schema/field.go:1168.21,1173.3 1 1
github.com/niiniyare/erp/pkg/schema/field.go:1175.2,1175.60 1 1
github.com/niiniyare/erp/pkg/schema/field.go:1184.48,1186.2 1 1
github.com/niiniyare/erp/pkg/schema/field.go:1188.47,1190.2 1 0
github.com/niiniyare/erp/pkg/schema/field.go:1192.50,1194.2 1 0
github.com/niiniyare/erp/pkg/schema/field.go:1196.48,1198.2 1 0
github.com/niiniyare/erp/pkg/schema/field.go:1200.58,1202.2 1 0
github.com/niiniyare/erp/pkg/schema/field.go:1204.69,1209.2 1 0
github.com/niiniyare/erp/pkg/schema/field.go:1211.79,1216.2 1 0
github.com/niiniyare/erp/pkg/schema/field.go:1219.67,1220.22 1 1
github.com/niiniyare/erp/pkg/schema/field.go:1220.22,1222.3 1 1
github.com/niiniyare/erp/pkg/schema/field.go:1225.2,1225.46 1 1
github.com/niiniyare/erp/pkg/schema/field.go:1225.46,1227.80 1 1
github.com/niiniyare/erp/pkg/schema/field.go:1227.80,1229.4 1 1
github.com/niiniyare/erp/pkg/schema/field.go:1232.2,1232.23 1 1
github.com/niiniyare/erp/pkg/schema/field.go:1236.86,1241.14 3 1
github.com/niiniyare/erp/pkg/schema/field.go:1242.13,1243.25 1 1
github.com/niiniyare/erp/pkg/schema/field.go:1244.15,1245.71 1 1
github.com/niiniyare/erp/pkg/schema/field.go:1246.14,1247.34 1 1
github.com/niiniyare/erp/pkg/schema/field.go:1248.25,1249.66 1 1
github.com/niiniyare/erp/pkg/schema/field.go:1249.66,1251.4 1 1
github.com/niiniyare/erp/pkg/schema/field.go:1252.3,1252.51 1 0
github.com/niiniyare/erp/pkg/schema/field.go:1253.27,1254.66 1 0
github.com/niiniyare/erp/pkg/schema/field.go:1254.66,1256.4 1 0
github.com/niiniyare/erp/pkg/schema/field.go:1257.3,1257.53 1 0
github.com/niiniyare/erp/pkg/schema/field.go:1258.28,1259.66 1 0
github.com/niiniyare/erp/pkg/schema/field.go:1259.66,1261.4 1 0
github.com/niiniyare/erp/pkg/schema/field.go:1262.3,1262.54 1 0
github.com/niiniyare/erp/pkg/schema/field.go:1263.10,1265.45 1 0
github.com/niiniyare/erp/pkg/schema/field.go:1270.90,1271.24 1 0
github.com/niiniyare/erp/pkg/schema/field.go:1271.24,1274.3 1 0
github.com/niiniyare/erp/pkg/schema/field.go:1276.2,1282.65 5 0
github.com/niiniyare/erp/pkg/schema/field.go:1282.65,1286.3 3 0
github.com/niiniyare/erp/pkg/schema/field.go:1288.2,1290.16 3 0
github.com/niiniyare/erp/pkg/schema/field.go:1290.16,1292.3 1 0
github.com/niiniyare/erp/pkg/schema/field.go:1294.2,1294.20 1 0
github.com/niiniyare/erp/pkg/schema/field.go:1298.43,1299.16 1 1
github.com/niiniyare/erp/pkg/schema/field.go:1300.34,1301.15 1 1
github.com/niiniyare/erp/pkg/schema/field.go:1302.52,1303.20 1 1
github.com/niiniyare/erp/pkg/schema/field.go:1304.60,1305.11 1 1
github.com/niiniyare/erp/pkg/schema/field.go:1306.17,1307.41 1 0
github.com/niiniyare/erp/pkg/schema/field.go:1308.21,1309.41 1 0
github.com/niiniyare/erp/pkg/schema/field.go:1310.17,1311.39 1 0
github.com/niiniyare/erp/pkg/schema/field.go:1312.10,1313.12 1 1
github.com/niiniyare/erp/pkg/schema/field.go:1318.56,1319.24 1 1
github.com/niiniyare/erp/pkg/schema/field.go:1319.24,1321.3 1 0
github.com/niiniyare/erp/pkg/schema/field.go:1323.2,1324.9 2 1
github.com/niiniyare/erp/pkg/schema/field.go:1324.9,1326.3 1 1
github.com/niiniyare/erp/pkg/schema/field.go:1328.2,1328.26 1 1
github.com/niiniyare/erp/pkg/schema/field.go:1329.19,1330.38 1 1
github.com/niiniyare/erp/pkg/schema/field.go:1331.19,1332.38 1 1
github.com/niiniyare/erp/pkg/schema/field.go:1333.14,1334.40 1 1
github.com/niiniyare/erp/pkg/schema/field.go:1335.20,1336.23 1 1
github.com/niiniyare/erp/pkg/schema/field.go:1336.23,1338.4 1 0
github.com/niiniyare/erp/pkg/schema/field.go:1339.3,1339.79 1 1
github.com/niiniyare/erp/pkg/schema/field.go:1340.17,1341.32 1 1
github.com/niiniyare/erp/pkg/schema/field.go:1342.10,1343.75 1 0
github.com/niiniyare/erp/pkg/schema/field.go:1348.42,1362.2 8 1
github.com/niiniyare/erp/pkg/schema/field.go:1365.88,1366.28 1 0
github.com/niiniyare/erp/pkg/schema/field.go:1366.28,1369.3 1 0
github.com/niiniyare/erp/pkg/schema/field.go:1371.2,1371.24 1 0
github.com/niiniyare/erp/pkg/schema/field.go:1371.24,1374.3 1 0
github.com/niiniyare/erp/pkg/schema/field.go:1376.2,1377.67 2 0
github.com/niiniyare/erp/pkg/schema/field.go:1377.67,1380.3 1 0
github.com/niiniyare/erp/pkg/schema/field.go:1383.2,1390.16 6 0
github.com/niiniyare/erp/pkg/schema/field.go:1390.16,1393.3 1 0
github.com/niiniyare/erp/pkg/schema/field.go:1396.2,1396.50 1 0
github.com/niiniyare/erp/pkg/schema/field.go:1400.80,1401.20 1 0
github.com/niiniyare/erp/pkg/schema/field.go:1402.18,1403.38 1 0
github.com/niiniyare/erp/pkg/schema/field.go:1403.38,1405.4 1 0
github.com/niiniyare/erp/pkg/schema/field.go:1406.16,1407.38 1 0
github.com/niiniyare/erp/pkg/schema/field.go:1407.38,1409.4 1 0
github.com/niiniyare/erp/pkg/schema/field.go:1410.17,1411.38 1 0
github.com/niiniyare/erp/pkg/schema/field.go:1411.38,1413.4 1 0
github.com/niiniyare/erp/pkg/schema/field.go:1414.14,1415.37 1 0
github.com/niiniyare/erp/pkg/schema/field.go:1415.37,1417.4 1 0
github.com/niiniyare/erp/pkg/schema/field.go:1418.18,1419.37 1 0
github.com/niiniyare/erp/pkg/schema/field.go:1419.37,1421.4 1 0
github.com/niiniyare/erp/pkg/schema/field.go:1422.10,1423.20 1 0
github.com/niiniyare/erp/pkg/schema/field.go:1425.2,1425.19 1 0
github.com/niiniyare/erp/pkg/schema/field.go:1431.40,1433.2 1 1
github.com/niiniyare/erp/pkg/schema/field.go:1436.35,1440.2 1 1
github.com/niiniyare/erp/pkg/schema/field.go:1443.38,1446.2 1 1
github.com/niiniyare/erp/pkg/schema/field.go:1449.39,1454.2 1 1
github.com/niiniyare/erp/pkg/schema/field.go:1457.37,1461.2 1 1
github.com/niiniyare/erp/pkg/schema/field.go:1464.53,1466.2 1 1
github.com/niiniyare/erp/pkg/schema/field.go:1469.80,1470.30 1 1
github.com/niiniyare/erp/pkg/schema/field.go:1470.30,1471.25 1 1
github.com/niiniyare/erp/pkg/schema/field.go:1471.25,1473.4 1 1
github.com/niiniyare/erp/pkg/schema/field.go:1475.3,1475.28 1 1
github.com/niiniyare/erp/pkg/schema/field.go:1475.28,1476.76 1 1
github.com/niiniyare/erp/pkg/schema/field.go:1476.76,1478.5 1 1
github.com/niiniyare/erp/pkg/schema/field.go:1481.2,1481.14 1 1
github.com/niiniyare/erp/pkg/schema/field.go:1485.48,1486.42 1 1
github.com/niiniyare/erp/pkg/schema/field.go:1486.42,1487.44 1 1
github.com/niiniyare/erp/pkg/schema/field.go:1487.44,1489.4 1 1
github.com/niiniyare/erp/pkg/schema/field.go:1491.2,1491.16 1 1
github.com/niiniyare/erp/pkg/schema/field.go:1495.54,1496.48 1 1
github.com/niiniyare/erp/pkg/schema/field.go:1496.48,1497.56 1 1
github.com/niiniyare/erp/pkg/schema/field.go:1497.56,1499.4 1 1
github.com/niiniyare/erp/pkg/schema/field.go:1501.2,1501.22 1 1
github.com/niiniyare/erp/pkg/schema/field.go:1505.47,1506.41 1 1
github.com/niiniyare/erp/pkg/schema/field.go:1506.41,1507.42 1 1
github.com/niiniyare/erp/pkg/schema/field.go:1507.42,1509.4 1 1
github.com/niiniyare/erp/pkg/schema/field.go:1511.2,1511.15 1 0
github.com/niiniyare/erp/pkg/schema/field.go:1515.59,1517.60 2 1
github.com/niiniyare/erp/pkg/schema/field.go:1517.60,1519.3 1 0
github.com/niiniyare/erp/pkg/schema/field.go:1520.2,1520.18 1 1
github.com/niiniyare/erp/pkg/schema/field.go:1524.63,1526.60 2 1
github.com/niiniyare/erp/pkg/schema/field.go:1526.60,1528.3 1 0
github.com/niiniyare/erp/pkg/schema/field.go:1529.2,1529.18 1 1
github.com/niiniyare/erp/pkg/schema/field.go:1533.59,1535.60 2 1
github.com/niiniyare/erp/pkg/schema/field.go:1535.60,1537.3 1 0
github.com/niiniyare/erp/pkg/schema/field.go:1538.2,1538.18 1 1
github.com/niiniyare/erp/pkg/schema/field.go:1542.62,1544.60 2 1
github.com/niiniyare/erp/pkg/schema/field.go:1544.60,1546.3 1 0
github.com/niiniyare/erp/pkg/schema/field.go:1547.2,1547.18 1 1
github.com/niiniyare/erp/pkg/schema/field.go:1551.66,1553.60 2 0
github.com/niiniyare/erp/pkg/schema/field.go:1553.60,1555.3 1 0
github.com/niiniyare/erp/pkg/schema/field.go:1556.2,1556.18 1 0
github.com/niiniyare/erp/pkg/schema/field.go:1560.60,1562.60 2 0
github.com/niiniyare/erp/pkg/schema/field.go:1562.60,1564.3 1 0
github.com/niiniyare/erp/pkg/schema/field.go:1565.2,1565.18 1 0
github.com/niiniyare/erp/pkg/schema/field.go:1571.30,1572.18 1 1
github.com/niiniyare/erp/pkg/schema/field.go:1572.18,1574.3 1 1
github.com/niiniyare/erp/pkg/schema/field.go:1575.2,1575.27 1 1
github.com/niiniyare/erp/pkg/schema/field.go:1576.14,1577.36 1 1
github.com/niiniyare/erp/pkg/schema/field.go:1578.13,1579.21 1 1
github.com/niiniyare/erp/pkg/schema/field.go:1580.22,1581.21 1 0
github.com/niiniyare/erp/pkg/schema/field.go:1582.10,1583.15 1 1
github.com/niiniyare/erp/pkg/schema/field.go:1588.37,1590.27 2 1
github.com/niiniyare/erp/pkg/schema/field.go:1590.27,1592.16 2 1
github.com/niiniyare/erp/pkg/schema/field.go:1592.16,1594.4 1 1
github.com/niiniyare/erp/pkg/schema/field.go:1595.3,1595.19 1 1
github.com/niiniyare/erp/pkg/schema/field.go:1597.2,1597.13 1 1
github.com/niiniyare/erp/pkg/schema/field.go:1601.43,1602.27 1 1
github.com/niiniyare/erp/pkg/schema/field.go:1603.15,1604.17 1 1
github.com/niiniyare/erp/pkg/schema/field.go:1605.15,1606.26 1 0
github.com/niiniyare/erp/pkg/schema/field.go:1607.11,1608.26 1 0
github.com/niiniyare/erp/pkg/schema/field.go:1609.13,1610.26 1 0
github.com/niiniyare/erp/pkg/schema/field.go:1611.13,1612.26 1 0
github.com/niiniyare/erp/pkg/schema/field.go:1613.13,1614.26 1 0
github.com/niiniyare/erp/pkg/schema/field.go:1615.12,1616.26 1 0
github.com/niiniyare/erp/pkg/schema/field.go:1617.12,1618.26 1 0
github.com/niiniyare/erp/pkg/schema/field.go:1619.14,1620.26 1 0
github.com/niiniyare/erp/pkg/schema/field.go:1621.14,1622.26 1 0
github.com/niiniyare/erp/pkg/schema/field.go:1623.14,1624.26 1 0
github.com/niiniyare/erp/pkg/schema/field.go:1625.13,1626.26 1 0
github.com/niiniyare/erp/pkg/schema/field.go:1627.10,1628.18 1 1
github.com/niiniyare/erp/pkg/schema/field.go:1633.61,1636.2 2 0
github.com/niiniyare/erp/pkg/schema/field.go:1639.38,1643.2 2 1
github.com/niiniyare/erp/pkg/schema/layout.go:177.63,179.2 1 0
github.com/niiniyare/erp/pkg/schema/layout.go:182.54,184.2 1 0
github.com/niiniyare/erp/pkg/schema/layout.go:187.35,188.19 1 0
github.com/niiniyare/erp/pkg/schema/layout.go:188.19,190.3 1 0
github.com/niiniyare/erp/pkg/schema/layout.go:192.2,192.16 1 0
github.com/niiniyare/erp/pkg/schema/layout.go:193.18,194.11 1 0
github.com/niiniyare/erp/pkg/schema/layout.go:195.18,196.11 1 0
github.com/niiniyare/erp/pkg/schema/layout.go:197.10,198.11 1 0
github.com/niiniyare/erp/pkg/schema/layout.go:203.34,204.17 1 0
github.com/niiniyare/erp/pkg/schema/layout.go:204.17,206.3 1 0
github.com/niiniyare/erp/pkg/schema/layout.go:207.2,207.20 1 0
github.com/niiniyare/erp/pkg/schema/layout.go:211.40,212.23 1 0
github.com/niiniyare/erp/pkg/schema/layout.go:212.23,214.3 1 0
github.com/niiniyare/erp/pkg/schema/layout.go:215.2,215.17 1 0
github.com/niiniyare/erp/pkg/schema/layout.go:219.33,221.2 1 0
github.com/niiniyare/erp/pkg/schema/layout.go:224.34,226.2 1 0
github.com/niiniyare/erp/pkg/schema/layout.go:229.37,231.2 1 1
github.com/niiniyare/erp/pkg/schema/layout.go:234.35,236.2 1 0
github.com/niiniyare/erp/pkg/schema/layout.go:239.65,240.37 1 0
github.com/niiniyare/erp/pkg/schema/layout.go:240.37,241.30 1 0
github.com/niiniyare/erp/pkg/schema/layout.go:241.30,243.4 1 0
github.com/niiniyare/erp/pkg/schema/layout.go:245.2,245.19 1 0
github.com/niiniyare/erp/pkg/schema/layout.go:249.57,250.29 1 0
github.com/niiniyare/erp/pkg/schema/layout.go:250.29,251.22 1 0
github.com/niiniyare/erp/pkg/schema/layout.go:251.22,253.4 1 0
github.com/niiniyare/erp/pkg/schema/layout.go:255.2,255.19 1 0
github.com/niiniyare/erp/pkg/schema/layout.go:259.59,260.31 1 0
github.com/niiniyare/erp/pkg/schema/layout.go:260.31,261.24 1 0
github.com/niiniyare/erp/pkg/schema/layout.go:261.24,263.4 1 0
github.com/niiniyare/erp/pkg/schema/layout.go:265.2,265.19 1 0
github.com/niiniyare/erp/pkg/schema/layout.go:269.61,270.33 1 0
github.com/niiniyare/erp/pkg/schema/layout.go:270.33,271.26 1 0
github.com/niiniyare/erp/pkg/schema/layout.go:271.26,273.4 1 0
github.com/niiniyare/erp/pkg/schema/layout.go:275.2,275.19 1 0
github.com/niiniyare/erp/pkg/schema/layout.go:279.64,280.28 1 0
github.com/niiniyare/erp/pkg/schema/layout.go:280.28,281.36 1 0
github.com/niiniyare/erp/pkg/schema/layout.go:281.36,283.4 1 0
github.com/niiniyare/erp/pkg/schema/layout.go:285.2,285.19 1 0
github.com/niiniyare/erp/pkg/schema/layout.go:289.52,290.24 1 0
github.com/niiniyare/erp/pkg/schema/layout.go:290.24,291.28 1 0
github.com/niiniyare/erp/pkg/schema/layout.go:291.28,293.4 1 0
github.com/niiniyare/erp/pkg/schema/layout.go:295.2,295.19 1 0
github.com/niiniyare/erp/pkg/schema/layout.go:299.55,300.25 1 0
github.com/niiniyare/erp/pkg/schema/layout.go:300.25,301.30 1 0
github.com/niiniyare/erp/pkg/schema/layout.go:301.30,303.4 1 0
github.com/niiniyare/erp/pkg/schema/layout.go:305.2,305.19 1 0
github.com/niiniyare/erp/pkg/schema/layout.go:309.58,310.26 1 0
github.com/niiniyare/erp/pkg/schema/layout.go:310.26,311.32 1 0
github.com/niiniyare/erp/pkg/schema/layout.go:311.32,313.4 1 0
github.com/niiniyare/erp/pkg/schema/layout.go:315.2,315.19 1 0
github.com/niiniyare/erp/pkg/schema/layout.go:319.43,323.40 3 0
github.com/niiniyare/erp/pkg/schema/layout.go:323.40,325.3 1 0
github.com/niiniyare/erp/pkg/schema/layout.go:327.2,327.14 1 0
github.com/niiniyare/erp/pkg/schema/layout.go:331.49,335.43 3 0
github.com/niiniyare/erp/pkg/schema/layout.go:335.43,337.3 1 0
github.com/niiniyare/erp/pkg/schema/layout.go:339.2,339.17 1 0
github.com/niiniyare/erp/pkg/schema/layout.go:343.45,347.41 3 0
github.com/niiniyare/erp/pkg/schema/layout.go:347.41,349.3 1 0
github.com/niiniyare/erp/pkg/schema/layout.go:351.2,351.15 1 0
github.com/niiniyare/erp/pkg/schema/layout.go:355.41,359.39 3 0
github.com/niiniyare/erp/pkg/schema/layout.go:359.39,361.3 1 0
github.com/niiniyare/erp/pkg/schema/layout.go:363.2,363.13 1 0
github.com/niiniyare/erp/pkg/schema/layout.go:367.89,369.37 2 0
github.com/niiniyare/erp/pkg/schema/layout.go:369.37,370.73 1 0
github.com/niiniyare/erp/pkg/schema/layout.go:370.73,372.4 1 0
github.com/niiniyare/erp/pkg/schema/layout.go:374.2,374.16 1 0
github.com/niiniyare/erp/pkg/schema/layout.go:378.81,380.29 2 0
github.com/niiniyare/erp/pkg/schema/layout.go:380.29,381.82 1 0
github.com/niiniyare/erp/pkg/schema/layout.go:381.82,383.4 1 0
github.com/niiniyare/erp/pkg/schema/layout.go:385.2,385.16 1 0
github.com/niiniyare/erp/pkg/schema/layout.go:389.83,391.31 2 0
github.com/niiniyare/erp/pkg/schema/layout.go:391.31,392.67 1 0
github.com/niiniyare/erp/pkg/schema/layout.go:392.67,394.4 1 0
github.com/niiniyare/erp/pkg/schema/layout.go:396.2,396.16 1 0
github.com/niiniyare/erp/pkg/schema/layout.go:400.109,401.52 1 0
github.com/niiniyare/erp/pkg/schema/layout.go:401.52,404.3 2 0
github.com/niiniyare/erp/pkg/schema/layout.go:405.2,405.18 1 0
github.com/niiniyare/erp/pkg/schema/layout.go:409.97,410.48 1 0
github.com/niiniyare/erp/pkg/schema/layout.go:410.48,413.3 2 0
github.com/niiniyare/erp/pkg/schema/layout.go:414.2,414.18 1 0
github.com/niiniyare/erp/pkg/schema/layout.go:418.100,419.49 1 0
github.com/niiniyare/erp/pkg/schema/layout.go:419.49,422.3 2 0
github.com/niiniyare/erp/pkg/schema/layout.go:423.2,423.18 1 0
github.com/niiniyare/erp/pkg/schema/layout.go:427.103,428.50 1 0
github.com/niiniyare/erp/pkg/schema/layout.go:428.50,431.3 2 0
github.com/niiniyare/erp/pkg/schema/layout.go:432.2,432.18 1 0
github.com/niiniyare/erp/pkg/schema/layout.go:436.55,443.37 3 1
github.com/niiniyare/erp/pkg/schema/layout.go:443.37,444.23 1 1
github.com/niiniyare/erp/pkg/schema/layout.go:444.23,450.4 1 0
github.com/niiniyare/erp/pkg/schema/layout.go:451.3,451.44 1 1
github.com/niiniyare/erp/pkg/schema/layout.go:451.44,452.35 1 1
github.com/niiniyare/erp/pkg/schema/layout.go:452.35,458.5 1 1
github.com/niiniyare/erp/pkg/schema/layout.go:459.4,459.32 1 1
github.com/niiniyare/erp/pkg/schema/layout.go:464.2,464.29 1 1
github.com/niiniyare/erp/pkg/schema/layout.go:464.29,465.19 1 1
github.com/niiniyare/erp/pkg/schema/layout.go:465.19,471.4 1 0
github.com/niiniyare/erp/pkg/schema/layout.go:472.3,472.22 1 1
github.com/niiniyare/erp/pkg/schema/layout.go:472.22,478.4 1 0
github.com/niiniyare/erp/pkg/schema/layout.go:479.3,479.40 1 1
github.com/niiniyare/erp/pkg/schema/layout.go:479.40,480.35 1 1
github.com/niiniyare/erp/pkg/schema/layout.go:480.35,486.5 1 0
github.com/niiniyare/erp/pkg/schema/layout.go:487.4,487.32 1 1
github.com/niiniyare/erp/pkg/schema/layout.go:492.2,492.31 1 1
github.com/niiniyare/erp/pkg/schema/layout.go:492.31,493.20 1 1
github.com/niiniyare/erp/pkg/schema/layout.go:493.20,499.4 1 0
github.com/niiniyare/erp/pkg/schema/layout.go:500.3,500.23 1 1
github.com/niiniyare/erp/pkg/schema/layout.go:500.23,506.4 1 0
github.com/niiniyare/erp/pkg/schema/layout.go:507.3,507.41 1 1
github.com/niiniyare/erp/pkg/schema/layout.go:507.41,508.35 1 1
github.com/niiniyare/erp/pkg/schema/layout.go:508.35,514.5 1 0
github.com/niiniyare/erp/pkg/schema/layout.go:515.4,515.32 1 1
github.com/niiniyare/erp/pkg/schema/layout.go:520.2,520.33 1 1
github.com/niiniyare/erp/pkg/schema/layout.go:520.33,521.21 1 0
github.com/niiniyare/erp/pkg/schema/layout.go:521.21,527.4 1 0
github.com/niiniyare/erp/pkg/schema/layout.go:528.3,528.42 1 0
github.com/niiniyare/erp/pkg/schema/layout.go:528.42,529.35 1 0
github.com/niiniyare/erp/pkg/schema/layout.go:529.35,535.5 1 0
github.com/niiniyare/erp/pkg/schema/layout.go:536.4,536.32 1 0
github.com/niiniyare/erp/pkg/schema/layout.go:541.2,543.27 2 1
github.com/niiniyare/erp/pkg/schema/layout.go:543.27,545.3 1 1
github.com/niiniyare/erp/pkg/schema/layout.go:547.2,547.12 1 1
github.com/niiniyare/erp/pkg/schema/layout.go:551.63,554.37 2 1
github.com/niiniyare/erp/pkg/schema/layout.go:554.37,555.22 1 1
github.com/niiniyare/erp/pkg/schema/layout.go:555.22,561.4 1 0
github.com/niiniyare/erp/pkg/schema/layout.go:562.3,562.25 1 1
github.com/niiniyare/erp/pkg/schema/layout.go:565.2,565.29 1 1
github.com/niiniyare/erp/pkg/schema/layout.go:565.29,566.18 1 1
github.com/niiniyare/erp/pkg/schema/layout.go:566.18,572.4 1 0
github.com/niiniyare/erp/pkg/schema/layout.go:573.3,573.21 1 1
github.com/niiniyare/erp/pkg/schema/layout.go:576.2,576.31 1 1
github.com/niiniyare/erp/pkg/schema/layout.go:576.31,577.19 1 1
github.com/niiniyare/erp/pkg/schema/layout.go:577.19,583.4 1 0
github.com/niiniyare/erp/pkg/schema/layout.go:584.3,584.22 1 1
github.com/niiniyare/erp/pkg/schema/layout.go:587.2,587.33 1 1
github.com/niiniyare/erp/pkg/schema/layout.go:587.33,588.20 1 0
github.com/niiniyare/erp/pkg/schema/layout.go:588.20,594.4 1 0
github.com/niiniyare/erp/pkg/schema/layout.go:595.3,595.23 1 0
github.com/niiniyare/erp/pkg/schema/layout.go:600.42,603.37 2 0
github.com/niiniyare/erp/pkg/schema/layout.go:603.37,604.40 1 0
github.com/niiniyare/erp/pkg/schema/layout.go:604.40,606.4 1 0
github.com/niiniyare/erp/pkg/schema/layout.go:609.2,609.29 1 0
github.com/niiniyare/erp/pkg/schema/layout.go:609.29,610.36 1 0
github.com/niiniyare/erp/pkg/schema/layout.go:610.36,612.4 1 0
github.com/niiniyare/erp/pkg/schema/layout.go:615.2,615.31 1 0
github.com/niiniyare/erp/pkg/schema/layout.go:615.31,616.37 1 0
github.com/niiniyare/erp/pkg/schema/layout.go:616.37,618.4 1 0
github.com/niiniyare/erp/pkg/schema/layout.go:621.2,621.33 1 0
github.com/niiniyare/erp/pkg/schema/layout.go:621.33,622.38 1 0
github.com/niiniyare/erp/pkg/schema/layout.go:622.38,624.4 1 0
github.com/niiniyare/erp/pkg/schema/layout.go:627.2,628.30 2 0
github.com/niiniyare/erp/pkg/schema/layout.go:628.30,630.3 1 0
github.com/niiniyare/erp/pkg/schema/layout.go:632.2,632.15 1 0
github.com/niiniyare/erp/pkg/schema/layout.go:636.34,640.2 3 0
github.com/niiniyare/erp/pkg/schema/layout.go:643.43,644.18 1 0
github.com/niiniyare/erp/pkg/schema/layout.go:644.18,646.3 1 0
github.com/niiniyare/erp/pkg/schema/layout.go:649.2,649.20 1 0
github.com/niiniyare/erp/pkg/schema/layout.go:649.20,651.3 1 0
github.com/niiniyare/erp/pkg/schema/layout.go:657.62,658.26 1 0
github.com/niiniyare/erp/pkg/schema/layout.go:658.26,660.3 1 0
github.com/niiniyare/erp/pkg/schema/layout.go:662.2,663.20 2 0
github.com/niiniyare/erp/pkg/schema/layout.go:664.16,665.32 1 0
github.com/niiniyare/erp/pkg/schema/layout.go:666.16,667.32 1 0
github.com/niiniyare/erp/pkg/schema/layout.go:668.17,669.33 1 0
github.com/niiniyare/erp/pkg/schema/layout.go:670.10,671.34 1 0
github.com/niiniyare/erp/pkg/schema/layout.go:671.34,673.4 1 0
github.com/niiniyare/erp/pkg/schema/layout.go:676.2,676.41 1 0
github.com/niiniyare/erp/pkg/schema/layout.go:676.41,678.3 1 0
github.com/niiniyare/erp/pkg/schema/layout.go:680.2,680.23 1 0
github.com/niiniyare/erp/pkg/schema/layout.go:684.61,685.26 1 0
github.com/niiniyare/erp/pkg/schema/layout.go:685.26,687.3 1 0
github.com/niiniyare/erp/pkg/schema/layout.go:689.2,690.20 2 0
github.com/niiniyare/erp/pkg/schema/layout.go:691.16,692.32 1 0
github.com/niiniyare/erp/pkg/schema/layout.go:693.16,694.32 1 0
github.com/niiniyare/erp/pkg/schema/layout.go:695.17,696.33 1 0
github.com/niiniyare/erp/pkg/schema/layout.go:697.10,698.34 1 0
github.com/niiniyare/erp/pkg/schema/layout.go:698.34,700.4 1 0
github.com/niiniyare/erp/pkg/schema/layout.go:703.2,703.39 1 0
github.com/niiniyare/erp/pkg/schema/layout.go:703.39,705.3 1 0
github.com/niiniyare/erp/pkg/schema/layout.go:707.2,707.19 1 0
github.com/niiniyare/erp/pkg/schema/mixin.go:44.40,53.2 3 1
github.com/niiniyare/erp/pkg/schema/mixin.go:56.54,58.2 1 1
github.com/niiniyare/erp/pkg/schema/mixin.go:61.61,63.2 1 1
github.com/niiniyare/erp/pkg/schema/mixin.go:66.69,67.20 1 1
github.com/niiniyare/erp/pkg/schema/mixin.go:67.20,69.3 1 1
github.com/niiniyare/erp/pkg/schema/mixin.go:71.2,75.45 3 1
github.com/niiniyare/erp/pkg/schema/mixin.go:75.45,77.3 1 1
github.com/niiniyare/erp/pkg/schema/mixin.go:80.2,80.14 1 1
github.com/niiniyare/erp/pkg/schema/mixin.go:80.14,81.42 1 1
github.com/niiniyare/erp/pkg/schema/mixin.go:81.42,83.4 1 0
github.com/niiniyare/erp/pkg/schema/mixin.go:86.2,87.12 2 1
github.com/niiniyare/erp/pkg/schema/mixin.go:91.56,96.13 4 1
github.com/niiniyare/erp/pkg/schema/mixin.go:96.13,98.3 1 1
github.com/niiniyare/erp/pkg/schema/mixin.go:99.2,99.19 1 1
github.com/niiniyare/erp/pkg/schema/mixin.go:103.50,110.2 5 1
github.com/niiniyare/erp/pkg/schema/mixin.go:113.89,115.2 1 1
github.com/niiniyare/erp/pkg/schema/mixin.go:118.134,120.16 2 1
github.com/niiniyare/erp/pkg/schema/mixin.go:120.16,122.3 1 1
github.com/niiniyare/erp/pkg/schema/mixin.go:125.2,125.37 1 1
github.com/niiniyare/erp/pkg/schema/mixin.go:125.37,127.19 2 1
github.com/niiniyare/erp/pkg/schema/mixin.go:127.19,129.4 1 1
github.com/niiniyare/erp/pkg/schema/mixin.go:132.3,132.23 1 1
github.com/niiniyare/erp/pkg/schema/mixin.go:132.23,134.4 1 0
github.com/niiniyare/erp/pkg/schema/mixin.go:137.3,137.37 1 1
github.com/niiniyare/erp/pkg/schema/mixin.go:137.37,142.4 1 0
github.com/niiniyare/erp/pkg/schema/mixin.go:144.3,144.28 1 1
github.com/niiniyare/erp/pkg/schema/mixin.go:148.2,148.39 1 1
github.com/niiniyare/erp/pkg/schema/mixin.go:148.39,150.19 2 1
github.com/niiniyare/erp/pkg/schema/mixin.go:150.19,152.4 1 1
github.com/niiniyare/erp/pkg/schema/mixin.go:155.3,155.49 1 1
github.com/niiniyare/erp/pkg/schema/mixin.go:155.49,156.41 1 0
github.com/niiniyare/erp/pkg/schema/mixin.go:156.41,161.5 1 0
github.com/niiniyare/erp/pkg/schema/mixin.go:164.3,164.30 1 1
github.com/niiniyare/erp/pkg/schema/mixin.go:168.2,168.24 1 1
github.com/niiniyare/erp/pkg/schema/mixin.go:168.24,170.3 1 0
github.com/niiniyare/erp/pkg/schema/mixin.go:171.2,171.35 1 1
github.com/niiniyare/erp/pkg/schema/mixin.go:171.35,173.3 1 1
github.com/niiniyare/erp/pkg/schema/mixin.go:175.2,176.13 2 1
github.com/niiniyare/erp/pkg/schema/mixin.go:176.13,178.3 1 1
github.com/niiniyare/erp/pkg/schema/mixin.go:180.2,182.9 3 1
github.com/niiniyare/erp/pkg/schema/mixin.go:182.9,184.3 1 0
github.com/niiniyare/erp/pkg/schema/mixin.go:185.2,187.12 2 1
github.com/niiniyare/erp/pkg/schema/mixin.go:191.58,195.45 3 0
github.com/niiniyare/erp/pkg/schema/mixin.go:195.45,197.3 1 0
github.com/niiniyare/erp/pkg/schema/mixin.go:199.2,200.12 2 0
github.com/niiniyare/erp/pkg/schema/mixin.go:204.52,205.36 1 0
github.com/niiniyare/erp/pkg/schema/mixin.go:205.36,207.3 1 0
github.com/niiniyare/erp/pkg/schema/mixin.go:209.2,209.41 1 0
github.com/niiniyare/erp/pkg/schema/mixin.go:209.41,211.3 1 0
github.com/niiniyare/erp/pkg/schema/mixin.go:213.2,216.46 3 0
github.com/niiniyare/erp/pkg/schema/mixin.go:216.46,218.3 1 0
github.com/niiniyare/erp/pkg/schema/mixin.go:220.2,221.12 2 0
github.com/niiniyare/erp/pkg/schema/mixin.go:225.34,228.16 2 1
github.com/niiniyare/erp/pkg/schema/mixin.go:228.16,230.3 1 0
github.com/niiniyare/erp/pkg/schema/mixin.go:232.2,232.18 1 1
github.com/niiniyare/erp/pkg/schema/mixin.go:232.18,234.3 1 0
github.com/niiniyare/erp/pkg/schema/mixin.go:237.2,238.33 2 1
github.com/niiniyare/erp/pkg/schema/mixin.go:238.33,239.62 1 1
github.com/niiniyare/erp/pkg/schema/mixin.go:239.62,241.4 1 0
github.com/niiniyare/erp/pkg/schema/mixin.go:244.3,244.29 1 1
github.com/niiniyare/erp/pkg/schema/mixin.go:244.29,250.4 1 0
github.com/niiniyare/erp/pkg/schema/mixin.go:251.3,251.32 1 1
github.com/niiniyare/erp/pkg/schema/mixin.go:255.2,255.35 1 1
github.com/niiniyare/erp/pkg/schema/mixin.go:255.35,256.63 1 1
github.com/niiniyare/erp/pkg/schema/mixin.go:256.63,258.4 1 0
github.com/niiniyare/erp/pkg/schema/mixin.go:261.2,261.27 1 1
github.com/niiniyare/erp/pkg/schema/mixin.go:261.27,263.3 1 0
github.com/niiniyare/erp/pkg/schema/mixin.go:265.2,265.12 1 1
github.com/niiniyare/erp/pkg/schema/mixin.go:269.32,281.2 1 0
github.com/niiniyare/erp/pkg/schema/mixin.go:284.49,502.2 8 1
github.com/niiniyare/erp/pkg/schema/mixin.go:506.54,507.21 1 0
github.com/niiniyare/erp/pkg/schema/mixin.go:507.21,509.3 1 0
github.com/niiniyare/erp/pkg/schema/mixin.go:510.2,512.13 3 0
github.com/niiniyare/erp/pkg/schema/mixin.go:515.25,516.12 1 1
github.com/niiniyare/erp/pkg/schema/mixin.go:516.12,518.3 1 0
github.com/niiniyare/erp/pkg/schema/mixin.go:519.2,519.11 1 1
github.com/niiniyare/erp/pkg/schema/repeatable.go:30.73,35.29 2 0
github.com/niiniyare/erp/pkg/schema/repeatable.go:35.29,37.3 1 0
github.com/niiniyare/erp/pkg/schema/repeatable.go:88.70,90.2 1 1
github.com/niiniyare/erp/pkg/schema/repeatable.go:93.95,97.61 2 1
github.com/niiniyare/erp/pkg/schema/repeatable.go:97.61,103.3 1 1
github.com/niiniyare/erp/pkg/schema/repeatable.go:105.2,105.61 1 1
github.com/niiniyare/erp/pkg/schema/repeatable.go:105.61,111.3 1 1
github.com/niiniyare/erp/pkg/schema/repeatable.go:114.2,114.37 1 1
github.com/niiniyare/erp/pkg/schema/repeatable.go:114.37,115.51 1 1
github.com/niiniyare/erp/pkg/schema/repeatable.go:115.51,119.74 2 1
github.com/niiniyare/erp/pkg/schema/repeatable.go:119.74,125.13 2 1
github.com/niiniyare/erp/pkg/schema/repeatable.go:129.4,129.30 1 1
github.com/niiniyare/erp/pkg/schema/repeatable.go:129.30,130.67 1 1
github.com/niiniyare/erp/pkg/schema/repeatable.go:130.67,136.6 1 0
github.com/niiniyare/erp/pkg/schema/repeatable.go:141.2,141.27 1 1
github.com/niiniyare/erp/pkg/schema/repeatable.go:141.27,143.3 1 1
github.com/niiniyare/erp/pkg/schema/repeatable.go:145.2,145.12 1 1
github.com/niiniyare/erp/pkg/schema/repeatable.go:149.82,150.30 1 0
github.com/niiniyare/erp/pkg/schema/repeatable.go:150.30,152.3 1 0
github.com/niiniyare/erp/pkg/schema/repeatable.go:155.2,158.20 2 0
github.com/niiniyare/erp/pkg/schema/repeatable.go:158.20,160.3 1 0
github.com/niiniyare/erp/pkg/schema/repeatable.go:163.2,163.37 1 0
github.com/niiniyare/erp/pkg/schema/repeatable.go:163.37,165.19 2 0
github.com/niiniyare/erp/pkg/schema/repeatable.go:165.19,167.4 1 0
github.com/niiniyare/erp/pkg/schema/repeatable.go:170.2,170.14 1 0
github.com/niiniyare/erp/pkg/schema/repeatable.go:173.84,177.42 2 1
github.com/niiniyare/erp/pkg/schema/repeatable.go:177.42,178.27 1 1
github.com/niiniyare/erp/pkg/schema/repeatable.go:178.27,180.4 1 0
github.com/niiniyare/erp/pkg/schema/repeatable.go:180.9,182.18 2 1
github.com/niiniyare/erp/pkg/schema/repeatable.go:182.18,189.5 2 0
github.com/niiniyare/erp/pkg/schema/repeatable.go:189.10,191.5 1 1
github.com/niiniyare/erp/pkg/schema/repeatable.go:196.2,198.13 2 1
github.com/niiniyare/erp/pkg/schema/repeatable.go:202.55,206.58 2 1
github.com/niiniyare/erp/pkg/schema/repeatable.go:206.58,208.3 1 0
github.com/niiniyare/erp/pkg/schema/repeatable.go:211.2,211.27 1 1
github.com/niiniyare/erp/pkg/schema/repeatable.go:211.27,217.3 1 1
github.com/niiniyare/erp/pkg/schema/repeatable.go:219.2,220.36 2 1
github.com/niiniyare/erp/pkg/schema/repeatable.go:220.36,221.62 1 1
github.com/niiniyare/erp/pkg/schema/repeatable.go:221.62,223.4 1 1
github.com/niiniyare/erp/pkg/schema/repeatable.go:226.3,226.37 1 1
github.com/niiniyare/erp/pkg/schema/repeatable.go:226.37,232.4 1 0
github.com/niiniyare/erp/pkg/schema/repeatable.go:233.3,233.40 1 1
github.com/niiniyare/erp/pkg/schema/repeatable.go:237.2,237.21 1 1
github.com/niiniyare/erp/pkg/schema/repeatable.go:237.21,243.3 1 0
github.com/niiniyare/erp/pkg/schema/repeatable.go:245.2,245.50 1 1
github.com/niiniyare/erp/pkg/schema/repeatable.go:245.50,251.3 1 1
github.com/niiniyare/erp/pkg/schema/repeatable.go:253.2,253.27 1 1
github.com/niiniyare/erp/pkg/schema/repeatable.go:253.27,255.3 1 1
github.com/niiniyare/erp/pkg/schema/repeatable.go:257.2,257.12 1 1
github.com/niiniyare/erp/pkg/schema/repeatable.go:267.69,285.2 1 1
github.com/niiniyare/erp/pkg/schema/repeatable.go:288.89,291.2 2 1
github.com/niiniyare/erp/pkg/schema/repeatable.go:294.82,297.2 2 1
github.com/niiniyare/erp/pkg/schema/repeatable.go:300.82,303.2 2 1
github.com/niiniyare/erp/pkg/schema/repeatable.go:306.88,309.2 2 1
github.com/niiniyare/erp/pkg/schema/repeatable.go:312.94,315.2 2 1
github.com/niiniyare/erp/pkg/schema/repeatable.go:318.88,321.2 2 1
github.com/niiniyare/erp/pkg/schema/repeatable.go:324.101,327.2 2 1
github.com/niiniyare/erp/pkg/schema/repeatable.go:330.98,334.2 3 1
github.com/niiniyare/erp/pkg/schema/repeatable.go:337.106,340.2 2 0
github.com/niiniyare/erp/pkg/schema/repeatable.go:343.70,344.55 1 1
github.com/niiniyare/erp/pkg/schema/repeatable.go:344.55,346.3 1 1
github.com/niiniyare/erp/pkg/schema/repeatable.go:349.2,349.26 1 1
github.com/niiniyare/erp/pkg/schema/repeatable.go:349.26,351.3 1 0
github.com/niiniyare/erp/pkg/schema/repeatable.go:353.2,353.23 1 1
[...]
github.com/niiniyare/erp/pkg/schema/registry/redis.go:36.2,40.8 1 1
github.com/niiniyare/erp/pkg/schema/registry/redis.go:44.77,45.45 1 1
github.com/niiniyare/erp/pkg/schema/registry/redis.go:45.45,47.3 1 0
github.com/niiniyare/erp/pkg/schema/registry/redis.go:49.2,52.16 3 1
github.com/niiniyare/erp/pkg/schema/registry/redis.go:52.16,53.23 1 0
github.com/niiniyare/erp/pkg/schema/registry/redis.go:53.23,55.4 1 0
github.com/niiniyare/erp/pkg/schema/registry/redis.go:56.3,56.76 1 0
github.com/niiniyare/erp/pkg/schema/registry/redis.go:59.2,59.18 1 1
github.com/niiniyare/erp/pkg/schema/registry/redis.go:63.80,64.45 1 1
github.com/niiniyare/erp/pkg/schema/registry/redis.go:64.45,66.3 1 1
github.com/niiniyare/erp/pkg/schema/registry/redis.go:68.2,68.20 1 1
github.com/niiniyare/erp/pkg/schema/registry/redis.go:68.20,70.3 1 1
github.com/niiniyare/erp/pkg/schema/registry/redis.go:72.2,75.16 3 1
github.com/niiniyare/erp/pkg/schema/registry/redis.go:75.16,77.3 1 1
github.com/niiniyare/erp/pkg/schema/registry/redis.go:77.8,79.3 1 1
github.com/niiniyare/erp/pkg/schema/registry/redis.go:81.2,81.16 1 1
github.com/niiniyare/erp/pkg/schema/registry/redis.go:81.16,83.3 1 0
github.com/niiniyare/erp/pkg/schema/registry/redis.go:85.2,85.12 1 1
github.com/niiniyare/erp/pkg/schema/registry/redis.go:89.70,90.45 1 1
github.com/niiniyare/erp/pkg/schema/registry/redis.go:90.45,92.3 1 0
github.com/niiniyare/erp/pkg/schema/registry/redis.go:94.2,97.16 3 1
github.com/niiniyare/erp/pkg/schema/registry/redis.go:97.16,99.3 1 0
github.com/niiniyare/erp/pkg/schema/registry/redis.go:101.2,101.18 1 1
github.com/niiniyare/erp/pkg/schema/registry/redis.go:101.18,103.3 1 1
github.com/niiniyare/erp/pkg/schema/registry/redis.go:105.2,105.12 1 1
github.com/niiniyare/erp/pkg/schema/registry/redis.go:109.69,115.21 4 1
github.com/niiniyare/erp/pkg/schema/registry/redis.go:115.21,117.3 1 1
github.com/niiniyare/erp/pkg/schema/registry/redis.go:119.2,119.35 1 1
github.com/niiniyare/erp/pkg/schema/registry/redis.go:119.35,121.3 1 0
github.com/niiniyare/erp/pkg/schema/registry/redis.go:124.2,125.30 2 1
github.com/niiniyare/erp/pkg/schema/registry/redis.go:125.30,126.40 1 1
github.com/niiniyare/erp/pkg/schema/registry/redis.go:126.40,129.4 2 1
github.com/niiniyare/erp/pkg/schema/registry/redis.go:132.2,132.23 1 1
github.com/niiniyare/erp/pkg/schema/registry/redis.go:136.78,137.45 1 1
github.com/niiniyare/erp/pkg/schema/registry/redis.go:137.45,139.3 1 0
github.com/niiniyare/erp/pkg/schema/registry/redis.go:141.2,144.16 3 1
github.com/niiniyare/erp/pkg/schema/registry/redis.go:144.16,146.3 1 0
github.com/niiniyare/erp/pkg/schema/registry/redis.go:148.2,148.24 1 1
github.com/niiniyare/erp/pkg/schema/registry/redis.go:152.50,154.2 1 1
github.com/niiniyare/erp/pkg/schema/registry/redis.go:157.44,159.2 1 1
github.com/niiniyare/erp/pkg/schema/registry/redis.go:162.48,164.2 1 1
github.com/niiniyare/erp/pkg/schema/registry/redis.go:167.73,176.21 4 1
github.com/niiniyare/erp/pkg/schema/registry/redis.go:176.21,178.3 1 1
github.com/niiniyare/erp/pkg/schema/registry/redis.go:180.2,180.35 1 1
github.com/niiniyare/erp/pkg/schema/registry/redis.go:180.35,182.3 1 0
github.com/niiniyare/erp/pkg/schema/registry/redis.go:185.2,185.68 1 1
github.com/niiniyare/erp/pkg/schema/registry/redis.go:185.68,187.59 2 1
github.com/niiniyare/erp/pkg/schema/registry/redis.go:187.59,188.31 1 1
github.com/niiniyare/erp/pkg/schema/registry/redis.go:188.31,189.48 1 1
github.com/niiniyare/erp/pkg/schema/registry/redis.go:189.48,190.74 1 1
github.com/niiniyare/erp/pkg/schema/registry/redis.go:190.74,192.63 2 1
github.com/niiniyare/erp/pkg/schema/registry/redis.go:192.63,194.8 1 1
github.com/niiniyare/erp/pkg/schema/registry/redis.go:196.6,196.11 1 1
github.com/niiniyare/erp/pkg/schema/registry/redis.go:203.2,205.19 2 1
github.com/niiniyare/erp/pkg/schema/registry/redis.go:217.57,219.2 1 1
github.com/niiniyare/erp/pkg/schema/registry/redis.go:222.61,228.21 4 1
github.com/niiniyare/erp/pkg/schema/registry/redis.go:228.21,230.3 1 1
github.com/niiniyare/erp/pkg/schema/registry/redis.go:232.2,232.35 1 1
github.com/niiniyare/erp/pkg/schema/registry/redis.go:232.35,234.3 1 0
github.com/niiniyare/erp/pkg/schema/registry/redis.go:236.2,236.19 1 1
github.com/niiniyare/erp/pkg/schema/registry/redis.go:236.19,237.59 1 1
github.com/niiniyare/erp/pkg/schema/registry/redis.go:237.59,239.4 1 0
github.com/niiniyare/erp/pkg/schema/registry/redis.go:242.2,242.12 1 1
github.com/niiniyare/erp/pkg/schema/registry/redis.go:246.99,247.45 1 0
github.com/niiniyare/erp/pkg/schema/registry/redis.go:247.45,249.3 1 0
github.com/niiniyare/erp/pkg/schema/registry/redis.go:251.2,259.36 6 0
github.com/niiniyare/erp/pkg/schema/registry/redis.go:259.36,261.3 1 0
github.com/niiniyare/erp/pkg/schema/registry/redis.go:263.2,264.16 2 0
github.com/niiniyare/erp/pkg/schema/registry/redis.go:264.16,265.23 1 0
github.com/niiniyare/erp/pkg/schema/registry/redis.go:265.23,267.4 1 0
github.com/niiniyare/erp/pkg/schema/registry/redis.go:268.3,268.79 1 0
github.com/niiniyare/erp/pkg/schema/registry/redis.go:271.2,272.16 2 0
github.com/niiniyare/erp/pkg/schema/registry/redis.go:272.16,275.3 1 0
github.com/niiniyare/erp/pkg/schema/registry/redis.go:277.2,277.23 1 0
github.com/niiniyare/erp/pkg/schema/registry/redis.go:281.112,282.45 1 0
github.com/niiniyare/erp/pkg/schema/registry/redis.go:282.45,284.3 1 0
github.com/niiniyare/erp/pkg/schema/registry/redis.go:286.2,286.20 1 0
github.com/niiniyare/erp/pkg/schema/registry/redis.go:286.20,288.3 1 0
github.com/niiniyare/erp/pkg/schema/registry/redis.go:290.2,293.16 3 0
github.com/niiniyare/erp/pkg/schema/registry/redis.go:293.16,295.3 1 0
github.com/niiniyare/erp/pkg/schema/registry/redis.go:297.2,297.12 1 0
github.com/niiniyare/erp/pkg/schema/registry/redis.go:301.96,302.19 1 0
github.com/niiniyare/erp/pkg/schema/registry/redis.go:302.19,304.3 1 0
github.com/niiniyare/erp/pkg/schema/registry/redis.go:307.2,307.25 1 0
github.com/niiniyare/erp/pkg/schema/registry/redis.go:307.25,308.46 1 0
github.com/niiniyare/erp/pkg/schema/registry/redis.go:308.46,310.4 1 0
github.com/niiniyare/erp/pkg/schema/registry/redis.go:314.2,315.25 2 0
github.com/niiniyare/erp/pkg/schema/registry/redis.go:315.25,317.3 1 0
github.com/niiniyare/erp/pkg/schema/registry/redis.go:320.2,321.16 2 0
github.com/niiniyare/erp/pkg/schema/registry/redis.go:321.16,323.3 1 0
github.com/niiniyare/erp/pkg/schema/registry/redis.go:326.2,327.31 2 0
github.com/niiniyare/erp/pkg/schema/registry/redis.go:327.31,328.19 1 0
github.com/niiniyare/erp/pkg/schema/registry/redis.go:328.19,329.37 1 0
github.com/niiniyare/erp/pkg/schema/registry/redis.go:329.37,331.5 1 0
github.com/niiniyare/erp/pkg/schema/registry/redis.go:335.2,335.20 1 0
github.com/niiniyare/erp/pkg/schema/registry/redis.go:339.88,340.23 1 0
github.com/niiniyare/erp/pkg/schema/registry/redis.go:340.23,342.3 1 0
github.com/niiniyare/erp/pkg/schema/registry/redis.go:345.2,345.32 1 0
github.com/niiniyare/erp/pkg/schema/registry/redis.go:345.32,346.46 1 0
github.com/niiniyare/erp/pkg/schema/registry/redis.go:346.46,348.4 1 0
github.com/niiniyare/erp/pkg/schema/registry/redis.go:349.3,349.21 1 0
github.com/niiniyare/erp/pkg/schema/registry/redis.go:349.21,351.4 1 0
github.com/niiniyare/erp/pkg/schema/registry/redis.go:355.2,357.32 2 0
github.com/niiniyare/erp/pkg/schema/registry/redis.go:357.32,359.17 2 0
github.com/niiniyare/erp/pkg/schema/registry/redis.go:359.17,361.4 1 0
github.com/niiniyare/erp/pkg/schema/registry/redis.go:361.9,363.4 1 0
github.com/niiniyare/erp/pkg/schema/registry/redis.go:366.2,367.16 2 0
github.com/niiniyare/erp/pkg/schema/registry/redis.go:367.16,369.3 1 0
github.com/niiniyare/erp/pkg/schema/registry/redis.go:371.2,371.12 1 0
github.com/niiniyare/erp/pkg/schema/registry/registry.go:56.51,57.27 1 1
github.com/niiniyare/erp/pkg/schema/registry/registry.go:57.27,59.3 1 1
github.com/niiniyare/erp/pkg/schema/registry/registry.go:60.2,60.26 1 1
github.com/niiniyare/erp/pkg/schema/registry/registry.go:60.26,62.3 1 1
github.com/niiniyare/erp/pkg/schema/registry/registry.go:64.2,69.3 1 1
github.com/niiniyare/erp/pkg/schema/registry/registry.go:73.80,76.86 2 1
github.com/niiniyare/erp/pkg/schema/registry/registry.go:76.86,79.3 2 1
github.com/niiniyare/erp/pkg/schema/registry/registry.go:80.2,83.20 2 1
github.com/niiniyare/erp/pkg/schema/registry/registry.go:83.20,84.52 1 1
github.com/niiniyare/erp/pkg/schema/registry/registry.go:84.52,86.18 2 0
github.com/niiniyare/erp/pkg/schema/registry/registry.go:86.18,90.5 2 0
github.com/niiniyare/erp/pkg/schema/registry/registry.go:95.2,96.16 2 1
github.com/niiniyare/erp/pkg/schema/registry/registry.go:96.16,98.3 1 1
github.com/niiniyare/erp/pkg/schema/registry/registry.go:101.2,102.16 2 1
github.com/niiniyare/erp/pkg/schema/registry/registry.go:102.16,104.3 1 0
github.com/niiniyare/erp/pkg/schema/registry/registry.go:107.2,107.20 1 1
github.com/niiniyare/erp/pkg/schema/registry/registry.go:107.20,108.13 1 1
github.com/niiniyare/erp/pkg/schema/registry/registry.go:108.13,111.4 1 1
github.com/niiniyare/erp/pkg/schema/registry/registry.go:115.2,117.20 2 1
github.com/niiniyare/erp/pkg/schema/registry/registry.go:121.85,123.42 1 1
github.com/niiniyare/erp/pkg/schema/registry/registry.go:123.42,125.3 1 1
github.com/niiniyare/erp/pkg/schema/registry/registry.go:128.2,129.16 2 1
github.com/niiniyare/erp/pkg/schema/registry/registry.go:129.16,131.3 1 0
github.com/niiniyare/erp/pkg/schema/registry/registry.go:134.2,134.53 1 1
github.com/niiniyare/erp/pkg/schema/registry/registry.go:134.53,136.3 1 0
github.com/niiniyare/erp/pkg/schema/registry/registry.go:139.2,140.20 2 1
github.com/niiniyare/erp/pkg/schema/registry/registry.go:140.20,141.13 1 1
github.com/niiniyare/erp/pkg/schema/registry/registry.go:141.13,143.4 1 1
github.com/niiniyare/erp/pkg/schema/registry/registry.go:146.2,146.12 1 1
github.com/niiniyare/erp/pkg/schema/registry/registry.go:150.65,152.50 1 1
github.com/niiniyare/erp/pkg/schema/registry/registry.go:152.50,154.3 1 1
github.com/niiniyare/erp/pkg/schema/registry/registry.go:157.2,161.20 4 1
github.com/niiniyare/erp/pkg/schema/registry/registry.go:161.20,162.13 1 0
github.com/niiniyare/erp/pkg/schema/registry/registry.go:162.13,164.4 1 0
github.com/niiniyare/erp/pkg/schema/registry/registry.go:167.2,167.12 1 1
github.com/niiniyare/erp/pkg/schema/registry/registry.go:171.64,173.2 1 1
github.com/niiniyare/erp/pkg/schema/registry/registry.go:176.73,178.2 1 1
github.com/niiniyare/erp/pkg/schema/registry/registry.go:181.68,189.2 3 1
github.com/niiniyare/erp/pkg/schema/registry/registry.go:192.37,197.39 4 1
github.com/niiniyare/erp/pkg/schema/registry/registry.go:197.39,198.33 1 1
github.com/niiniyare/erp/pkg/schema/registry/registry.go:198.33,200.4 1 1
github.com/niiniyare/erp/pkg/schema/registry/registry.go:205.39,207.12 2 0
github.com/niiniyare/erp/pkg/schema/registry/registry.go:207.12,208.22 1 0
github.com/niiniyare/erp/pkg/schema/registry/registry.go:208.22,210.4 1 0
github.com/niiniyare/erp/pkg/schema/registry/s3.go:30.56,31.26 1 1
github.com/niiniyare/erp/pkg/schema/registry/s3.go:31.26,33.3 1 1
github.com/niiniyare/erp/pkg/schema/registry/s3.go:35.2,35.25 1 1
github.com/niiniyare/erp/pkg/schema/registry/s3.go:35.25,37.3 1 1
github.com/niiniyare/erp/pkg/schema/registry/s3.go:39.2,39.28 1 1
github.com/niiniyare/erp/pkg/schema/registry/s3.go:39.28,41.3 1 1
github.com/niiniyare/erp/pkg/schema/registry/s3.go:44.2,44.47 1 1
github.com/niiniyare/erp/pkg/schema/registry/s3.go:44.47,46.3 1 1
github.com/niiniyare/erp/pkg/schema/registry/s3.go:48.2,52.8 1 1
github.com/niiniyare/erp/pkg/schema/registry/s3.go:56.75,57.45 1 0
github.com/niiniyare/erp/pkg/schema/registry/s3.go:57.45,59.3 1 0
github.com/niiniyare/erp/pkg/schema/registry/s3.go:61.2,68.16 3 0
github.com/niiniyare/erp/pkg/schema/registry/s3.go:68.16,69.49 1 0
github.com/niiniyare/erp/pkg/schema/registry/s3.go:69.49,71.4 1 0
github.com/niiniyare/erp/pkg/schema/registry/s3.go:72.3,72.73 1 0
github.com/niiniyare/erp/pkg/schema/registry/s3.go:74.2,77.16 3 0
github.com/niiniyare/erp/pkg/schema/registry/s3.go:77.16,79.3 1 0
github.com/niiniyare/erp/pkg/schema/registry/s3.go:81.2,81.18 1 0
github.com/niiniyare/erp/pkg/schema/registry/s3.go:85.78,86.45 1 0
github.com/niiniyare/erp/pkg/schema/registry/s3.go:86.45,88.3 1 0
github.com/niiniyare/erp/pkg/schema/registry/s3.go:90.2,90.20 1 0
github.com/niiniyare/erp/pkg/schema/registry/s3.go:90.20,92.3 1 0
github.com/niiniyare/erp/pkg/schema/registry/s3.go:94.2,107.16 3 0
github.com/niiniyare/erp/pkg/schema/registry/s3.go:107.16,109.3 1 0
github.com/niiniyare/erp/pkg/schema/registry/s3.go:111.2,111.12 1 0
github.com/niiniyare/erp/pkg/schema/registry/s3.go:115.68,116.45 1 0
github.com/niiniyare/erp/pkg/schema/registry/s3.go:116.45,118.3 1 0
github.com/niiniyare/erp/pkg/schema/registry/s3.go:120.2,128.16 3 0
github.com/niiniyare/erp/pkg/schema/registry/s3.go:128.16,129.49 1 0
github.com/niiniyare/erp/pkg/schema/registry/s3.go:129.49,131.4 1 0
github.com/niiniyare/erp/pkg/schema/registry/s3.go:132.3,132.68 1 0
github.com/niiniyare/erp/pkg/schema/registry/s3.go:136.2,141.16 2 0
github.com/niiniyare/erp/pkg/schema/registry/s3.go:141.16,143.3 1 0
github.com/niiniyare/erp/pkg/schema/registry/s3.go:145.2,145.12 1 0
github.com/niiniyare/erp/pkg/schema/registry/s3.go:149.67,157.31 3 0
github.com/niiniyare/erp/pkg/schema/registry/s3.go:157.31,159.10 1 0
github.com/niiniyare/erp/pkg/schema/registry/s3.go:160.21,161.25 1 0
github.com/niiniyare/erp/pkg/schema/registry/s3.go:162.11,162.11 0 0
github.com/niiniyare/erp/pkg/schema/registry/s3.go:165.3,166.17 2 0
github.com/niiniyare/erp/pkg/schema/registry/s3.go:166.17,168.4 1 0
github.com/niiniyare/erp/pkg/schema/registry/s3.go:170.3,170.37 1 0
github.com/niiniyare/erp/pkg/schema/registry/s3.go:170.37,171.22 1 0
github.com/niiniyare/erp/pkg/schema/registry/s3.go:171.22,174.81 2 0
github.com/niiniyare/erp/pkg/schema/registry/s3.go:174.81,182.6 4 0
github.com/niiniyare/erp/pkg/schema/registry/s3.go:187.2,187.23 1 0
github.com/niiniyare/erp/pkg/schema/registry/s3.go:191.76,192.45 1 0
github.com/niiniyare/erp/pkg/schema/registry/s3.go:192.45,194.3 1 0
github.com/niiniyare/erp/pkg/schema/registry/s3.go:196.2,203.16 3 0
github.com/niiniyare/erp/pkg/schema/registry/s3.go:203.16,204.49 1 0
github.com/niiniyare/erp/pkg/schema/registry/s3.go:204.49,206.4 1 0
github.com/niiniyare/erp/pkg/schema/registry/s3.go:207.3,207.85 1 0
github.com/niiniyare/erp/pkg/schema/registry/s3.go:210.2,210.18 1 0
github.com/niiniyare/erp/pkg/schema/registry/s3.go:215.48,220.2 3 1
github.com/niiniyare/erp/pkg/schema/registry/s3.go:223.42,225.2 1 1
github.com/niiniyare/erp/pkg/schema/registry/s3.go:228.45,230.2 1 1
github.com/niiniyare/erp/pkg/schema/registry/s3.go:233.68,246.31 3 0
github.com/niiniyare/erp/pkg/schema/registry/s3.go:246.31,247.10 1 0
github.com/niiniyare/erp/pkg/schema/registry/s3.go:248.21,249.25 1 0
github.com/niiniyare/erp/pkg/schema/registry/s3.go:250.11,250.11 0 0
github.com/niiniyare/erp/pkg/schema/registry/s3.go:253.3,254.17 2 0
github.com/niiniyare/erp/pkg/schema/registry/s3.go:254.17,256.4 1 0
github.com/niiniyare/erp/pkg/schema/registry/s3.go:258.3,258.37 1 0
github.com/niiniyare/erp/pkg/schema/registry/s3.go:258.37,259.62 1 0
github.com/niiniyare/erp/pkg/schema/registry/s3.go:259.62,261.24 2 0
github.com/niiniyare/erp/pkg/schema/registry/s3.go:261.24,263.6 1 0
github.com/niiniyare/erp/pkg/schema/registry/s3.go:268.2,268.19 1 0
github.com/niiniyare/erp/pkg/schema/registry/s3.go:281.94,282.19 1 1
github.com/niiniyare/erp/pkg/schema/registry/s3.go:282.19,284.3 1 1
github.com/niiniyare/erp/pkg/schema/registry/s3.go:287.2,287.25 1 0
github.com/niiniyare/erp/pkg/schema/registry/s3.go:287.25,288.46 1 0
github.com/niiniyare/erp/pkg/schema/registry/s3.go:288.46,290.4 1 0
github.com/niiniyare/erp/pkg/schema/registry/s3.go:293.2,301.25 4 0
github.com/niiniyare/erp/pkg/schema/registry/s3.go:301.25,302.28 1 0
github.com/niiniyare/erp/pkg/schema/registry/s3.go:302.28,304.18 2 0
github.com/niiniyare/erp/pkg/schema/registry/s3.go:304.18,307.5 2 0
github.com/niiniyare/erp/pkg/schema/registry/s3.go:308.4,311.21 1 0
github.com/niiniyare/erp/pkg/schema/registry/s3.go:316.2,316.32 1 0
github.com/niiniyare/erp/pkg/schema/registry/s3.go:316.32,317.10 1 0
github.com/niiniyare/erp/pkg/schema/registry/s3.go:318.25,319.19 1 0
github.com/niiniyare/erp/pkg/schema/registry/s3.go:320.27,321.31 1 0
github.com/niiniyare/erp/pkg/schema/registry/s3.go:322.21,323.25 1 0
github.com/niiniyare/erp/pkg/schema/registry/s3.go:327.2,327.20 1 0
github.com/niiniyare/erp/pkg/schema/registry/s3.go:331.86,332.23 1 1
github.com/niiniyare/erp/pkg/schema/registry/s3.go:332.23,334.3 1 1
github.com/niiniyare/erp/pkg/schema/registry/s3.go:337.2,337.32 1 0
github.com/niiniyare/erp/pkg/schema/registry/s3.go:337.32,338.46 1 0
github.com/niiniyare/erp/pkg/schema/registry/s3.go:338.46,340.4 1 0
github.com/niiniyare/erp/pkg/schema/registry/s3.go:341.3,341.21 1 0
github.com/niiniyare/erp/pkg/schema/registry/s3.go:341.21,343.4 1 0
github.com/niiniyare/erp/pkg/schema/registry/s3.go:346.2,350.32 3 0
github.com/niiniyare/erp/pkg/schema/registry/s3.go:350.32,351.47 1 0
github.com/niiniyare/erp/pkg/schema/registry/s3.go:351.47,352.61 1 0
github.com/niiniyare/erp/pkg/schema/registry/s3.go:352.61,355.5 2 0
github.com/niiniyare/erp/pkg/schema/registry/s3.go:356.4,356.22 1 0
github.com/niiniyare/erp/pkg/schema/registry/s3.go:361.2,361.36 1 0
github.com/niiniyare/erp/pkg/schema/registry/s3.go:361.36,362.10 1 0
github.com/niiniyare/erp/pkg/schema/registry/s3.go:363.25,364.14 1 0
github.com/niiniyare/erp/pkg/schema/registry/s3.go:365.15,365.15 0 0
github.com/niiniyare/erp/pkg/schema/registry/s3.go:367.21,368.20 1 0
github.com/niiniyare/erp/pkg/schema/registry/s3.go:372.2,372.12 1 0
github.com/niiniyare/erp/pkg/schema/registry/s3.go:376.76,377.19 1 1
github.com/niiniyare/erp/pkg/schema/registry/s3.go:377.19,379.3 1 1
github.com/niiniyare/erp/pkg/schema/registry/s3.go:382.2,382.25 1 0
github.com/niiniyare/erp/pkg/schema/registry/s3.go:382.25,383.46 1 0
github.com/niiniyare/erp/pkg/schema/registry/s3.go:383.46,385.4 1 0
github.com/niiniyare/erp/pkg/schema/registry/s3.go:388.2,392.25 3 0
github.com/niiniyare/erp/pkg/schema/registry/s3.go:392.25,393.28 1 0
github.com/niiniyare/erp/pkg/schema/registry/s3.go:393.28,394.52 1 0
github.com/niiniyare/erp/pkg/schema/registry/s3.go:394.52,397.5 2 0
github.com/niiniyare/erp/pkg/schema/registry/s3.go:398.4,398.22 1 0
github.com/niiniyare/erp/pkg/schema/registry/s3.go:403.2,403.32 1 0
github.com/niiniyare/erp/pkg/schema/registry/s3.go:403.32,404.10 1 0
github.com/niiniyare/erp/pkg/schema/registry/s3.go:405.25,406.14 1 0
github.com/niiniyare/erp/pkg/schema/registry/s3.go:407.15,407.15 0 0
github.com/niiniyare/erp/pkg/schema/registry/s3.go:409.21,410.20 1 0
github.com/niiniyare/erp/pkg/schema/registry/s3.go:414.2,414.12 1 0
github.com/niiniyare/erp/pkg/schema/registry/s3.go:418.92,419.45 1 0
github.com/niiniyare/erp/pkg/schema/registry/s3.go:419.45,421.3 1 0
github.com/niiniyare/erp/pkg/schema/registry/s3.go:423.2,430.16 3 0
github.com/niiniyare/erp/pkg/schema/registry/s3.go:430.16,431.49 1 0
github.com/niiniyare/erp/pkg/schema/registry/s3.go:431.49,433.4 1 0
github.com/niiniyare/erp/pkg/schema/registry/s3.go:434.3,434.81 1 0
github.com/niiniyare/erp/pkg/schema/registry/s3.go:437.2,447.18 2 0
github.com/niiniyare/erp/pkg/schema/registry/s3.go:462.118,463.45 1 0
github.com/niiniyare/erp/pkg/schema/registry/s3.go:463.45,465.3 1 0
github.com/niiniyare/erp/pkg/schema/registry/s3.go:467.2,467.20 1 0
github.com/niiniyare/erp/pkg/schema/registry/s3.go:467.20,469.3 1 0
github.com/niiniyare/erp/pkg/schema/registry/s3.go:471.2,478.29 3 0
github.com/niiniyare/erp/pkg/schema/registry/s3.go:478.29,480.3 1 0
github.com/niiniyare/erp/pkg/schema/registry/s3.go:482.2,490.16 2 0
github.com/niiniyare/erp/pkg/schema/registry/s3.go:490.16,492.3 1 0
github.com/niiniyare/erp/pkg/schema/registry/s3.go:494.2,494.12 1 0
