mode: set
github.com/niiniyare/erp/internal/core/abac/workflows/cache_management_workflow.go:32.119,42.23 3 0
github.com/niiniyare/erp/internal/core/abac/workflows/cache_management_workflow.go:42.23,44.3 1 0
github.com/niiniyare/erp/internal/core/abac/workflows/cache_management_workflow.go:45.2,45.26 1 0
github.com/niiniyare/erp/internal/core/abac/workflows/cache_management_workflow.go:45.26,47.3 1 0
github.com/niiniyare/erp/internal/core/abac/workflows/cache_management_workflow.go:48.2,48.37 1 0
github.com/niiniyare/erp/internal/core/abac/workflows/cache_management_workflow.go:48.37,50.3 1 0
github.com/niiniyare/erp/internal/core/abac/workflows/cache_management_workflow.go:52.2,67.6 4 0
github.com/niiniyare/erp/internal/core/abac/workflows/cache_management_workflow.go:67.6,79.17 5 0
github.com/niiniyare/erp/internal/core/abac/workflows/cache_management_workflow.go:79.17,81.4 1 0
github.com/niiniyare/erp/internal/core/abac/workflows/cache_management_workflow.go:81.9,89.4 3 0
github.com/niiniyare/erp/internal/core/abac/workflows/cache_management_workflow.go:92.3,93.17 2 0
github.com/niiniyare/erp/internal/core/abac/workflows/cache_management_workflow.go:93.17,95.9 1 0
github.com/niiniyare/erp/internal/core/abac/workflows/cache_management_workflow.go:99.2,103.8 1 0
github.com/niiniyare/erp/internal/core/abac/workflows/cache_management_workflow.go:132.116,156.45 8 0
github.com/niiniyare/erp/internal/core/abac/workflows/cache_management_workflow.go:156.45,175.17 5 0
github.com/niiniyare/erp/internal/core/abac/workflows/cache_management_workflow.go:175.17,179.12 2 0
github.com/niiniyare/erp/internal/core/abac/workflows/cache_management_workflow.go:182.3,192.37 5 0
github.com/niiniyare/erp/internal/core/abac/workflows/cache_management_workflow.go:192.37,194.4 1 0
github.com/niiniyare/erp/internal/core/abac/workflows/cache_management_workflow.go:197.2,207.8 2 0
github.com/niiniyare/erp/internal/core/abac/workflows/cache_management_workflow.go:227.134,253.61 9 0
github.com/niiniyare/erp/internal/core/abac/workflows/cache_management_workflow.go:253.61,260.3 3 0
github.com/niiniyare/erp/internal/core/abac/workflows/cache_management_workflow.go:263.2,263.33 1 0
github.com/niiniyare/erp/internal/core/abac/workflows/cache_management_workflow.go:263.33,266.17 3 0
github.com/niiniyare/erp/internal/core/abac/workflows/cache_management_workflow.go:266.17,271.4 2 0
github.com/niiniyare/erp/internal/core/abac/workflows/cache_management_workflow.go:271.9,278.4 3 0
github.com/niiniyare/erp/internal/core/abac/workflows/cache_management_workflow.go:281.2,291.8 2 0
github.com/niiniyare/erp/internal/core/abac/workflows/cache_management_workflow.go:297.59,301.32 2 0
github.com/niiniyare/erp/internal/core/abac/workflows/cache_management_workflow.go:301.32,302.47 1 0
github.com/niiniyare/erp/internal/core/abac/workflows/cache_management_workflow.go:302.47,304.4 1 0
github.com/niiniyare/erp/internal/core/abac/workflows/cache_management_workflow.go:306.2,306.14 1 0
github.com/niiniyare/erp/internal/core/abac/workflows/policy_evaluation_workflow.go:35.131,58.22 6 0
github.com/niiniyare/erp/internal/core/abac/workflows/policy_evaluation_workflow.go:58.22,71.38 4 0
github.com/niiniyare/erp/internal/core/abac/workflows/policy_evaluation_workflow.go:71.38,81.4 2 0
github.com/niiniyare/erp/internal/core/abac/workflows/policy_evaluation_workflow.go:84.2,95.16 5 0
github.com/niiniyare/erp/internal/core/abac/workflows/policy_evaluation_workflow.go:95.16,98.3 2 0
github.com/niiniyare/erp/internal/core/abac/workflows/policy_evaluation_workflow.go:101.2,110.16 4 0
github.com/niiniyare/erp/internal/core/abac/workflows/policy_evaluation_workflow.go:110.16,113.3 2 0
github.com/niiniyare/erp/internal/core/abac/workflows/policy_evaluation_workflow.go:116.2,123.16 4 0
github.com/niiniyare/erp/internal/core/abac/workflows/policy_evaluation_workflow.go:123.16,126.3 2 0
github.com/niiniyare/erp/internal/core/abac/workflows/policy_evaluation_workflow.go:129.2,132.41 2 0
github.com/niiniyare/erp/internal/core/abac/workflows/policy_evaluation_workflow.go:132.41,134.3 1 0
github.com/niiniyare/erp/internal/core/abac/workflows/policy_evaluation_workflow.go:137.2,137.45 1 0
github.com/niiniyare/erp/internal/core/abac/workflows/policy_evaluation_workflow.go:137.45,139.3 1 0
github.com/niiniyare/erp/internal/core/abac/workflows/policy_evaluation_workflow.go:142.2,142.39 1 0
github.com/niiniyare/erp/internal/core/abac/workflows/policy_evaluation_workflow.go:142.39,144.3 1 0
github.com/niiniyare/erp/internal/core/abac/workflows/policy_evaluation_workflow.go:147.2,147.55 1 0
github.com/niiniyare/erp/internal/core/abac/workflows/policy_evaluation_workflow.go:147.55,149.3 1 0
github.com/niiniyare/erp/internal/core/abac/workflows/policy_evaluation_workflow.go:152.2,157.16 4 0
github.com/niiniyare/erp/internal/core/abac/workflows/policy_evaluation_workflow.go:157.16,160.3 2 0
github.com/niiniyare/erp/internal/core/abac/workflows/policy_evaluation_workflow.go:163.2,163.51 1 0
github.com/niiniyare/erp/internal/core/abac/workflows/policy_evaluation_workflow.go:163.51,184.3 3 0
github.com/niiniyare/erp/internal/core/abac/workflows/policy_evaluation_workflow.go:186.2,198.8 2 0
github.com/niiniyare/erp/internal/core/abac/workflows/policy_evaluation_workflow.go:222.143,230.31 4 0
github.com/niiniyare/erp/internal/core/abac/workflows/policy_evaluation_workflow.go:230.31,232.3 1 0
github.com/niiniyare/erp/internal/core/abac/workflows/policy_evaluation_workflow.go:234.2,243.55 6 0
github.com/niiniyare/erp/internal/core/abac/workflows/policy_evaluation_workflow.go:243.55,245.47 1 0
github.com/niiniyare/erp/internal/core/abac/workflows/policy_evaluation_workflow.go:245.47,247.17 2 0
github.com/niiniyare/erp/internal/core/abac/workflows/policy_evaluation_workflow.go:247.17,247.42 1 0
github.com/niiniyare/erp/internal/core/abac/workflows/policy_evaluation_workflow.go:250.4,263.23 5 0
github.com/niiniyare/erp/internal/core/abac/workflows/policy_evaluation_workflow.go:268.2,268.33 1 0
github.com/niiniyare/erp/internal/core/abac/workflows/policy_evaluation_workflow.go:268.33,271.17 3 0
github.com/niiniyare/erp/internal/core/abac/workflows/policy_evaluation_workflow.go:271.17,285.4 3 0
github.com/niiniyare/erp/internal/core/abac/workflows/policy_evaluation_workflow.go:285.9,288.4 2 0
github.com/niiniyare/erp/internal/core/abac/workflows/policy_evaluation_workflow.go:291.2,305.8 3 0
github.com/niiniyare/erp/internal/core/abac/workflows/policy_evaluation_workflow.go:311.60,314.31 2 0
github.com/niiniyare/erp/internal/core/abac/workflows/policy_evaluation_workflow.go:314.31,316.3 1 0
github.com/niiniyare/erp/internal/core/abac/workflows/policy_evaluation_workflow.go:317.2,317.13 1 0
github.com/niiniyare/erp/internal/core/abac/workflows/policy_evaluation_workflow.go:321.110,323.37 2 0
github.com/niiniyare/erp/internal/core/abac/workflows/policy_evaluation_workflow.go:323.37,332.3 1 0
github.com/niiniyare/erp/internal/core/abac/workflows/policy_evaluation_workflow.go:333.2,333.16 1 0
github.com/niiniyare/erp/internal/core/abac/services/attribute_cache_service.go:111.62,113.2 1 0
github.com/niiniyare/erp/internal/core/abac/services/attribute_cache_service.go:129.25,136.2 1 0
github.com/niiniyare/erp/internal/core/abac/services/attribute_cache_service.go:139.140,167.65 6 0
github.com/niiniyare/erp/internal/core/abac/services/attribute_cache_service.go:167.65,174.3 4 0
github.com/niiniyare/erp/internal/core/abac/services/attribute_cache_service.go:176.2,184.12 3 0
github.com/niiniyare/erp/internal/core/abac/services/attribute_cache_service.go:188.117,196.61 5 0
github.com/niiniyare/erp/internal/core/abac/services/attribute_cache_service.go:196.61,200.3 2 0
github.com/niiniyare/erp/internal/core/abac/services/attribute_cache_service.go:203.2,203.46 1 0
github.com/niiniyare/erp/internal/core/abac/services/attribute_cache_service.go:203.46,209.3 3 0
github.com/niiniyare/erp/internal/core/abac/services/attribute_cache_service.go:212.2,216.12 3 0
github.com/niiniyare/erp/internal/core/abac/services/attribute_cache_service.go:216.12,218.3 1 0
github.com/niiniyare/erp/internal/core/abac/services/attribute_cache_service.go:220.2,229.41 3 0
github.com/niiniyare/erp/internal/core/abac/services/attribute_cache_service.go:233.92,241.49 5 0
github.com/niiniyare/erp/internal/core/abac/services/attribute_cache_service.go:241.49,248.3 4 0
github.com/niiniyare/erp/internal/core/abac/services/attribute_cache_service.go:250.2,253.12 3 0
github.com/niiniyare/erp/internal/core/abac/services/attribute_cache_service.go:257.172,284.80 6 0
github.com/niiniyare/erp/internal/core/abac/services/attribute_cache_service.go:284.80,291.3 4 0
github.com/niiniyare/erp/internal/core/abac/services/attribute_cache_service.go:293.2,301.12 3 0
github.com/niiniyare/erp/internal/core/abac/services/attribute_cache_service.go:305.148,313.76 5 0
github.com/niiniyare/erp/internal/core/abac/services/attribute_cache_service.go:313.76,317.3 2 0
github.com/niiniyare/erp/internal/core/abac/services/attribute_cache_service.go:320.2,320.51 1 0
github.com/niiniyare/erp/internal/core/abac/services/attribute_cache_service.go:320.51,326.3 3 0
github.com/niiniyare/erp/internal/core/abac/services/attribute_cache_service.go:329.2,333.12 3 0
github.com/niiniyare/erp/internal/core/abac/services/attribute_cache_service.go:333.12,335.3 1 0
github.com/niiniyare/erp/internal/core/abac/services/attribute_cache_service.go:337.2,346.42 3 0
github.com/niiniyare/erp/internal/core/abac/services/attribute_cache_service.go:350.112,358.59 5 0
github.com/niiniyare/erp/internal/core/abac/services/attribute_cache_service.go:358.59,365.3 4 0
github.com/niiniyare/erp/internal/core/abac/services/attribute_cache_service.go:367.2,370.12 3 0
github.com/niiniyare/erp/internal/core/abac/services/attribute_cache_service.go:374.158,402.74 7 0
github.com/niiniyare/erp/internal/core/abac/services/attribute_cache_service.go:402.74,409.3 4 0
github.com/niiniyare/erp/internal/core/abac/services/attribute_cache_service.go:411.2,419.12 3 0
github.com/niiniyare/erp/internal/core/abac/services/attribute_cache_service.go:423.133,431.70 5 0
github.com/niiniyare/erp/internal/core/abac/services/attribute_cache_service.go:431.70,435.3 2 0
github.com/niiniyare/erp/internal/core/abac/services/attribute_cache_service.go:438.2,438.48 1 0
github.com/niiniyare/erp/internal/core/abac/services/attribute_cache_service.go:438.48,444.3 3 0
github.com/niiniyare/erp/internal/core/abac/services/attribute_cache_service.go:447.2,451.12 3 0
github.com/niiniyare/erp/internal/core/abac/services/attribute_cache_service.go:451.12,453.3 1 0
github.com/niiniyare/erp/internal/core/abac/services/attribute_cache_service.go:455.2,465.45 4 0
github.com/niiniyare/erp/internal/core/abac/services/attribute_cache_service.go:469.106,477.56 5 0
github.com/niiniyare/erp/internal/core/abac/services/attribute_cache_service.go:477.56,484.3 4 0
github.com/niiniyare/erp/internal/core/abac/services/attribute_cache_service.go:486.2,489.12 3 0
github.com/niiniyare/erp/internal/core/abac/services/attribute_cache_service.go:493.113,505.31 7 0
github.com/niiniyare/erp/internal/core/abac/services/attribute_cache_service.go:505.31,506.74 1 0
github.com/niiniyare/erp/internal/core/abac/services/attribute_cache_service.go:506.74,510.4 2 0
github.com/niiniyare/erp/internal/core/abac/services/attribute_cache_service.go:510.9,512.4 1 0
github.com/niiniyare/erp/internal/core/abac/services/attribute_cache_service.go:515.2,515.42 1 0
github.com/niiniyare/erp/internal/core/abac/services/attribute_cache_service.go:515.42,519.3 2 0
github.com/niiniyare/erp/internal/core/abac/services/attribute_cache_service.go:521.2,521.21 1 0
github.com/niiniyare/erp/internal/core/abac/services/attribute_cache_service.go:521.21,530.3 2 0
github.com/niiniyare/erp/internal/core/abac/services/attribute_cache_service.go:530.8,533.3 1 0
github.com/niiniyare/erp/internal/core/abac/services/attribute_cache_service.go:535.2,543.12 2 0
github.com/niiniyare/erp/internal/core/abac/services/attribute_cache_service.go:547.140,559.27 8 0
github.com/niiniyare/erp/internal/core/abac/services/attribute_cache_service.go:559.27,560.67 1 0
github.com/niiniyare/erp/internal/core/abac/services/attribute_cache_service.go:560.67,563.4 2 0
github.com/niiniyare/erp/internal/core/abac/services/attribute_cache_service.go:563.9,565.4 1 0
github.com/niiniyare/erp/internal/core/abac/services/attribute_cache_service.go:569.2,581.20 4 0
github.com/niiniyare/erp/internal/core/abac/services/attribute_cache_service.go:585.104,596.27 7 0
github.com/niiniyare/erp/internal/core/abac/services/attribute_cache_service.go:596.27,597.57 1 0
github.com/niiniyare/erp/internal/core/abac/services/attribute_cache_service.go:597.57,601.4 2 0
github.com/niiniyare/erp/internal/core/abac/services/attribute_cache_service.go:601.9,603.4 1 0
github.com/niiniyare/erp/internal/core/abac/services/attribute_cache_service.go:606.2,606.42 1 0
github.com/niiniyare/erp/internal/core/abac/services/attribute_cache_service.go:606.42,610.3 2 0
github.com/niiniyare/erp/internal/core/abac/services/attribute_cache_service.go:612.2,612.21 1 0
github.com/niiniyare/erp/internal/core/abac/services/attribute_cache_service.go:612.21,615.3 1 0
github.com/niiniyare/erp/internal/core/abac/services/attribute_cache_service.go:615.8,618.3 1 0
github.com/niiniyare/erp/internal/core/abac/services/attribute_cache_service.go:620.2,628.12 2 0
github.com/niiniyare/erp/internal/core/abac/services/attribute_cache_service.go:632.96,640.60 5 0
github.com/niiniyare/erp/internal/core/abac/services/attribute_cache_service.go:640.60,647.3 4 0
github.com/niiniyare/erp/internal/core/abac/services/attribute_cache_service.go:649.2,656.12 3 0
github.com/niiniyare/erp/internal/core/abac/services/attribute_cache_service.go:660.97,674.35 5 0
github.com/niiniyare/erp/internal/core/abac/services/attribute_cache_service.go:674.35,675.61 1 0
github.com/niiniyare/erp/internal/core/abac/services/attribute_cache_service.go:675.61,678.4 1 0
github.com/niiniyare/erp/internal/core/abac/services/attribute_cache_service.go:681.2,682.12 2 0
github.com/niiniyare/erp/internal/core/abac/services/attribute_cache_service.go:686.106,700.35 5 0
github.com/niiniyare/erp/internal/core/abac/services/attribute_cache_service.go:700.35,701.61 1 0
github.com/niiniyare/erp/internal/core/abac/services/attribute_cache_service.go:701.61,704.4 1 0
github.com/niiniyare/erp/internal/core/abac/services/attribute_cache_service.go:707.2,708.12 2 0
github.com/niiniyare/erp/internal/core/abac/services/attribute_cache_service.go:712.98,730.2 4 0
github.com/niiniyare/erp/internal/core/abac/services/attribute_cache_service.go:733.82,748.2 7 0
github.com/niiniyare/erp/internal/core/abac/services/attribute_cache_service.go:753.74,755.2 1 0
github.com/niiniyare/erp/internal/core/abac/services/attribute_cache_service.go:758.104,759.23 1 0
github.com/niiniyare/erp/internal/core/abac/services/attribute_cache_service.go:759.23,761.3 1 0
github.com/niiniyare/erp/internal/core/abac/services/attribute_cache_service.go:762.2,762.82 1 0
github.com/niiniyare/erp/internal/core/abac/services/attribute_cache_service.go:766.83,768.2 1 0
github.com/niiniyare/erp/internal/core/abac/services/attribute_cache_service.go:771.77,773.2 1 0
github.com/niiniyare/erp/internal/core/abac/services/attribute_cache_service.go:776.73,778.2 1 0
github.com/niiniyare/erp/internal/core/abac/services/attribute_cache_service.go:781.78,783.2 1 0
github.com/niiniyare/erp/internal/core/abac/services/attribute_cache_service.go:786.92,790.2 2 0
github.com/niiniyare/erp/internal/core/abac/services/attribute_cache_service.go:793.98,799.27 4 0
github.com/niiniyare/erp/internal/core/abac/services/attribute_cache_service.go:799.27,801.3 1 0
github.com/niiniyare/erp/internal/core/abac/services/attribute_cache_service.go:803.2,805.25 2 0
github.com/niiniyare/erp/internal/core/abac/services/attribute_cache_service.go:805.25,807.3 1 0
github.com/niiniyare/erp/internal/core/abac/services/attribute_cache_service.go:810.2,810.32 1 0
github.com/niiniyare/erp/internal/core/abac/services/attribute_cache_service.go:810.32,814.3 3 0
github.com/niiniyare/erp/internal/core/abac/services/attribute_cache_service.go:817.2,817.28 1 0
github.com/niiniyare/erp/internal/core/abac/services/attribute_cache_service.go:817.28,821.3 3 0
github.com/niiniyare/erp/internal/core/abac/services/attribute_cache_service.go:824.2,827.23 3 0
github.com/niiniyare/erp/internal/core/abac/services/attribute_cache_service.go:833.123,858.2 4 0
github.com/niiniyare/erp/internal/core/abac/services/attribute_cache_service.go:861.145,864.20 3 0
github.com/niiniyare/erp/internal/core/abac/services/attribute_cache_service.go:864.20,866.3 1 0
github.com/niiniyare/erp/internal/core/abac/services/attribute_cache_service.go:869.2,913.4 8 0
github.com/niiniyare/erp/internal/core/abac/services/attribute_collection_service.go:87.30,97.2 1 0
github.com/niiniyare/erp/internal/core/abac/services/attribute_collection_service.go:100.142,111.70 7 0
github.com/niiniyare/erp/internal/core/abac/services/attribute_collection_service.go:111.70,114.3 2 0
github.com/niiniyare/erp/internal/core/abac/services/attribute_collection_service.go:117.2,118.16 2 0
github.com/niiniyare/erp/internal/core/abac/services/attribute_collection_service.go:118.16,125.3 4 0
github.com/niiniyare/erp/internal/core/abac/services/attribute_collection_service.go:128.2,129.16 2 0
github.com/niiniyare/erp/internal/core/abac/services/attribute_collection_service.go:129.16,136.3 4 0
github.com/niiniyare/erp/internal/core/abac/services/attribute_collection_service.go:138.2,141.90 2 0
github.com/niiniyare/erp/internal/core/abac/services/attribute_collection_service.go:141.90,145.3 3 0
github.com/niiniyare/erp/internal/core/abac/services/attribute_collection_service.go:148.2,148.26 1 0
github.com/niiniyare/erp/internal/core/abac/services/attribute_collection_service.go:148.26,149.98 1 0
github.com/niiniyare/erp/internal/core/abac/services/attribute_collection_service.go:149.98,152.4 1 0
github.com/niiniyare/erp/internal/core/abac/services/attribute_collection_service.go:156.2,156.28 1 0
github.com/niiniyare/erp/internal/core/abac/services/attribute_collection_service.go:156.28,157.102 1 0
github.com/niiniyare/erp/internal/core/abac/services/attribute_collection_service.go:157.102,160.4 1 0
github.com/niiniyare/erp/internal/core/abac/services/attribute_collection_service.go:164.2,165.73 2 0
github.com/niiniyare/erp/internal/core/abac/services/attribute_collection_service.go:165.73,168.3 1 0
github.com/niiniyare/erp/internal/core/abac/services/attribute_collection_service.go:170.2,178.24 3 0
github.com/niiniyare/erp/internal/core/abac/services/attribute_collection_service.go:182.172,186.50 1 0
github.com/niiniyare/erp/internal/core/abac/services/attribute_collection_service.go:186.50,187.26 1 0
github.com/niiniyare/erp/internal/core/abac/services/attribute_collection_service.go:187.26,189.6 1 0
github.com/niiniyare/erp/internal/core/abac/services/attribute_collection_service.go:190.5,190.17 1 0
github.com/niiniyare/erp/internal/core/abac/services/attribute_collection_service.go:193.2,201.23 5 0
github.com/niiniyare/erp/internal/core/abac/services/attribute_collection_service.go:201.23,203.3 1 0
github.com/niiniyare/erp/internal/core/abac/services/attribute_collection_service.go:203.8,205.3 1 0
github.com/niiniyare/erp/internal/core/abac/services/attribute_collection_service.go:207.2,208.70 2 0
github.com/niiniyare/erp/internal/core/abac/services/attribute_collection_service.go:208.70,211.3 2 0
github.com/niiniyare/erp/internal/core/abac/services/attribute_collection_service.go:214.2,215.16 2 0
github.com/niiniyare/erp/internal/core/abac/services/attribute_collection_service.go:215.16,222.3 4 0
github.com/niiniyare/erp/internal/core/abac/services/attribute_collection_service.go:224.2,230.23 3 0
github.com/niiniyare/erp/internal/core/abac/services/attribute_collection_service.go:230.23,231.123 1 0
github.com/niiniyare/erp/internal/core/abac/services/attribute_collection_service.go:231.123,234.4 1 0
github.com/niiniyare/erp/internal/core/abac/services/attribute_collection_service.go:238.2,239.73 2 0
github.com/niiniyare/erp/internal/core/abac/services/attribute_collection_service.go:239.73,242.3 1 0
github.com/niiniyare/erp/internal/core/abac/services/attribute_collection_service.go:244.2,253.24 3 0
github.com/niiniyare/erp/internal/core/abac/services/attribute_collection_service.go:257.165,266.16 6 0
github.com/niiniyare/erp/internal/core/abac/services/attribute_collection_service.go:266.16,272.3 4 0
github.com/niiniyare/erp/internal/core/abac/services/attribute_collection_service.go:274.2,278.28 3 0
github.com/niiniyare/erp/internal/core/abac/services/attribute_collection_service.go:278.28,280.3 1 0
github.com/niiniyare/erp/internal/core/abac/services/attribute_collection_service.go:283.2,289.25 5 0
github.com/niiniyare/erp/internal/core/abac/services/attribute_collection_service.go:289.25,292.3 2 0
github.com/niiniyare/erp/internal/core/abac/services/attribute_collection_service.go:294.2,294.25 1 0
github.com/niiniyare/erp/internal/core/abac/services/attribute_collection_service.go:294.25,296.3 1 0
github.com/niiniyare/erp/internal/core/abac/services/attribute_collection_service.go:299.2,299.25 1 0
github.com/niiniyare/erp/internal/core/abac/services/attribute_collection_service.go:299.25,300.40 1 0
github.com/niiniyare/erp/internal/core/abac/services/attribute_collection_service.go:300.40,303.4 2 0
github.com/niiniyare/erp/internal/core/abac/services/attribute_collection_service.go:307.2,307.27 1 0
github.com/niiniyare/erp/internal/core/abac/services/attribute_collection_service.go:307.27,308.42 1 0
github.com/niiniyare/erp/internal/core/abac/services/attribute_collection_service.go:308.42,311.4 2 0
github.com/niiniyare/erp/internal/core/abac/services/attribute_collection_service.go:315.2,315.28 1 0
github.com/niiniyare/erp/internal/core/abac/services/attribute_collection_service.go:315.28,316.43 1 0
github.com/niiniyare/erp/internal/core/abac/services/attribute_collection_service.go:316.43,319.4 2 0
github.com/niiniyare/erp/internal/core/abac/services/attribute_collection_service.go:322.2,329.24 3 0
github.com/niiniyare/erp/internal/core/abac/services/attribute_collection_service.go:333.155,342.16 6 0
github.com/niiniyare/erp/internal/core/abac/services/attribute_collection_service.go:342.16,348.3 4 0
github.com/niiniyare/erp/internal/core/abac/services/attribute_collection_service.go:350.2,353.38 2 0
github.com/niiniyare/erp/internal/core/abac/services/attribute_collection_service.go:353.38,361.3 3 0
github.com/niiniyare/erp/internal/core/abac/services/attribute_collection_service.go:363.2,370.24 3 0
github.com/niiniyare/erp/internal/core/abac/services/attribute_collection_service.go:374.146,385.70 7 0
github.com/niiniyare/erp/internal/core/abac/services/attribute_collection_service.go:385.70,388.3 2 0
github.com/niiniyare/erp/internal/core/abac/services/attribute_collection_service.go:391.2,392.16 2 0
github.com/niiniyare/erp/internal/core/abac/services/attribute_collection_service.go:392.16,399.3 4 0
github.com/niiniyare/erp/internal/core/abac/services/attribute_collection_service.go:401.2,409.73 4 0
github.com/niiniyare/erp/internal/core/abac/services/attribute_collection_service.go:409.73,412.3 1 0
github.com/niiniyare/erp/internal/core/abac/services/attribute_collection_service.go:414.2,422.24 3 0
github.com/niiniyare/erp/internal/core/abac/services/attribute_collection_service.go:426.141,437.70 7 0
github.com/niiniyare/erp/internal/core/abac/services/attribute_collection_service.go:437.70,440.3 2 0
github.com/niiniyare/erp/internal/core/abac/services/attribute_collection_service.go:443.2,444.16 2 0
github.com/niiniyare/erp/internal/core/abac/services/attribute_collection_service.go:444.16,451.3 4 0
github.com/niiniyare/erp/internal/core/abac/services/attribute_collection_service.go:453.2,464.73 8 0
github.com/niiniyare/erp/internal/core/abac/services/attribute_collection_service.go:464.73,467.3 1 0
github.com/niiniyare/erp/internal/core/abac/services/attribute_collection_service.go:469.2,477.24 3 0
github.com/niiniyare/erp/internal/core/abac/services/attribute_collection_service.go:481.147,508.16 8 0
github.com/niiniyare/erp/internal/core/abac/services/attribute_collection_service.go:508.16,514.3 3 0
github.com/niiniyare/erp/internal/core/abac/services/attribute_collection_service.go:515.2,519.16 3 0
github.com/niiniyare/erp/internal/core/abac/services/attribute_collection_service.go:519.16,525.3 3 0
github.com/niiniyare/erp/internal/core/abac/services/attribute_collection_service.go:526.2,532.32 3 0
github.com/niiniyare/erp/internal/core/abac/services/attribute_collection_service.go:532.32,534.67 1 0
github.com/niiniyare/erp/internal/core/abac/services/attribute_collection_service.go:534.67,536.4 1 0
github.com/niiniyare/erp/internal/core/abac/services/attribute_collection_service.go:537.3,537.70 1 0
github.com/niiniyare/erp/internal/core/abac/services/attribute_collection_service.go:537.70,539.4 1 0
github.com/niiniyare/erp/internal/core/abac/services/attribute_collection_service.go:540.3,540.75 1 0
github.com/niiniyare/erp/internal/core/abac/services/attribute_collection_service.go:540.75,542.4 1 0
github.com/niiniyare/erp/internal/core/abac/services/attribute_collection_service.go:543.3,543.80 1 0
github.com/niiniyare/erp/internal/core/abac/services/attribute_collection_service.go:543.80,545.4 1 0
github.com/niiniyare/erp/internal/core/abac/services/attribute_collection_service.go:548.2,549.16 2 0
github.com/niiniyare/erp/internal/core/abac/services/attribute_collection_service.go:549.16,554.3 3 0
github.com/niiniyare/erp/internal/core/abac/services/attribute_collection_service.go:555.2,558.28 2 0
github.com/niiniyare/erp/internal/core/abac/services/attribute_collection_service.go:558.28,560.17 2 0
github.com/niiniyare/erp/internal/core/abac/services/attribute_collection_service.go:560.17,563.4 1 0
github.com/niiniyare/erp/internal/core/abac/services/attribute_collection_service.go:563.9,565.4 1 0
github.com/niiniyare/erp/internal/core/abac/services/attribute_collection_service.go:569.2,569.25 1 0
github.com/niiniyare/erp/internal/core/abac/services/attribute_collection_service.go:569.25,571.17 2 0
github.com/niiniyare/erp/internal/core/abac/services/attribute_collection_service.go:571.17,574.4 1 0
github.com/niiniyare/erp/internal/core/abac/services/attribute_collection_service.go:574.9,576.4 1 0
github.com/niiniyare/erp/internal/core/abac/services/attribute_collection_service.go:580.2,581.16 2 0
github.com/niiniyare/erp/internal/core/abac/services/attribute_collection_service.go:581.16,584.3 1 0
github.com/niiniyare/erp/internal/core/abac/services/attribute_collection_service.go:584.8,586.3 1 0
github.com/niiniyare/erp/internal/core/abac/services/attribute_collection_service.go:589.2,590.60 2 0
github.com/niiniyare/erp/internal/core/abac/services/attribute_collection_service.go:590.60,595.3 3 0
github.com/niiniyare/erp/internal/core/abac/services/attribute_collection_service.go:598.2,598.25 1 0
github.com/niiniyare/erp/internal/core/abac/services/attribute_collection_service.go:598.25,600.3 1 0
github.com/niiniyare/erp/internal/core/abac/services/attribute_collection_service.go:603.2,621.25 4 0
github.com/niiniyare/erp/internal/core/abac/services/attribute_collection_service.go:625.130,629.42 3 0
github.com/niiniyare/erp/internal/core/abac/services/attribute_collection_service.go:629.42,632.17 2 0
github.com/niiniyare/erp/internal/core/abac/services/attribute_collection_service.go:632.17,634.62 1 0
github.com/niiniyare/erp/internal/core/abac/services/attribute_collection_service.go:634.62,637.13 2 0
github.com/niiniyare/erp/internal/core/abac/services/attribute_collection_service.go:639.4,639.14 1 0
github.com/niiniyare/erp/internal/core/abac/services/attribute_collection_service.go:643.3,643.70 1 0
github.com/niiniyare/erp/internal/core/abac/services/attribute_collection_service.go:643.70,647.4 1 0
github.com/niiniyare/erp/internal/core/abac/services/attribute_collection_service.go:650.2,650.12 1 0
github.com/niiniyare/erp/internal/core/abac/services/attribute_collection_service.go:654.154,667.2 6 0
github.com/niiniyare/erp/internal/core/abac/services/attribute_collection_service.go:677.9,688.32 8 0
github.com/niiniyare/erp/internal/core/abac/services/attribute_collection_service.go:688.32,689.47 1 0
github.com/niiniyare/erp/internal/core/abac/services/attribute_collection_service.go:689.47,693.4 3 0
github.com/niiniyare/erp/internal/core/abac/services/attribute_collection_service.go:696.2,696.12 1 0
github.com/niiniyare/erp/internal/core/abac/services/attribute_collection_service.go:705.9,707.16 2 0
github.com/niiniyare/erp/internal/core/abac/services/attribute_collection_service.go:707.16,709.3 1 0
github.com/niiniyare/erp/internal/core/abac/services/attribute_collection_service.go:712.2,718.24 6 0
github.com/niiniyare/erp/internal/core/abac/services/attribute_collection_service.go:718.24,720.3 1 0
github.com/niiniyare/erp/internal/core/abac/services/attribute_collection_service.go:723.2,723.38 1 0
github.com/niiniyare/erp/internal/core/abac/services/attribute_collection_service.go:723.38,724.53 1 0
github.com/niiniyare/erp/internal/core/abac/services/attribute_collection_service.go:724.53,728.4 3 0
github.com/niiniyare/erp/internal/core/abac/services/attribute_collection_service.go:731.2,731.12 1 0
github.com/niiniyare/erp/internal/core/abac/services/attribute_collection_service.go:740.9,742.16 2 0
github.com/niiniyare/erp/internal/core/abac/services/attribute_collection_service.go:742.16,744.3 1 0
github.com/niiniyare/erp/internal/core/abac/services/attribute_collection_service.go:747.2,752.35 5 0
github.com/niiniyare/erp/internal/core/abac/services/attribute_collection_service.go:752.35,754.3 1 0
github.com/niiniyare/erp/internal/core/abac/services/attribute_collection_service.go:756.2,756.34 1 0
github.com/niiniyare/erp/internal/core/abac/services/attribute_collection_service.go:756.34,758.3 1 0
github.com/niiniyare/erp/internal/core/abac/services/attribute_collection_service.go:760.2,760.31 1 0
github.com/niiniyare/erp/internal/core/abac/services/attribute_collection_service.go:760.31,762.3 1 0
github.com/niiniyare/erp/internal/core/abac/services/attribute_collection_service.go:765.2,765.38 1 0
github.com/niiniyare/erp/internal/core/abac/services/attribute_collection_service.go:765.38,766.53 1 0
github.com/niiniyare/erp/internal/core/abac/services/attribute_collection_service.go:766.53,770.4 3 0
github.com/niiniyare/erp/internal/core/abac/services/attribute_collection_service.go:773.2,773.12 1 0
github.com/niiniyare/erp/internal/core/abac/services/attribute_collection_service.go:783.3,786.23 2 0
github.com/niiniyare/erp/internal/core/abac/services/attribute_collection_service.go:786.23,788.3 1 0
github.com/niiniyare/erp/internal/core/abac/services/attribute_collection_service.go:791.2,791.170 1 0
github.com/niiniyare/erp/internal/core/abac/services/attribute_collection_service.go:801.9,808.2 2 0
github.com/niiniyare/erp/internal/core/abac/services/attribute_collection_service.go:818.3,821.31 2 0
github.com/niiniyare/erp/internal/core/abac/services/attribute_collection_service.go:821.31,822.23 1 0
github.com/niiniyare/erp/internal/core/abac/services/attribute_collection_service.go:822.23,824.9 2 0
github.com/niiniyare/erp/internal/core/abac/services/attribute_collection_service.go:828.2,828.20 1 0
github.com/niiniyare/erp/internal/core/abac/services/attribute_collection_service.go:828.20,831.3 1 0
github.com/niiniyare/erp/internal/core/abac/services/attribute_collection_service.go:834.2,846.30 3 0
github.com/niiniyare/erp/internal/core/abac/services/attribute_collection_service.go:850.138,852.44 1 0
github.com/niiniyare/erp/internal/core/abac/services/attribute_collection_service.go:852.44,854.3 1 0
github.com/niiniyare/erp/internal/core/abac/services/attribute_collection_service.go:857.2,857.53 1 0
github.com/niiniyare/erp/internal/core/abac/services/attribute_collection_service.go:857.53,858.37 1 0
github.com/niiniyare/erp/internal/core/abac/services/attribute_collection_service.go:858.37,860.50 2 0
github.com/niiniyare/erp/internal/core/abac/services/attribute_collection_service.go:860.50,861.28 1 0
github.com/niiniyare/erp/internal/core/abac/services/attribute_collection_service.go:861.28,863.6 1 0
github.com/niiniyare/erp/internal/core/abac/services/attribute_collection_service.go:865.4,865.100 1 0
github.com/niiniyare/erp/internal/core/abac/services/attribute_collection_service.go:871.2,871.12 1 0
github.com/niiniyare/erp/internal/core/abac/services/attribute_collection_service.go:875.81,881.2 4 0
github.com/niiniyare/erp/internal/core/abac/services/attribute_collection_service.go:884.87,885.22 1 0
github.com/niiniyare/erp/internal/core/abac/services/attribute_collection_service.go:886.12,887.40 1 0
github.com/niiniyare/erp/internal/core/abac/services/attribute_collection_service.go:888.43,889.39 1 0
github.com/niiniyare/erp/internal/core/abac/services/attribute_collection_service.go:890.17,891.37 1 0
github.com/niiniyare/erp/internal/core/abac/services/attribute_collection_service.go:892.13,893.38 1 0
github.com/niiniyare/erp/internal/core/abac/services/attribute_collection_service.go:894.22,895.37 1 0
github.com/niiniyare/erp/internal/core/abac/services/attribute_collection_service.go:896.10,897.39 1 0
github.com/niiniyare/erp/internal/core/abac/services/attribute_collection_service.go:902.67,909.2 1 0
github.com/niiniyare/erp/internal/core/abac/services/attribute_collection_service.go:912.77,914.9 2 0
github.com/niiniyare/erp/internal/core/abac/services/attribute_collection_service.go:915.147,916.16 1 0
github.com/niiniyare/erp/internal/core/abac/services/attribute_collection_service.go:917.188,918.17 1 0
github.com/niiniyare/erp/internal/core/abac/services/attribute_collection_service.go:919.80,920.18 1 0
github.com/niiniyare/erp/internal/core/abac/services/attribute_collection_service.go:921.78,922.19 1 0
github.com/niiniyare/erp/internal/core/abac/services/attribute_collection_service.go:923.10,924.17 1 0
github.com/niiniyare/erp/internal/core/abac/services/attribute_collection_service.go:929.71,931.2 1 0
github.com/niiniyare/erp/internal/core/abac/services/attribute_collection_service.go:934.72,936.2 1 0
github.com/niiniyare/erp/internal/core/abac/services/attribute_collection_service.go:939.73,941.2 1 0
github.com/niiniyare/erp/internal/core/abac/services/attribute_collection_service.go:944.89,946.9 2 0
github.com/niiniyare/erp/internal/core/abac/services/attribute_collection_service.go:947.136,948.20 1 0
github.com/niiniyare/erp/internal/core/abac/services/attribute_collection_service.go:949.92,950.20 1 0
github.com/niiniyare/erp/internal/core/abac/services/attribute_collection_service.go:951.93,952.18 1 0
github.com/niiniyare/erp/internal/core/abac/services/attribute_collection_service.go:953.46,954.16 1 0
github.com/niiniyare/erp/internal/core/abac/services/attribute_collection_service.go:955.10,956.19 1 0
github.com/niiniyare/erp/internal/core/abac/services/attribute_collection_service.go:961.98,965.78 1 0
github.com/niiniyare/erp/internal/core/abac/services/attribute_collection_service.go:965.78,974.3 1 0
github.com/niiniyare/erp/internal/core/abac/services/attribute_collection_service.go:977.2,977.79 1 0
github.com/niiniyare/erp/internal/core/abac/services/attribute_collection_service.go:977.79,986.3 1 0
github.com/niiniyare/erp/internal/core/abac/services/attribute_collection_service.go:990.98,994.2 0 0
github.com/niiniyare/erp/internal/core/abac/services/attribute_collection_service.go:997.105,1008.2 2 0
github.com/niiniyare/erp/internal/core/abac/services/attribute_collection_service.go:1011.104,1019.2 1 0
github.com/niiniyare/erp/internal/core/abac/services/attribute_collection_service.go:1022.100,1029.2 6 0
github.com/niiniyare/erp/internal/core/abac/services/attribute_collection_service.go:1032.105,1033.37 1 0
github.com/niiniyare/erp/internal/core/abac/services/attribute_collection_service.go:1033.37,1034.23 1 0
github.com/niiniyare/erp/internal/core/abac/services/attribute_collection_service.go:1034.23,1036.4 1 0
github.com/niiniyare/erp/internal/core/abac/services/attribute_collection_service.go:1041.143,1068.15 5 0
github.com/niiniyare/erp/internal/core/abac/services/attribute_collection_service.go:1068.15,1080.3 2 0
github.com/niiniyare/erp/internal/core/abac/services/attribute_validation_service.go:91.30,98.2 1 0
github.com/niiniyare/erp/internal/core/abac/services/attribute_validation_service.go:101.157,110.15 4 0
github.com/niiniyare/erp/internal/core/abac/services/attribute_validation_service.go:110.15,112.3 1 0
github.com/niiniyare/erp/internal/core/abac/services/attribute_validation_service.go:115.2,115.88 1 0
github.com/niiniyare/erp/internal/core/abac/services/attribute_validation_service.go:115.88,122.3 4 0
github.com/niiniyare/erp/internal/core/abac/services/attribute_validation_service.go:125.2,125.28 1 0
github.com/niiniyare/erp/internal/core/abac/services/attribute_validation_service.go:125.28,127.3 1 0
github.com/niiniyare/erp/internal/core/abac/services/attribute_validation_service.go:130.2,130.86 1 0
github.com/niiniyare/erp/internal/core/abac/services/attribute_validation_service.go:130.86,134.3 3 0
github.com/niiniyare/erp/internal/core/abac/services/attribute_validation_service.go:137.2,137.39 1 0
github.com/niiniyare/erp/internal/core/abac/services/attribute_validation_service.go:137.39,138.97 1 0
github.com/niiniyare/erp/internal/core/abac/services/attribute_validation_service.go:138.97,142.4 3 0
github.com/niiniyare/erp/internal/core/abac/services/attribute_validation_service.go:146.2,146.39 1 0
github.com/niiniyare/erp/internal/core/abac/services/attribute_validation_service.go:146.39,149.46 2 0
github.com/niiniyare/erp/internal/core/abac/services/attribute_validation_service.go:149.46,151.4 1 0
github.com/niiniyare/erp/internal/core/abac/services/attribute_validation_service.go:152.3,152.83 1 0
github.com/niiniyare/erp/internal/core/abac/services/attribute_validation_service.go:152.83,156.4 3 0
github.com/niiniyare/erp/internal/core/abac/services/attribute_validation_service.go:160.2,160.74 1 0
github.com/niiniyare/erp/internal/core/abac/services/attribute_validation_service.go:160.74,167.3 4 0
github.com/niiniyare/erp/internal/core/abac/services/attribute_validation_service.go:169.2,169.12 1 0
github.com/niiniyare/erp/internal/core/abac/services/attribute_validation_service.go:173.160,179.15 4 0
github.com/niiniyare/erp/internal/core/abac/services/attribute_validation_service.go:179.15,181.3 1 0
github.com/niiniyare/erp/internal/core/abac/services/attribute_validation_service.go:183.2,187.31 3 0
github.com/niiniyare/erp/internal/core/abac/services/attribute_validation_service.go:187.31,189.3 1 0
github.com/niiniyare/erp/internal/core/abac/services/attribute_validation_service.go:192.2,197.16 4 0
github.com/niiniyare/erp/internal/core/abac/services/attribute_validation_service.go:197.16,201.3 3 0
github.com/niiniyare/erp/internal/core/abac/services/attribute_validation_service.go:204.2,206.38 3 0
github.com/niiniyare/erp/internal/core/abac/services/attribute_validation_service.go:206.38,208.3 1 0
github.com/niiniyare/erp/internal/core/abac/services/attribute_validation_service.go:209.2,209.37 1 0
github.com/niiniyare/erp/internal/core/abac/services/attribute_validation_service.go:209.37,210.24 1 0
github.com/niiniyare/erp/internal/core/abac/services/attribute_validation_service.go:210.24,212.4 1 0
github.com/niiniyare/erp/internal/core/abac/services/attribute_validation_service.go:216.2,217.34 2 0
github.com/niiniyare/erp/internal/core/abac/services/attribute_validation_service.go:217.34,219.3 1 0
github.com/niiniyare/erp/internal/core/abac/services/attribute_validation_service.go:222.2,222.42 1 0
github.com/niiniyare/erp/internal/core/abac/services/attribute_validation_service.go:222.42,224.14 2 0
github.com/niiniyare/erp/internal/core/abac/services/attribute_validation_service.go:224.14,230.12 2 0
github.com/niiniyare/erp/internal/core/abac/services/attribute_validation_service.go:233.3,233.73 1 0
github.com/niiniyare/erp/internal/core/abac/services/attribute_validation_service.go:233.73,234.58 1 0
github.com/niiniyare/erp/internal/core/abac/services/attribute_validation_service.go:234.58,241.5 1 0
github.com/niiniyare/erp/internal/core/abac/services/attribute_validation_service.go:241.10,248.5 1 0
github.com/niiniyare/erp/internal/core/abac/services/attribute_validation_service.go:252.2,252.31 1 0
github.com/niiniyare/erp/internal/core/abac/services/attribute_validation_service.go:252.31,255.3 1 0
github.com/niiniyare/erp/internal/core/abac/services/attribute_validation_service.go:257.2,257.30 1 0
github.com/niiniyare/erp/internal/core/abac/services/attribute_validation_service.go:261.149,266.15 4 0
github.com/niiniyare/erp/internal/core/abac/services/attribute_validation_service.go:266.15,268.3 1 0
github.com/niiniyare/erp/internal/core/abac/services/attribute_validation_service.go:270.2,273.39 2 0
github.com/niiniyare/erp/internal/core/abac/services/attribute_validation_service.go:273.39,274.96 1 0
github.com/niiniyare/erp/internal/core/abac/services/attribute_validation_service.go:274.96,276.4 1 0
github.com/niiniyare/erp/internal/core/abac/services/attribute_validation_service.go:276.9,278.4 1 0
github.com/niiniyare/erp/internal/core/abac/services/attribute_validation_service.go:282.2,282.43 1 0
github.com/niiniyare/erp/internal/core/abac/services/attribute_validation_service.go:282.43,283.100 1 0
github.com/niiniyare/erp/internal/core/abac/services/attribute_validation_service.go:283.100,285.4 1 0
github.com/niiniyare/erp/internal/core/abac/services/attribute_validation_service.go:285.9,287.4 1 0
github.com/niiniyare/erp/internal/core/abac/services/attribute_validation_service.go:291.2,291.46 1 0
github.com/niiniyare/erp/internal/core/abac/services/attribute_validation_service.go:291.46,292.103 1 0
github.com/niiniyare/erp/internal/core/abac/services/attribute_validation_service.go:292.103,294.4 1 0
github.com/niiniyare/erp/internal/core/abac/services/attribute_validation_service.go:294.9,296.4 1 0
github.com/niiniyare/erp/internal/core/abac/services/attribute_validation_service.go:300.2,300.41 1 0
github.com/niiniyare/erp/internal/core/abac/services/attribute_validation_service.go:300.41,301.98 1 0
github.com/niiniyare/erp/internal/core/abac/services/attribute_validation_service.go:301.98,303.4 1 0
github.com/niiniyare/erp/internal/core/abac/services/attribute_validation_service.go:303.9,305.4 1 0
github.com/niiniyare/erp/internal/core/abac/services/attribute_validation_service.go:309.2,309.41 1 0
github.com/niiniyare/erp/internal/core/abac/services/attribute_validation_service.go:309.41,310.98 1 0
github.com/niiniyare/erp/internal/core/abac/services/attribute_validation_service.go:310.98,312.4 1 0
github.com/niiniyare/erp/internal/core/abac/services/attribute_validation_service.go:312.9,314.4 1 0
github.com/niiniyare/erp/internal/core/abac/services/attribute_validation_service.go:318.2,318.42 1 0
github.com/niiniyare/erp/internal/core/abac/services/attribute_validation_service.go:318.42,319.99 1 0
github.com/niiniyare/erp/internal/core/abac/services/attribute_validation_service.go:319.99,321.4 1 0
github.com/niiniyare/erp/internal/core/abac/services/attribute_validation_service.go:321.9,323.4 1 0
github.com/niiniyare/erp/internal/core/abac/services/attribute_validation_service.go:326.2,326.33 1 0
github.com/niiniyare/erp/internal/core/abac/services/attribute_validation_service.go:330.127,335.18 3 0
github.com/niiniyare/erp/internal/core/abac/services/attribute_validation_service.go:336.37,337.35 1 0
github.com/niiniyare/erp/internal/core/abac/services/attribute_validation_service.go:337.35,341.4 1 0
github.com/niiniyare/erp/internal/core/abac/services/attribute_validation_service.go:343.37,344.23 1 0
github.com/niiniyare/erp/internal/core/abac/services/attribute_validation_service.go:345.94,345.94 0 0
github.com/niiniyare/erp/internal/core/abac/services/attribute_validation_service.go:347.11,350.57 1 0
github.com/niiniyare/erp/internal/core/abac/services/attribute_validation_service.go:353.38,354.33 1 0
github.com/niiniyare/erp/internal/core/abac/services/attribute_validation_service.go:354.33,358.4 1 0
github.com/niiniyare/erp/internal/core/abac/services/attribute_validation_service.go:360.35,361.28 1 0
github.com/niiniyare/erp/internal/core/abac/services/attribute_validation_service.go:362.18,362.18 0 0
github.com/niiniyare/erp/internal/core/abac/services/attribute_validation_service.go:364.15,366.57 1 0
github.com/niiniyare/erp/internal/core/abac/services/attribute_validation_service.go:366.57,370.5 1 0
github.com/niiniyare/erp/internal/core/abac/services/attribute_validation_service.go:371.11,374.57 1 0
github.com/niiniyare/erp/internal/core/abac/services/attribute_validation_service.go:377.35,379.48 1 0
github.com/niiniyare/erp/internal/core/abac/services/attribute_validation_service.go:379.48,383.4 1 0
github.com/niiniyare/erp/internal/core/abac/services/attribute_validation_service.go:385.36,387.23 1 0
github.com/niiniyare/erp/internal/core/abac/services/attribute_validation_service.go:388.50,388.50 0 0
github.com/niiniyare/erp/internal/core/abac/services/attribute_validation_service.go:390.11,393.57 1 0
github.com/niiniyare/erp/internal/core/abac/services/attribute_validation_service.go:396.35,399.8 1 0
github.com/niiniyare/erp/internal/core/abac/services/attribute_validation_service.go:401.10,403.45 1 0
github.com/niiniyare/erp/internal/core/abac/services/attribute_validation_service.go:406.2,406.12 1 0
github.com/niiniyare/erp/internal/core/abac/services/attribute_validation_service.go:410.124,414.59 3 0
github.com/niiniyare/erp/internal/core/abac/services/attribute_validation_service.go:414.59,415.25 1 0
github.com/niiniyare/erp/internal/core/abac/services/attribute_validation_service.go:416.21,417.70 1 0
github.com/niiniyare/erp/internal/core/abac/services/attribute_validation_service.go:417.70,419.5 1 0
github.com/niiniyare/erp/internal/core/abac/services/attribute_validation_service.go:420.21,421.70 1 0
github.com/niiniyare/erp/internal/core/abac/services/attribute_validation_service.go:421.70,423.5 1 0
github.com/niiniyare/erp/internal/core/abac/services/attribute_validation_service.go:424.20,425.69 1 0
github.com/niiniyare/erp/internal/core/abac/services/attribute_validation_service.go:425.69,427.5 1 0
github.com/niiniyare/erp/internal/core/abac/services/attribute_validation_service.go:428.20,429.69 1 0
github.com/niiniyare/erp/internal/core/abac/services/attribute_validation_service.go:429.69,431.5 1 0
github.com/niiniyare/erp/internal/core/abac/services/attribute_validation_service.go:432.18,433.68 1 0
github.com/niiniyare/erp/internal/core/abac/services/attribute_validation_service.go:433.68,435.5 1 0
github.com/niiniyare/erp/internal/core/abac/services/attribute_validation_service.go:436.17,437.82 1 0
github.com/niiniyare/erp/internal/core/abac/services/attribute_validation_service.go:437.82,439.5 1 0
github.com/niiniyare/erp/internal/core/abac/services/attribute_validation_service.go:443.2,443.12 1 0
github.com/niiniyare/erp/internal/core/abac/services/attribute_validation_service.go:447.116,451.45 3 0
github.com/niiniyare/erp/internal/core/abac/services/attribute_validation_service.go:451.45,452.41 1 0
github.com/niiniyare/erp/internal/core/abac/services/attribute_validation_service.go:452.41,454.4 1 0
github.com/niiniyare/erp/internal/core/abac/services/attribute_validation_service.go:457.2,459.65 1 0
github.com/niiniyare/erp/internal/core/abac/services/attribute_validation_service.go:463.141,467.18 3 0
github.com/niiniyare/erp/internal/core/abac/services/attribute_validation_service.go:468.37,469.36 1 0
github.com/niiniyare/erp/internal/core/abac/services/attribute_validation_service.go:469.36,471.4 1 0
github.com/niiniyare/erp/internal/core/abac/services/attribute_validation_service.go:472.3,472.39 1 0
github.com/niiniyare/erp/internal/core/abac/services/attribute_validation_service.go:474.37,475.28 1 0
github.com/niiniyare/erp/internal/core/abac/services/attribute_validation_service.go:476.15,477.57 1 0
github.com/niiniyare/erp/internal/core/abac/services/attribute_validation_service.go:477.57,479.5 1 0
github.com/niiniyare/erp/internal/core/abac/services/attribute_validation_service.go:480.94,481.17 1 0
github.com/niiniyare/erp/internal/core/abac/services/attribute_validation_service.go:484.38,485.28 1 0
github.com/niiniyare/erp/internal/core/abac/services/attribute_validation_service.go:486.13,487.17 1 0
github.com/niiniyare/erp/internal/core/abac/services/attribute_validation_service.go:488.15,489.44 1 0
github.com/niiniyare/erp/internal/core/abac/services/attribute_validation_service.go:490.39,491.22 1 0
github.com/niiniyare/erp/internal/core/abac/services/attribute_validation_service.go:494.35,495.28 1 0
github.com/niiniyare/erp/internal/core/abac/services/attribute_validation_service.go:496.18,497.17 1 0
github.com/niiniyare/erp/internal/core/abac/services/attribute_validation_service.go:498.15,499.57 1 0
github.com/niiniyare/erp/internal/core/abac/services/attribute_validation_service.go:499.57,501.5 1 0
github.com/niiniyare/erp/internal/core/abac/services/attribute_validation_service.go:504.10,505.20 1 0
github.com/niiniyare/erp/internal/core/abac/services/attribute_validation_service.go:508.2,508.19 1 0
github.com/niiniyare/erp/internal/core/abac/services/attribute_validation_service.go:512.126,518.16 4 0
github.com/niiniyare/erp/internal/core/abac/services/attribute_validation_service.go:518.16,520.3 1 0
github.com/niiniyare/erp/internal/core/abac/services/attribute_validation_service.go:523.2,524.45 2 0
github.com/niiniyare/erp/internal/core/abac/services/attribute_validation_service.go:524.45,526.3 1 0
github.com/niiniyare/erp/internal/core/abac/services/attribute_validation_service.go:528.2,536.39 2 0
github.com/niiniyare/erp/internal/core/abac/services/attribute_validation_service.go:536.39,537.71 1 0
github.com/niiniyare/erp/internal/core/abac/services/attribute_validation_service.go:537.71,539.4 1 0
github.com/niiniyare/erp/internal/core/abac/services/attribute_validation_service.go:540.3,540.71 1 0
github.com/niiniyare/erp/internal/core/abac/services/attribute_validation_service.go:540.71,542.4 1 0
github.com/niiniyare/erp/internal/core/abac/services/attribute_validation_service.go:543.3,543.74 1 0
github.com/niiniyare/erp/internal/core/abac/services/attribute_validation_service.go:543.74,545.4 1 0
github.com/niiniyare/erp/internal/core/abac/services/attribute_validation_service.go:546.3,546.74 1 0
github.com/niiniyare/erp/internal/core/abac/services/attribute_validation_service.go:546.74,548.4 1 0
github.com/niiniyare/erp/internal/core/abac/services/attribute_validation_service.go:549.3,549.72 1 0
github.com/niiniyare/erp/internal/core/abac/services/attribute_validation_service.go:549.72,551.4 1 0
github.com/niiniyare/erp/internal/core/abac/services/attribute_validation_service.go:552.3,552.83 1 0
github.com/niiniyare/erp/internal/core/abac/services/attribute_validation_service.go:552.83,554.4 1 0
github.com/niiniyare/erp/internal/core/abac/services/attribute_validation_service.go:557.2,557.19 1 0
github.com/niiniyare/erp/internal/core/abac/services/attribute_validation_service.go:561.157,567.46 4 0
github.com/niiniyare/erp/internal/core/abac/services/attribute_validation_service.go:567.46,568.101 1 0
github.com/niiniyare/erp/internal/core/abac/services/attribute_validation_service.go:568.101,570.4 1 0
github.com/niiniyare/erp/internal/core/abac/services/attribute_validation_service.go:573.2,573.32 1 0
github.com/niiniyare/erp/internal/core/abac/services/attribute_validation_service.go:573.32,576.3 1 0
github.com/niiniyare/erp/internal/core/abac/services/attribute_validation_service.go:578.2,578.12 1 0
github.com/niiniyare/erp/internal/core/abac/services/attribute_validation_service.go:583.89,585.9 2 0
github.com/niiniyare/erp/internal/core/abac/services/attribute_validation_service.go:585.9,587.3 1 0
github.com/niiniyare/erp/internal/core/abac/services/attribute_validation_service.go:589.2,590.9 2 0
github.com/niiniyare/erp/internal/core/abac/services/attribute_validation_service.go:590.9,592.3 1 0
github.com/niiniyare/erp/internal/core/abac/services/attribute_validation_service.go:594.2,594.26 1 0
github.com/niiniyare/erp/internal/core/abac/services/attribute_validation_service.go:594.26,598.3 1 0
github.com/niiniyare/erp/internal/core/abac/services/attribute_validation_service.go:600.2,600.12 1 0
github.com/niiniyare/erp/internal/core/abac/services/attribute_validation_service.go:603.89,605.9 2 0
github.com/niiniyare/erp/internal/core/abac/services/attribute_validation_service.go:605.9,607.3 1 0
github.com/niiniyare/erp/internal/core/abac/services/attribute_validation_service.go:609.2,610.9 2 0
github.com/niiniyare/erp/internal/core/abac/services/attribute_validation_service.go:610.9,612.3 1 0
github.com/niiniyare/erp/internal/core/abac/services/attribute_validation_service.go:614.2,614.26 1 0
github.com/niiniyare/erp/internal/core/abac/services/attribute_validation_service.go:614.26,618.3 1 0
github.com/niiniyare/erp/internal/core/abac/services/attribute_validation_service.go:620.2,620.12 1 0
github.com/niiniyare/erp/internal/core/abac/services/attribute_validation_service.go:623.88,625.9 2 0
github.com/niiniyare/erp/internal/core/abac/services/attribute_validation_service.go:625.9,627.3 1 0
github.com/niiniyare/erp/internal/core/abac/services/attribute_validation_service.go:629.2,630.27 2 0
github.com/niiniyare/erp/internal/core/abac/services/attribute_validation_service.go:631.11,632.24 1 0
github.com/niiniyare/erp/internal/core/abac/services/attribute_validation_service.go:633.13,634.24 1 0
github.com/niiniyare/erp/internal/core/abac/services/attribute_validation_service.go:635.15,636.24 1 0
github.com/niiniyare/erp/internal/core/abac/services/attribute_validation_service.go:637.15,638.15 1 0
github.com/niiniyare/erp/internal/core/abac/services/attribute_validation_service.go:639.10,640.13 1 0
github.com/niiniyare/erp/internal/core/abac/services/attribute_validation_service.go:643.2,643.25 1 0
github.com/niiniyare/erp/internal/core/abac/services/attribute_validation_service.go:643.25,647.3 1 0
github.com/niiniyare/erp/internal/core/abac/services/attribute_validation_service.go:649.2,649.12 1 0
github.com/niiniyare/erp/internal/core/abac/services/attribute_validation_service.go:652.88,654.9 2 0
github.com/niiniyare/erp/internal/core/abac/services/attribute_validation_service.go:654.9,656.3 1 0
github.com/niiniyare/erp/internal/core/abac/services/attribute_validation_service.go:658.2,659.27 2 0
github.com/niiniyare/erp/internal/core/abac/services/attribute_validation_service.go:660.11,661.24 1 0
github.com/niiniyare/erp/internal/core/abac/services/attribute_validation_service.go:662.13,663.24 1 0
github.com/niiniyare/erp/internal/core/abac/services/attribute_validation_service.go:664.15,665.24 1 0
github.com/niiniyare/erp/internal/core/abac/services/attribute_validation_service.go:666.15,667.15 1 0
github.com/niiniyare/erp/internal/core/abac/services/attribute_validation_service.go:668.10,669.13 1 0
github.com/niiniyare/erp/internal/core/abac/services/attribute_validation_service.go:672.2,672.25 1 0
github.com/niiniyare/erp/internal/core/abac/services/attribute_validation_service.go:672.25,676.3 1 0
github.com/niiniyare/erp/internal/core/abac/services/attribute_validation_service.go:678.2,678.12 1 0
github.com/niiniyare/erp/internal/core/abac/services/attribute_validation_service.go:681.87,683.9 2 0
github.com/niiniyare/erp/internal/core/abac/services/attribute_validation_service.go:683.9,685.3 1 0
github.com/niiniyare/erp/internal/core/abac/services/attribute_validation_service.go:687.2,688.9 2 0
github.com/niiniyare/erp/internal/core/abac/services/attribute_validation_service.go:688.9,690.3 1 0
github.com/niiniyare/erp/internal/core/abac/services/attribute_validation_service.go:692.2,693.16 2 0
github.com/niiniyare/erp/internal/core/abac/services/attribute_validation_service.go:693.16,697.3 1 0
github.com/niiniyare/erp/internal/core/abac/services/attribute_validation_service.go:699.2,699.29 1 0
github.com/niiniyare/erp/internal/core/abac/services/attribute_validation_service.go:699.29,703.3 1 0
github.com/niiniyare/erp/internal/core/abac/services/attribute_validation_service.go:705.2,705.12 1 0
github.com/niiniyare/erp/internal/core/abac/services/attribute_validation_service.go:708.117,714.2 2 0
github.com/niiniyare/erp/internal/core/abac/services/attribute_validation_service.go:718.35,719.18 1 0
github.com/niiniyare/erp/internal/core/abac/services/attribute_validation_service.go:719.18,721.3 1 0
github.com/niiniyare/erp/internal/core/abac/services/attribute_validation_service.go:723.2,723.27 1 0
github.com/niiniyare/erp/internal/core/abac/services/attribute_validation_service.go:724.14,725.36 1 0
github.com/niiniyare/erp/internal/core/abac/services/attribute_validation_service.go:726.13,727.21 1 0
github.com/niiniyare/erp/internal/core/abac/services/attribute_validation_service.go:728.22,729.21 1 0
github.com/niiniyare/erp/internal/core/abac/services/attribute_validation_service.go:730.10,731.15 1 0
github.com/niiniyare/erp/internal/core/abac/services/attribute_validation_service.go:735.35,737.24 1 0
github.com/niiniyare/erp/internal/core/abac/services/attribute_validation_service.go:738.11,739.25 1 0
github.com/niiniyare/erp/internal/core/abac/services/attribute_validation_service.go:740.12,741.19 1 0
github.com/niiniyare/erp/internal/core/abac/services/attribute_validation_service.go:742.16,743.28 1 0
github.com/niiniyare/erp/internal/core/abac/services/attribute_validation_service.go:745.15,746.25 1 0
github.com/niiniyare/erp/internal/core/abac/services/attribute_validation_service.go:747.12,748.28 1 0
github.com/niiniyare/erp/internal/core/abac/services/attribute_validation_service.go:749.16,750.19 1 0
github.com/niiniyare/erp/internal/core/abac/services/attribute_validation_service.go:752.14,753.31 1 0
github.com/niiniyare/erp/internal/core/abac/services/attribute_validation_service.go:753.31,755.4 1 0
github.com/niiniyare/erp/internal/core/abac/services/attribute_validation_service.go:756.12,757.29 1 0
github.com/niiniyare/erp/internal/core/abac/services/attribute_validation_service.go:757.29,759.4 1 0
github.com/niiniyare/erp/internal/core/abac/services/attribute_validation_service.go:762.2,762.53 1 0
github.com/niiniyare/erp/internal/core/abac/services/attribute_validation_service.go:766.133,791.2 4 0
github.com/niiniyare/erp/internal/core/abac/services/mock.go:34.91,38.2 3 0
github.com/niiniyare/erp/internal/core/abac/services/mock.go:41.89,43.2 1 0
github.com/niiniyare/erp/internal/core/abac/services/mock.go:46.156,51.2 4 0
github.com/niiniyare/erp/internal/core/abac/services/mock.go:54.119,57.2 2 0
github.com/niiniyare/erp/internal/core/abac/services/mock.go:60.149,66.2 5 0
github.com/niiniyare/erp/internal/core/abac/services/mock.go:69.103,72.2 2 0
github.com/niiniyare/erp/internal/core/abac/services/mock.go:75.165,81.2 5 0
github.com/niiniyare/erp/internal/core/abac/services/mock.go:84.116,87.2 2 0
github.com/niiniyare/erp/internal/core/abac/services/mock.go:90.169,96.2 5 0
github.com/niiniyare/erp/internal/core/abac/services/mock.go:99.110,102.2 2 0
github.com/niiniyare/erp/internal/core/abac/services/mock.go:105.179,111.2 5 0
github.com/niiniyare/erp/internal/core/abac/services/mock.go:114.115,117.2 2 0
github.com/niiniyare/erp/internal/core/abac/services/mock.go:120.167,126.2 5 0
github.com/niiniyare/erp/internal/core/abac/services/mock.go:129.106,132.2 2 0
github.com/niiniyare/erp/internal/core/abac/services/mock.go:135.156,141.2 5 0
github.com/niiniyare/erp/internal/core/abac/services/mock.go:144.110,147.2 2 0
github.com/niiniyare/erp/internal/core/abac/services/mock.go:150.136,156.2 5 0
github.com/niiniyare/erp/internal/core/abac/services/mock.go:159.110,162.2 2 0
github.com/niiniyare/erp/internal/core/abac/services/mock.go:165.140,171.2 5 0
github.com/niiniyare/erp/internal/core/abac/services/mock.go:174.98,177.2 2 0
github.com/niiniyare/erp/internal/core/abac/services/policy_combining_service.go:216.26,222.2 1 0
github.com/niiniyare/erp/internal/core/abac/services/policy_combining_service.go:225.127,234.15 4 0
github.com/niiniyare/erp/internal/core/abac/services/policy_combining_service.go:234.15,236.3 1 0
github.com/niiniyare/erp/internal/core/abac/services/policy_combining_service.go:239.2,239.73 1 0
github.com/niiniyare/erp/internal/core/abac/services/policy_combining_service.go:239.73,241.3 1 0
github.com/niiniyare/erp/internal/core/abac/services/policy_combining_service.go:243.2,251.29 3 0
github.com/niiniyare/erp/internal/core/abac/services/policy_combining_service.go:251.29,253.42 2 0
github.com/niiniyare/erp/internal/core/abac/services/policy_combining_service.go:253.42,254.27 1 0
github.com/niiniyare/erp/internal/core/abac/services/policy_combining_service.go:254.27,256.5 1 0
github.com/niiniyare/erp/internal/core/abac/services/policy_combining_service.go:258.3,258.34 1 0
github.com/niiniyare/erp/internal/core/abac/services/policy_combining_service.go:262.2,266.16 3 0
github.com/niiniyare/erp/internal/core/abac/services/policy_combining_service.go:266.16,268.3 1 0
github.com/niiniyare/erp/internal/core/abac/services/policy_combining_service.go:270.2,271.32 2 0
github.com/niiniyare/erp/internal/core/abac/services/policy_combining_service.go:271.32,273.17 2 0
github.com/niiniyare/erp/internal/core/abac/services/policy_combining_service.go:273.17,275.4 1 0
github.com/niiniyare/erp/internal/core/abac/services/policy_combining_service.go:276.3,276.41 1 0
github.com/niiniyare/erp/internal/core/abac/services/policy_combining_service.go:280.2,280.23 1 0
github.com/niiniyare/erp/internal/core/abac/services/policy_combining_service.go:281.45,283.17 2 0
github.com/niiniyare/erp/internal/core/abac/services/policy_combining_service.go:283.17,285.4 1 0
github.com/niiniyare/erp/internal/core/abac/services/policy_combining_service.go:286.3,287.57 2 0
github.com/niiniyare/erp/internal/core/abac/services/policy_combining_service.go:289.47,291.17 2 0
github.com/niiniyare/erp/internal/core/abac/services/policy_combining_service.go:291.17,293.4 1 0
github.com/niiniyare/erp/internal/core/abac/services/policy_combining_service.go:294.3,295.57 2 0
github.com/niiniyare/erp/internal/core/abac/services/policy_combining_service.go:297.47,299.17 2 0
github.com/niiniyare/erp/internal/core/abac/services/policy_combining_service.go:299.17,301.4 1 0
github.com/niiniyare/erp/internal/core/abac/services/policy_combining_service.go:302.3,303.57 2 0
github.com/niiniyare/erp/internal/core/abac/services/policy_combining_service.go:305.49,307.17 2 0
github.com/niiniyare/erp/internal/core/abac/services/policy_combining_service.go:307.17,309.4 1 0
github.com/niiniyare/erp/internal/core/abac/services/policy_combining_service.go:310.3,311.57 2 0
github.com/niiniyare/erp/internal/core/abac/services/policy_combining_service.go:313.52,315.17 2 0
github.com/niiniyare/erp/internal/core/abac/services/policy_combining_service.go:315.17,317.4 1 0
github.com/niiniyare/erp/internal/core/abac/services/policy_combining_service.go:318.3,319.57 2 0
github.com/niiniyare/erp/internal/core/abac/services/policy_combining_service.go:321.54,323.17 2 0
github.com/niiniyare/erp/internal/core/abac/services/policy_combining_service.go:323.17,325.4 1 0
github.com/niiniyare/erp/internal/core/abac/services/policy_combining_service.go:326.3,327.57 2 0
github.com/niiniyare/erp/internal/core/abac/services/policy_combining_service.go:329.10,331.50 1 0
github.com/niiniyare/erp/internal/core/abac/services/policy_combining_service.go:335.2,335.49 1 0
github.com/niiniyare/erp/internal/core/abac/services/policy_combining_service.go:335.49,337.3 1 0
github.com/niiniyare/erp/internal/core/abac/services/policy_combining_service.go:339.2,351.20 3 0
github.com/niiniyare/erp/internal/core/abac/services/policy_combining_service.go:355.185,371.41 5 0
github.com/niiniyare/erp/internal/core/abac/services/policy_combining_service.go:371.41,372.28 1 0
github.com/niiniyare/erp/internal/core/abac/services/policy_combining_service.go:372.28,374.4 1 0
github.com/niiniyare/erp/internal/core/abac/services/policy_combining_service.go:376.2,380.41 3 0
github.com/niiniyare/erp/internal/core/abac/services/policy_combining_service.go:380.41,390.3 2 0
github.com/niiniyare/erp/internal/core/abac/services/policy_combining_service.go:393.2,402.16 3 0
github.com/niiniyare/erp/internal/core/abac/services/policy_combining_service.go:402.16,404.3 1 0
github.com/niiniyare/erp/internal/core/abac/services/policy_combining_service.go:406.2,409.54 2 0
github.com/niiniyare/erp/internal/core/abac/services/policy_combining_service.go:409.54,416.3 2 0
github.com/niiniyare/erp/internal/core/abac/services/policy_combining_service.go:418.2,418.20 1 0
github.com/niiniyare/erp/internal/core/abac/services/policy_combining_service.go:422.128,438.37 5 0
github.com/niiniyare/erp/internal/core/abac/services/policy_combining_service.go:438.37,439.75 1 0
github.com/niiniyare/erp/internal/core/abac/services/policy_combining_service.go:439.75,445.4 5 0
github.com/niiniyare/erp/internal/core/abac/services/policy_combining_service.go:449.2,449.37 1 0
github.com/niiniyare/erp/internal/core/abac/services/policy_combining_service.go:449.37,450.76 1 0
github.com/niiniyare/erp/internal/core/abac/services/policy_combining_service.go:450.76,456.4 5 0
github.com/niiniyare/erp/internal/core/abac/services/policy_combining_service.go:460.2,465.20 5 0
github.com/niiniyare/erp/internal/core/abac/services/policy_combining_service.go:469.129,485.37 5 0
github.com/niiniyare/erp/internal/core/abac/services/policy_combining_service.go:485.37,486.76 1 0
github.com/niiniyare/erp/internal/core/abac/services/policy_combining_service.go:486.76,492.4 5 0
github.com/niiniyare/erp/internal/core/abac/services/policy_combining_service.go:496.2,496.37 1 0
github.com/niiniyare/erp/internal/core/abac/services/policy_combining_service.go:496.37,497.75 1 0
github.com/niiniyare/erp/internal/core/abac/services/policy_combining_service.go:497.75,503.4 5 0
github.com/niiniyare/erp/internal/core/abac/services/policy_combining_service.go:507.2,512.20 5 0
github.com/niiniyare/erp/internal/core/abac/services/policy_combining_service.go:516.130,534.50 7 0
github.com/niiniyare/erp/internal/core/abac/services/policy_combining_service.go:534.50,536.3 1 0
github.com/niiniyare/erp/internal/core/abac/services/policy_combining_service.go:539.2,539.43 1 0
github.com/niiniyare/erp/internal/core/abac/services/policy_combining_service.go:539.43,540.26 1 0
github.com/niiniyare/erp/internal/core/abac/services/policy_combining_service.go:540.26,546.4 5 0
github.com/niiniyare/erp/internal/core/abac/services/policy_combining_service.go:550.2,555.20 5 0
github.com/niiniyare/erp/internal/core/abac/services/policy_combining_service.go:559.132,578.37 7 0
github.com/niiniyare/erp/internal/core/abac/services/policy_combining_service.go:578.37,579.26 1 0
github.com/niiniyare/erp/internal/core/abac/services/policy_combining_service.go:579.26,582.4 2 0
github.com/niiniyare/erp/internal/core/abac/services/policy_combining_service.go:585.2,585.26 1 0
github.com/niiniyare/erp/internal/core/abac/services/policy_combining_service.go:585.26,589.3 3 0
github.com/niiniyare/erp/internal/core/abac/services/policy_combining_service.go:589.8,589.33 1 0
github.com/niiniyare/erp/internal/core/abac/services/policy_combining_service.go:589.33,593.3 3 0
github.com/niiniyare/erp/internal/core/abac/services/policy_combining_service.go:593.8,598.3 3 0
github.com/niiniyare/erp/internal/core/abac/services/policy_combining_service.go:600.2,601.20 2 0
github.com/niiniyare/erp/internal/core/abac/services/policy_combining_service.go:605.135,612.50 5 0
github.com/niiniyare/erp/internal/core/abac/services/policy_combining_service.go:612.50,614.3 1 0
github.com/niiniyare/erp/internal/core/abac/services/policy_combining_service.go:617.2,617.51 1 0
github.com/niiniyare/erp/internal/core/abac/services/policy_combining_service.go:621.136,628.50 5 0
github.com/niiniyare/erp/internal/core/abac/services/policy_combining_service.go:628.50,630.3 1 0
github.com/niiniyare/erp/internal/core/abac/services/policy_combining_service.go:633.2,633.52 1 0
github.com/niiniyare/erp/internal/core/abac/services/policy_combining_service.go:637.126,649.37 4 0
github.com/niiniyare/erp/internal/core/abac/services/policy_combining_service.go:649.37,650.27 1 0
github.com/niiniyare/erp/internal/core/abac/services/policy_combining_service.go:650.27,651.12 1 0
github.com/niiniyare/erp/internal/core/abac/services/policy_combining_service.go:654.3,654.28 1 0
github.com/niiniyare/erp/internal/core/abac/services/policy_combining_service.go:655.34,656.71 1 0
github.com/niiniyare/erp/internal/core/abac/services/policy_combining_service.go:657.33,658.69 1 0
github.com/niiniyare/erp/internal/core/abac/services/policy_combining_service.go:663.2,666.37 3 0
github.com/niiniyare/erp/internal/core/abac/services/policy_combining_service.go:666.37,674.40 5 0
github.com/niiniyare/erp/internal/core/abac/services/policy_combining_service.go:674.40,676.4 1 0
github.com/niiniyare/erp/internal/core/abac/services/policy_combining_service.go:676.9,676.45 1 0
github.com/niiniyare/erp/internal/core/abac/services/policy_combining_service.go:676.45,678.4 1 0
github.com/niiniyare/erp/internal/core/abac/services/policy_combining_service.go:678.9,680.4 1 0
github.com/niiniyare/erp/internal/core/abac/services/policy_combining_service.go:681.8,681.27 1 0
github.com/niiniyare/erp/internal/core/abac/services/policy_combining_service.go:681.27,686.3 3 0
github.com/niiniyare/erp/internal/core/abac/services/policy_combining_service.go:686.8,686.26 1 0
github.com/niiniyare/erp/internal/core/abac/services/policy_combining_service.go:686.26,691.3 3 0
github.com/niiniyare/erp/internal/core/abac/services/policy_combining_service.go:691.8,694.3 2 0
github.com/niiniyare/erp/internal/core/abac/services/policy_combining_service.go:696.2,700.22 4 0
github.com/niiniyare/erp/internal/core/abac/services/policy_combining_service.go:704.172,713.19 4 0
github.com/niiniyare/erp/internal/core/abac/services/policy_combining_service.go:714.91,715.39 1 0
github.com/niiniyare/erp/internal/core/abac/services/policy_combining_service.go:715.39,720.4 4 0
github.com/niiniyare/erp/internal/core/abac/services/policy_combining_service.go:720.9,720.47 1 0
github.com/niiniyare/erp/internal/core/abac/services/policy_combining_service.go:720.47,724.4 3 0
github.com/niiniyare/erp/internal/core/abac/services/policy_combining_service.go:726.95,727.40 1 0
github.com/niiniyare/erp/internal/core/abac/services/policy_combining_service.go:727.40,732.4 4 0
github.com/niiniyare/erp/internal/core/abac/services/policy_combining_service.go:732.9,732.46 1 0
github.com/niiniyare/erp/internal/core/abac/services/policy_combining_service.go:732.46,736.4 3 0
github.com/niiniyare/erp/internal/core/abac/services/policy_combining_service.go:738.47,741.48 2 0
github.com/niiniyare/erp/internal/core/abac/services/policy_combining_service.go:741.48,743.4 1 0
github.com/niiniyare/erp/internal/core/abac/services/policy_combining_service.go:744.3,744.28 1 0
github.com/niiniyare/erp/internal/core/abac/services/policy_combining_service.go:744.28,748.4 3 0
github.com/niiniyare/erp/internal/core/abac/services/policy_combining_service.go:750.10,752.46 1 0
github.com/niiniyare/erp/internal/core/abac/services/policy_combining_service.go:755.2,755.24 1 0
github.com/niiniyare/erp/internal/core/abac/services/policy_combining_service.go:759.130,769.48 2 0
github.com/niiniyare/erp/internal/core/abac/services/policy_combining_service.go:769.48,770.29 1 0
github.com/niiniyare/erp/internal/core/abac/services/policy_combining_service.go:770.29,772.4 1 0
github.com/niiniyare/erp/internal/core/abac/services/policy_combining_service.go:775.2,777.98 1 0
github.com/niiniyare/erp/internal/core/abac/services/policy_combining_service.go:781.120,790.2 1 0
github.com/niiniyare/erp/internal/core/abac/services/policy_combining_service.go:793.145,806.2 4 0
github.com/niiniyare/erp/internal/core/abac/services/policy_combining_service.go:810.102,811.37 1 0
github.com/niiniyare/erp/internal/core/abac/services/policy_combining_service.go:811.37,812.26 1 0
github.com/niiniyare/erp/internal/core/abac/services/policy_combining_service.go:812.26,814.29 2 0
github.com/niiniyare/erp/internal/core/abac/services/policy_combining_service.go:815.35,816.24 1 0
github.com/niiniyare/erp/internal/core/abac/services/policy_combining_service.go:817.34,818.23 1 0
github.com/niiniyare/erp/internal/core/abac/services/policy_combining_service.go:820.9,822.4 1 0
github.com/niiniyare/erp/internal/core/abac/services/policy_combining_service.go:826.155,827.24 1 0
github.com/niiniyare/erp/internal/core/abac/services/policy_combining_service.go:827.24,829.38 2 0
github.com/niiniyare/erp/internal/core/abac/services/policy_combining_service.go:829.38,830.77 1 0
github.com/niiniyare/erp/internal/core/abac/services/policy_combining_service.go:830.77,832.5 1 0
github.com/niiniyare/erp/internal/core/abac/services/policy_combining_service.go:836.2,836.19 1 0
github.com/niiniyare/erp/internal/core/abac/services/policy_combining_service.go:836.19,838.38 2 0
github.com/niiniyare/erp/internal/core/abac/services/policy_combining_service.go:838.38,839.27 1 0
github.com/niiniyare/erp/internal/core/abac/services/policy_combining_service.go:839.27,841.5 1 0
github.com/niiniyare/erp/internal/core/abac/services/policy_combining_service.go:846.105,848.33 2 0
github.com/niiniyare/erp/internal/core/abac/services/policy_combining_service.go:848.33,850.3 1 0
github.com/niiniyare/erp/internal/core/abac/services/policy_combining_service.go:851.2,851.16 1 0
github.com/niiniyare/erp/internal/core/abac/services/policy_combining_service.go:854.107,864.53 2 0
github.com/niiniyare/erp/internal/core/abac/services/policy_combining_service.go:864.53,866.3 1 0
github.com/niiniyare/erp/internal/core/abac/services/policy_combining_service.go:867.2,867.28 1 0
github.com/niiniyare/erp/internal/core/abac/services/policy_combining_service.go:870.131,895.2 4 0
github.com/niiniyare/erp/internal/core/abac/services/policy_decision_service.go:250.25,259.2 1 0
github.com/niiniyare/erp/internal/core/abac/services/policy_decision_service.go:262.116,272.15 4 0
github.com/niiniyare/erp/internal/core/abac/services/policy_decision_service.go:272.15,274.3 1 0
github.com/niiniyare/erp/internal/core/abac/services/policy_decision_service.go:276.2,283.24 3 0
github.com/niiniyare/erp/internal/core/abac/services/policy_decision_service.go:283.24,291.3 2 0
github.com/niiniyare/erp/internal/core/abac/services/policy_decision_service.go:294.2,308.16 3 0
github.com/niiniyare/erp/internal/core/abac/services/policy_decision_service.go:308.16,317.3 8 0
github.com/niiniyare/erp/internal/core/abac/services/policy_decision_service.go:320.2,328.23 7 0
github.com/niiniyare/erp/internal/core/abac/services/policy_decision_service.go:328.23,330.3 1 0
github.com/niiniyare/erp/internal/core/abac/services/policy_decision_service.go:333.2,333.25 1 0
github.com/niiniyare/erp/internal/core/abac/services/policy_decision_service.go:333.25,343.17 3 0
github.com/niiniyare/erp/internal/core/abac/services/policy_decision_service.go:343.17,346.4 1 0
github.com/niiniyare/erp/internal/core/abac/services/policy_decision_service.go:346.9,348.4 1 0
github.com/niiniyare/erp/internal/core/abac/services/policy_decision_service.go:352.2,369.53 2 0
github.com/niiniyare/erp/internal/core/abac/services/policy_decision_service.go:369.53,372.3 1 0
github.com/niiniyare/erp/internal/core/abac/services/policy_decision_service.go:374.2,386.22 2 0
github.com/niiniyare/erp/internal/core/abac/services/policy_decision_service.go:390.128,399.15 4 0
github.com/niiniyare/erp/internal/core/abac/services/policy_decision_service.go:399.15,401.3 1 0
github.com/niiniyare/erp/internal/core/abac/services/policy_decision_service.go:403.2,410.44 2 0
github.com/niiniyare/erp/internal/core/abac/services/policy_decision_service.go:410.44,417.17 5 0
github.com/niiniyare/erp/internal/core/abac/services/policy_decision_service.go:417.17,420.20 2 0
github.com/niiniyare/erp/internal/core/abac/services/policy_decision_service.go:420.20,424.5 3 0
github.com/niiniyare/erp/internal/core/abac/services/policy_decision_service.go:427.4,434.5 2 0
github.com/niiniyare/erp/internal/core/abac/services/policy_decision_service.go:435.9,437.4 1 0
github.com/niiniyare/erp/internal/core/abac/services/policy_decision_service.go:439.3,439.64 1 0
github.com/niiniyare/erp/internal/core/abac/services/policy_decision_service.go:442.2,455.22 4 0
github.com/niiniyare/erp/internal/core/abac/services/policy_decision_service.go:459.182,474.16 5 0
github.com/niiniyare/erp/internal/core/abac/services/policy_decision_service.go:474.16,476.3 1 0
github.com/niiniyare/erp/internal/core/abac/services/policy_decision_service.go:478.2,478.30 1 0
github.com/niiniyare/erp/internal/core/abac/services/policy_decision_service.go:482.133,499.16 5 0
github.com/niiniyare/erp/internal/core/abac/services/policy_decision_service.go:499.16,507.3 2 0
github.com/niiniyare/erp/internal/core/abac/services/policy_decision_service.go:509.2,516.8 1 0
github.com/niiniyare/erp/internal/core/abac/services/policy_decision_service.go:520.151,527.31 4 0
github.com/niiniyare/erp/internal/core/abac/services/policy_decision_service.go:527.31,529.17 2 0
github.com/niiniyare/erp/internal/core/abac/services/policy_decision_service.go:529.17,538.4 2 0
github.com/niiniyare/erp/internal/core/abac/services/policy_decision_service.go:539.3,539.38 1 0
github.com/niiniyare/erp/internal/core/abac/services/policy_decision_service.go:542.2,542.23 1 0
github.com/niiniyare/erp/internal/core/abac/services/policy_decision_service.go:546.100,566.2 5 0
github.com/niiniyare/erp/internal/core/abac/services/policy_decision_service.go:569.131,580.16 5 0
github.com/niiniyare/erp/internal/core/abac/services/policy_decision_service.go:580.16,582.3 1 0
github.com/niiniyare/erp/internal/core/abac/services/policy_decision_service.go:584.2,585.35 2 0
github.com/niiniyare/erp/internal/core/abac/services/policy_decision_service.go:585.35,599.3 2 0
github.com/niiniyare/erp/internal/core/abac/services/policy_decision_service.go:601.2,601.23 1 0
github.com/niiniyare/erp/internal/core/abac/services/policy_decision_service.go:605.131,624.2 4 0
github.com/niiniyare/erp/internal/core/abac/services/policy_decision_service.go:627.133,658.2 4 0
github.com/niiniyare/erp/internal/core/abac/services/policy_decision_service.go:662.126,687.2 4 0
github.com/niiniyare/erp/internal/core/abac/services/policy_decision_service.go:689.101,711.23 5 0
github.com/niiniyare/erp/internal/core/abac/services/policy_decision_service.go:711.23,713.3 1 0
github.com/niiniyare/erp/internal/core/abac/services/policy_decision_service.go:715.2,717.4 1 0
github.com/niiniyare/erp/internal/core/abac/services/policy_evaluation_service.go:160.27,171.2 1 0
github.com/niiniyare/erp/internal/core/abac/services/policy_evaluation_service.go:174.165,183.15 4 0
github.com/niiniyare/erp/internal/core/abac/services/policy_evaluation_service.go:183.15,185.3 1 0
github.com/niiniyare/erp/internal/core/abac/services/policy_evaluation_service.go:187.2,195.26 2 0
github.com/niiniyare/erp/internal/core/abac/services/policy_evaluation_service.go:195.26,198.62 2 0
github.com/niiniyare/erp/internal/core/abac/services/policy_evaluation_service.go:198.62,199.32 1 0
[...]
github.com/niiniyare/erp/internal/core/abac/security_compliance.go:640.16,642.3 1 0
github.com/niiniyare/erp/internal/core/abac/security_compliance.go:645.2,658.60 2 0
github.com/niiniyare/erp/internal/core/abac/security_compliance.go:658.60,660.3 1 0
github.com/niiniyare/erp/internal/core/abac/security_compliance.go:662.2,669.22 2 0
github.com/niiniyare/erp/internal/core/abac/security_compliance.go:682.44,689.2 1 0
github.com/niiniyare/erp/internal/core/abac/security_compliance.go:691.145,697.16 4 0
github.com/niiniyare/erp/internal/core/abac/security_compliance.go:697.16,699.3 1 0
github.com/niiniyare/erp/internal/core/abac/security_compliance.go:702.2,704.75 2 0
github.com/niiniyare/erp/internal/core/abac/security_compliance.go:704.75,706.17 2 0
github.com/niiniyare/erp/internal/core/abac/security_compliance.go:706.17,708.12 2 0
github.com/niiniyare/erp/internal/core/abac/security_compliance.go:711.3,711.45 1 0
github.com/niiniyare/erp/internal/core/abac/security_compliance.go:715.2,719.36 3 0
github.com/niiniyare/erp/internal/core/abac/security_compliance.go:719.36,720.49 1 0
github.com/niiniyare/erp/internal/core/abac/security_compliance.go:720.49,722.18 2 0
github.com/niiniyare/erp/internal/core/abac/security_compliance.go:722.18,724.13 2 0
github.com/niiniyare/erp/internal/core/abac/security_compliance.go:726.4,726.35 1 0
github.com/niiniyare/erp/internal/core/abac/security_compliance.go:730.2,737.20 2 0
github.com/niiniyare/erp/internal/core/abac/security_compliance.go:749.38,758.2 3 0
github.com/niiniyare/erp/internal/core/abac/security_compliance.go:760.138,766.16 4 0
github.com/niiniyare/erp/internal/core/abac/security_compliance.go:766.16,768.3 1 0
github.com/niiniyare/erp/internal/core/abac/security_compliance.go:771.2,773.60 2 0
github.com/niiniyare/erp/internal/core/abac/security_compliance.go:773.60,775.17 2 0
github.com/niiniyare/erp/internal/core/abac/security_compliance.go:775.17,777.12 2 0
github.com/niiniyare/erp/internal/core/abac/security_compliance.go:780.3,780.32 1 0
github.com/niiniyare/erp/internal/core/abac/security_compliance.go:784.2,803.24 5 0
github.com/niiniyare/erp/internal/core/abac/security_compliance.go:808.90,814.59 4 0
github.com/niiniyare/erp/internal/core/abac/security_compliance.go:814.59,816.3 1 0
github.com/niiniyare/erp/internal/core/abac/security_compliance.go:819.2,823.59 3 0
github.com/niiniyare/erp/internal/core/abac/security_compliance.go:826.99,832.16 4 0
github.com/niiniyare/erp/internal/core/abac/security_compliance.go:832.16,834.3 1 0
github.com/niiniyare/erp/internal/core/abac/security_compliance.go:837.2,838.33 2 0
github.com/niiniyare/erp/internal/core/abac/security_compliance.go:838.33,840.3 1 0
github.com/niiniyare/erp/internal/core/abac/security_compliance.go:842.2,846.16 3 0
github.com/niiniyare/erp/internal/core/abac/security_compliance.go:846.16,848.3 1 0
github.com/niiniyare/erp/internal/core/abac/security_compliance.go:850.2,850.31 1 0
github.com/niiniyare/erp/internal/core/abac/security_compliance.go:853.55,860.27 4 0
github.com/niiniyare/erp/internal/core/abac/security_compliance.go:860.27,862.3 1 0
github.com/niiniyare/erp/internal/core/abac/security_compliance.go:864.2,864.12 1 0
github.com/niiniyare/erp/internal/core/abac/security_compliance.go:867.42,871.21 3 0
github.com/niiniyare/erp/internal/core/abac/security_compliance.go:871.21,873.3 1 0
github.com/niiniyare/erp/internal/core/abac/security_compliance.go:876.32,878.25 2 0
github.com/niiniyare/erp/internal/core/abac/security_compliance.go:878.25,881.3 2 0
github.com/niiniyare/erp/internal/core/abac/security_compliance.go:883.2,890.31 6 0
github.com/niiniyare/erp/internal/core/abac/security_compliance.go:890.31,892.27 2 0
github.com/niiniyare/erp/internal/core/abac/security_compliance.go:892.27,894.4 1 0
github.com/niiniyare/erp/internal/core/abac/security_compliance.go:895.3,895.30 1 0
github.com/niiniyare/erp/internal/core/abac/security_compliance.go:895.30,897.4 1 0
github.com/niiniyare/erp/internal/core/abac/security_compliance.go:898.3,899.29 2 0
github.com/niiniyare/erp/internal/core/abac/security_compliance.go:899.29,901.4 1 0
github.com/niiniyare/erp/internal/core/abac/security_compliance.go:902.3,902.29 1 0
github.com/niiniyare/erp/internal/core/abac/security_compliance.go:902.29,904.4 1 0
github.com/niiniyare/erp/internal/core/abac/security_compliance.go:906.3,916.58 2 0
github.com/niiniyare/erp/internal/core/abac/security_compliance.go:916.58,918.4 1 0
github.com/niiniyare/erp/internal/core/abac/security_compliance.go:924.96,925.20 1 0
github.com/niiniyare/erp/internal/core/abac/security_compliance.go:925.20,927.3 1 0
github.com/niiniyare/erp/internal/core/abac/security_compliance.go:928.2,928.24 1 0
github.com/niiniyare/erp/internal/core/abac/security_compliance.go:928.24,930.3 1 0
github.com/niiniyare/erp/internal/core/abac/security_compliance.go:931.2,931.12 1 0
github.com/niiniyare/erp/internal/core/abac/security_compliance.go:934.94,936.18 1 0
github.com/niiniyare/erp/internal/core/abac/security_compliance.go:937.30,938.36 1 0
github.com/niiniyare/erp/internal/core/abac/security_compliance.go:939.30,940.37 1 0
github.com/niiniyare/erp/internal/core/abac/security_compliance.go:941.27,942.34 1 0
github.com/niiniyare/erp/internal/core/abac/security_compliance.go:943.32,944.40 1 0
github.com/niiniyare/erp/internal/core/abac/security_compliance.go:945.10,946.34 1 0
github.com/niiniyare/erp/internal/core/abac/security_compliance.go:950.127,951.24 1 0
github.com/niiniyare/erp/internal/core/abac/security_compliance.go:952.89,953.14 1 0
github.com/niiniyare/erp/internal/core/abac/security_compliance.go:954.38,955.44 1 0
github.com/niiniyare/erp/internal/core/abac/security_compliance.go:956.10,957.48 1 0
github.com/niiniyare/erp/internal/core/abac/security_compliance.go:961.116,964.2 1 0
github.com/niiniyare/erp/internal/core/abac/security_compliance.go:966.115,969.2 1 0
github.com/niiniyare/erp/internal/core/abac/security_compliance.go:971.96,974.26 2 0
github.com/niiniyare/erp/internal/core/abac/security_compliance.go:974.26,976.3 1 0
github.com/niiniyare/erp/internal/core/abac/security_compliance.go:977.2,977.24 1 0
github.com/niiniyare/erp/internal/core/abac/security_compliance.go:977.24,979.3 1 0
github.com/niiniyare/erp/internal/core/abac/security_compliance.go:980.2,980.28 1 0
github.com/niiniyare/erp/internal/core/abac/security_compliance.go:980.28,982.3 1 0
github.com/niiniyare/erp/internal/core/abac/security_compliance.go:983.2,983.26 1 0
github.com/niiniyare/erp/internal/core/abac/security_compliance.go:983.26,985.3 1 0
github.com/niiniyare/erp/internal/core/abac/security_compliance.go:986.2,986.24 1 0
github.com/niiniyare/erp/internal/core/abac/security_compliance.go:986.24,988.3 1 0
github.com/niiniyare/erp/internal/core/abac/security_compliance.go:990.2,990.16 1 0
github.com/niiniyare/erp/internal/core/abac/security_compliance.go:993.52,1017.2 3 0
github.com/niiniyare/erp/internal/core/abac/security_compliance.go:1019.99,1024.13 4 0
github.com/niiniyare/erp/internal/core/abac/security_compliance.go:1024.13,1026.3 1 0
github.com/niiniyare/erp/internal/core/abac/security_compliance.go:1028.2,1028.20 1 0
github.com/niiniyare/erp/internal/core/abac/security_compliance.go:1031.104,1034.2 1 0
github.com/niiniyare/erp/internal/core/abac/security_compliance.go:1036.137,1039.2 1 0
github.com/niiniyare/erp/internal/core/abac/security_compliance.go:1041.191,1054.2 1 0
github.com/niiniyare/erp/internal/core/abac/security_compliance.go:1056.158,1059.2 1 0
github.com/niiniyare/erp/internal/core/abac/security_compliance.go:1061.100,1062.21 1 0
github.com/niiniyare/erp/internal/core/abac/security_compliance.go:1062.21,1064.3 1 0
github.com/niiniyare/erp/internal/core/abac/security_compliance.go:1065.2,1065.69 1 0
github.com/niiniyare/erp/internal/core/abac/security_compliance.go:1294.42,1296.2 1 0
github.com/niiniyare/erp/internal/core/abac/security_compliance.go:1332.54,1334.2 1 0
github.com/niiniyare/erp/internal/core/abac/security_compliance.go:1336.116,1338.2 1 0
github.com/niiniyare/erp/internal/core/abac/security_compliance.go:1342.42,1344.2 1 0
github.com/niiniyare/erp/internal/core/abac/security_compliance.go:1346.84,1348.2 1 0
github.com/niiniyare/erp/internal/core/abac/security_compliance.go:1352.42,1354.2 1 0
github.com/niiniyare/erp/internal/core/abac/security_compliance.go:1356.82,1358.2 1 0
github.com/niiniyare/erp/internal/core/abac/security_compliance.go:1380.114,1382.2 1 0
github.com/niiniyare/erp/internal/core/abac/security_compliance.go:1384.101,1386.2 1 0
github.com/niiniyare/erp/internal/core/abac/security_compliance.go:1388.117,1390.2 1 0
github.com/niiniyare/erp/internal/core/abac/security_compliance.go:1392.114,1394.2 1 0
github.com/niiniyare/erp/internal/core/abac/security_compliance.go:1396.54,1396.55 0 0
github.com/niiniyare/erp/internal/core/abac/security_compliance.go:1398.119,1400.2 1 0
github.com/niiniyare/erp/internal/core/abac/security_compliance.go:1402.140,1404.2 1 0
github.com/niiniyare/erp/internal/core/abac/security_compliance.go:1406.147,1408.2 1 0
github.com/niiniyare/erp/internal/core/abac/security_compliance.go:1410.141,1412.2 1 0
github.com/niiniyare/erp/internal/core/abac/security_compliance.go:1414.145,1416.2 1 0
github.com/niiniyare/erp/internal/core/abac/security_compliance.go:1418.145,1420.2 1 0
github.com/niiniyare/erp/internal/core/abac/security_compliance.go:1422.136,1424.2 1 0
github.com/niiniyare/erp/internal/core/abac/security_compliance.go:1426.129,1428.2 1 0
github.com/niiniyare/erp/internal/core/abac/security_compliance.go:1430.49,1430.50 0 0
github.com/niiniyare/erp/internal/core/abac/security_compliance.go:1432.83,1433.9 1 0
github.com/niiniyare/erp/internal/core/abac/security_compliance.go:1434.20,1435.27 1 0
github.com/niiniyare/erp/internal/core/abac/security_compliance.go:1436.20,1437.23 1 0
github.com/niiniyare/erp/internal/core/abac/security_compliance.go:1438.20,1439.25 1 0
github.com/niiniyare/erp/internal/core/abac/security_compliance.go:1440.10,1441.22 1 0
github.com/niiniyare/erp/internal/core/abac/security_compliance.go:1445.138,1447.2 1 0
github.com/niiniyare/erp/internal/core/abac/service.go:77.11,101.2 4 0
github.com/niiniyare/erp/internal/core/abac/service.go:125.130,136.21 5 0
github.com/niiniyare/erp/internal/core/abac/service.go:136.21,138.3 1 0
github.com/niiniyare/erp/internal/core/abac/service.go:140.2,150.16 3 0
github.com/niiniyare/erp/internal/core/abac/service.go:150.16,153.3 2 0
github.com/niiniyare/erp/internal/core/abac/service.go:156.2,163.16 3 0
github.com/niiniyare/erp/internal/core/abac/service.go:163.16,166.3 2 0
github.com/niiniyare/erp/internal/core/abac/service.go:169.2,177.16 3 0
github.com/niiniyare/erp/internal/core/abac/service.go:177.16,180.3 2 0
github.com/niiniyare/erp/internal/core/abac/service.go:183.2,189.63 2 0
github.com/niiniyare/erp/internal/core/abac/service.go:189.63,191.3 1 0
github.com/niiniyare/erp/internal/core/abac/service.go:192.2,192.70 1 0
github.com/niiniyare/erp/internal/core/abac/service.go:192.70,194.3 1 0
github.com/niiniyare/erp/internal/core/abac/service.go:196.2,197.16 2 0
github.com/niiniyare/erp/internal/core/abac/service.go:197.16,200.3 2 0
github.com/niiniyare/erp/internal/core/abac/service.go:203.2,206.41 2 0
github.com/niiniyare/erp/internal/core/abac/service.go:206.41,208.3 1 0
github.com/niiniyare/erp/internal/core/abac/service.go:211.2,211.45 1 0
github.com/niiniyare/erp/internal/core/abac/service.go:211.45,213.3 1 0
github.com/niiniyare/erp/internal/core/abac/service.go:216.2,216.39 1 0
github.com/niiniyare/erp/internal/core/abac/service.go:216.39,218.3 1 0
github.com/niiniyare/erp/internal/core/abac/service.go:221.2,221.32 1 0
github.com/niiniyare/erp/internal/core/abac/service.go:221.32,223.3 1 0
github.com/niiniyare/erp/internal/core/abac/service.go:226.2,242.16 6 0
github.com/niiniyare/erp/internal/core/abac/service.go:242.16,245.3 2 0
github.com/niiniyare/erp/internal/core/abac/service.go:247.2,278.20 7 0
github.com/niiniyare/erp/internal/core/abac/service.go:300.143,309.21 5 0
github.com/niiniyare/erp/internal/core/abac/service.go:309.21,311.3 1 0
github.com/niiniyare/erp/internal/core/abac/service.go:313.2,324.39 5 0
github.com/niiniyare/erp/internal/core/abac/service.go:324.39,328.17 3 0
github.com/niiniyare/erp/internal/core/abac/service.go:328.17,349.4 3 0
github.com/niiniyare/erp/internal/core/abac/service.go:349.9,352.4 2 0
github.com/niiniyare/erp/internal/core/abac/service.go:355.2,389.20 8 0
github.com/niiniyare/erp/internal/core/abac/service.go:398.102,407.21 5 0
github.com/niiniyare/erp/internal/core/abac/service.go:407.21,409.3 1 0
github.com/niiniyare/erp/internal/core/abac/service.go:411.2,419.16 3 0
github.com/niiniyare/erp/internal/core/abac/service.go:419.16,423.3 3 0
github.com/niiniyare/erp/internal/core/abac/service.go:434.2,457.20 6 0
github.com/niiniyare/erp/internal/core/abac/service.go:470.142,485.16 5 0
github.com/niiniyare/erp/internal/core/abac/service.go:485.16,489.3 3 0
github.com/niiniyare/erp/internal/core/abac/service.go:491.2,492.33 2 0
github.com/niiniyare/erp/internal/core/abac/service.go:492.33,494.3 1 0
github.com/niiniyare/erp/internal/core/abac/service.go:498.2,519.20 6 0
github.com/niiniyare/erp/internal/core/abac/service.go:532.126,547.16 5 0
github.com/niiniyare/erp/internal/core/abac/service.go:547.16,551.3 3 0
github.com/niiniyare/erp/internal/core/abac/service.go:553.2,554.33 2 0
github.com/niiniyare/erp/internal/core/abac/service.go:554.33,556.3 1 0
github.com/niiniyare/erp/internal/core/abac/service.go:560.2,561.29 2 0
github.com/niiniyare/erp/internal/core/abac/service.go:561.29,563.3 1 0
github.com/niiniyare/erp/internal/core/abac/service.go:565.2,584.20 5 0
github.com/niiniyare/erp/internal/core/abac/service.go:588.84,601.16 5 0
github.com/niiniyare/erp/internal/core/abac/service.go:601.16,605.3 3 0
github.com/niiniyare/erp/internal/core/abac/service.go:607.2,610.12 3 0
github.com/niiniyare/erp/internal/core/abac/service.go:614.91,627.16 5 0
github.com/niiniyare/erp/internal/core/abac/service.go:627.16,631.3 3 0
github.com/niiniyare/erp/internal/core/abac/service.go:633.2,636.12 3 0
github.com/niiniyare/erp/internal/core/abac/service.go:656.100,665.16 5 0
github.com/niiniyare/erp/internal/core/abac/service.go:665.16,669.3 3 0
github.com/niiniyare/erp/internal/core/abac/service.go:671.2,671.19 1 0
github.com/niiniyare/erp/internal/core/abac/service.go:675.121,699.16 6 0
github.com/niiniyare/erp/internal/core/abac/service.go:699.16,703.3 3 0
github.com/niiniyare/erp/internal/core/abac/service.go:706.2,707.41 2 0
github.com/niiniyare/erp/internal/core/abac/service.go:707.41,709.35 2 0
github.com/niiniyare/erp/internal/core/abac/service.go:709.35,711.4 1 0
github.com/niiniyare/erp/internal/core/abac/service.go:713.3,714.41 2 0
github.com/niiniyare/erp/internal/core/abac/service.go:714.41,716.4 1 0
github.com/niiniyare/erp/internal/core/abac/service.go:718.3,731.4 1 0
github.com/niiniyare/erp/internal/core/abac/service.go:734.2,744.20 4 0
github.com/niiniyare/erp/internal/core/abac/service.go:750.68,754.2 1 0
github.com/niiniyare/erp/internal/core/abac/service.go:757.75,761.2 1 0
github.com/niiniyare/erp/internal/core/abac/service.go:764.173,775.2 4 0
github.com/niiniyare/erp/internal/core/abac/service.go:778.175,793.2 1 0
github.com/niiniyare/erp/internal/core/abac/service_mock.go:34.59,38.2 3 0
github.com/niiniyare/erp/internal/core/abac/service_mock.go:41.57,43.2 1 0
github.com/niiniyare/erp/internal/core/abac/service_mock.go:46.147,52.2 5 0
github.com/niiniyare/erp/internal/core/abac/service_mock.go:55.87,58.2 2 0
github.com/niiniyare/erp/internal/core/abac/service_mock.go:61.130,67.2 5 0
github.com/niiniyare/erp/internal/core/abac/service_mock.go:70.99,73.2 2 0
github.com/niiniyare/erp/internal/core/abac/service_mock.go:76.134,82.2 5 0
github.com/niiniyare/erp/internal/core/abac/service_mock.go:85.82,88.2 2 0
github.com/niiniyare/erp/internal/core/abac/service_mock.go:91.104,97.2 5 0
github.com/niiniyare/erp/internal/core/abac/service_mock.go:100.77,103.2 2 0
github.com/niiniyare/erp/internal/core/abac/service_mock.go:106.125,112.2 5 0
github.com/niiniyare/erp/internal/core/abac/service_mock.go:115.92,118.2 2 0
github.com/niiniyare/erp/internal/core/abac/service_mock.go:121.146,127.2 5 0
github.com/niiniyare/erp/internal/core/abac/service_mock.go:130.104,133.2 2 0
github.com/niiniyare/erp/internal/core/abac/service_mock.go:136.95,141.2 4 0
github.com/niiniyare/erp/internal/core/abac/service_mock.go:144.91,147.2 2 0
github.com/niiniyare/erp/internal/core/abac/service_mock.go:150.88,155.2 4 0
github.com/niiniyare/erp/internal/core/abac/service_mock.go:158.86,161.2 2 0
github.com/niiniyare/erp/internal/core/abac/service_mock.go:164.106,170.2 5 0
github.com/niiniyare/erp/internal/core/abac/service_mock.go:173.74,176.2 2 0
github.com/niiniyare/erp/internal/core/abac/temporal_service.go:57.19,65.2 1 0
github.com/niiniyare/erp/internal/core/abac/temporal_service.go:77.138,87.21 4 0
github.com/niiniyare/erp/internal/core/abac/temporal_service.go:87.21,89.3 1 0
github.com/niiniyare/erp/internal/core/abac/temporal_service.go:91.2,120.16 5 0
github.com/niiniyare/erp/internal/core/abac/temporal_service.go:120.16,124.3 3 0
github.com/niiniyare/erp/internal/core/abac/temporal_service.go:126.2,133.8 2 0
github.com/niiniyare/erp/internal/core/abac/temporal_service.go:147.151,155.21 4 0
github.com/niiniyare/erp/internal/core/abac/temporal_service.go:155.21,157.3 1 0
github.com/niiniyare/erp/internal/core/abac/temporal_service.go:159.2,170.39 4 0
github.com/niiniyare/erp/internal/core/abac/temporal_service.go:170.39,180.3 1 0
github.com/niiniyare/erp/internal/core/abac/temporal_service.go:182.2,192.16 3 0
github.com/niiniyare/erp/internal/core/abac/temporal_service.go:192.16,196.3 3 0
github.com/niiniyare/erp/internal/core/abac/temporal_service.go:198.2,206.8 2 0
github.com/niiniyare/erp/internal/core/abac/temporal_service.go:227.97,249.16 8 0
github.com/niiniyare/erp/internal/core/abac/temporal_service.go:249.16,253.3 3 0
github.com/niiniyare/erp/internal/core/abac/temporal_service.go:255.2,262.8 2 0
github.com/niiniyare/erp/internal/core/abac/temporal_service.go:266.126,285.33 7 0
github.com/niiniyare/erp/internal/core/abac/temporal_service.go:285.33,288.41 2 0
github.com/niiniyare/erp/internal/core/abac/temporal_service.go:288.41,290.4 1 0
github.com/niiniyare/erp/internal/core/abac/temporal_service.go:292.3,298.4 1 0
github.com/niiniyare/erp/internal/core/abac/temporal_service.go:301.2,307.16 3 0
github.com/niiniyare/erp/internal/core/abac/temporal_service.go:307.16,311.3 3 0
github.com/niiniyare/erp/internal/core/abac/temporal_service.go:313.2,320.8 2 0
github.com/niiniyare/erp/internal/core/abac/temporal_service.go:334.131,361.16 9 0
github.com/niiniyare/erp/internal/core/abac/temporal_service.go:361.16,365.3 3 0
github.com/niiniyare/erp/internal/core/abac/temporal_service.go:367.2,374.8 2 0
github.com/niiniyare/erp/internal/core/abac/temporal_service.go:389.110,404.16 6 0
github.com/niiniyare/erp/internal/core/abac/temporal_service.go:404.16,407.3 2 0
github.com/niiniyare/erp/internal/core/abac/temporal_service.go:409.2,416.49 2 0
github.com/niiniyare/erp/internal/core/abac/temporal_service.go:416.49,419.3 2 0
github.com/niiniyare/erp/internal/core/abac/temporal_service.go:422.2,422.63 1 0
github.com/niiniyare/erp/internal/core/abac/temporal_service.go:422.63,425.17 3 0
github.com/niiniyare/erp/internal/core/abac/temporal_service.go:425.17,427.4 1 0
github.com/niiniyare/erp/internal/core/abac/temporal_service.go:427.9,429.4 1 0
github.com/niiniyare/erp/internal/core/abac/temporal_service.go:432.2,432.20 1 0
github.com/niiniyare/erp/internal/core/abac/temporal_service.go:436.88,450.16 5 0
github.com/niiniyare/erp/internal/core/abac/temporal_service.go:450.16,454.3 3 0
github.com/niiniyare/erp/internal/core/abac/temporal_service.go:456.2,462.12 3 0
