mode: set
github.com/niiniyare/erp/web/components/atoms/accessibility.go:274.67,278.23 2 1
github.com/niiniyare/erp/web/components/atoms/accessibility.go:278.23,280.3 1 1
github.com/niiniyare/erp/web/components/atoms/accessibility.go:281.2,281.28 1 1
github.com/niiniyare/erp/web/components/atoms/accessibility.go:281.28,283.3 1 0
github.com/niiniyare/erp/web/components/atoms/accessibility.go:284.2,284.29 1 1
github.com/niiniyare/erp/web/components/atoms/accessibility.go:284.29,286.3 1 0
github.com/niiniyare/erp/web/components/atoms/accessibility.go:287.2,287.25 1 1
github.com/niiniyare/erp/web/components/atoms/accessibility.go:287.25,289.3 1 0
github.com/niiniyare/erp/web/components/atoms/accessibility.go:290.2,290.29 1 1
github.com/niiniyare/erp/web/components/atoms/accessibility.go:290.29,292.3 1 0
github.com/niiniyare/erp/web/components/atoms/accessibility.go:293.2,293.33 1 1
github.com/niiniyare/erp/web/components/atoms/accessibility.go:293.33,295.3 1 0
github.com/niiniyare/erp/web/components/atoms/accessibility.go:298.2,298.18 1 1
github.com/niiniyare/erp/web/components/atoms/accessibility.go:298.18,300.3 1 0
github.com/niiniyare/erp/web/components/atoms/accessibility.go:303.2,303.20 1 1
github.com/niiniyare/erp/web/components/atoms/accessibility.go:303.20,305.3 1 1
github.com/niiniyare/erp/web/components/atoms/accessibility.go:306.2,306.19 1 1
github.com/niiniyare/erp/web/components/atoms/accessibility.go:306.19,308.3 1 0
github.com/niiniyare/erp/web/components/atoms/accessibility.go:309.2,309.20 1 1
github.com/niiniyare/erp/web/components/atoms/accessibility.go:309.20,311.3 1 0
github.com/niiniyare/erp/web/components/atoms/accessibility.go:312.2,312.20 1 1
github.com/niiniyare/erp/web/components/atoms/accessibility.go:312.20,314.3 1 0
github.com/niiniyare/erp/web/components/atoms/accessibility.go:315.2,315.18 1 1
github.com/niiniyare/erp/web/components/atoms/accessibility.go:315.18,317.3 1 0
github.com/niiniyare/erp/web/components/atoms/accessibility.go:318.2,318.16 1 1
github.com/niiniyare/erp/web/components/atoms/accessibility.go:318.16,320.3 1 0
github.com/niiniyare/erp/web/components/atoms/accessibility.go:321.2,321.17 1 1
github.com/niiniyare/erp/web/components/atoms/accessibility.go:321.17,323.3 1 0
github.com/niiniyare/erp/web/components/atoms/accessibility.go:324.2,324.21 1 1
github.com/niiniyare/erp/web/components/atoms/accessibility.go:324.21,326.3 1 0
github.com/niiniyare/erp/web/components/atoms/accessibility.go:327.2,327.27 1 1
github.com/niiniyare/erp/web/components/atoms/accessibility.go:327.27,329.3 1 0
github.com/niiniyare/erp/web/components/atoms/accessibility.go:330.2,330.18 1 1
github.com/niiniyare/erp/web/components/atoms/accessibility.go:330.18,332.3 1 0
github.com/niiniyare/erp/web/components/atoms/accessibility.go:335.2,335.27 1 1
github.com/niiniyare/erp/web/components/atoms/accessibility.go:335.27,337.3 1 0
github.com/niiniyare/erp/web/components/atoms/accessibility.go:338.2,338.26 1 1
github.com/niiniyare/erp/web/components/atoms/accessibility.go:338.26,340.3 1 0
github.com/niiniyare/erp/web/components/atoms/accessibility.go:341.2,341.27 1 1
github.com/niiniyare/erp/web/components/atoms/accessibility.go:341.27,343.3 1 0
github.com/niiniyare/erp/web/components/atoms/accessibility.go:346.2,346.25 1 1
github.com/niiniyare/erp/web/components/atoms/accessibility.go:346.25,348.3 1 0
github.com/niiniyare/erp/web/components/atoms/accessibility.go:349.2,349.25 1 1
github.com/niiniyare/erp/web/components/atoms/accessibility.go:349.25,351.3 1 0
github.com/niiniyare/erp/web/components/atoms/accessibility.go:352.2,352.30 1 1
github.com/niiniyare/erp/web/components/atoms/accessibility.go:352.30,354.3 1 0
github.com/niiniyare/erp/web/components/atoms/accessibility.go:355.2,355.26 1 1
github.com/niiniyare/erp/web/components/atoms/accessibility.go:355.26,357.3 1 0
github.com/niiniyare/erp/web/components/atoms/accessibility.go:358.2,358.29 1 1
github.com/niiniyare/erp/web/components/atoms/accessibility.go:358.29,360.3 1 0
github.com/niiniyare/erp/web/components/atoms/accessibility.go:361.2,361.22 1 1
github.com/niiniyare/erp/web/components/atoms/accessibility.go:361.22,363.3 1 0
github.com/niiniyare/erp/web/components/atoms/accessibility.go:366.2,366.26 1 1
github.com/niiniyare/erp/web/components/atoms/accessibility.go:366.26,368.3 1 0
github.com/niiniyare/erp/web/components/atoms/accessibility.go:369.2,369.22 1 1
github.com/niiniyare/erp/web/components/atoms/accessibility.go:369.22,371.3 1 0
github.com/niiniyare/erp/web/components/atoms/accessibility.go:372.2,372.34 1 1
github.com/niiniyare/erp/web/components/atoms/accessibility.go:372.34,374.3 1 0
github.com/niiniyare/erp/web/components/atoms/accessibility.go:375.2,375.24 1 1
github.com/niiniyare/erp/web/components/atoms/accessibility.go:375.24,377.3 1 0
github.com/niiniyare/erp/web/components/atoms/accessibility.go:378.2,378.30 1 1
github.com/niiniyare/erp/web/components/atoms/accessibility.go:378.30,380.3 1 0
github.com/niiniyare/erp/web/components/atoms/accessibility.go:383.2,383.22 1 1
github.com/niiniyare/erp/web/components/atoms/accessibility.go:383.22,385.3 1 0
github.com/niiniyare/erp/web/components/atoms/accessibility.go:386.2,386.26 1 1
github.com/niiniyare/erp/web/components/atoms/accessibility.go:386.26,388.3 1 0
github.com/niiniyare/erp/web/components/atoms/accessibility.go:391.2,391.27 1 1
github.com/niiniyare/erp/web/components/atoms/accessibility.go:391.27,393.3 1 0
github.com/niiniyare/erp/web/components/atoms/accessibility.go:394.2,394.27 1 1
github.com/niiniyare/erp/web/components/atoms/accessibility.go:394.27,396.3 1 0
github.com/niiniyare/erp/web/components/atoms/accessibility.go:397.2,397.27 1 1
github.com/niiniyare/erp/web/components/atoms/accessibility.go:397.27,399.3 1 0
github.com/niiniyare/erp/web/components/atoms/accessibility.go:400.2,400.27 1 1
github.com/niiniyare/erp/web/components/atoms/accessibility.go:400.27,402.3 1 0
github.com/niiniyare/erp/web/components/atoms/accessibility.go:405.2,405.24 1 1
github.com/niiniyare/erp/web/components/atoms/accessibility.go:405.24,407.3 1 0
github.com/niiniyare/erp/web/components/atoms/accessibility.go:408.2,408.26 1 1
github.com/niiniyare/erp/web/components/atoms/accessibility.go:408.26,410.3 1 0
github.com/niiniyare/erp/web/components/atoms/accessibility.go:411.2,411.27 1 1
github.com/niiniyare/erp/web/components/atoms/accessibility.go:411.27,413.3 1 0
github.com/niiniyare/erp/web/components/atoms/accessibility.go:416.2,416.30 1 1
github.com/niiniyare/erp/web/components/atoms/accessibility.go:416.30,418.3 1 0
github.com/niiniyare/erp/web/components/atoms/accessibility.go:420.2,420.14 1 1
github.com/niiniyare/erp/web/components/atoms/accessibility.go:432.49,434.2 1 0
github.com/niiniyare/erp/web/components/atoms/accessibility.go:445.50,447.20 1 0
github.com/niiniyare/erp/web/components/atoms/accessibility.go:447.20,449.3 1 0
github.com/niiniyare/erp/web/components/atoms/accessibility.go:454.2,462.33 2 0
github.com/niiniyare/erp/web/components/atoms/accessibility.go:474.50,476.2 1 0
github.com/niiniyare/erp/web/components/atoms/accessibility.go:486.49,488.2 1 0
github.com/niiniyare/erp/web/components/atoms/accessibility.go:499.47,501.2 1 0
github.com/niiniyare/erp/web/components/atoms/accessibility.go:512.49,514.2 1 0
github.com/niiniyare/erp/web/components/atoms/accessibility.go:525.50,527.2 1 0
github.com/niiniyare/erp/web/components/atoms/accessibility.go:538.58,539.77 1 0
github.com/niiniyare/erp/web/components/atoms/accessibility.go:539.77,541.3 1 0
github.com/niiniyare/erp/web/components/atoms/accessibility.go:543.2,544.21 2 0
github.com/niiniyare/erp/web/components/atoms/accessibility.go:544.21,546.3 1 0
github.com/niiniyare/erp/web/components/atoms/accessibility.go:548.2,551.20 2 0
github.com/niiniyare/erp/web/components/atoms/accessibility.go:551.20,553.3 1 0
github.com/niiniyare/erp/web/components/atoms/accessibility.go:554.2,554.22 1 0
github.com/niiniyare/erp/web/components/atoms/accessibility.go:554.22,556.3 1 0
github.com/niiniyare/erp/web/components/atoms/accessibility.go:558.2,558.19 1 0
github.com/niiniyare/erp/web/components/atoms/accessibility.go:568.57,570.2 1 0
github.com/niiniyare/erp/web/components/atoms/accessibility.go:578.55,580.2 1 0
github.com/niiniyare/erp/web/components/atoms/accessibility.go:588.57,590.2 1 0
github.com/niiniyare/erp/web/components/atoms/accessibility.go:600.67,604.2 3 0
github.com/niiniyare/erp/web/components/atoms/accessibility.go:612.68,615.2 2 0
github.com/niiniyare/erp/web/components/atoms/accessibility.go:626.46,628.47 1 0
github.com/niiniyare/erp/web/components/atoms/accessibility.go:628.47,630.3 1 0
github.com/niiniyare/erp/web/components/atoms/accessibility.go:633.2,633.77 1 0
github.com/niiniyare/erp/web/components/atoms/accessibility.go:633.77,634.40 1 0
github.com/niiniyare/erp/web/components/atoms/accessibility.go:634.40,637.4 1 0
github.com/niiniyare/erp/web/components/atoms/accessibility.go:638.3,638.77 1 0
github.com/niiniyare/erp/web/components/atoms/accessibility.go:638.77,641.4 1 0
github.com/niiniyare/erp/web/components/atoms/accessibility.go:645.2,645.51 1 0
github.com/niiniyare/erp/web/components/atoms/accessibility.go:645.51,646.26 1 0
github.com/niiniyare/erp/web/components/atoms/accessibility.go:646.26,648.4 1 0
github.com/niiniyare/erp/web/components/atoms/accessibility.go:649.3,649.25 1 0
github.com/niiniyare/erp/web/components/atoms/accessibility.go:649.25,651.4 1 0
github.com/niiniyare/erp/web/components/atoms/accessibility.go:652.3,652.39 1 0
github.com/niiniyare/erp/web/components/atoms/accessibility.go:652.39,655.4 1 0
github.com/niiniyare/erp/web/components/atoms/accessibility.go:659.2,659.44 1 0
github.com/niiniyare/erp/web/components/atoms/accessibility.go:659.44,661.3 1 0
github.com/niiniyare/erp/web/components/atoms/accessibility.go:664.2,664.108 1 0
github.com/niiniyare/erp/web/components/atoms/accessibility.go:664.108,666.3 1 0
github.com/niiniyare/erp/web/components/atoms/accessibility.go:668.2,668.25 1 0
github.com/niiniyare/erp/web/components/atoms/accessibility.go:668.25,672.35 2 0
github.com/niiniyare/erp/web/components/atoms/accessibility.go:672.35,674.4 1 0
github.com/niiniyare/erp/web/components/atoms/accessibility.go:677.2,677.30 1 0
github.com/niiniyare/erp/web/components/atoms/accessibility.go:677.30,679.45 2 0
github.com/niiniyare/erp/web/components/atoms/accessibility.go:679.45,681.4 1 0
github.com/niiniyare/erp/web/components/atoms/accessibility.go:684.2,684.22 1 0
github.com/niiniyare/erp/web/components/atoms/accessibility.go:684.22,686.29 2 0
github.com/niiniyare/erp/web/components/atoms/accessibility.go:686.29,688.4 1 0
github.com/niiniyare/erp/web/components/atoms/accessibility.go:691.2,691.12 1 0
github.com/niiniyare/erp/web/components/atoms/accessibility.go:699.34,700.7 1 0
github.com/niiniyare/erp/web/components/atoms/accessibility.go:700.7,702.3 1 0
github.com/niiniyare/erp/web/components/atoms/accessibility.go:703.2,703.16 1 0
github.com/niiniyare/erp/web/components/atoms/accessibility.go:707.32,709.2 1 0
github.com/niiniyare/erp/web/components/atoms/accessibility.go:713.38,715.28 1 0
github.com/niiniyare/erp/web/components/atoms/accessibility.go:715.28,717.3 1 0
github.com/niiniyare/erp/web/components/atoms/accessibility.go:718.2,718.29 1 0
github.com/niiniyare/erp/web/components/atoms/accessibility.go:731.50,733.2 1 0
github.com/niiniyare/erp/web/components/atoms/accessibility.go:741.55,747.2 1 0
github.com/niiniyare/erp/web/components/atoms/accessibility.go:755.67,762.2 1 0
github.com/niiniyare/erp/web/components/atoms/accessibility.go:770.77,775.2 1 0
github.com/niiniyare/erp/web/components/atoms/accessibility.go:783.87,791.2 1 0
github.com/niiniyare/erp/web/components/atoms/action_templ.go:93.56,105.2 1 1
github.com/niiniyare/erp/web/components/atoms/action_templ.go:108.49,113.2 4 1
github.com/niiniyare/erp/web/components/atoms/action_templ.go:116.50,121.2 4 1
github.com/niiniyare/erp/web/components/atoms/action_templ.go:124.49,130.2 5 1
github.com/niiniyare/erp/web/components/atoms/action_templ.go:133.60,139.2 5 1
github.com/niiniyare/erp/web/components/atoms/action_templ.go:142.48,147.2 4 1
github.com/niiniyare/erp/web/components/atoms/action_templ.go:150.56,156.2 5 1
github.com/niiniyare/erp/web/components/atoms/action_templ.go:164.48,165.131 1 1
github.com/niiniyare/erp/web/components/atoms/action_templ.go:165.131,167.71 2 1
github.com/niiniyare/erp/web/components/atoms/action_templ.go:167.71,169.4 1 0
github.com/niiniyare/erp/web/components/atoms/action_templ.go:170.3,171.31 2 1
github.com/niiniyare/erp/web/components/atoms/action_templ.go:171.31,172.17 1 1
github.com/niiniyare/erp/web/components/atoms/action_templ.go:172.17,174.34 2 1
github.com/niiniyare/erp/web/components/atoms/action_templ.go:174.34,176.6 1 1
github.com/niiniyare/erp/web/components/atoms/action_templ.go:179.3,181.33 3 1
github.com/niiniyare/erp/web/components/atoms/action_templ.go:181.33,183.4 1 0
github.com/niiniyare/erp/web/components/atoms/action_templ.go:184.3,185.24 2 1
github.com/niiniyare/erp/web/components/atoms/action_templ.go:186.12,188.33 2 1
github.com/niiniyare/erp/web/components/atoms/action_templ.go:188.33,190.5 1 0
github.com/niiniyare/erp/web/components/atoms/action_templ.go:191.4,192.33 2 1
github.com/niiniyare/erp/web/components/atoms/action_templ.go:192.33,194.5 1 0
github.com/niiniyare/erp/web/components/atoms/action_templ.go:195.4,196.33 2 1
github.com/niiniyare/erp/web/components/atoms/action_templ.go:196.33,198.5 1 0
github.com/niiniyare/erp/web/components/atoms/action_templ.go:199.4,200.33 2 1
github.com/niiniyare/erp/web/components/atoms/action_templ.go:200.33,202.5 1 0
github.com/niiniyare/erp/web/components/atoms/action_templ.go:203.4,204.33 2 1
github.com/niiniyare/erp/web/components/atoms/action_templ.go:204.33,206.5 1 0
github.com/niiniyare/erp/web/components/atoms/action_templ.go:207.14,209.33 2 0
github.com/niiniyare/erp/web/components/atoms/action_templ.go:209.33,211.5 1 0
github.com/niiniyare/erp/web/components/atoms/action_templ.go:212.4,213.33 2 0
github.com/niiniyare/erp/web/components/atoms/action_templ.go:213.33,215.5 1 0
github.com/niiniyare/erp/web/components/atoms/action_templ.go:216.4,217.33 2 0
github.com/niiniyare/erp/web/components/atoms/action_templ.go:217.33,219.5 1 0
github.com/niiniyare/erp/web/components/atoms/action_templ.go:220.4,221.33 2 0
github.com/niiniyare/erp/web/components/atoms/action_templ.go:221.33,223.5 1 0
github.com/niiniyare/erp/web/components/atoms/action_templ.go:224.4,225.33 2 0
github.com/niiniyare/erp/web/components/atoms/action_templ.go:225.33,227.5 1 0
github.com/niiniyare/erp/web/components/atoms/action_templ.go:228.15,230.33 2 0
github.com/niiniyare/erp/web/components/atoms/action_templ.go:230.33,232.5 1 0
github.com/niiniyare/erp/web/components/atoms/action_templ.go:233.4,234.33 2 0
github.com/niiniyare/erp/web/components/atoms/action_templ.go:234.33,236.5 1 0
github.com/niiniyare/erp/web/components/atoms/action_templ.go:237.4,238.33 2 0
github.com/niiniyare/erp/web/components/atoms/action_templ.go:238.33,240.5 1 0
github.com/niiniyare/erp/web/components/atoms/action_templ.go:241.4,242.33 2 0
github.com/niiniyare/erp/web/components/atoms/action_templ.go:242.33,244.5 1 0
github.com/niiniyare/erp/web/components/atoms/action_templ.go:245.4,246.33 2 0
github.com/niiniyare/erp/web/components/atoms/action_templ.go:246.33,248.5 1 0
github.com/niiniyare/erp/web/components/atoms/action_templ.go:249.11,251.33 2 1
github.com/niiniyare/erp/web/components/atoms/action_templ.go:251.33,253.5 1 0
github.com/niiniyare/erp/web/components/atoms/action_templ.go:254.4,255.33 2 1
github.com/niiniyare/erp/web/components/atoms/action_templ.go:255.33,257.5 1 0
github.com/niiniyare/erp/web/components/atoms/action_templ.go:258.4,259.33 2 1
github.com/niiniyare/erp/web/components/atoms/action_templ.go:259.33,261.5 1 0
github.com/niiniyare/erp/web/components/atoms/action_templ.go:262.4,263.33 2 1
github.com/niiniyare/erp/web/components/atoms/action_templ.go:263.33,265.5 1 0
github.com/niiniyare/erp/web/components/atoms/action_templ.go:266.4,267.33 2 1
github.com/niiniyare/erp/web/components/atoms/action_templ.go:267.33,269.5 1 0
github.com/niiniyare/erp/web/components/atoms/action_templ.go:271.3,271.13 1 1
github.com/niiniyare/erp/web/components/atoms/action_templ.go:276.55,277.131 1 1
github.com/niiniyare/erp/web/components/atoms/action_templ.go:277.131,279.71 2 1
github.com/niiniyare/erp/web/components/atoms/action_templ.go:279.71,281.4 1 0
github.com/niiniyare/erp/web/components/atoms/action_templ.go:282.3,283.31 2 1
github.com/niiniyare/erp/web/components/atoms/action_templ.go:283.31,284.17 1 0
github.com/niiniyare/erp/web/components/atoms/action_templ.go:284.17,286.34 2 0
github.com/niiniyare/erp/web/components/atoms/action_templ.go:286.34,288.6 1 0
github.com/niiniyare/erp/web/components/atoms/action_templ.go:291.3,293.33 3 1
github.com/niiniyare/erp/web/components/atoms/action_templ.go:293.33,295.4 1 0
github.com/niiniyare/erp/web/components/atoms/action_templ.go:296.3,297.20 2 1
github.com/niiniyare/erp/web/components/atoms/action_templ.go:297.20,299.33 2 0
github.com/niiniyare/erp/web/components/atoms/action_templ.go:299.33,301.5 1 0
github.com/niiniyare/erp/web/components/atoms/action_templ.go:302.9,304.33 2 1
github.com/niiniyare/erp/web/components/atoms/action_templ.go:304.33,306.5 1 0
github.com/niiniyare/erp/web/components/atoms/action_templ.go:307.4,307.64 1 1
github.com/niiniyare/erp/web/components/atoms/action_templ.go:307.64,309.34 2 0
github.com/niiniyare/erp/web/components/atoms/action_templ.go:309.34,311.6 1 0
github.com/niiniyare/erp/web/components/atoms/action_templ.go:313.4,314.33 2 1
github.com/niiniyare/erp/web/components/atoms/action_templ.go:314.33,316.5 1 0
github.com/niiniyare/erp/web/components/atoms/action_templ.go:317.4,317.25 1 1
github.com/niiniyare/erp/web/components/atoms/action_templ.go:317.25,319.34 2 1
github.com/niiniyare/erp/web/components/atoms/action_templ.go:319.34,321.6 1 0
github.com/niiniyare/erp/web/components/atoms/action_templ.go:322.5,324.34 3 1
github.com/niiniyare/erp/web/components/atoms/action_templ.go:324.34,326.6 1 0
github.com/niiniyare/erp/web/components/atoms/action_templ.go:327.5,328.34 2 1
github.com/niiniyare/erp/web/components/atoms/action_templ.go:328.34,330.6 1 0
github.com/niiniyare/erp/web/components/atoms/action_templ.go:331.5,332.34 2 1
github.com/niiniyare/erp/web/components/atoms/action_templ.go:332.34,334.6 1 0
github.com/niiniyare/erp/web/components/atoms/action_templ.go:336.4,337.33 2 1
github.com/niiniyare/erp/web/components/atoms/action_templ.go:337.33,339.5 1 0
github.com/niiniyare/erp/web/components/atoms/action_templ.go:340.4,340.65 1 1
github.com/niiniyare/erp/web/components/atoms/action_templ.go:340.65,342.34 2 0
github.com/niiniyare/erp/web/components/atoms/action_templ.go:342.34,344.6 1 0
github.com/niiniyare/erp/web/components/atoms/action_templ.go:346.4,347.33 2 1
github.com/niiniyare/erp/web/components/atoms/action_templ.go:347.33,349.5 1 0
github.com/niiniyare/erp/web/components/atoms/action_templ.go:350.4,350.29 1 1
github.com/niiniyare/erp/web/components/atoms/action_templ.go:350.29,351.42 1 0
github.com/niiniyare/erp/web/components/atoms/action_templ.go:351.42,353.35 2 0
github.com/niiniyare/erp/web/components/atoms/action_templ.go:353.35,355.7 1 0
github.com/niiniyare/erp/web/components/atoms/action_templ.go:359.3,359.13 1 1
github.com/niiniyare/erp/web/components/atoms/action_templ.go:364.62,365.131 1 0
github.com/niiniyare/erp/web/components/atoms/action_templ.go:365.131,367.71 2 0
github.com/niiniyare/erp/web/components/atoms/action_templ.go:367.71,369.4 1 0
github.com/niiniyare/erp/web/components/atoms/action_templ.go:370.3,371.31 2 0
github.com/niiniyare/erp/web/components/atoms/action_templ.go:371.31,372.17 1 0
github.com/niiniyare/erp/web/components/atoms/action_templ.go:372.17,374.34 2 0
github.com/niiniyare/erp/web/components/atoms/action_templ.go:374.34,376.6 1 0
github.com/niiniyare/erp/web/components/atoms/action_templ.go:379.3,381.33 3 0
github.com/niiniyare/erp/web/components/atoms/action_templ.go:381.33,383.4 1 0
github.com/niiniyare/erp/web/components/atoms/action_templ.go:384.3,386.32 3 0
github.com/niiniyare/erp/web/components/atoms/action_templ.go:386.32,388.4 1 0
github.com/niiniyare/erp/web/components/atoms/action_templ.go:389.3,394.32 2 0
github.com/niiniyare/erp/web/components/atoms/action_templ.go:394.32,396.4 1 0
github.com/niiniyare/erp/web/components/atoms/action_templ.go:397.3,397.30 1 0
github.com/niiniyare/erp/web/components/atoms/action_templ.go:397.30,399.33 2 0
github.com/niiniyare/erp/web/components/atoms/action_templ.go:399.33,401.5 1 0
github.com/niiniyare/erp/web/components/atoms/action_templ.go:402.4,404.33 3 0
github.com/niiniyare/erp/web/components/atoms/action_templ.go:404.33,406.5 1 0
github.com/niiniyare/erp/web/components/atoms/action_templ.go:407.4,408.33 2 0
github.com/niiniyare/erp/web/components/atoms/action_templ.go:408.33,410.5 1 0
github.com/niiniyare/erp/web/components/atoms/action_templ.go:411.4,412.33 2 0
github.com/niiniyare/erp/web/components/atoms/action_templ.go:412.33,414.5 1 0
github.com/niiniyare/erp/web/components/atoms/action_templ.go:415.9,415.31 1 0
github.com/niiniyare/erp/web/components/atoms/action_templ.go:415.31,417.33 2 0
github.com/niiniyare/erp/web/components/atoms/action_templ.go:417.33,419.5 1 0
github.com/niiniyare/erp/web/components/atoms/action_templ.go:420.4,422.33 3 0
github.com/niiniyare/erp/web/components/atoms/action_templ.go:422.33,424.5 1 0
github.com/niiniyare/erp/web/components/atoms/action_templ.go:425.4,426.33 2 0
github.com/niiniyare/erp/web/components/atoms/action_templ.go:426.33,428.5 1 0
github.com/niiniyare/erp/web/components/atoms/action_templ.go:429.4,430.33 2 0
github.com/niiniyare/erp/web/components/atoms/action_templ.go:430.33,432.5 1 0
github.com/niiniyare/erp/web/components/atoms/action_templ.go:434.3,435.32 2 0
github.com/niiniyare/erp/web/components/atoms/action_templ.go:435.32,437.4 1 0
github.com/niiniyare/erp/web/components/atoms/action_templ.go:438.3,438.13 1 0
github.com/niiniyare/erp/web/components/atoms/action_templ.go:447.59,451.33 2 1
github.com/niiniyare/erp/web/components/atoms/action_templ.go:451.33,453.3 1 1
github.com/niiniyare/erp/web/components/atoms/action_templ.go:456.2,459.54 2 1
github.com/niiniyare/erp/web/components/atoms/action_templ.go:459.54,460.23 1 1
github.com/niiniyare/erp/web/components/atoms/action_templ.go:460.23,462.4 1 0
github.com/niiniyare/erp/web/components/atoms/action_templ.go:462.9,464.4 1 1
github.com/niiniyare/erp/web/components/atoms/action_templ.go:468.2,468.45 1 1
github.com/niiniyare/erp/web/components/atoms/action_templ.go:468.45,470.3 1 1
github.com/niiniyare/erp/web/components/atoms/action_templ.go:473.2,473.24 1 1
github.com/niiniyare/erp/web/components/atoms/action_templ.go:473.24,475.3 1 0
github.com/niiniyare/erp/web/components/atoms/action_templ.go:478.2,478.37 1 1
github.com/niiniyare/erp/web/components/atoms/action_templ.go:478.37,479.32 1 0
github.com/niiniyare/erp/web/components/atoms/action_templ.go:479.32,481.4 1 0
github.com/niiniyare/erp/web/components/atoms/action_templ.go:485.2,485.27 1 1
github.com/niiniyare/erp/web/components/atoms/action_templ.go:485.27,487.3 1 0
github.com/niiniyare/erp/web/components/atoms/action_templ.go:488.2,488.33 1 1
github.com/niiniyare/erp/web/components/atoms/action_templ.go:488.33,490.3 1 0
github.com/niiniyare/erp/web/components/atoms/action_templ.go:491.2,491.31 1 1
github.com/niiniyare/erp/web/components/atoms/action_templ.go:491.31,493.3 1 0
github.com/niiniyare/erp/web/components/atoms/action_templ.go:494.2,494.30 1 1
github.com/niiniyare/erp/web/components/atoms/action_templ.go:494.30,496.3 1 0
github.com/niiniyare/erp/web/components/atoms/action_templ.go:497.2,497.22 1 1
github.com/niiniyare/erp/web/components/atoms/action_templ.go:497.22,499.3 1 0
github.com/niiniyare/erp/web/components/atoms/action_templ.go:500.2,500.30 1 1
github.com/niiniyare/erp/web/components/atoms/action_templ.go:500.30,502.3 1 0
github.com/niiniyare/erp/web/components/atoms/action_templ.go:505.2,505.28 1 1
github.com/niiniyare/erp/web/components/atoms/action_templ.go:505.28,507.3 1 0
github.com/niiniyare/erp/web/components/atoms/action_templ.go:510.2,510.25 1 1
github.com/niiniyare/erp/web/components/atoms/action_templ.go:510.25,512.3 1 0
github.com/niiniyare/erp/web/components/atoms/action_templ.go:515.2,515.62 1 1
github.com/niiniyare/erp/web/components/atoms/action_templ.go:515.62,518.3 2 0
github.com/niiniyare/erp/web/components/atoms/action_templ.go:520.2,520.14 1 1
github.com/niiniyare/erp/web/components/atoms/action_templ.go:524.49,528.67 2 1
github.com/niiniyare/erp/web/components/atoms/action_templ.go:528.67,530.3 1 1
github.com/niiniyare/erp/web/components/atoms/action_templ.go:533.2,536.20 2 1
github.com/niiniyare/erp/web/components/atoms/action_templ.go:536.20,538.3 1 1
github.com/niiniyare/erp/web/components/atoms/action_templ.go:539.2,539.19 1 1
github.com/niiniyare/erp/web/components/atoms/action_templ.go:539.19,541.3 1 1
github.com/niiniyare/erp/web/components/atoms/action_templ.go:544.2,544.27 1 1
github.com/niiniyare/erp/web/components/atoms/action_templ.go:544.27,546.3 1 1
github.com/niiniyare/erp/web/components/atoms/action_templ.go:549.2,549.23 1 1
github.com/niiniyare/erp/web/components/atoms/action_templ.go:549.23,551.3 1 0
github.com/niiniyare/erp/web/components/atoms/action_templ.go:553.2,553.32 1 1
github.com/niiniyare/erp/web/components/atoms/action_templ.go:557.50,558.20 1 1
github.com/niiniyare/erp/web/components/atoms/action_templ.go:559.24,560.22 1 1
github.com/niiniyare/erp/web/components/atoms/action_templ.go:561.10,562.22 1 1
github.com/niiniyare/erp/web/components/atoms/action_templ.go:567.48,571.29 2 1
github.com/niiniyare/erp/web/components/atoms/action_templ.go:572.29,573.22 1 1
github.com/niiniyare/erp/web/components/atoms/action_templ.go:573.22,575.4 1 1
github.com/niiniyare/erp/web/components/atoms/action_templ.go:576.29,577.27 1 1
github.com/niiniyare/erp/web/components/atoms/action_templ.go:577.27,579.4 1 1
github.com/niiniyare/erp/web/components/atoms/action_templ.go:580.29,581.27 1 0
github.com/niiniyare/erp/web/components/atoms/action_templ.go:581.27,583.4 1 0
github.com/niiniyare/erp/web/components/atoms/action_templ.go:586.2,586.16 1 1
github.com/niiniyare/erp/web/components/atoms/action_templ.go:590.40,591.14 1 1
github.com/niiniyare/erp/web/components/atoms/action_templ.go:592.14,593.16 1 1
github.com/niiniyare/erp/web/components/atoms/action_templ.go:594.14,595.16 1 1
github.com/niiniyare/erp/web/components/atoms/action_templ.go:596.14,597.16 1 1
github.com/niiniyare/erp/web/components/atoms/action_templ.go:598.14,599.16 1 1
github.com/niiniyare/erp/web/components/atoms/action_templ.go:600.10,601.16 1 1
github.com/niiniyare/erp/web/components/atoms/action_templ.go:610.58,613.2 2 0
github.com/niiniyare/erp/web/components/atoms/action_templ.go:616.62,619.2 2 0
github.com/niiniyare/erp/web/components/atoms/action_templ.go:622.83,628.2 2 0
github.com/niiniyare/erp/web/components/atoms/action_templ.go:631.63,634.2 2 0
github.com/niiniyare/erp/web/components/atoms/action_templ.go:637.54,640.2 2 0
github.com/niiniyare/erp/web/components/atoms/action_templ.go:643.65,646.2 2 0
github.com/niiniyare/erp/web/components/atoms/action_templ.go:649.57,653.2 3 0
github.com/niiniyare/erp/web/components/atoms/action_templ.go:656.63,660.2 3 0
github.com/niiniyare/erp/web/components/atoms/action_templ.go:663.63,667.2 3 0
github.com/niiniyare/erp/web/components/atoms/action_templ.go:670.47,673.2 2 0
github.com/niiniyare/erp/web/components/atoms/action_templ.go:676.64,680.2 3 0
github.com/niiniyare/erp/web/components/atoms/action_templ.go:683.55,687.2 3 0
github.com/niiniyare/erp/web/components/atoms/action_templ.go:690.60,693.2 2 0
github.com/niiniyare/erp/web/components/atoms/action_templ.go:696.65,701.2 4 0
github.com/niiniyare/erp/web/components/atoms/badge_templ.go:95.39,102.2 1 0
github.com/niiniyare/erp/web/components/atoms/badge_templ.go:105.67,109.2 3 0
github.com/niiniyare/erp/web/components/atoms/badge_templ.go:112.48,119.2 1 0
github.com/niiniyare/erp/web/components/atoms/badge_templ.go:127.46,128.131 1 1
github.com/niiniyare/erp/web/components/atoms/badge_templ.go:128.131,130.71 2 1
github.com/niiniyare/erp/web/components/atoms/badge_templ.go:130.71,132.4 1 0
github.com/niiniyare/erp/web/components/atoms/badge_templ.go:133.3,134.31 2 1
github.com/niiniyare/erp/web/components/atoms/badge_templ.go:134.31,135.17 1 1
github.com/niiniyare/erp/web/components/atoms/badge_templ.go:135.17,137.34 2 1
github.com/niiniyare/erp/web/components/atoms/badge_templ.go:137.34,139.6 1 1
github.com/niiniyare/erp/web/components/atoms/badge_templ.go:142.3,144.33 3 1
github.com/niiniyare/erp/web/components/atoms/badge_templ.go:144.33,146.4 1 0
github.com/niiniyare/erp/web/components/atoms/badge_templ.go:147.3,148.16 2 1
github.com/niiniyare/erp/web/components/atoms/badge_templ.go:148.16,151.33 3 0
github.com/niiniyare/erp/web/components/atoms/badge_templ.go:151.33,153.5 1 0
github.com/niiniyare/erp/web/components/atoms/badge_templ.go:154.4,155.33 2 0
github.com/niiniyare/erp/web/components/atoms/badge_templ.go:155.33,157.5 1 0
github.com/niiniyare/erp/web/components/atoms/badge_templ.go:158.4,158.22 1 0
github.com/niiniyare/erp/web/components/atoms/badge_templ.go:158.22,160.34 2 0
github.com/niiniyare/erp/web/components/atoms/badge_templ.go:160.34,162.6 1 0
github.com/niiniyare/erp/web/components/atoms/badge_templ.go:163.5,165.34 3 0
github.com/niiniyare/erp/web/components/atoms/badge_templ.go:165.34,167.6 1 0
github.com/niiniyare/erp/web/components/atoms/badge_templ.go:168.5,169.34 2 0
github.com/niiniyare/erp/web/components/atoms/badge_templ.go:169.34,171.6 1 0
github.com/niiniyare/erp/web/components/atoms/badge_templ.go:172.5,173.34 2 0
github.com/niiniyare/erp/web/components/atoms/badge_templ.go:173.34,175.6 1 0
github.com/niiniyare/erp/web/components/atoms/badge_templ.go:177.4,178.33 2 0
github.com/niiniyare/erp/web/components/atoms/badge_templ.go:178.33,180.5 1 0
github.com/niiniyare/erp/web/components/atoms/badge_templ.go:181.4,183.33 3 0
github.com/niiniyare/erp/web/components/atoms/badge_templ.go:183.33,185.5 1 0
github.com/niiniyare/erp/web/components/atoms/badge_templ.go:186.4,187.33 2 0
github.com/niiniyare/erp/web/components/atoms/badge_templ.go:187.33,189.5 1 0
github.com/niiniyare/erp/web/components/atoms/badge_templ.go:190.4,191.33 2 0
github.com/niiniyare/erp/web/components/atoms/badge_templ.go:191.33,193.5 1 0
github.com/niiniyare/erp/web/components/atoms/badge_templ.go:194.4,194.29 1 0
github.com/niiniyare/erp/web/components/atoms/badge_templ.go:194.29,196.34 2 0
github.com/niiniyare/erp/web/components/atoms/badge_templ.go:196.34,198.6 1 0
github.com/niiniyare/erp/web/components/atoms/badge_templ.go:199.5,201.34 3 0
github.com/niiniyare/erp/web/components/atoms/badge_templ.go:201.34,203.6 1 0
github.com/niiniyare/erp/web/components/atoms/badge_templ.go:204.5,205.34 2 0
github.com/niiniyare/erp/web/components/atoms/badge_templ.go:205.34,207.6 1 0
github.com/niiniyare/erp/web/components/atoms/badge_templ.go:208.5,209.34 2 0
github.com/niiniyare/erp/web/components/atoms/badge_templ.go:209.34,211.6 1 0
github.com/niiniyare/erp/web/components/atoms/badge_templ.go:213.4,213.35 1 0
github.com/niiniyare/erp/web/components/atoms/badge_templ.go:213.35,215.34 2 0
github.com/niiniyare/erp/web/components/atoms/badge_templ.go:215.34,217.6 1 0
github.com/niiniyare/erp/web/components/atoms/badge_templ.go:218.5,220.34 3 0
github.com/niiniyare/erp/web/components/atoms/badge_templ.go:220.34,222.6 1 0
github.com/niiniyare/erp/web/components/atoms/badge_templ.go:223.5,224.34 2 0
github.com/niiniyare/erp/web/components/atoms/badge_templ.go:224.34,226.6 1 0
github.com/niiniyare/erp/web/components/atoms/badge_templ.go:227.5,228.34 2 0
github.com/niiniyare/erp/web/components/atoms/badge_templ.go:228.34,230.6 1 0
github.com/niiniyare/erp/web/components/atoms/badge_templ.go:232.4,232.30 1 0
github.com/niiniyare/erp/web/components/atoms/badge_templ.go:232.30,234.34 2 0
github.com/niiniyare/erp/web/components/atoms/badge_templ.go:234.34,236.6 1 0
github.com/niiniyare/erp/web/components/atoms/badge_templ.go:237.5,239.34 3 0
github.com/niiniyare/erp/web/components/atoms/badge_templ.go:239.34,241.6 1 0
github.com/niiniyare/erp/web/components/atoms/badge_templ.go:242.5,243.34 2 0
github.com/niiniyare/erp/web/components/atoms/badge_templ.go:243.34,245.6 1 0
github.com/niiniyare/erp/web/components/atoms/badge_templ.go:246.5,247.34 2 0
github.com/niiniyare/erp/web/components/atoms/badge_templ.go:247.34,249.6 1 0
github.com/niiniyare/erp/web/components/atoms/badge_templ.go:251.4,251.27 1 0
github.com/niiniyare/erp/web/components/atoms/badge_templ.go:251.27,253.34 2 0
github.com/niiniyare/erp/web/components/atoms/badge_templ.go:253.34,255.6 1 0
github.com/niiniyare/erp/web/components/atoms/badge_templ.go:256.5,258.34 3 0
github.com/niiniyare/erp/web/components/atoms/badge_templ.go:258.34,260.6 1 0
github.com/niiniyare/erp/web/components/atoms/badge_templ.go:261.5,262.34 2 0
github.com/niiniyare/erp/web/components/atoms/badge_templ.go:262.34,264.6 1 0
github.com/niiniyare/erp/web/components/atoms/badge_templ.go:265.5,266.34 2 0
github.com/niiniyare/erp/web/components/atoms/badge_templ.go:266.34,268.6 1 0
github.com/niiniyare/erp/web/components/atoms/badge_templ.go:270.4,271.33 2 0
github.com/niiniyare/erp/web/components/atoms/badge_templ.go:271.33,273.5 1 0
github.com/niiniyare/erp/web/components/atoms/badge_templ.go:274.9,277.33 3 1
github.com/niiniyare/erp/web/components/atoms/badge_templ.go:277.33,279.5 1 0
github.com/niiniyare/erp/web/components/atoms/badge_templ.go:280.4,281.33 2 1
github.com/niiniyare/erp/web/components/atoms/badge_templ.go:281.33,283.5 1 0
github.com/niiniyare/erp/web/components/atoms/badge_templ.go:284.4,284.22 1 1
github.com/niiniyare/erp/web/components/atoms/badge_templ.go:284.22,286.34 2 1
github.com/niiniyare/erp/web/components/atoms/badge_templ.go:286.34,288.6 1 0
github.com/niiniyare/erp/web/components/atoms/badge_templ.go:289.5,291.34 3 1
github.com/niiniyare/erp/web/components/atoms/badge_templ.go:291.34,293.6 1 0
github.com/niiniyare/erp/web/components/atoms/badge_templ.go:294.5,295.34 2 1
github.com/niiniyare/erp/web/components/atoms/badge_templ.go:295.34,297.6 1 0
github.com/niiniyare/erp/web/components/atoms/badge_templ.go:298.5,299.34 2 1
github.com/niiniyare/erp/web/components/atoms/badge_templ.go:299.34,301.6 1 0
github.com/niiniyare/erp/web/components/atoms/badge_templ.go:303.4,304.33 2 1
github.com/niiniyare/erp/web/components/atoms/badge_templ.go:304.33,306.5 1 0
github.com/niiniyare/erp/web/components/atoms/badge_templ.go:307.4,309.33 3 1
github.com/niiniyare/erp/web/components/atoms/badge_templ.go:309.33,311.5 1 0
github.com/niiniyare/erp/web/components/atoms/badge_templ.go:312.4,313.33 2 1
github.com/niiniyare/erp/web/components/atoms/badge_templ.go:313.33,315.5 1 0
github.com/niiniyare/erp/web/components/atoms/badge_templ.go:316.4,317.33 2 1
github.com/niiniyare/erp/web/components/atoms/badge_templ.go:317.33,319.5 1 0
github.com/niiniyare/erp/web/components/atoms/badge_templ.go:320.4,320.29 1 1
github.com/niiniyare/erp/web/components/atoms/badge_templ.go:320.29,322.34 2 0
github.com/niiniyare/erp/web/components/atoms/badge_templ.go:322.34,324.6 1 0
github.com/niiniyare/erp/web/components/atoms/badge_templ.go:325.5,327.34 3 0
github.com/niiniyare/erp/web/components/atoms/badge_templ.go:327.34,329.6 1 0
github.com/niiniyare/erp/web/components/atoms/badge_templ.go:330.5,331.34 2 0
github.com/niiniyare/erp/web/components/atoms/badge_templ.go:331.34,333.6 1 0
github.com/niiniyare/erp/web/components/atoms/badge_templ.go:334.5,335.34 2 0
github.com/niiniyare/erp/web/components/atoms/badge_templ.go:335.34,337.6 1 0
github.com/niiniyare/erp/web/components/atoms/badge_templ.go:339.4,339.35 1 1
github.com/niiniyare/erp/web/components/atoms/badge_templ.go:339.35,341.34 2 0
github.com/niiniyare/erp/web/components/atoms/badge_templ.go:341.34,343.6 1 0
github.com/niiniyare/erp/web/components/atoms/badge_templ.go:344.5,346.34 3 0
github.com/niiniyare/erp/web/components/atoms/badge_templ.go:346.34,348.6 1 0
github.com/niiniyare/erp/web/components/atoms/badge_templ.go:349.5,350.34 2 0
github.com/niiniyare/erp/web/components/atoms/badge_templ.go:350.34,352.6 1 0
github.com/niiniyare/erp/web/components/atoms/badge_templ.go:353.5,354.34 2 0
github.com/niiniyare/erp/web/components/atoms/badge_templ.go:354.34,356.6 1 0
github.com/niiniyare/erp/web/components/atoms/badge_templ.go:358.4,358.30 1 1
github.com/niiniyare/erp/web/components/atoms/badge_templ.go:358.30,360.34 2 0
github.com/niiniyare/erp/web/components/atoms/badge_templ.go:360.34,362.6 1 0
github.com/niiniyare/erp/web/components/atoms/badge_templ.go:363.5,365.34 3 0
github.com/niiniyare/erp/web/components/atoms/badge_templ.go:365.34,367.6 1 0
github.com/niiniyare/erp/web/components/atoms/badge_templ.go:368.5,369.34 2 0
github.com/niiniyare/erp/web/components/atoms/badge_templ.go:369.34,371.6 1 0
github.com/niiniyare/erp/web/components/atoms/badge_templ.go:372.5,373.34 2 0
github.com/niiniyare/erp/web/components/atoms/badge_templ.go:373.34,375.6 1 0
github.com/niiniyare/erp/web/components/atoms/badge_templ.go:377.4,377.27 1 1
github.com/niiniyare/erp/web/components/atoms/badge_templ.go:377.27,379.34 2 0
github.com/niiniyare/erp/web/components/atoms/badge_templ.go:379.34,381.6 1 0
github.com/niiniyare/erp/web/components/atoms/badge_templ.go:382.5,384.34 3 0
github.com/niiniyare/erp/web/components/atoms/badge_templ.go:384.34,386.6 1 0
github.com/niiniyare/erp/web/components/atoms/badge_templ.go:387.5,388.34 2 0
github.com/niiniyare/erp/web/components/atoms/badge_templ.go:388.34,390.6 1 0
github.com/niiniyare/erp/web/components/atoms/badge_templ.go:391.5,392.34 2 0
github.com/niiniyare/erp/web/components/atoms/badge_templ.go:392.34,394.6 1 0
github.com/niiniyare/erp/web/components/atoms/badge_templ.go:396.4,397.33 2 1
github.com/niiniyare/erp/web/components/atoms/badge_templ.go:397.33,399.5 1 0
github.com/niiniyare/erp/web/components/atoms/badge_templ.go:400.4,400.24 1 1
github.com/niiniyare/erp/web/components/atoms/badge_templ.go:400.24,403.34 3 1
github.com/niiniyare/erp/web/components/atoms/badge_templ.go:403.34,405.6 1 0
github.com/niiniyare/erp/web/components/atoms/badge_templ.go:406.5,407.34 2 1
github.com/niiniyare/erp/web/components/atoms/badge_templ.go:407.34,409.6 1 0
github.com/niiniyare/erp/web/components/atoms/badge_templ.go:410.5,412.34 3 1
github.com/niiniyare/erp/web/components/atoms/badge_templ.go:412.34,414.6 1 0
github.com/niiniyare/erp/web/components/atoms/badge_templ.go:415.5,416.34 2 1
github.com/niiniyare/erp/web/components/atoms/badge_templ.go:416.34,418.6 1 0
github.com/niiniyare/erp/web/components/atoms/badge_templ.go:419.5,420.34 2 1
github.com/niiniyare/erp/web/components/atoms/badge_templ.go:420.34,422.6 1 0
github.com/niiniyare/erp/web/components/atoms/badge_templ.go:423.5,424.34 2 1
github.com/niiniyare/erp/web/components/atoms/badge_templ.go:424.34,426.6 1 0
github.com/niiniyare/erp/web/components/atoms/badge_templ.go:427.5,428.34 2 1
github.com/niiniyare/erp/web/components/atoms/badge_templ.go:428.34,430.6 1 0
github.com/niiniyare/erp/web/components/atoms/badge_templ.go:432.4,434.33 3 1
github.com/niiniyare/erp/web/components/atoms/badge_templ.go:434.33,436.5 1 0
github.com/niiniyare/erp/web/components/atoms/badge_templ.go:437.4,438.33 2 1
github.com/niiniyare/erp/web/components/atoms/badge_templ.go:438.33,440.5 1 0
github.com/niiniyare/erp/web/components/atoms/badge_templ.go:441.4,442.33 2 1
github.com/niiniyare/erp/web/components/atoms/badge_templ.go:442.33,444.5 1 0
github.com/niiniyare/erp/web/components/atoms/badge_templ.go:445.4,445.25 1 1
github.com/niiniyare/erp/web/components/atoms/badge_templ.go:445.25,448.34 3 0
github.com/niiniyare/erp/web/components/atoms/badge_templ.go:448.34,450.6 1 0
github.com/niiniyare/erp/web/components/atoms/badge_templ.go:451.5,452.34 2 0
github.com/niiniyare/erp/web/components/atoms/badge_templ.go:452.34,454.6 1 0
github.com/niiniyare/erp/web/components/atoms/badge_templ.go:455.5,457.34 3 0
github.com/niiniyare/erp/web/components/atoms/badge_templ.go:457.34,459.6 1 0
github.com/niiniyare/erp/web/components/atoms/badge_templ.go:460.5,461.34 2 0
github.com/niiniyare/erp/web/components/atoms/badge_templ.go:461.34,463.6 1 0
github.com/niiniyare/erp/web/components/atoms/badge_templ.go:464.5,465.34 2 0
github.com/niiniyare/erp/web/components/atoms/badge_templ.go:465.34,467.6 1 0
github.com/niiniyare/erp/web/components/atoms/badge_templ.go:468.5,468.30 1 0
github.com/niiniyare/erp/web/components/atoms/badge_templ.go:468.30,470.35 2 0
github.com/niiniyare/erp/web/components/atoms/badge_templ.go:470.35,472.7 1 0
github.com/niiniyare/erp/web/components/atoms/badge_templ.go:473.6,475.35 3 0
github.com/niiniyare/erp/web/components/atoms/badge_templ.go:475.35,477.7 1 0
github.com/niiniyare/erp/web/components/atoms/badge_templ.go:478.6,479.35 2 0
github.com/niiniyare/erp/web/components/atoms/badge_templ.go:479.35,481.7 1 0
github.com/niiniyare/erp/web/components/atoms/badge_templ.go:482.6,483.35 2 0
github.com/niiniyare/erp/web/components/atoms/badge_templ.go:483.35,485.7 1 0
github.com/niiniyare/erp/web/components/atoms/badge_templ.go:486.11,488.35 2 0
github.com/niiniyare/erp/web/components/atoms/badge_templ.go:488.35,490.7 1 0
github.com/niiniyare/erp/web/components/atoms/badge_templ.go:492.5,492.28 1 0
github.com/niiniyare/erp/web/components/atoms/badge_templ.go:492.28,494.35 2 0
github.com/niiniyare/erp/web/components/atoms/badge_templ.go:494.35,496.7 1 0
github.com/niiniyare/erp/web/components/atoms/badge_templ.go:497.6,499.35 3 0
github.com/niiniyare/erp/web/components/atoms/badge_templ.go:499.35,501.7 1 0
github.com/niiniyare/erp/web/components/atoms/badge_templ.go:502.6,503.35 2 0
github.com/niiniyare/erp/web/components/atoms/badge_templ.go:503.35,505.7 1 0
github.com/niiniyare/erp/web/components/atoms/badge_templ.go:506.6,507.35 2 0
github.com/niiniyare/erp/web/components/atoms/badge_templ.go:507.35,509.7 1 0
github.com/niiniyare/erp/web/components/atoms/badge_templ.go:511.5,512.34 2 0
github.com/niiniyare/erp/web/components/atoms/badge_templ.go:512.34,514.6 1 0
github.com/niiniyare/erp/web/components/atoms/badge_templ.go:515.5,516.34 2 0
github.com/niiniyare/erp/web/components/atoms/badge_templ.go:516.34,518.6 1 0
github.com/niiniyare/erp/web/components/atoms/badge_templ.go:519.5,520.34 2 0
github.com/niiniyare/erp/web/components/atoms/badge_templ.go:520.34,522.6 1 0
github.com/niiniyare/erp/web/components/atoms/badge_templ.go:524.4,525.33 2 1
github.com/niiniyare/erp/web/components/atoms/badge_templ.go:525.33,527.5 1 0
github.com/niiniyare/erp/web/components/atoms/badge_templ.go:529.3,529.13 1 1
github.com/niiniyare/erp/web/components/atoms/badge_templ.go:538.47,542.64 2 1
github.com/niiniyare/erp/web/components/atoms/badge_templ.go:542.64,544.3 1 0
github.com/niiniyare/erp/web/components/atoms/badge_templ.go:547.2,547.62 1 1
github.com/niiniyare/erp/web/components/atoms/badge_templ.go:547.62,549.3 1 0
github.com/niiniyare/erp/web/components/atoms/badge_templ.go:552.2,552.33 1 1
github.com/niiniyare/erp/web/components/atoms/badge_templ.go:552.33,553.71 1 0
github.com/niiniyare/erp/web/components/atoms/badge_templ.go:553.71,555.4 1 0
github.com/niiniyare/erp/web/components/atoms/badge_templ.go:555.9,555.68 1 0
github.com/niiniyare/erp/web/components/atoms/badge_templ.go:555.68,557.4 1 0
github.com/niiniyare/erp/web/components/atoms/badge_templ.go:558.8,559.63 1 1
github.com/niiniyare/erp/web/components/atoms/badge_templ.go:559.63,561.4 1 0
github.com/niiniyare/erp/web/components/atoms/badge_templ.go:561.9,561.60 1 1
github.com/niiniyare/erp/web/components/atoms/badge_templ.go:561.60,563.4 1 1
github.com/niiniyare/erp/web/components/atoms/badge_templ.go:567.2,567.23 1 1
github.com/niiniyare/erp/web/components/atoms/badge_templ.go:567.23,569.3 1 0
github.com/niiniyare/erp/web/components/atoms/badge_templ.go:571.2,571.35 1 1
github.com/niiniyare/erp/web/components/atoms/badge_templ.go:575.50,579.46 2 0
github.com/niiniyare/erp/web/components/atoms/badge_templ.go:579.46,581.3 1 0
github.com/niiniyare/erp/web/components/atoms/badge_templ.go:584.2,584.62 1 0
github.com/niiniyare/erp/web/components/atoms/badge_templ.go:584.62,586.32 1 0
github.com/niiniyare/erp/web/components/atoms/badge_templ.go:586.32,587.39 1 0
github.com/niiniyare/erp/web/components/atoms/badge_templ.go:587.39,589.10 2 0
github.com/niiniyare/erp/web/components/atoms/badge_templ.go:595.2,595.23 1 0
github.com/niiniyare/erp/web/components/atoms/badge_templ.go:595.23,597.3 1 0
github.com/niiniyare/erp/web/components/atoms/badge_templ.go:599.2,599.35 1 0
github.com/niiniyare/erp/web/components/atoms/badge_templ.go:607.61,610.2 2 0
github.com/niiniyare/erp/web/components/atoms/badge_templ.go:613.61,616.2 2 0
github.com/niiniyare/erp/web/components/atoms/badge_templ.go:619.57,622.2 2 0
github.com/niiniyare/erp/web/components/atoms/badge_templ.go:625.48,628.2 2 0
github.com/niiniyare/erp/web/components/atoms/badge_templ.go:631.41,634.2 2 0
github.com/niiniyare/erp/web/components/atoms/badge_templ.go:637.45,640.2 2 0
github.com/niiniyare/erp/web/components/atoms/badge_templ.go:643.40,647.2 3 0
github.com/niiniyare/erp/web/components/atoms/button_templ.go:226.41,240.2 1 0
github.com/niiniyare/erp/web/components/atoms/button_templ.go:243.47,248.2 4 0
github.com/niiniyare/erp/web/components/atoms/button_templ.go:251.46,256.2 4 0
github.com/niiniyare/erp/web/components/atoms/button_templ.go:259.55,263.2 3 0
github.com/niiniyare/erp/web/components/atoms/button_templ.go:267.64,272.2 4 0
github.com/niiniyare/erp/web/components/atoms/button_templ.go:275.45,279.2 3 0
github.com/niiniyare/erp/web/components/atoms/button_templ.go:282.49,286.2 3 0
github.com/niiniyare/erp/web/components/atoms/button_templ.go:289.49,293.2 3 0
github.com/niiniyare/erp/web/components/atoms/button_templ.go:296.46,301.2 4 0
github.com/niiniyare/erp/web/components/atoms/button_templ.go:308.48,309.131 1 1
github.com/niiniyare/erp/web/components/atoms/button_templ.go:309.131,311.71 2 1
github.com/niiniyare/erp/web/components/atoms/button_templ.go:311.71,313.4 1 0
github.com/niiniyare/erp/web/components/atoms/button_templ.go:314.3,315.31 2 1
github.com/niiniyare/erp/web/components/atoms/button_templ.go:315.31,316.17 1 1
github.com/niiniyare/erp/web/components/atoms/button_templ.go:316.17,318.34 2 1
github.com/niiniyare/erp/web/components/atoms/button_templ.go:318.34,320.6 1 1
github.com/niiniyare/erp/web/components/atoms/button_templ.go:323.3,325.33 3 1
github.com/niiniyare/erp/web/components/atoms/button_templ.go:325.33,327.4 1 0
github.com/niiniyare/erp/web/components/atoms/button_templ.go:328.3,331.32 4 1
github.com/niiniyare/erp/web/components/atoms/button_templ.go:331.32,333.4 1 0
github.com/niiniyare/erp/web/components/atoms/button_templ.go:334.3,335.32 2 1
github.com/niiniyare/erp/web/components/atoms/button_templ.go:335.32,337.4 1 0
github.com/niiniyare/erp/web/components/atoms/button_templ.go:338.3,340.32 3 1
github.com/niiniyare/erp/web/components/atoms/button_templ.go:340.32,342.4 1 0
github.com/niiniyare/erp/web/components/atoms/button_templ.go:343.3,344.32 2 1
github.com/niiniyare/erp/web/components/atoms/button_templ.go:344.32,346.4 1 0
github.com/niiniyare/erp/web/components/atoms/button_templ.go:347.3,348.32 2 1
github.com/niiniyare/erp/web/components/atoms/button_templ.go:348.32,350.4 1 0
github.com/niiniyare/erp/web/components/atoms/button_templ.go:351.3,351.31 1 1
github.com/niiniyare/erp/web/components/atoms/button_templ.go:351.31,353.33 2 1
github.com/niiniyare/erp/web/components/atoms/button_templ.go:353.33,355.5 1 0
github.com/niiniyare/erp/web/components/atoms/button_templ.go:356.4,358.33 3 1
github.com/niiniyare/erp/web/components/atoms/button_templ.go:358.33,360.5 1 0
github.com/niiniyare/erp/web/components/atoms/button_templ.go:361.4,362.33 2 1
github.com/niiniyare/erp/web/components/atoms/button_templ.go:362.33,364.5 1 0
github.com/niiniyare/erp/web/components/atoms/button_templ.go:365.4,366.33 2 1
github.com/niiniyare/erp/web/components/atoms/button_templ.go:366.33,368.5 1 0
github.com/niiniyare/erp/web/components/atoms/button_templ.go:370.3,370.33 1 1
github.com/niiniyare/erp/web/components/atoms/button_templ.go:370.33,372.33 2 0
github.com/niiniyare/erp/web/components/atoms/button_templ.go:372.33,374.5 1 0
github.com/niiniyare/erp/web/components/atoms/button_templ.go:375.4,377.33 3 0
github.com/niiniyare/erp/web/components/atoms/button_templ.go:377.33,379.5 1 0
github.com/niiniyare/erp/web/components/atoms/button_templ.go:380.4,381.33 2 0
github.com/niiniyare/erp/web/components/atoms/button_templ.go:381.33,383.5 1 0
github.com/niiniyare/erp/web/components/atoms/button_templ.go:384.4,385.33 2 0
github.com/niiniyare/erp/web/components/atoms/button_templ.go:385.33,387.5 1 0
github.com/niiniyare/erp/web/components/atoms/button_templ.go:389.3,389.23 1 1
github.com/niiniyare/erp/web/components/atoms/button_templ.go:389.23,391.33 2 0
github.com/niiniyare/erp/web/components/atoms/button_templ.go:391.33,393.5 1 0
github.com/niiniyare/erp/web/components/atoms/button_templ.go:394.4,396.33 3 0
github.com/niiniyare/erp/web/components/atoms/button_templ.go:396.33,398.5 1 0
github.com/niiniyare/erp/web/components/atoms/button_templ.go:399.4,400.33 2 0
github.com/niiniyare/erp/web/components/atoms/button_templ.go:400.33,402.5 1 0
github.com/niiniyare/erp/web/components/atoms/button_templ.go:403.4,404.33 2 0
github.com/niiniyare/erp/web/components/atoms/button_templ.go:404.33,406.5 1 0
github.com/niiniyare/erp/web/components/atoms/button_templ.go:408.3,409.32 2 1
github.com/niiniyare/erp/web/components/atoms/button_templ.go:409.32,411.4 1 0
github.com/niiniyare/erp/web/components/atoms/button_templ.go:412.3,414.32 3 1
github.com/niiniyare/erp/web/components/atoms/button_templ.go:414.32,416.4 1 0
github.com/niiniyare/erp/web/components/atoms/button_templ.go:417.3,418.32 2 1
github.com/niiniyare/erp/web/components/atoms/button_templ.go:418.32,420.4 1 0
github.com/niiniyare/erp/web/components/atoms/button_templ.go:421.3,422.32 2 1
github.com/niiniyare/erp/web/components/atoms/button_templ.go:422.32,424.4 1 0
github.com/niiniyare/erp/web/components/atoms/button_templ.go:425.3,425.55 1 1
github.com/niiniyare/erp/web/components/atoms/button_templ.go:425.55,427.33 2 1
github.com/niiniyare/erp/web/components/atoms/button_templ.go:427.33,429.5 1 0
github.com/niiniyare/erp/web/components/atoms/button_templ.go:431.3,431.47 1 1
github.com/niiniyare/erp/web/components/atoms/button_templ.go:431.47,433.33 2 0
github.com/niiniyare/erp/web/components/atoms/button_templ.go:433.33,435.5 1 0
github.com/niiniyare/erp/web/components/atoms/button_templ.go:436.4,438.33 3 0
github.com/niiniyare/erp/web/components/atoms/button_templ.go:438.33,440.5 1 0
github.com/niiniyare/erp/web/components/atoms/button_templ.go:441.4,442.33 2 0
github.com/niiniyare/erp/web/components/atoms/button_templ.go:442.33,444.5 1 0
github.com/niiniyare/erp/web/components/atoms/button_templ.go:445.4,446.33 2 0
github.com/niiniyare/erp/web/components/atoms/button_templ.go:446.33,448.5 1 0
github.com/niiniyare/erp/web/components/atoms/button_templ.go:450.3,450.53 1 1
github.com/niiniyare/erp/web/components/atoms/button_templ.go:450.53,452.33 2 0
github.com/niiniyare/erp/web/components/atoms/button_templ.go:452.33,454.5 1 0
github.com/niiniyare/erp/web/components/atoms/button_templ.go:455.4,457.33 3 0
github.com/niiniyare/erp/web/components/atoms/button_templ.go:457.33,459.5 1 0
github.com/niiniyare/erp/web/components/atoms/button_templ.go:460.4,461.33 2 0
github.com/niiniyare/erp/web/components/atoms/button_templ.go:461.33,463.5 1 0
github.com/niiniyare/erp/web/components/atoms/button_templ.go:464.4,465.33 2 0
github.com/niiniyare/erp/web/components/atoms/button_templ.go:465.33,467.5 1 0
github.com/niiniyare/erp/web/components/atoms/button_templ.go:469.3,469.51 1 1
github.com/niiniyare/erp/web/components/atoms/button_templ.go:469.51,471.33 2 0
github.com/niiniyare/erp/web/components/atoms/button_templ.go:471.33,473.5 1 0
github.com/niiniyare/erp/web/components/atoms/button_templ.go:474.4,476.33 3 0
github.com/niiniyare/erp/web/components/atoms/button_templ.go:476.33,478.5 1 0
github.com/niiniyare/erp/web/components/atoms/button_templ.go:479.4,480.33 2 0
github.com/niiniyare/erp/web/components/atoms/button_templ.go:480.33,482.5 1 0
github.com/niiniyare/erp/web/components/atoms/button_templ.go:483.4,484.33 2 0
github.com/niiniyare/erp/web/components/atoms/button_templ.go:484.33,486.5 1 0
github.com/niiniyare/erp/web/components/atoms/button_templ.go:488.3,488.50 1 1
github.com/niiniyare/erp/web/components/atoms/button_templ.go:488.50,490.33 2 0
github.com/niiniyare/erp/web/components/atoms/button_templ.go:490.33,492.5 1 0
github.com/niiniyare/erp/web/components/atoms/button_templ.go:493.4,495.33 3 0
github.com/niiniyare/erp/web/components/atoms/button_templ.go:495.33,497.5 1 0
github.com/niiniyare/erp/web/components/atoms/button_templ.go:498.4,499.33 2 0
github.com/niiniyare/erp/web/components/atoms/button_templ.go:499.33,501.5 1 0
github.com/niiniyare/erp/web/components/atoms/button_templ.go:502.4,503.33 2 0
github.com/niiniyare/erp/web/components/atoms/button_templ.go:503.33,505.5 1 0
github.com/niiniyare/erp/web/components/atoms/button_templ.go:507.3,507.50 1 1
github.com/niiniyare/erp/web/components/atoms/button_templ.go:507.50,509.33 2 0
github.com/niiniyare/erp/web/components/atoms/button_templ.go:509.33,511.5 1 0
github.com/niiniyare/erp/web/components/atoms/button_templ.go:512.4,514.33 3 0
github.com/niiniyare/erp/web/components/atoms/button_templ.go:514.33,516.5 1 0
github.com/niiniyare/erp/web/components/atoms/button_templ.go:517.4,518.33 2 0
github.com/niiniyare/erp/web/components/atoms/button_templ.go:518.33,520.5 1 0
github.com/niiniyare/erp/web/components/atoms/button_templ.go:521.4,522.33 2 0
github.com/niiniyare/erp/web/components/atoms/button_templ.go:522.33,524.5 1 0
github.com/niiniyare/erp/web/components/atoms/button_templ.go:526.3,526.44 1 1
github.com/niiniyare/erp/web/components/atoms/button_templ.go:526.44,528.33 2 0
github.com/niiniyare/erp/web/components/atoms/button_templ.go:528.33,530.5 1 0
github.com/niiniyare/erp/web/components/atoms/button_templ.go:532.3,532.39 1 1
github.com/niiniyare/erp/web/components/atoms/button_templ.go:532.39,534.33 2 0
github.com/niiniyare/erp/web/components/atoms/button_templ.go:534.33,536.5 1 0
github.com/niiniyare/erp/web/components/atoms/button_templ.go:537.4,539.33 3 0
github.com/niiniyare/erp/web/components/atoms/button_templ.go:539.33,541.5 1 0
github.com/niiniyare/erp/web/components/atoms/button_templ.go:542.4,543.33 2 0
github.com/niiniyare/erp/web/components/atoms/button_templ.go:543.33,545.5 1 0
github.com/niiniyare/erp/web/components/atoms/button_templ.go:546.4,547.33 2 0
github.com/niiniyare/erp/web/components/atoms/button_templ.go:547.33,549.5 1 0
github.com/niiniyare/erp/web/components/atoms/button_templ.go:551.3,551.26 1 1
github.com/niiniyare/erp/web/components/atoms/button_templ.go:551.26,553.33 2 0
github.com/niiniyare/erp/web/components/atoms/button_templ.go:553.33,555.5 1 0
github.com/niiniyare/erp/web/components/atoms/button_templ.go:556.4,558.33 3 0
github.com/niiniyare/erp/web/components/atoms/button_templ.go:558.33,560.5 1 0
github.com/niiniyare/erp/web/components/atoms/button_templ.go:561.4,562.33 2 0
github.com/niiniyare/erp/web/components/atoms/button_templ.go:562.33,564.5 1 0
github.com/niiniyare/erp/web/components/atoms/button_templ.go:565.4,566.33 2 0
github.com/niiniyare/erp/web/components/atoms/button_templ.go:566.33,568.5 1 0
github.com/niiniyare/erp/web/components/atoms/button_templ.go:570.3,570.45 1 1
github.com/niiniyare/erp/web/components/atoms/button_templ.go:570.45,572.33 2 0
github.com/niiniyare/erp/web/components/atoms/button_templ.go:572.33,574.5 1 0
github.com/niiniyare/erp/web/components/atoms/button_templ.go:575.4,577.33 3 0
github.com/niiniyare/erp/web/components/atoms/button_templ.go:577.33,579.5 1 0
github.com/niiniyare/erp/web/components/atoms/button_templ.go:580.4,581.33 2 0
github.com/niiniyare/erp/web/components/atoms/button_templ.go:581.33,583.5 1 0
github.com/niiniyare/erp/web/components/atoms/button_templ.go:584.4,585.33 2 0
github.com/niiniyare/erp/web/components/atoms/button_templ.go:585.33,587.5 1 0
github.com/niiniyare/erp/web/components/atoms/button_templ.go:589.3,589.45 1 1
github.com/niiniyare/erp/web/components/atoms/button_templ.go:589.45,591.33 2 0
github.com/niiniyare/erp/web/components/atoms/button_templ.go:591.33,593.5 1 0
github.com/niiniyare/erp/web/components/atoms/button_templ.go:594.4,596.33 3 0
github.com/niiniyare/erp/web/components/atoms/button_templ.go:596.33,598.5 1 0
github.com/niiniyare/erp/web/components/atoms/button_templ.go:599.4,600.33 2 0
github.com/niiniyare/erp/web/components/atoms/button_templ.go:600.33,602.5 1 0
github.com/niiniyare/erp/web/components/atoms/button_templ.go:603.4,604.33 2 0
github.com/niiniyare/erp/web/components/atoms/button_templ.go:604.33,606.5 1 0
github.com/niiniyare/erp/web/components/atoms/button_templ.go:608.3,608.44 1 1
github.com/niiniyare/erp/web/components/atoms/button_templ.go:608.44,610.33 2 0
github.com/niiniyare/erp/web/components/atoms/button_templ.go:610.33,612.5 1 0
github.com/niiniyare/erp/web/components/atoms/button_templ.go:613.4,615.33 3 0
github.com/niiniyare/erp/web/components/atoms/button_templ.go:615.33,617.5 1 0
github.com/niiniyare/erp/web/components/atoms/button_templ.go:618.4,619.33 2 0
github.com/niiniyare/erp/web/components/atoms/button_templ.go:619.33,621.5 1 0
github.com/niiniyare/erp/web/components/atoms/button_templ.go:622.4,623.33 2 0
github.com/niiniyare/erp/web/components/atoms/button_templ.go:623.33,625.5 1 0
github.com/niiniyare/erp/web/components/atoms/button_templ.go:627.3,627.50 1 1
github.com/niiniyare/erp/web/components/atoms/button_templ.go:627.50,629.33 2 0
github.com/niiniyare/erp/web/components/atoms/button_templ.go:629.33,631.5 1 0
github.com/niiniyare/erp/web/components/atoms/button_templ.go:632.4,634.33 3 0
github.com/niiniyare/erp/web/components/atoms/button_templ.go:634.33,636.5 1 0
github.com/niiniyare/erp/web/components/atoms/button_templ.go:637.4,638.33 2 0
github.com/niiniyare/erp/web/components/atoms/button_templ.go:638.33,640.5 1 0
github.com/niiniyare/erp/web/components/atoms/button_templ.go:641.4,642.33 2 0
github.com/niiniyare/erp/web/components/atoms/button_templ.go:642.33,644.5 1 0
github.com/niiniyare/erp/web/components/atoms/button_templ.go:646.3,646.50 1 1
github.com/niiniyare/erp/web/components/atoms/button_templ.go:646.50,648.33 2 0
github.com/niiniyare/erp/web/components/atoms/button_templ.go:648.33,650.5 1 0
github.com/niiniyare/erp/web/components/atoms/button_templ.go:651.4,653.33 3 0
github.com/niiniyare/erp/web/components/atoms/button_templ.go:653.33,655.5 1 0
github.com/niiniyare/erp/web/components/atoms/button_templ.go:656.4,657.33 2 0
github.com/niiniyare/erp/web/components/atoms/button_templ.go:657.33,659.5 1 0
github.com/niiniyare/erp/web/components/atoms/button_templ.go:660.4,661.33 2 0
github.com/niiniyare/erp/web/components/atoms/button_templ.go:661.33,663.5 1 0
github.com/niiniyare/erp/web/components/atoms/button_templ.go:665.3,665.47 1 1
github.com/niiniyare/erp/web/components/atoms/button_templ.go:665.47,667.33 2 0
github.com/niiniyare/erp/web/components/atoms/button_templ.go:667.33,669.5 1 0
github.com/niiniyare/erp/web/components/atoms/button_templ.go:670.4,672.33 3 0
github.com/niiniyare/erp/web/components/atoms/button_templ.go:672.33,674.5 1 0
github.com/niiniyare/erp/web/components/atoms/button_templ.go:675.4,676.33 2 0
github.com/niiniyare/erp/web/components/atoms/button_templ.go:676.33,678.5 1 0
github.com/niiniyare/erp/web/components/atoms/button_templ.go:679.4,680.33 2 0
github.com/niiniyare/erp/web/components/atoms/button_templ.go:680.33,682.5 1 0
github.com/niiniyare/erp/web/components/atoms/button_templ.go:684.3,685.32 2 1
github.com/niiniyare/erp/web/components/atoms/button_templ.go:685.32,687.4 1 0
github.com/niiniyare/erp/web/components/atoms/button_templ.go:688.3,688.20 1 1
github.com/niiniyare/erp/web/components/atoms/button_templ.go:688.20,690.33 2 1
github.com/niiniyare/erp/web/components/atoms/button_templ.go:690.33,692.5 1 0
github.com/niiniyare/erp/web/components/atoms/button_templ.go:693.9,695.33 2 1
github.com/niiniyare/erp/web/components/atoms/button_templ.go:695.33,697.5 1 0
github.com/niiniyare/erp/web/components/atoms/button_templ.go:699.3,700.32 2 1
github.com/niiniyare/erp/web/components/atoms/button_templ.go:700.32,702.4 1 0
github.com/niiniyare/erp/web/components/atoms/button_templ.go:703.3,703.13 1 1
github.com/niiniyare/erp/web/components/atoms/button_templ.go:708.60,709.131 1 1
github.com/niiniyare/erp/web/components/atoms/button_templ.go:709.131,711.71 2 1
github.com/niiniyare/erp/web/components/atoms/button_templ.go:711.71,713.4 1 0
github.com/niiniyare/erp/web/components/atoms/button_templ.go:714.3,715.31 2 1
github.com/niiniyare/erp/web/components/atoms/button_templ.go:715.31,716.17 1 0
github.com/niiniyare/erp/web/components/atoms/button_templ.go:716.17,718.34 2 0
github.com/niiniyare/erp/web/components/atoms/button_templ.go:718.34,720.6 1 0
github.com/niiniyare/erp/web/components/atoms/button_templ.go:723.3,725.34 3 1
github.com/niiniyare/erp/web/components/atoms/button_templ.go:725.34,727.4 1 0
github.com/niiniyare/erp/web/components/atoms/button_templ.go:728.3,730.32 3 1
github.com/niiniyare/erp/web/components/atoms/button_templ.go:730.32,732.4 1 0
github.com/niiniyare/erp/web/components/atoms/button_templ.go:733.3,734.32 2 1
github.com/niiniyare/erp/web/components/atoms/button_templ.go:734.32,736.4 1 0
github.com/niiniyare/erp/web/components/atoms/button_templ.go:737.3,738.32 2 1
github.com/niiniyare/erp/web/components/atoms/button_templ.go:738.32,740.4 1 0
github.com/niiniyare/erp/web/components/atoms/button_templ.go:741.3,742.32 2 1
github.com/niiniyare/erp/web/components/atoms/button_templ.go:742.32,744.4 1 0
github.com/niiniyare/erp/web/components/atoms/button_templ.go:745.3,746.32 2 1
github.com/niiniyare/erp/web/components/atoms/button_templ.go:746.32,748.4 1 0
github.com/niiniyare/erp/web/components/atoms/button_templ.go:749.3,749.13 1 1
github.com/niiniyare/erp/web/components/atoms/button_templ.go:754.55,755.131 1 1
github.com/niiniyare/erp/web/components/atoms/button_templ.go:755.131,757.71 2 1
github.com/niiniyare/erp/web/components/atoms/button_templ.go:757.71,759.4 1 0
github.com/niiniyare/erp/web/components/atoms/button_templ.go:760.3,761.31 2 1
github.com/niiniyare/erp/web/components/atoms/button_templ.go:761.31,762.17 1 0
github.com/niiniyare/erp/web/components/atoms/button_templ.go:762.17,764.34 2 0
github.com/niiniyare/erp/web/components/atoms/button_templ.go:764.34,766.6 1 0
github.com/niiniyare/erp/web/components/atoms/button_templ.go:769.3,771.34 3 1
github.com/niiniyare/erp/web/components/atoms/button_templ.go:771.34,773.4 1 0
github.com/niiniyare/erp/web/components/atoms/button_templ.go:774.3,775.62 2 1
github.com/niiniyare/erp/web/components/atoms/button_templ.go:775.62,777.33 2 0
github.com/niiniyare/erp/web/components/atoms/button_templ.go:777.33,779.5 1 0
github.com/niiniyare/erp/web/components/atoms/button_templ.go:781.3,781.23 1 1
github.com/niiniyare/erp/web/components/atoms/button_templ.go:781.23,783.33 2 1
github.com/niiniyare/erp/web/components/atoms/button_templ.go:783.33,785.5 1 0
github.com/niiniyare/erp/web/components/atoms/button_templ.go:786.4,788.33 3 1
github.com/niiniyare/erp/web/components/atoms/button_templ.go:788.33,790.5 1 0
github.com/niiniyare/erp/web/components/atoms/button_templ.go:791.4,792.33 2 1
github.com/niiniyare/erp/web/components/atoms/button_templ.go:792.33,794.5 1 0
github.com/niiniyare/erp/web/components/atoms/button_templ.go:795.4,796.33 2 1
github.com/niiniyare/erp/web/components/atoms/button_templ.go:796.33,798.5 1 0
github.com/niiniyare/erp/web/components/atoms/button_templ.go:800.3,800.63 1 1
github.com/niiniyare/erp/web/components/atoms/button_templ.go:800.63,802.33 2 0
github.com/niiniyare/erp/web/components/atoms/button_templ.go:802.33,804.5 1 0
github.com/niiniyare/erp/web/components/atoms/button_templ.go:806.3,806.13 1 1
github.com/niiniyare/erp/web/components/atoms/button_templ.go:811.48,812.131 1 1
github.com/niiniyare/erp/web/components/atoms/button_templ.go:812.131,814.71 2 1
github.com/niiniyare/erp/web/components/atoms/button_templ.go:814.71,816.4 1 0
github.com/niiniyare/erp/web/components/atoms/button_templ.go:817.3,818.31 2 1
github.com/niiniyare/erp/web/components/atoms/button_templ.go:818.31,819.17 1 0
github.com/niiniyare/erp/web/components/atoms/button_templ.go:819.17,821.34 2 0
github.com/niiniyare/erp/web/components/atoms/button_templ.go:821.34,823.6 1 0
github.com/niiniyare/erp/web/components/atoms/button_templ.go:826.3,828.34 3 1
github.com/niiniyare/erp/web/components/atoms/button_templ.go:828.34,830.4 1 0
github.com/niiniyare/erp/web/components/atoms/button_templ.go:831.3,834.32 4 1
github.com/niiniyare/erp/web/components/atoms/button_templ.go:834.32,836.4 1 0
github.com/niiniyare/erp/web/components/atoms/button_templ.go:837.3,838.32 2 1
github.com/niiniyare/erp/web/components/atoms/button_templ.go:838.32,840.4 1 0
github.com/niiniyare/erp/web/components/atoms/button_templ.go:841.3,843.32 3 1
github.com/niiniyare/erp/web/components/atoms/button_templ.go:843.32,845.4 1 0
github.com/niiniyare/erp/web/components/atoms/button_templ.go:846.3,847.32 2 1
github.com/niiniyare/erp/web/components/atoms/button_templ.go:847.32,849.4 1 0
github.com/niiniyare/erp/web/components/atoms/button_templ.go:850.3,851.32 2 1
github.com/niiniyare/erp/web/components/atoms/button_templ.go:851.32,853.4 1 0
github.com/niiniyare/erp/web/components/atoms/button_templ.go:854.3,854.13 1 1
github.com/niiniyare/erp/web/components/atoms/button_templ.go:863.46,864.22 1 1
github.com/niiniyare/erp/web/components/atoms/button_templ.go:864.22,866.3 1 1
github.com/niiniyare/erp/web/components/atoms/button_templ.go:867.2,867.25 1 1
github.com/niiniyare/erp/web/components/atoms/button_templ.go:871.49,875.16 2 1
github.com/niiniyare/erp/web/components/atoms/button_templ.go:875.16,877.3 1 0
github.com/niiniyare/erp/web/components/atoms/button_templ.go:877.8,879.3 1 1
github.com/niiniyare/erp/web/components/atoms/button_templ.go:882.2,882.58 1 1
github.com/niiniyare/erp/web/components/atoms/button_templ.go:882.58,884.3 1 0
github.com/niiniyare/erp/web/components/atoms/button_templ.go:887.2,887.66 1 1
github.com/niiniyare/erp/web/components/atoms/button_templ.go:887.66,888.63 1 0
github.com/niiniyare/erp/web/components/atoms/button_templ.go:888.63,890.4 1 0
github.com/niiniyare/erp/web/components/atoms/button_templ.go:894.2,894.21 1 1
github.com/niiniyare/erp/web/components/atoms/button_templ.go:894.21,896.3 1 0
github.com/niiniyare/erp/web/components/atoms/button_templ.go:899.2,899.20 1 1
github.com/niiniyare/erp/web/components/atoms/button_templ.go:899.20,901.3 1 1
github.com/niiniyare/erp/web/components/atoms/button_templ.go:904.2,904.19 1 1
github.com/niiniyare/erp/web/components/atoms/button_templ.go:904.19,906.3 1 1
github.com/niiniyare/erp/web/components/atoms/button_templ.go:909.2,909.23 1 1
github.com/niiniyare/erp/web/components/atoms/button_templ.go:909.23,911.3 1 0
github.com/niiniyare/erp/web/components/atoms/button_templ.go:913.2,913.32 1 1
github.com/niiniyare/erp/web/components/atoms/button_templ.go:918.105,928.50 4 0
github.com/niiniyare/erp/web/components/atoms/button_templ.go:928.50,930.3 1 0
github.com/niiniyare/erp/web/components/atoms/button_templ.go:933.2,933.13 1 0
github.com/niiniyare/erp/web/components/atoms/button_templ.go:933.13,934.27 1 0
github.com/niiniyare/erp/web/components/atoms/button_templ.go:934.27,936.4 1 0
github.com/niiniyare/erp/web/components/atoms/button_templ.go:936.9,938.4 1 0
github.com/niiniyare/erp/web/components/atoms/button_templ.go:942.2,942.22 1 0
github.com/niiniyare/erp/web/components/atoms/button_templ.go:942.22,944.3 1 0
github.com/niiniyare/erp/web/components/atoms/button_templ.go:946.2,948.18 2 0
github.com/niiniyare/erp/web/components/atoms/button_templ.go:952.49,954.44 2 1
github.com/niiniyare/erp/web/components/atoms/button_templ.go:954.44,956.3 1 0
github.com/niiniyare/erp/web/components/atoms/button_templ.go:957.2,957.32 1 1
github.com/niiniyare/erp/web/components/atoms/button_templ.go:961.45,962.21 1 0
github.com/niiniyare/erp/web/components/atoms/button_templ.go:962.21,964.3 1 0
github.com/niiniyare/erp/web/components/atoms/button_templ.go:965.2,965.15 1 0
github.com/niiniyare/erp/web/components/atoms/button_templ.go:965.15,967.3 1 0
github.com/niiniyare/erp/web/components/atoms/button_templ.go:968.2,968.16 1 0
github.com/niiniyare/erp/web/components/atoms/button_templ.go:976.60,979.2 2 0
github.com/niiniyare/erp/web/components/atoms/button_templ.go:982.83,986.2 3 0
github.com/niiniyare/erp/web/components/atoms/button_templ.go:989.64,991.2 1 0
github.com/niiniyare/erp/web/components/atoms/button_templ.go:994.65,996.2 1 0
github.com/niiniyare/erp/web/components/atoms/button_templ.go:999.45,1002.2 2 0
github.com/niiniyare/erp/web/components/atoms/button_templ.go:1005.44,1008.2 2 0
github.com/niiniyare/erp/web/components/atoms/button_templ.go:1011.48,1014.2 2 0
github.com/niiniyare/erp/web/components/atoms/button_templ.go:1017.43,1020.2 2 0
github.com/niiniyare/erp/web/components/atoms/button_templ.go:1023.63,1026.2 2 0
github.com/niiniyare/erp/web/components/atoms/button_templ.go:1029.70,1032.2 2 0
github.com/niiniyare/erp/web/components/atoms/button_templ.go:1035.54,1038.2 2 0
github.com/niiniyare/erp/web/components/atoms/button_templ.go:1041.47,1044.2 2 0
github.com/niiniyare/erp/web/components/atoms/button_templ.go:1047.62,1050.2 2 0
github.com/niiniyare/erp/web/components/atoms/button_templ.go:1053.68,1056.2 2 0
github.com/niiniyare/erp/web/components/atoms/button_templ.go:1059.62,1062.2 2 0
github.com/niiniyare/erp/web/components/atoms/button_templ.go:1065.58,1068.2 2 0
github.com/niiniyare/erp/web/components/atoms/button_templ.go:1071.58,1074.2 2 0
github.com/niiniyare/erp/web/components/atoms/button_templ.go:1081.39,1082.39 1 0
github.com/niiniyare/erp/web/components/atoms/button_templ.go:1082.39,1084.3 1 0
github.com/niiniyare/erp/web/components/atoms/button_templ.go:1085.2,1085.59 1 0
github.com/niiniyare/erp/web/components/atoms/button_templ.go:1085.59,1087.3 1 0
github.com/niiniyare/erp/web/components/atoms/button_templ.go:1088.2,1088.12 1 0
github.com/niiniyare/erp/web/components/atoms/button_templ.go:1102.41,1104.2 1 0
github.com/niiniyare/erp/web/components/atoms/checkbox_templ.go:147.50,161.2 1 0
github.com/niiniyare/erp/web/components/atoms/checkbox_templ.go:164.66,168.2 3 0
github.com/niiniyare/erp/web/components/atoms/checkbox_templ.go:176.52,177.131 1 1
github.com/niiniyare/erp/web/components/atoms/checkbox_templ.go:177.131,179.71 2 1
github.com/niiniyare/erp/web/components/atoms/checkbox_templ.go:179.71,181.4 1 0
github.com/niiniyare/erp/web/components/atoms/checkbox_templ.go:182.3,183.31 2 1
github.com/niiniyare/erp/web/components/atoms/checkbox_templ.go:183.31,184.17 1 1
github.com/niiniyare/erp/web/components/atoms/checkbox_templ.go:184.17,186.34 2 1
github.com/niiniyare/erp/web/components/atoms/checkbox_templ.go:186.34,188.6 1 1
github.com/niiniyare/erp/web/components/atoms/checkbox_templ.go:191.3,193.33 3 1
github.com/niiniyare/erp/web/components/atoms/checkbox_templ.go:193.33,195.4 1 0
github.com/niiniyare/erp/web/components/atoms/checkbox_templ.go:196.3,199.32 4 1
github.com/niiniyare/erp/web/components/atoms/checkbox_templ.go:199.32,201.4 1 0
github.com/niiniyare/erp/web/components/atoms/checkbox_templ.go:202.3,203.32 2 1
github.com/niiniyare/erp/web/components/atoms/checkbox_templ.go:203.32,205.4 1 0
github.com/niiniyare/erp/web/components/atoms/checkbox_templ.go:206.3,208.32 3 1
github.com/niiniyare/erp/web/components/atoms/checkbox_templ.go:208.32,210.4 1 0
github.com/niiniyare/erp/web/components/atoms/checkbox_templ.go:211.3,212.32 2 1
github.com/niiniyare/erp/web/components/atoms/checkbox_templ.go:212.32,214.4 1 0
github.com/niiniyare/erp/web/components/atoms/checkbox_templ.go:215.3,216.32 2 1
github.com/niiniyare/erp/web/components/atoms/checkbox_templ.go:216.32,218.4 1 0
github.com/niiniyare/erp/web/components/atoms/checkbox_templ.go:219.3,219.60 1 1
github.com/niiniyare/erp/web/components/atoms/checkbox_templ.go:219.60,221.33 2 0
github.com/niiniyare/erp/web/components/atoms/checkbox_templ.go:221.33,223.5 1 0
github.com/niiniyare/erp/web/components/atoms/checkbox_templ.go:225.3,227.32 3 1
github.com/niiniyare/erp/web/components/atoms/checkbox_templ.go:227.32,229.4 1 0
github.com/niiniyare/erp/web/components/atoms/checkbox_templ.go:230.3,231.32 2 1
github.com/niiniyare/erp/web/components/atoms/checkbox_templ.go:231.32,233.4 1 0
github.com/niiniyare/erp/web/components/atoms/checkbox_templ.go:234.3,234.21 1 1
github.com/niiniyare/erp/web/components/atoms/checkbox_templ.go:234.21,236.33 2 1
github.com/niiniyare/erp/web/components/atoms/checkbox_templ.go:236.33,238.5 1 0
github.com/niiniyare/erp/web/components/atoms/checkbox_templ.go:239.4,241.33 3 1
github.com/niiniyare/erp/web/components/atoms/checkbox_templ.go:241.33,243.5 1 0
github.com/niiniyare/erp/web/components/atoms/checkbox_templ.go:244.4,245.33 2 1
github.com/niiniyare/erp/web/components/atoms/checkbox_templ.go:245.33,247.5 1 0
github.com/niiniyare/erp/web/components/atoms/checkbox_templ.go:248.4,249.33 2 1
github.com/niiniyare/erp/web/components/atoms/checkbox_templ.go:249.33,251.5 1 0
github.com/niiniyare/erp/web/components/atoms/checkbox_templ.go:253.3,253.23 1 1
github.com/niiniyare/erp/web/components/atoms/checkbox_templ.go:253.23,255.33 2 0
github.com/niiniyare/erp/web/components/atoms/checkbox_templ.go:255.33,257.5 1 0
github.com/niiniyare/erp/web/components/atoms/checkbox_templ.go:258.4,260.33 3 0
github.com/niiniyare/erp/web/components/atoms/checkbox_templ.go:260.33,262.5 1 0
github.com/niiniyare/erp/web/components/atoms/checkbox_templ.go:263.4,264.33 2 0
github.com/niiniyare/erp/web/components/atoms/checkbox_templ.go:264.33,266.5 1 0
github.com/niiniyare/erp/web/components/atoms/checkbox_templ.go:267.4,268.33 2 0
github.com/niiniyare/erp/web/components/atoms/checkbox_templ.go:268.33,270.5 1 0
github.com/niiniyare/erp/web/components/atoms/checkbox_templ.go:272.3,272.24 1 1
github.com/niiniyare/erp/web/components/atoms/checkbox_templ.go:272.24,274.33 2 0
github.com/niiniyare/erp/web/components/atoms/checkbox_templ.go:274.33,276.5 1 0
github.com/niiniyare/erp/web/components/atoms/checkbox_templ.go:277.4,279.33 3 0
github.com/niiniyare/erp/web/components/atoms/checkbox_templ.go:279.33,281.5 1 0
github.com/niiniyare/erp/web/components/atoms/checkbox_templ.go:282.4,283.33 2 0
github.com/niiniyare/erp/web/components/atoms/checkbox_templ.go:283.33,285.5 1 0
github.com/niiniyare/erp/web/components/atoms/checkbox_templ.go:286.4,287.33 2 0
github.com/niiniyare/erp/web/components/atoms/checkbox_templ.go:287.33,289.5 1 0
github.com/niiniyare/erp/web/components/atoms/checkbox_templ.go:291.3,292.32 2 1
github.com/niiniyare/erp/web/components/atoms/checkbox_templ.go:292.32,294.4 1 0
github.com/niiniyare/erp/web/components/atoms/checkbox_templ.go:295.3,297.32 3 1
github.com/niiniyare/erp/web/components/atoms/checkbox_templ.go:297.32,299.4 1 0
github.com/niiniyare/erp/web/components/atoms/checkbox_templ.go:300.3,301.32 2 1
github.com/niiniyare/erp/web/components/atoms/checkbox_templ.go:301.32,303.4 1 0
github.com/niiniyare/erp/web/components/atoms/checkbox_templ.go:304.3,305.32 2 1
github.com/niiniyare/erp/web/components/atoms/checkbox_templ.go:305.32,307.4 1 0
github.com/niiniyare/erp/web/components/atoms/checkbox_templ.go:308.3,308.20 1 1
github.com/niiniyare/erp/web/components/atoms/checkbox_templ.go:308.20,310.33 2 1
github.com/niiniyare/erp/web/components/atoms/checkbox_templ.go:310.33,312.5 1 0
github.com/niiniyare/erp/web/components/atoms/checkbox_templ.go:314.3,314.21 1 1
github.com/niiniyare/erp/web/components/atoms/checkbox_templ.go:314.21,316.33 2 0
github.com/niiniyare/erp/web/components/atoms/checkbox_templ.go:316.33,318.5 1 0
github.com/niiniyare/erp/web/components/atoms/checkbox_templ.go:320.3,320.21 1 1
github.com/niiniyare/erp/web/components/atoms/checkbox_templ.go:320.21,322.33 2 1
github.com/niiniyare/erp/web/components/atoms/checkbox_templ.go:322.33,324.5 1 0
github.com/niiniyare/erp/web/components/atoms/checkbox_templ.go:326.3,326.28 1 1
github.com/niiniyare/erp/web/components/atoms/checkbox_templ.go:326.28,328.33 2 0
github.com/niiniyare/erp/web/components/atoms/checkbox_templ.go:328.33,330.5 1 0
github.com/niiniyare/erp/web/components/atoms/checkbox_templ.go:331.4,333.33 3 0
github.com/niiniyare/erp/web/components/atoms/checkbox_templ.go:333.33,335.5 1 0
github.com/niiniyare/erp/web/components/atoms/checkbox_templ.go:336.4,337.33 2 0
github.com/niiniyare/erp/web/components/atoms/checkbox_templ.go:337.33,339.5 1 0
github.com/niiniyare/erp/web/components/atoms/checkbox_templ.go:340.4,341.33 2 0
github.com/niiniyare/erp/web/components/atoms/checkbox_templ.go:341.33,343.5 1 0
github.com/niiniyare/erp/web/components/atoms/checkbox_templ.go:345.3,345.34 1 1
github.com/niiniyare/erp/web/components/atoms/checkbox_templ.go:345.34,347.33 2 0
github.com/niiniyare/erp/web/components/atoms/checkbox_templ.go:347.33,349.5 1 0
github.com/niiniyare/erp/web/components/atoms/checkbox_templ.go:350.4,352.33 3 0
github.com/niiniyare/erp/web/components/atoms/checkbox_templ.go:352.33,354.5 1 0
github.com/niiniyare/erp/web/components/atoms/checkbox_templ.go:355.4,356.33 2 0
github.com/niiniyare/erp/web/components/atoms/checkbox_templ.go:356.33,358.5 1 0
github.com/niiniyare/erp/web/components/atoms/checkbox_templ.go:359.4,360.33 2 0
github.com/niiniyare/erp/web/components/atoms/checkbox_templ.go:360.33,362.5 1 0
github.com/niiniyare/erp/web/components/atoms/checkbox_templ.go:364.3,364.25 1 1
github.com/niiniyare/erp/web/components/atoms/checkbox_templ.go:364.25,366.33 2 0
github.com/niiniyare/erp/web/components/atoms/checkbox_templ.go:366.33,368.5 1 0
github.com/niiniyare/erp/web/components/atoms/checkbox_templ.go:370.3,370.24 1 1
github.com/niiniyare/erp/web/components/atoms/checkbox_templ.go:370.24,372.33 2 0
github.com/niiniyare/erp/web/components/atoms/checkbox_templ.go:372.33,374.5 1 0
github.com/niiniyare/erp/web/components/atoms/checkbox_templ.go:376.3,376.29 1 1
github.com/niiniyare/erp/web/components/atoms/checkbox_templ.go:376.29,378.33 2 0
github.com/niiniyare/erp/web/components/atoms/checkbox_templ.go:378.33,380.5 1 0
github.com/niiniyare/erp/web/components/atoms/checkbox_templ.go:381.4,383.33 3 0
github.com/niiniyare/erp/web/components/atoms/checkbox_templ.go:383.33,385.5 1 0
github.com/niiniyare/erp/web/components/atoms/checkbox_templ.go:386.4,387.33 2 0
github.com/niiniyare/erp/web/components/atoms/checkbox_templ.go:387.33,389.5 1 0
github.com/niiniyare/erp/web/components/atoms/checkbox_templ.go:390.4,391.33 2 0
github.com/niiniyare/erp/web/components/atoms/checkbox_templ.go:391.33,393.5 1 0
github.com/niiniyare/erp/web/components/atoms/checkbox_templ.go:395.3,395.27 1 1
github.com/niiniyare/erp/web/components/atoms/checkbox_templ.go:395.27,397.33 2 0
github.com/niiniyare/erp/web/components/atoms/checkbox_templ.go:397.33,399.5 1 0
github.com/niiniyare/erp/web/components/atoms/checkbox_templ.go:400.4,402.33 3 0
github.com/niiniyare/erp/web/components/atoms/checkbox_templ.go:402.33,404.5 1 0
github.com/niiniyare/erp/web/components/atoms/checkbox_templ.go:405.4,406.33 2 0
[...]
github.com/niiniyare/erp/web/components/atoms/uuid_templ.go:686.32,688.4 1 0
github.com/niiniyare/erp/web/components/atoms/uuid_templ.go:689.3,690.32 2 0
github.com/niiniyare/erp/web/components/atoms/uuid_templ.go:690.32,692.4 1 0
github.com/niiniyare/erp/web/components/atoms/uuid_templ.go:693.3,693.13 1 0
github.com/niiniyare/erp/web/components/atoms/uuid_templ.go:698.58,699.131 1 0
github.com/niiniyare/erp/web/components/atoms/uuid_templ.go:699.131,701.71 2 0
github.com/niiniyare/erp/web/components/atoms/uuid_templ.go:701.71,703.4 1 0
github.com/niiniyare/erp/web/components/atoms/uuid_templ.go:704.3,705.31 2 0
github.com/niiniyare/erp/web/components/atoms/uuid_templ.go:705.31,706.17 1 0
github.com/niiniyare/erp/web/components/atoms/uuid_templ.go:706.17,708.34 2 0
github.com/niiniyare/erp/web/components/atoms/uuid_templ.go:708.34,710.6 1 0
github.com/niiniyare/erp/web/components/atoms/uuid_templ.go:713.3,715.34 3 0
github.com/niiniyare/erp/web/components/atoms/uuid_templ.go:715.34,717.4 1 0
github.com/niiniyare/erp/web/components/atoms/uuid_templ.go:718.3,721.32 4 0
github.com/niiniyare/erp/web/components/atoms/uuid_templ.go:721.32,723.4 1 0
github.com/niiniyare/erp/web/components/atoms/uuid_templ.go:724.3,725.32 2 0
github.com/niiniyare/erp/web/components/atoms/uuid_templ.go:725.32,727.4 1 0
github.com/niiniyare/erp/web/components/atoms/uuid_templ.go:728.3,730.32 3 0
github.com/niiniyare/erp/web/components/atoms/uuid_templ.go:730.32,732.4 1 0
github.com/niiniyare/erp/web/components/atoms/uuid_templ.go:733.3,734.32 2 0
github.com/niiniyare/erp/web/components/atoms/uuid_templ.go:734.32,736.4 1 0
github.com/niiniyare/erp/web/components/atoms/uuid_templ.go:737.3,738.32 2 0
github.com/niiniyare/erp/web/components/atoms/uuid_templ.go:738.32,740.4 1 0
github.com/niiniyare/erp/web/components/atoms/uuid_templ.go:741.3,745.32 2 0
github.com/niiniyare/erp/web/components/atoms/uuid_templ.go:745.32,747.4 1 0
github.com/niiniyare/erp/web/components/atoms/uuid_templ.go:748.3,749.32 2 0
github.com/niiniyare/erp/web/components/atoms/uuid_templ.go:749.32,751.4 1 0
github.com/niiniyare/erp/web/components/atoms/uuid_templ.go:752.3,752.13 1 0
github.com/niiniyare/erp/web/components/atoms/uuid_templ.go:757.58,758.131 1 0
github.com/niiniyare/erp/web/components/atoms/uuid_templ.go:758.131,760.71 2 0
github.com/niiniyare/erp/web/components/atoms/uuid_templ.go:760.71,762.4 1 0
github.com/niiniyare/erp/web/components/atoms/uuid_templ.go:763.3,764.31 2 0
github.com/niiniyare/erp/web/components/atoms/uuid_templ.go:764.31,765.17 1 0
github.com/niiniyare/erp/web/components/atoms/uuid_templ.go:765.17,767.34 2 0
github.com/niiniyare/erp/web/components/atoms/uuid_templ.go:767.34,769.6 1 0
github.com/niiniyare/erp/web/components/atoms/uuid_templ.go:772.3,774.34 3 0
github.com/niiniyare/erp/web/components/atoms/uuid_templ.go:774.34,776.4 1 0
github.com/niiniyare/erp/web/components/atoms/uuid_templ.go:777.3,778.51 2 0
github.com/niiniyare/erp/web/components/atoms/uuid_templ.go:778.51,780.33 2 0
github.com/niiniyare/erp/web/components/atoms/uuid_templ.go:780.33,782.5 1 0
github.com/niiniyare/erp/web/components/atoms/uuid_templ.go:783.4,783.53 1 0
github.com/niiniyare/erp/web/components/atoms/uuid_templ.go:783.53,785.34 2 0
github.com/niiniyare/erp/web/components/atoms/uuid_templ.go:785.34,787.6 1 0
github.com/niiniyare/erp/web/components/atoms/uuid_templ.go:788.5,790.34 3 0
github.com/niiniyare/erp/web/components/atoms/uuid_templ.go:790.34,792.6 1 0
github.com/niiniyare/erp/web/components/atoms/uuid_templ.go:793.5,794.34 2 0
github.com/niiniyare/erp/web/components/atoms/uuid_templ.go:794.34,796.6 1 0
github.com/niiniyare/erp/web/components/atoms/uuid_templ.go:797.5,798.34 2 0
github.com/niiniyare/erp/web/components/atoms/uuid_templ.go:798.34,800.6 1 0
github.com/niiniyare/erp/web/components/atoms/uuid_templ.go:801.10,801.35 1 0
github.com/niiniyare/erp/web/components/atoms/uuid_templ.go:801.35,803.34 2 0
github.com/niiniyare/erp/web/components/atoms/uuid_templ.go:803.34,805.6 1 0
github.com/niiniyare/erp/web/components/atoms/uuid_templ.go:806.5,808.34 3 0
github.com/niiniyare/erp/web/components/atoms/uuid_templ.go:808.34,810.6 1 0
github.com/niiniyare/erp/web/components/atoms/uuid_templ.go:811.5,812.34 2 0
github.com/niiniyare/erp/web/components/atoms/uuid_templ.go:812.34,814.6 1 0
github.com/niiniyare/erp/web/components/atoms/uuid_templ.go:815.5,816.34 2 0
github.com/niiniyare/erp/web/components/atoms/uuid_templ.go:816.34,818.6 1 0
github.com/niiniyare/erp/web/components/atoms/uuid_templ.go:820.4,821.33 2 0
github.com/niiniyare/erp/web/components/atoms/uuid_templ.go:821.33,823.5 1 0
github.com/niiniyare/erp/web/components/atoms/uuid_templ.go:825.3,825.13 1 0
github.com/niiniyare/erp/web/components/atoms/uuid_templ.go:834.52,838.23 2 0
github.com/niiniyare/erp/web/components/atoms/uuid_templ.go:838.23,840.3 1 0
github.com/niiniyare/erp/web/components/atoms/uuid_templ.go:842.2,842.32 1 0
github.com/niiniyare/erp/web/components/atoms/uuid_templ.go:846.50,850.70 2 0
github.com/niiniyare/erp/web/components/atoms/uuid_templ.go:850.70,852.3 1 0
github.com/niiniyare/erp/web/components/atoms/uuid_templ.go:855.2,858.20 2 0
github.com/niiniyare/erp/web/components/atoms/uuid_templ.go:858.20,860.3 1 0
github.com/niiniyare/erp/web/components/atoms/uuid_templ.go:863.2,863.54 1 0
github.com/niiniyare/erp/web/components/atoms/uuid_templ.go:863.54,865.3 1 0
github.com/niiniyare/erp/web/components/atoms/uuid_templ.go:867.2,867.32 1 0
github.com/niiniyare/erp/web/components/atoms/uuid_templ.go:871.49,872.56 1 0
github.com/niiniyare/erp/web/components/atoms/uuid_templ.go:872.56,874.3 1 0
github.com/niiniyare/erp/web/components/atoms/uuid_templ.go:875.2,875.50 1 0
github.com/niiniyare/erp/web/components/atoms/uuid_templ.go:883.54,886.2 2 0
github.com/niiniyare/erp/web/components/atoms/uuid_templ.go:889.54,892.2 2 0
github.com/niiniyare/erp/web/components/atoms/uuid_templ.go:895.63,898.2 2 0
github.com/niiniyare/erp/web/components/atoms/uuid_templ.go:901.43,905.2 3 0
github.com/niiniyare/erp/web/components/atoms/uuid_templ.go:908.43,911.2 2 0
github.com/niiniyare/erp/web/components/atoms/uuid_templ.go:914.56,917.2 2 0
github.com/niiniyare/erp/web/components/atoms/uuid_templ.go:920.60,923.2 2 0
github.com/niiniyare/erp/web/components/atoms/uuid_templ.go:926.60,928.29 2 0
github.com/niiniyare/erp/web/components/atoms/uuid_templ.go:928.29,930.3 1 0
github.com/niiniyare/erp/web/components/atoms/uuid_templ.go:931.2,931.10 1 0
github.com/niiniyare/erp/web/components/atoms/uuid_templ.go:935.50,938.2 2 0
github.com/niiniyare/erp/web/components/atoms/validation.go:41.63,44.43 2 1
github.com/niiniyare/erp/web/components/atoms/validation.go:44.43,47.3 2 1
github.com/niiniyare/erp/web/components/atoms/validation.go:48.2,52.16 3 1
github.com/niiniyare/erp/web/components/atoms/validation.go:52.16,54.3 1 1
github.com/niiniyare/erp/web/components/atoms/validation.go:56.2,60.22 4 1
github.com/niiniyare/erp/web/components/atoms/validation.go:64.24,68.2 3 1
github.com/niiniyare/erp/web/components/atoms/validation.go:91.54,92.20 1 1
github.com/niiniyare/erp/web/components/atoms/validation.go:92.20,94.3 1 1
github.com/niiniyare/erp/web/components/atoms/validation.go:95.2,95.12 1 1
github.com/niiniyare/erp/web/components/atoms/validation.go:99.30,100.29 1 1
github.com/niiniyare/erp/web/components/atoms/validation.go:101.11,102.14 1 1
github.com/niiniyare/erp/web/components/atoms/validation.go:103.14,104.28 1 1
github.com/niiniyare/erp/web/components/atoms/validation.go:105.13,106.23 1 1
github.com/niiniyare/erp/web/components/atoms/validation.go:107.22,108.23 1 1
github.com/niiniyare/erp/web/components/atoms/validation.go:110.2,110.14 1 1
github.com/niiniyare/erp/web/components/atoms/validation.go:114.35,115.17 1 1
github.com/niiniyare/erp/web/components/atoms/validation.go:115.17,117.3 1 1
github.com/niiniyare/erp/web/components/atoms/validation.go:119.2,119.22 1 1
github.com/niiniyare/erp/web/components/atoms/validation.go:119.22,120.54 1 1
github.com/niiniyare/erp/web/components/atoms/validation.go:120.54,122.4 1 1
github.com/niiniyare/erp/web/components/atoms/validation.go:124.2,124.13 1 1
github.com/niiniyare/erp/web/components/atoms/validation.go:128.50,129.21 1 1
github.com/niiniyare/erp/web/components/atoms/validation.go:129.21,131.3 1 1
github.com/niiniyare/erp/web/components/atoms/validation.go:132.2,132.33 1 1
github.com/niiniyare/erp/web/components/atoms/validation.go:146.55,148.9 2 1
github.com/niiniyare/erp/web/components/atoms/validation.go:148.9,150.3 1 1
github.com/niiniyare/erp/web/components/atoms/validation.go:152.2,152.28 1 1
github.com/niiniyare/erp/web/components/atoms/validation.go:152.28,154.3 1 1
github.com/niiniyare/erp/web/components/atoms/validation.go:155.2,155.12 1 1
github.com/niiniyare/erp/web/components/atoms/validation.go:159.51,160.21 1 1
github.com/niiniyare/erp/web/components/atoms/validation.go:160.21,162.3 1 1
github.com/niiniyare/erp/web/components/atoms/validation.go:163.2,163.67 1 1
github.com/niiniyare/erp/web/components/atoms/validation.go:177.55,179.9 2 1
github.com/niiniyare/erp/web/components/atoms/validation.go:179.9,181.3 1 1
github.com/niiniyare/erp/web/components/atoms/validation.go:183.2,183.28 1 1
github.com/niiniyare/erp/web/components/atoms/validation.go:183.28,185.3 1 1
github.com/niiniyare/erp/web/components/atoms/validation.go:186.2,186.12 1 1
github.com/niiniyare/erp/web/components/atoms/validation.go:190.51,191.21 1 1
github.com/niiniyare/erp/web/components/atoms/validation.go:191.21,193.3 1 1
github.com/niiniyare/erp/web/components/atoms/validation.go:194.2,194.71 1 1
github.com/niiniyare/erp/web/components/atoms/validation.go:208.53,210.9 2 1
github.com/niiniyare/erp/web/components/atoms/validation.go:210.9,212.3 1 1
github.com/niiniyare/erp/web/components/atoms/validation.go:214.2,215.16 2 1
github.com/niiniyare/erp/web/components/atoms/validation.go:215.16,217.3 1 1
github.com/niiniyare/erp/web/components/atoms/validation.go:219.2,219.29 1 1
github.com/niiniyare/erp/web/components/atoms/validation.go:219.29,221.3 1 1
github.com/niiniyare/erp/web/components/atoms/validation.go:222.2,222.12 1 1
github.com/niiniyare/erp/web/components/atoms/validation.go:226.49,227.21 1 1
github.com/niiniyare/erp/web/components/atoms/validation.go:227.21,229.3 1 1
github.com/niiniyare/erp/web/components/atoms/validation.go:230.2,230.25 1 1
github.com/niiniyare/erp/web/components/atoms/validation.go:243.51,245.9 2 1
github.com/niiniyare/erp/web/components/atoms/validation.go:245.9,247.3 1 1
github.com/niiniyare/erp/web/components/atoms/validation.go:249.2,250.16 2 1
github.com/niiniyare/erp/web/components/atoms/validation.go:250.16,252.3 1 0
github.com/niiniyare/erp/web/components/atoms/validation.go:254.2,254.29 1 1
github.com/niiniyare/erp/web/components/atoms/validation.go:254.29,256.3 1 1
github.com/niiniyare/erp/web/components/atoms/validation.go:257.2,257.12 1 1
github.com/niiniyare/erp/web/components/atoms/validation.go:261.47,262.21 1 1
github.com/niiniyare/erp/web/components/atoms/validation.go:262.21,264.3 1 1
github.com/niiniyare/erp/web/components/atoms/validation.go:265.2,265.45 1 1
github.com/niiniyare/erp/web/components/atoms/validation.go:278.49,280.9 2 1
github.com/niiniyare/erp/web/components/atoms/validation.go:280.9,282.3 1 1
github.com/niiniyare/erp/web/components/atoms/validation.go:284.2,285.16 2 1
github.com/niiniyare/erp/web/components/atoms/validation.go:285.16,287.3 1 0
github.com/niiniyare/erp/web/components/atoms/validation.go:289.2,289.29 1 1
github.com/niiniyare/erp/web/components/atoms/validation.go:289.29,291.3 1 1
github.com/niiniyare/erp/web/components/atoms/validation.go:292.2,292.12 1 1
github.com/niiniyare/erp/web/components/atoms/validation.go:296.45,297.21 1 1
github.com/niiniyare/erp/web/components/atoms/validation.go:297.21,299.3 1 1
github.com/niiniyare/erp/web/components/atoms/validation.go:300.2,300.35 1 1
github.com/niiniyare/erp/web/components/atoms/validation.go:315.51,318.29 2 1
github.com/niiniyare/erp/web/components/atoms/validation.go:319.15,320.12 1 1
github.com/niiniyare/erp/web/components/atoms/validation.go:321.15,322.21 1 1
github.com/niiniyare/erp/web/components/atoms/validation.go:323.11,324.21 1 1
github.com/niiniyare/erp/web/components/atoms/validation.go:325.13,326.21 1 1
github.com/niiniyare/erp/web/components/atoms/validation.go:327.13,328.21 1 1
github.com/niiniyare/erp/web/components/atoms/validation.go:329.14,331.17 2 1
github.com/niiniyare/erp/web/components/atoms/validation.go:331.17,333.4 1 1
github.com/niiniyare/erp/web/components/atoms/validation.go:334.3,334.15 1 1
github.com/niiniyare/erp/web/components/atoms/validation.go:335.10,336.45 1 1
github.com/niiniyare/erp/web/components/atoms/validation.go:339.2,339.32 1 1
github.com/niiniyare/erp/web/components/atoms/validation.go:339.32,341.3 1 1
github.com/niiniyare/erp/web/components/atoms/validation.go:342.2,342.12 1 1
github.com/niiniyare/erp/web/components/atoms/validation.go:346.47,347.21 1 1
github.com/niiniyare/erp/web/components/atoms/validation.go:347.21,349.3 1 1
github.com/niiniyare/erp/web/components/atoms/validation.go:350.2,350.67 1 1
github.com/niiniyare/erp/web/components/atoms/validation.go:364.52,365.27 1 1
github.com/niiniyare/erp/web/components/atoms/validation.go:365.27,367.3 1 1
github.com/niiniyare/erp/web/components/atoms/validation.go:368.2,368.30 1 1
github.com/niiniyare/erp/web/components/atoms/validation.go:372.48,373.21 1 1
github.com/niiniyare/erp/web/components/atoms/validation.go:373.21,375.3 1 1
github.com/niiniyare/erp/web/components/atoms/validation.go:376.2,376.28 1 1
github.com/niiniyare/erp/web/components/atoms/validation.go:389.53,390.42 1 1
github.com/niiniyare/erp/web/components/atoms/validation.go:390.42,391.51 1 1
github.com/niiniyare/erp/web/components/atoms/validation.go:391.51,393.4 1 1
github.com/niiniyare/erp/web/components/atoms/validation.go:395.2,395.12 1 1
github.com/niiniyare/erp/web/components/atoms/validation.go:399.58,401.42 2 1
github.com/niiniyare/erp/web/components/atoms/validation.go:401.42,402.51 1 1
github.com/niiniyare/erp/web/components/atoms/validation.go:402.51,404.4 1 1
github.com/niiniyare/erp/web/components/atoms/validation.go:406.2,406.15 1 1
github.com/niiniyare/erp/web/components/atoms/validation.go:410.49,411.28 1 1
github.com/niiniyare/erp/web/components/atoms/validation.go:411.28,413.3 1 1
github.com/niiniyare/erp/web/components/atoms/validation.go:414.2,414.28 1 1
github.com/niiniyare/erp/web/components/atoms/validation.go:433.70,440.2 1 1
github.com/niiniyare/erp/web/components/atoms/validation.go:443.34,447.42 3 1
github.com/niiniyare/erp/web/components/atoms/validation.go:447.42,448.54 1 1
github.com/niiniyare/erp/web/components/atoms/validation.go:448.54,451.4 2 1
github.com/niiniyare/erp/web/components/atoms/validation.go:456.46,457.24 1 1
github.com/niiniyare/erp/web/components/atoms/validation.go:457.24,459.3 1 1
github.com/niiniyare/erp/web/components/atoms/validation.go:460.2,460.11 1 1
github.com/niiniyare/erp/web/components/atoms/validation.go:464.39,466.2 1 1
github.com/niiniyare/erp/web/components/atoms/validation.go:469.37,471.2 1 1
github.com/niiniyare/erp/web/components/atoms/validation.go:474.43,477.2 2 1
github.com/niiniyare/erp/web/components/atoms/validation.go:480.31,486.2 5 1
github.com/niiniyare/erp/web/components/atoms/validation.go:502.32,507.2 1 1
github.com/niiniyare/erp/web/components/atoms/validation.go:510.74,515.2 3 1
github.com/niiniyare/erp/web/components/atoms/validation.go:518.60,522.38 3 1
github.com/niiniyare/erp/web/components/atoms/validation.go:522.38,524.3 1 1
github.com/niiniyare/erp/web/components/atoms/validation.go:528.54,533.9 4 1
github.com/niiniyare/erp/web/components/atoms/validation.go:533.9,535.3 1 1
github.com/niiniyare/erp/web/components/atoms/validation.go:537.2,538.22 2 1
github.com/niiniyare/erp/web/components/atoms/validation.go:542.41,548.34 4 1
github.com/niiniyare/erp/web/components/atoms/validation.go:548.34,550.21 2 1
github.com/niiniyare/erp/web/components/atoms/validation.go:550.21,552.4 1 1
github.com/niiniyare/erp/web/components/atoms/validation.go:555.2,555.19 1 1
github.com/niiniyare/erp/web/components/atoms/validation.go:559.51,565.34 4 1
github.com/niiniyare/erp/web/components/atoms/validation.go:565.34,566.22 1 1
github.com/niiniyare/erp/web/components/atoms/validation.go:566.22,568.22 2 1
github.com/niiniyare/erp/web/components/atoms/validation.go:568.22,570.5 1 1
github.com/niiniyare/erp/web/components/atoms/validation.go:574.2,574.17 1 1
github.com/niiniyare/erp/web/components/atoms/validation.go:578.59,582.38 3 1
github.com/niiniyare/erp/web/components/atoms/validation.go:582.38,584.3 1 1
github.com/niiniyare/erp/web/components/atoms/validation.go:585.2,585.12 1 1
github.com/niiniyare/erp/web/components/atoms/validation.go:589.57,595.37 4 1
github.com/niiniyare/erp/web/components/atoms/validation.go:595.37,596.28 1 1
github.com/niiniyare/erp/web/components/atoms/validation.go:596.28,598.4 1 1
github.com/niiniyare/erp/web/components/atoms/validation.go:601.2,601.15 1 1
github.com/niiniyare/erp/web/components/atoms/validation.go:605.30,609.34 3 1
github.com/niiniyare/erp/web/components/atoms/validation.go:609.34,611.3 1 1
github.com/niiniyare/erp/web/components/atoms/validation.go:612.2,614.20 3 1
github.com/niiniyare/erp/web/components/atoms/validation.go:618.47,631.37 5 1
github.com/niiniyare/erp/web/components/atoms/validation.go:631.37,639.3 1 1
github.com/niiniyare/erp/web/components/atoms/validation.go:641.2,641.23 1 1
github.com/niiniyare/erp/web/components/atoms/validation.go:645.50,653.50 3 1
github.com/niiniyare/erp/web/components/atoms/validation.go:653.50,655.3 1 0
github.com/niiniyare/erp/web/components/atoms/validation.go:657.2,660.36 3 1
github.com/niiniyare/erp/web/components/atoms/validation.go:660.36,661.51 1 1
github.com/niiniyare/erp/web/components/atoms/validation.go:661.51,666.4 4 1
github.com/niiniyare/erp/web/components/atoms/validation.go:669.2,669.12 1 1
github.com/niiniyare/erp/web/components/atoms/validation.go:700.73,701.17 1 1
github.com/niiniyare/erp/web/components/atoms/validation.go:702.18,703.24 1 1
github.com/niiniyare/erp/web/components/atoms/validation.go:703.24,705.4 1 1
github.com/niiniyare/erp/web/components/atoms/validation.go:706.20,707.26 1 1
github.com/niiniyare/erp/web/components/atoms/validation.go:707.26,709.4 1 1
github.com/niiniyare/erp/web/components/atoms/validation.go:710.20,711.26 1 0
github.com/niiniyare/erp/web/components/atoms/validation.go:711.26,713.4 1 0
github.com/niiniyare/erp/web/components/atoms/validation.go:714.17,715.23 1 0
github.com/niiniyare/erp/web/components/atoms/validation.go:715.23,717.4 1 0
github.com/niiniyare/erp/web/components/atoms/validation.go:721.2,721.22 1 1
github.com/niiniyare/erp/web/components/atoms/validation.go:721.22,723.3 1 1
github.com/niiniyare/erp/web/components/atoms/validation.go:725.2,725.25 1 1
github.com/niiniyare/erp/web/components/atoms/validation.go:729.56,732.2 2 0
github.com/niiniyare/erp/web/components/atoms/validation.go:735.45,738.2 2 0
github.com/niiniyare/erp/web/components/atoms/validation.go:741.41,743.2 1 0
github.com/niiniyare/erp/web/components/atoms/validation.go:746.43,748.2 1 0
github.com/niiniyare/erp/web/components/atoms/validation.go:760.51,766.2 1 1
github.com/niiniyare/erp/web/components/atoms/validation.go:769.91,772.2 2 1
github.com/niiniyare/erp/web/components/atoms/validation.go:775.84,780.2 4 1
github.com/niiniyare/erp/web/components/atoms/validation.go:783.86,788.2 4 1
github.com/niiniyare/erp/web/components/atoms/validation.go:791.86,796.2 4 1
github.com/niiniyare/erp/web/components/atoms/validation.go:799.83,804.2 4 1
github.com/niiniyare/erp/web/components/atoms/validation.go:807.84,810.2 2 1
github.com/niiniyare/erp/web/components/atoms/validation.go:813.86,816.2 2 1
github.com/niiniyare/erp/web/components/atoms/validation.go:819.58,821.2 1 1
