mode: set
github.com/niiniyare/erp/internal/core/iam/authz/adapter.go:39.11,47.2 1 1
github.com/niiniyare/erp/internal/core/iam/authz/adapter.go:52.130,57.15 4 1
github.com/niiniyare/erp/internal/core/iam/authz/adapter.go:57.15,61.3 2 1
github.com/niiniyare/erp/internal/core/iam/authz/adapter.go:64.2,76.16 3 1
github.com/niiniyare/erp/internal/core/iam/authz/adapter.go:76.16,81.3 3 1
github.com/niiniyare/erp/internal/core/iam/authz/adapter.go:84.2,106.20 4 1
github.com/niiniyare/erp/internal/core/iam/authz/adapter.go:110.143,115.15 4 1
github.com/niiniyare/erp/internal/core/iam/authz/adapter.go:115.15,119.3 2 1
github.com/niiniyare/erp/internal/core/iam/authz/adapter.go:122.2,123.38 2 1
github.com/niiniyare/erp/internal/core/iam/authz/adapter.go:123.38,133.3 1 1
github.com/niiniyare/erp/internal/core/iam/authz/adapter.go:135.2,142.16 3 1
github.com/niiniyare/erp/internal/core/iam/authz/adapter.go:142.16,147.3 3 1
github.com/niiniyare/erp/internal/core/iam/authz/adapter.go:150.2,151.45 2 1
github.com/niiniyare/erp/internal/core/iam/authz/adapter.go:151.45,160.3 1 1
github.com/niiniyare/erp/internal/core/iam/authz/adapter.go:162.2,180.20 3 1
github.com/niiniyare/erp/internal/core/iam/authz/adapter.go:186.142,191.16 4 1
github.com/niiniyare/erp/internal/core/iam/authz/adapter.go:191.16,194.3 2 1
github.com/niiniyare/erp/internal/core/iam/authz/adapter.go:197.2,208.20 3 1
github.com/niiniyare/erp/internal/core/iam/authz/adapter.go:212.126,217.16 4 1
github.com/niiniyare/erp/internal/core/iam/authz/adapter.go:217.16,220.3 2 1
github.com/niiniyare/erp/internal/core/iam/authz/adapter.go:223.2,234.20 3 1
github.com/niiniyare/erp/internal/core/iam/authz/adapter.go:240.123,257.16 5 1
github.com/niiniyare/erp/internal/core/iam/authz/adapter.go:257.16,260.3 2 1
github.com/niiniyare/erp/internal/core/iam/authz/adapter.go:263.2,268.20 3 1
github.com/niiniyare/erp/internal/core/iam/authz/adapter.go:272.108,277.16 4 1
github.com/niiniyare/erp/internal/core/iam/authz/adapter.go:277.16,280.3 2 1
github.com/niiniyare/erp/internal/core/iam/authz/adapter.go:282.2,287.20 3 1
github.com/niiniyare/erp/internal/core/iam/authz/adapter.go:291.101,305.16 5 1
github.com/niiniyare/erp/internal/core/iam/authz/adapter.go:305.16,308.3 2 1
github.com/niiniyare/erp/internal/core/iam/authz/adapter.go:310.2,313.12 2 1
github.com/niiniyare/erp/internal/core/iam/authz/adapter.go:317.126,331.16 5 1
github.com/niiniyare/erp/internal/core/iam/authz/adapter.go:331.16,334.3 2 1
github.com/niiniyare/erp/internal/core/iam/authz/adapter.go:337.2,338.50 2 1
github.com/niiniyare/erp/internal/core/iam/authz/adapter.go:338.50,340.3 1 1
github.com/niiniyare/erp/internal/core/iam/authz/adapter.go:342.2,353.20 3 1
github.com/niiniyare/erp/internal/core/iam/authz/adapter.go:359.132,372.16 5 1
github.com/niiniyare/erp/internal/core/iam/authz/adapter.go:372.16,375.3 2 1
github.com/niiniyare/erp/internal/core/iam/authz/adapter.go:377.2,382.20 3 1
github.com/niiniyare/erp/internal/core/iam/authz/adapter.go:386.115,391.16 4 1
github.com/niiniyare/erp/internal/core/iam/authz/adapter.go:391.16,394.3 2 1
github.com/niiniyare/erp/internal/core/iam/authz/adapter.go:396.2,401.20 3 1
github.com/niiniyare/erp/internal/core/iam/authz/adapter.go:405.105,419.16 5 1
github.com/niiniyare/erp/internal/core/iam/authz/adapter.go:419.16,422.3 2 1
github.com/niiniyare/erp/internal/core/iam/authz/adapter.go:424.2,427.12 2 1
github.com/niiniyare/erp/internal/core/iam/authz/adapter.go:433.131,447.16 5 1
github.com/niiniyare/erp/internal/core/iam/authz/adapter.go:447.16,450.3 2 1
github.com/niiniyare/erp/internal/core/iam/authz/adapter.go:452.2,462.20 3 1
github.com/niiniyare/erp/internal/core/iam/authz/adapter.go:466.153,482.16 5 1
github.com/niiniyare/erp/internal/core/iam/authz/adapter.go:482.16,485.3 2 1
github.com/niiniyare/erp/internal/core/iam/authz/adapter.go:487.2,492.20 3 1
github.com/niiniyare/erp/internal/core/iam/authz/adapter.go:496.119,513.16 5 1
github.com/niiniyare/erp/internal/core/iam/authz/adapter.go:513.16,516.3 2 1
github.com/niiniyare/erp/internal/core/iam/authz/adapter.go:518.2,521.12 2 1
github.com/niiniyare/erp/internal/core/iam/authz/adapter.go:527.91,543.16 5 1
github.com/niiniyare/erp/internal/core/iam/authz/adapter.go:543.16,546.3 2 1
github.com/niiniyare/erp/internal/core/iam/authz/adapter.go:548.2,555.12 2 1
github.com/niiniyare/erp/internal/core/iam/authz/adapter.go:559.93,573.16 5 1
github.com/niiniyare/erp/internal/core/iam/authz/adapter.go:573.16,576.3 2 1
github.com/niiniyare/erp/internal/core/iam/authz/adapter.go:578.2,585.12 2 1
github.com/niiniyare/erp/internal/core/iam/authz/adapter.go:589.128,594.16 4 1
github.com/niiniyare/erp/internal/core/iam/authz/adapter.go:594.16,597.3 2 1
github.com/niiniyare/erp/internal/core/iam/authz/adapter.go:600.2,601.42 2 1
github.com/niiniyare/erp/internal/core/iam/authz/adapter.go:601.42,603.3 1 1
github.com/niiniyare/erp/internal/core/iam/authz/adapter.go:605.2,608.28 2 1
github.com/niiniyare/erp/internal/core/iam/authz/adapter.go:614.121,619.16 4 1
github.com/niiniyare/erp/internal/core/iam/authz/adapter.go:619.16,622.3 2 1
github.com/niiniyare/erp/internal/core/iam/authz/adapter.go:625.2,626.39 2 1
github.com/niiniyare/erp/internal/core/iam/authz/adapter.go:626.39,641.3 1 1
github.com/niiniyare/erp/internal/core/iam/authz/adapter.go:643.2,646.24 2 1
github.com/niiniyare/erp/internal/core/iam/authz/adapter.go:652.84,657.16 4 1
github.com/niiniyare/erp/internal/core/iam/authz/adapter.go:657.16,660.3 2 1
github.com/niiniyare/erp/internal/core/iam/authz/adapter.go:662.2,665.12 2 1
github.com/niiniyare/erp/internal/core/iam/authz/adapter.go:669.91,674.16 4 1
github.com/niiniyare/erp/internal/core/iam/authz/adapter.go:674.16,677.3 2 1
github.com/niiniyare/erp/internal/core/iam/authz/adapter.go:679.2,682.12 2 1
github.com/niiniyare/erp/internal/core/iam/authz/adapter.go:686.85,691.16 4 1
github.com/niiniyare/erp/internal/core/iam/authz/adapter.go:691.16,694.3 2 1
github.com/niiniyare/erp/internal/core/iam/authz/adapter.go:698.2,709.44 2 1
github.com/niiniyare/erp/internal/core/iam/authz/adapter.go:709.44,717.3 5 0
github.com/niiniyare/erp/internal/core/iam/authz/adapter.go:719.2,721.20 2 1
github.com/niiniyare/erp/internal/core/iam/authz/conversions.go:18.92,19.18 1 1
github.com/niiniyare/erp/internal/core/iam/authz/conversions.go:20.33,21.35 1 1
github.com/niiniyare/erp/internal/core/iam/authz/conversions.go:22.32,23.34 1 1
github.com/niiniyare/erp/internal/core/iam/authz/conversions.go:24.41,25.43 1 0
github.com/niiniyare/erp/internal/core/iam/authz/conversions.go:26.10,27.34 1 0
github.com/niiniyare/erp/internal/core/iam/authz/conversions.go:32.100,33.18 1 0
github.com/niiniyare/erp/internal/core/iam/authz/conversions.go:34.33,35.35 1 0
github.com/niiniyare/erp/internal/core/iam/authz/conversions.go:36.32,37.34 1 0
github.com/niiniyare/erp/internal/core/iam/authz/conversions.go:38.41,39.43 1 0
github.com/niiniyare/erp/internal/core/iam/authz/conversions.go:40.10,41.34 1 0
github.com/niiniyare/erp/internal/core/iam/authz/conversions.go:48.76,49.16 1 0
github.com/niiniyare/erp/internal/core/iam/authz/conversions.go:50.31,51.33 1 0
github.com/niiniyare/erp/internal/core/iam/authz/conversions.go:52.30,53.32 1 0
github.com/niiniyare/erp/internal/core/iam/authz/conversions.go:54.10,55.32 1 0
github.com/niiniyare/erp/internal/core/iam/authz/conversions.go:60.84,61.16 1 0
github.com/niiniyare/erp/internal/core/iam/authz/conversions.go:62.31,63.33 1 0
github.com/niiniyare/erp/internal/core/iam/authz/conversions.go:64.30,65.32 1 0
github.com/niiniyare/erp/internal/core/iam/authz/conversions.go:66.10,67.32 1 0
github.com/niiniyare/erp/internal/core/iam/authz/conversions.go:74.93,75.26 1 1
github.com/niiniyare/erp/internal/core/iam/authz/conversions.go:75.26,77.3 1 1
github.com/niiniyare/erp/internal/core/iam/authz/conversions.go:79.2,80.45 2 1
github.com/niiniyare/erp/internal/core/iam/authz/conversions.go:80.45,87.3 1 1
github.com/niiniyare/erp/internal/core/iam/authz/conversions.go:89.2,89.21 1 1
github.com/niiniyare/erp/internal/core/iam/authz/conversions.go:95.91,96.22 1 1
github.com/niiniyare/erp/internal/core/iam/authz/conversions.go:96.22,98.3 1 0
github.com/niiniyare/erp/internal/core/iam/authz/conversions.go:100.2,121.3 1 1
github.com/niiniyare/erp/internal/core/iam/authz/conversions.go:125.65,126.35 1 0
github.com/niiniyare/erp/internal/core/iam/authz/conversions.go:126.35,128.3 1 0
github.com/niiniyare/erp/internal/core/iam/authz/conversions.go:129.2,129.30 1 0
github.com/niiniyare/erp/internal/core/iam/authz/conversions.go:132.63,133.21 1 1
github.com/niiniyare/erp/internal/core/iam/authz/conversions.go:134.45,135.16 1 0
github.com/niiniyare/erp/internal/core/iam/authz/conversions.go:136.46,137.22 1 0
github.com/niiniyare/erp/internal/core/iam/authz/conversions.go:138.45,139.20 1 1
github.com/niiniyare/erp/internal/core/iam/authz/conversions.go:140.39,141.21 1 0
github.com/niiniyare/erp/internal/core/iam/authz/conversions.go:142.10,143.20 1 0
github.com/niiniyare/erp/internal/core/iam/authz/conversions.go:147.57,148.21 1 1
github.com/niiniyare/erp/internal/core/iam/authz/conversions.go:149.45,150.18 1 0
github.com/niiniyare/erp/internal/core/iam/authz/conversions.go:151.46,152.17 1 0
github.com/niiniyare/erp/internal/core/iam/authz/conversions.go:153.45,154.18 1 1
github.com/niiniyare/erp/internal/core/iam/authz/conversions.go:155.39,156.19 1 0
github.com/niiniyare/erp/internal/core/iam/authz/conversions.go:157.10,158.18 1 0
github.com/niiniyare/erp/internal/core/iam/authz/conversions.go:163.64,164.16 1 1
github.com/niiniyare/erp/internal/core/iam/authz/conversions.go:165.17,166.37 1 0
github.com/niiniyare/erp/internal/core/iam/authz/conversions.go:167.18,168.38 1 0
github.com/niiniyare/erp/internal/core/iam/authz/conversions.go:169.18,170.38 1 0
github.com/niiniyare/erp/internal/core/iam/authz/conversions.go:171.17,172.37 1 0
github.com/niiniyare/erp/internal/core/iam/authz/conversions.go:173.17,174.37 1 0
github.com/niiniyare/erp/internal/core/iam/authz/conversions.go:175.10,176.37 1 1
github.com/niiniyare/erp/internal/core/iam/authz/conversions.go:183.105,184.27 1 1
github.com/niiniyare/erp/internal/core/iam/authz/conversions.go:184.27,186.3 1 0
github.com/niiniyare/erp/internal/core/iam/authz/conversions.go:188.2,198.3 1 1
github.com/niiniyare/erp/internal/core/iam/authz/conversions.go:202.90,203.24 1 1
github.com/niiniyare/erp/internal/core/iam/authz/conversions.go:203.24,205.3 1 0
github.com/niiniyare/erp/internal/core/iam/authz/conversions.go:207.2,208.41 2 1
github.com/niiniyare/erp/internal/core/iam/authz/conversions.go:208.41,218.3 1 1
github.com/niiniyare/erp/internal/core/iam/authz/conversions.go:220.2,220.17 1 1
github.com/niiniyare/erp/internal/core/iam/authz/conversions.go:224.89,225.21 1 1
github.com/niiniyare/erp/internal/core/iam/authz/conversions.go:225.21,227.3 1 1
github.com/niiniyare/erp/internal/core/iam/authz/conversions.go:229.2,230.35 2 1
github.com/niiniyare/erp/internal/core/iam/authz/conversions.go:230.35,233.34 3 1
github.com/niiniyare/erp/internal/core/iam/authz/conversions.go:233.34,235.4 1 1
github.com/niiniyare/erp/internal/core/iam/authz/conversions.go:237.3,248.4 1 1
github.com/niiniyare/erp/internal/core/iam/authz/conversions.go:251.2,251.20 1 1
github.com/niiniyare/erp/internal/core/iam/authz/conversions.go:255.104,256.29 1 0
github.com/niiniyare/erp/internal/core/iam/authz/conversions.go:256.29,258.3 1 0
github.com/niiniyare/erp/internal/core/iam/authz/conversions.go:260.2,261.51 2 0
github.com/niiniyare/erp/internal/core/iam/authz/conversions.go:261.51,268.3 1 0
github.com/niiniyare/erp/internal/core/iam/authz/conversions.go:270.2,270.22 1 0
github.com/niiniyare/erp/internal/core/iam/authz/conversions.go:274.103,275.26 1 0
github.com/niiniyare/erp/internal/core/iam/authz/conversions.go:275.26,277.3 1 0
github.com/niiniyare/erp/internal/core/iam/authz/conversions.go:279.2,280.45 2 0
github.com/niiniyare/erp/internal/core/iam/authz/conversions.go:280.45,287.3 1 0
github.com/niiniyare/erp/internal/core/iam/authz/conversions.go:289.2,289.25 1 0
github.com/niiniyare/erp/internal/core/iam/authz/conversions.go:329.89,330.23 1 1
github.com/niiniyare/erp/internal/core/iam/authz/conversions.go:330.23,332.3 1 1
github.com/niiniyare/erp/internal/core/iam/authz/conversions.go:334.2,355.3 1 1
github.com/niiniyare/erp/internal/core/iam/authz/conversions.go:359.82,360.22 1 1
github.com/niiniyare/erp/internal/core/iam/authz/conversions.go:360.22,362.3 1 1
github.com/niiniyare/erp/internal/core/iam/authz/conversions.go:364.2,373.3 1 1
github.com/niiniyare/erp/internal/core/iam/authz/conversions.go:377.93,378.24 1 1
github.com/niiniyare/erp/internal/core/iam/authz/conversions.go:378.24,380.3 1 1
github.com/niiniyare/erp/internal/core/iam/authz/conversions.go:382.2,392.3 1 1
github.com/niiniyare/erp/internal/core/iam/authz/conversions.go:396.90,397.24 1 0
github.com/niiniyare/erp/internal/core/iam/authz/conversions.go:397.24,399.3 1 0
github.com/niiniyare/erp/internal/core/iam/authz/conversions.go:401.2,408.3 1 0
github.com/niiniyare/erp/internal/core/iam/authz/conversions.go:412.74,413.20 1 0
github.com/niiniyare/erp/internal/core/iam/authz/conversions.go:413.20,415.3 1 0
github.com/niiniyare/erp/internal/core/iam/authz/conversions.go:417.2,423.3 1 0
github.com/niiniyare/erp/internal/core/iam/authz/conversions.go:427.81,428.21 1 0
github.com/niiniyare/erp/internal/core/iam/authz/conversions.go:428.21,430.3 1 0
github.com/niiniyare/erp/internal/core/iam/authz/conversions.go:432.2,436.3 1 0
github.com/niiniyare/erp/internal/core/iam/authz/conversions.go:440.104,441.29 1 1
github.com/niiniyare/erp/internal/core/iam/authz/conversions.go:441.29,443.3 1 1
github.com/niiniyare/erp/internal/core/iam/authz/conversions.go:445.2,446.51 2 1
github.com/niiniyare/erp/internal/core/iam/authz/conversions.go:446.51,453.3 1 1
github.com/niiniyare/erp/internal/core/iam/authz/conversions.go:455.2,455.22 1 1
github.com/niiniyare/erp/internal/core/iam/authz/conversions.go:461.124,462.25 1 1
github.com/niiniyare/erp/internal/core/iam/authz/conversions.go:462.25,464.3 1 0
github.com/niiniyare/erp/internal/core/iam/authz/conversions.go:466.2,467.37 2 1
github.com/niiniyare/erp/internal/core/iam/authz/conversions.go:467.37,469.3 1 1
github.com/niiniyare/erp/internal/core/iam/authz/conversions.go:471.2,483.3 1 1
github.com/niiniyare/erp/internal/core/iam/authz/conversions.go:487.88,488.23 1 1
github.com/niiniyare/erp/internal/core/iam/authz/conversions.go:488.23,490.3 1 1
github.com/niiniyare/erp/internal/core/iam/authz/conversions.go:492.2,493.37 2 1
github.com/niiniyare/erp/internal/core/iam/authz/conversions.go:493.37,498.3 1 1
github.com/niiniyare/erp/internal/core/iam/authz/conversions.go:500.2,500.22 1 1
github.com/niiniyare/erp/internal/core/iam/authz/conversions.go:504.93,505.26 1 0
github.com/niiniyare/erp/internal/core/iam/authz/conversions.go:505.26,507.3 1 0
github.com/niiniyare/erp/internal/core/iam/authz/conversions.go:509.2,510.45 2 0
github.com/niiniyare/erp/internal/core/iam/authz/conversions.go:510.45,512.51 1 0
github.com/niiniyare/erp/internal/core/iam/authz/conversions.go:512.51,514.4 1 0
github.com/niiniyare/erp/internal/core/iam/authz/conversions.go:516.3,516.40 1 0
github.com/niiniyare/erp/internal/core/iam/authz/conversions.go:516.40,518.4 1 0
github.com/niiniyare/erp/internal/core/iam/authz/conversions.go:521.2,521.19 1 0
github.com/niiniyare/erp/internal/core/iam/authz/conversions.go:525.79,526.20 1 1
github.com/niiniyare/erp/internal/core/iam/authz/conversions.go:526.20,528.3 1 1
github.com/niiniyare/erp/internal/core/iam/authz/conversions.go:530.2,531.34 2 1
github.com/niiniyare/erp/internal/core/iam/authz/conversions.go:531.34,537.3 1 1
github.com/niiniyare/erp/internal/core/iam/authz/conversions.go:539.2,539.19 1 1
github.com/niiniyare/erp/internal/core/iam/authz/conversions.go:543.84,544.23 1 0
github.com/niiniyare/erp/internal/core/iam/authz/conversions.go:544.23,546.3 1 0
github.com/niiniyare/erp/internal/core/iam/authz/conversions.go:548.2,549.39 2 0
github.com/niiniyare/erp/internal/core/iam/authz/conversions.go:549.39,550.61 1 0
github.com/niiniyare/erp/internal/core/iam/authz/conversions.go:550.61,552.4 1 0
github.com/niiniyare/erp/internal/core/iam/authz/conversions.go:552.9,554.4 1 0
github.com/niiniyare/erp/internal/core/iam/authz/conversions.go:557.2,557.16 1 0
github.com/niiniyare/erp/internal/core/iam/authz/conversions.go:563.83,564.23 1 1
github.com/niiniyare/erp/internal/core/iam/authz/conversions.go:564.23,566.3 1 0
github.com/niiniyare/erp/internal/core/iam/authz/conversions.go:568.2,580.3 1 1
github.com/niiniyare/erp/internal/core/iam/authz/conversions.go:584.64,585.16 1 0
github.com/niiniyare/erp/internal/core/iam/authz/conversions.go:586.15,587.33 1 0
github.com/niiniyare/erp/internal/core/iam/authz/conversions.go:588.14,589.32 1 0
github.com/niiniyare/erp/internal/core/iam/authz/conversions.go:590.10,591.32 1 0
github.com/niiniyare/erp/internal/core/iam/authz/conversions.go:596.103,597.26 1 1
github.com/niiniyare/erp/internal/core/iam/authz/conversions.go:597.26,599.3 1 1
github.com/niiniyare/erp/internal/core/iam/authz/conversions.go:601.2,602.45 2 1
github.com/niiniyare/erp/internal/core/iam/authz/conversions.go:602.45,610.3 1 1
github.com/niiniyare/erp/internal/core/iam/authz/conversions.go:612.2,612.25 1 1
github.com/niiniyare/erp/internal/core/iam/authz/conversions.go:616.91,617.23 1 1
github.com/niiniyare/erp/internal/core/iam/authz/conversions.go:617.23,619.3 1 1
github.com/niiniyare/erp/internal/core/iam/authz/conversions.go:621.2,622.39 2 1
github.com/niiniyare/erp/internal/core/iam/authz/conversions.go:622.39,624.66 2 1
github.com/niiniyare/erp/internal/core/iam/authz/conversions.go:624.66,625.47 1 0
github.com/niiniyare/erp/internal/core/iam/authz/conversions.go:625.47,627.5 1 0
github.com/niiniyare/erp/internal/core/iam/authz/conversions.go:627.10,629.5 1 0
github.com/niiniyare/erp/internal/core/iam/authz/conversions.go:632.3,638.4 1 1
github.com/niiniyare/erp/internal/core/iam/authz/conversions.go:641.2,641.22 1 1
github.com/niiniyare/erp/internal/core/iam/authz/errors.go:75.90,76.16 1 0
github.com/niiniyare/erp/internal/core/iam/authz/errors.go:76.16,78.3 1 0
github.com/niiniyare/erp/internal/core/iam/authz/errors.go:80.2,85.15 3 0
github.com/niiniyare/erp/internal/core/iam/authz/errors.go:89.65,90.16 1 0
github.com/niiniyare/erp/internal/core/iam/authz/errors.go:90.16,92.3 1 0
github.com/niiniyare/erp/internal/core/iam/authz/errors.go:94.2,97.15 3 0
github.com/niiniyare/erp/internal/core/iam/authz/errors.go:101.75,102.16 1 0
github.com/niiniyare/erp/internal/core/iam/authz/errors.go:102.16,104.3 1 0
github.com/niiniyare/erp/internal/core/iam/authz/errors.go:106.2,107.19 2 0
github.com/niiniyare/erp/internal/core/iam/authz/errors.go:108.16,109.41 1 0
github.com/niiniyare/erp/internal/core/iam/authz/errors.go:110.13,111.38 1 0
github.com/niiniyare/erp/internal/core/iam/authz/errors.go:112.17,113.42 1 0
github.com/niiniyare/erp/internal/core/iam/authz/errors.go:114.14,115.40 1 0
github.com/niiniyare/erp/internal/core/iam/authz/errors.go:116.10,117.112 1 0
github.com/niiniyare/erp/internal/core/iam/authz/errors.go:120.2,121.21 2 0
github.com/niiniyare/erp/internal/core/iam/authz/errors.go:121.21,123.3 1 0
github.com/niiniyare/erp/internal/core/iam/authz/errors.go:124.2,125.15 2 0
github.com/niiniyare/erp/internal/core/iam/authz/errors.go:129.71,130.16 1 0
github.com/niiniyare/erp/internal/core/iam/authz/errors.go:130.16,132.3 1 0
github.com/niiniyare/erp/internal/core/iam/authz/errors.go:134.2,135.19 2 0
github.com/niiniyare/erp/internal/core/iam/authz/errors.go:136.16,137.36 1 0
github.com/niiniyare/erp/internal/core/iam/authz/errors.go:138.13,139.33 1 0
github.com/niiniyare/erp/internal/core/iam/authz/errors.go:140.16,141.36 1 0
github.com/niiniyare/erp/internal/core/iam/authz/errors.go:142.10,143.100 1 0
github.com/niiniyare/erp/internal/core/iam/authz/errors.go:146.2,147.22 2 0
github.com/niiniyare/erp/internal/core/iam/authz/errors.go:147.22,149.3 1 0
github.com/niiniyare/erp/internal/core/iam/authz/errors.go:150.2,151.15 2 0
github.com/niiniyare/erp/internal/core/iam/authz/errors.go:155.78,156.16 1 0
github.com/niiniyare/erp/internal/core/iam/authz/errors.go:156.16,158.3 1 0
github.com/niiniyare/erp/internal/core/iam/authz/errors.go:160.2,161.19 2 0
github.com/niiniyare/erp/internal/core/iam/authz/errors.go:162.18,163.47 1 0
github.com/niiniyare/erp/internal/core/iam/authz/errors.go:164.16,165.45 1 0
github.com/niiniyare/erp/internal/core/iam/authz/errors.go:166.16,167.45 1 0
github.com/niiniyare/erp/internal/core/iam/authz/errors.go:168.10,169.120 1 0
github.com/niiniyare/erp/internal/core/iam/authz/errors.go:172.2,173.20 2 0
github.com/niiniyare/erp/internal/core/iam/authz/errors.go:173.20,175.3 1 0
github.com/niiniyare/erp/internal/core/iam/authz/errors.go:176.2,177.15 2 0
github.com/niiniyare/erp/internal/core/iam/authz/errors.go:181.101,182.16 1 0
github.com/niiniyare/erp/internal/core/iam/authz/errors.go:182.16,184.3 1 0
github.com/niiniyare/erp/internal/core/iam/authz/errors.go:186.2,187.19 2 0
github.com/niiniyare/erp/internal/core/iam/authz/errors.go:188.15,189.37 1 0
github.com/niiniyare/erp/internal/core/iam/authz/errors.go:190.16,191.38 1 0
github.com/niiniyare/erp/internal/core/iam/authz/errors.go:192.14,193.41 1 0
github.com/niiniyare/erp/internal/core/iam/authz/errors.go:194.10,195.115 1 0
github.com/niiniyare/erp/internal/core/iam/authz/errors.go:198.2,204.15 3 0
github.com/niiniyare/erp/internal/core/iam/authz/errors.go:208.77,209.16 1 0
github.com/niiniyare/erp/internal/core/iam/authz/errors.go:209.16,211.3 1 0
github.com/niiniyare/erp/internal/core/iam/authz/errors.go:213.2,214.17 2 0
github.com/niiniyare/erp/internal/core/iam/authz/errors.go:215.14,216.38 1 0
github.com/niiniyare/erp/internal/core/iam/authz/errors.go:217.16,218.40 1 0
github.com/niiniyare/erp/internal/core/iam/authz/errors.go:219.10,220.39 1 0
github.com/niiniyare/erp/internal/core/iam/authz/errors.go:223.2,227.15 3 0
github.com/niiniyare/erp/internal/core/iam/authz/errors.go:231.83,232.16 1 0
github.com/niiniyare/erp/internal/core/iam/authz/errors.go:232.16,234.3 1 0
github.com/niiniyare/erp/internal/core/iam/authz/errors.go:236.2,237.19 2 0
github.com/niiniyare/erp/internal/core/iam/authz/errors.go:238.25,239.41 1 0
github.com/niiniyare/erp/internal/core/iam/authz/errors.go:240.27,241.43 1 0
github.com/niiniyare/erp/internal/core/iam/authz/errors.go:242.24,243.40 1 0
github.com/niiniyare/erp/internal/core/iam/authz/errors.go:244.10,245.36 1 0
github.com/niiniyare/erp/internal/core/iam/authz/errors.go:248.2,249.34 2 0
github.com/niiniyare/erp/internal/core/iam/authz/errors.go:249.34,251.3 1 0
github.com/niiniyare/erp/internal/core/iam/authz/errors.go:252.2,253.15 2 0
github.com/niiniyare/erp/internal/core/iam/authz/errors.go:257.79,258.16 1 0
github.com/niiniyare/erp/internal/core/iam/authz/errors.go:258.16,260.3 1 0
github.com/niiniyare/erp/internal/core/iam/authz/errors.go:262.2,267.15 3 0
github.com/niiniyare/erp/internal/core/iam/authz/errors.go:273.50,274.56 1 0
github.com/niiniyare/erp/internal/core/iam/authz/errors.go:274.56,278.3 1 0
github.com/niiniyare/erp/internal/core/iam/authz/errors.go:279.2,279.14 1 0
github.com/niiniyare/erp/internal/core/iam/authz/errors.go:283.43,284.56 1 0
github.com/niiniyare/erp/internal/core/iam/authz/errors.go:284.56,285.27 1 0
github.com/niiniyare/erp/internal/core/iam/authz/errors.go:291.39,292.15 1 0
github.com/niiniyare/erp/internal/core/iam/authz/errors.go:295.2,295.14 1 0
github.com/niiniyare/erp/internal/core/iam/authz/errors.go:299.38,300.56 1 0
github.com/niiniyare/erp/internal/core/iam/authz/errors.go:300.56,301.27 1 0
github.com/niiniyare/erp/internal/core/iam/authz/errors.go:306.41,307.15 1 0
github.com/niiniyare/erp/internal/core/iam/authz/errors.go:310.2,310.14 1 0
github.com/niiniyare/erp/internal/core/iam/authz/errors.go:314.47,315.56 1 0
github.com/niiniyare/erp/internal/core/iam/authz/errors.go:315.56,316.27 1 0
github.com/niiniyare/erp/internal/core/iam/authz/errors.go:321.37,322.15 1 0
github.com/niiniyare/erp/internal/core/iam/authz/errors.go:325.2,325.14 1 0
github.com/niiniyare/erp/internal/core/iam/authz/errors.go:329.47,330.56 1 0
github.com/niiniyare/erp/internal/core/iam/authz/errors.go:330.56,331.27 1 0
github.com/niiniyare/erp/internal/core/iam/authz/errors.go:334.36,335.15 1 0
github.com/niiniyare/erp/internal/core/iam/authz/errors.go:338.2,338.14 1 0
github.com/niiniyare/erp/internal/core/iam/authz/errors.go:342.35,343.56 1 0
github.com/niiniyare/erp/internal/core/iam/authz/errors.go:343.56,344.27 1 0
github.com/niiniyare/erp/internal/core/iam/authz/errors.go:348.33,349.15 1 0
github.com/niiniyare/erp/internal/core/iam/authz/errors.go:352.2,352.14 1 0
github.com/niiniyare/erp/internal/core/iam/authz/errors.go:356.39,357.56 1 0
github.com/niiniyare/erp/internal/core/iam/authz/errors.go:357.56,358.27 1 0
github.com/niiniyare/erp/internal/core/iam/authz/errors.go:362.33,363.15 1 0
github.com/niiniyare/erp/internal/core/iam/authz/errors.go:366.2,366.14 1 0
github.com/niiniyare/erp/internal/core/iam/authz/errors.go:370.41,371.56 1 0
github.com/niiniyare/erp/internal/core/iam/authz/errors.go:371.56,372.27 1 0
github.com/niiniyare/erp/internal/core/iam/authz/errors.go:375.37,376.34 1 0
github.com/niiniyare/erp/internal/core/iam/authz/errors.go:382.39,383.27 1 0
github.com/niiniyare/erp/internal/core/iam/authz/errors.go:388.41,389.30 1 0
github.com/niiniyare/erp/internal/core/iam/authz/errors.go:394.37,395.31 1 0
github.com/niiniyare/erp/internal/core/iam/authz/errors.go:400.39,401.34 1 0
github.com/niiniyare/erp/internal/core/iam/authz/errors.go:404.36,405.31 1 0
github.com/niiniyare/erp/internal/core/iam/authz/errors.go:409.33,410.29 1 0
github.com/niiniyare/erp/internal/core/iam/authz/errors.go:413.33,414.28 1 0
github.com/niiniyare/erp/internal/core/iam/authz/errors.go:417.2,417.18 1 0
github.com/niiniyare/erp/internal/core/iam/authz/service_mock.go:34.59,38.2 3 0
github.com/niiniyare/erp/internal/core/iam/authz/service_mock.go:41.57,43.2 1 0
github.com/niiniyare/erp/internal/core/iam/authz/service_mock.go:46.147,52.2 5 0
github.com/niiniyare/erp/internal/core/iam/authz/service_mock.go:55.87,58.2 2 0
github.com/niiniyare/erp/internal/core/iam/authz/service_mock.go:61.130,67.2 5 0
github.com/niiniyare/erp/internal/core/iam/authz/service_mock.go:70.99,73.2 2 0
github.com/niiniyare/erp/internal/core/iam/authz/service_mock.go:76.127,82.2 5 0
github.com/niiniyare/erp/internal/core/iam/authz/service_mock.go:85.83,88.2 2 0
github.com/niiniyare/erp/internal/core/iam/authz/service_mock.go:91.136,97.2 5 0
github.com/niiniyare/erp/internal/core/iam/authz/service_mock.go:100.86,103.2 2 0
github.com/niiniyare/erp/internal/core/iam/authz/service_mock.go:106.157,112.2 5 0
github.com/niiniyare/erp/internal/core/iam/authz/service_mock.go:115.93,118.2 2 0
github.com/niiniyare/erp/internal/core/iam/authz/service_mock.go:121.135,127.2 5 0
github.com/niiniyare/erp/internal/core/iam/authz/service_mock.go:130.89,133.2 2 0
github.com/niiniyare/erp/internal/core/iam/authz/service_mock.go:136.134,142.2 5 0
github.com/niiniyare/erp/internal/core/iam/authz/service_mock.go:145.82,148.2 2 0
github.com/niiniyare/erp/internal/core/iam/authz/service_mock.go:151.112,157.2 5 0
github.com/niiniyare/erp/internal/core/iam/authz/service_mock.go:160.86,163.2 2 0
github.com/niiniyare/erp/internal/core/iam/authz/service_mock.go:166.119,172.2 5 0
github.com/niiniyare/erp/internal/core/iam/authz/service_mock.go:175.90,178.2 2 0
github.com/niiniyare/erp/internal/core/iam/authz/service_mock.go:181.89,187.2 5 0
github.com/niiniyare/erp/internal/core/iam/authz/service_mock.go:190.77,193.2 2 0
github.com/niiniyare/erp/internal/core/iam/authz/service_mock.go:196.125,202.2 5 0
github.com/niiniyare/erp/internal/core/iam/authz/service_mock.go:205.92,208.2 2 0
github.com/niiniyare/erp/internal/core/iam/authz/service_mock.go:211.146,217.2 5 0
github.com/niiniyare/erp/internal/core/iam/authz/service_mock.go:220.104,223.2 2 0
github.com/niiniyare/erp/internal/core/iam/authz/service_mock.go:226.95,231.2 4 0
github.com/niiniyare/erp/internal/core/iam/authz/service_mock.go:234.79,237.2 2 0
github.com/niiniyare/erp/internal/core/iam/authz/service_mock.go:240.95,245.2 4 0
github.com/niiniyare/erp/internal/core/iam/authz/service_mock.go:248.91,251.2 2 0
github.com/niiniyare/erp/internal/core/iam/authz/service_mock.go:254.88,259.2 4 0
github.com/niiniyare/erp/internal/core/iam/authz/service_mock.go:262.86,265.2 2 0
github.com/niiniyare/erp/internal/core/iam/authz/service_mock.go:268.130,274.2 5 0
github.com/niiniyare/erp/internal/core/iam/authz/service_mock.go:277.82,280.2 2 0
github.com/niiniyare/erp/internal/core/iam/authz/service_mock.go:283.132,289.2 5 0
github.com/niiniyare/erp/internal/core/iam/authz/service_mock.go:292.96,295.2 2 0
github.com/niiniyare/erp/internal/core/iam/authz/service_mock.go:298.105,303.2 4 0
github.com/niiniyare/erp/internal/core/iam/authz/service_mock.go:306.84,309.2 2 0
github.com/niiniyare/erp/internal/core/iam/authz/service_mock.go:312.97,317.2 4 0
github.com/niiniyare/erp/internal/core/iam/authz/service_mock.go:320.80,323.2 2 0
github.com/niiniyare/erp/internal/core/iam/authz/service_mock.go:326.109,331.2 4 0
github.com/niiniyare/erp/internal/core/iam/authz/service_mock.go:334.86,337.2 2 0
github.com/niiniyare/erp/internal/core/iam/authz/service_mock.go:340.123,345.2 4 0
github.com/niiniyare/erp/internal/core/iam/authz/service_mock.go:348.93,351.2 2 0
