mode: set
github.com/niiniyare/erp/internal/core/identity/mock.go:33.65,37.2 3 1
github.com/niiniyare/erp/internal/core/identity/mock.go:40.63,42.2 1 1
github.com/niiniyare/erp/internal/core/identity/mock.go:45.109,51.2 5 1
github.com/niiniyare/erp/internal/core/identity/mock.go:54.81,57.2 2 1
github.com/niiniyare/erp/internal/core/identity/mock.go:60.103,66.2 5 1
github.com/niiniyare/erp/internal/core/identity/mock.go:69.79,72.2 2 1
github.com/niiniyare/erp/internal/core/identity/mock.go:75.120,81.2 5 1
github.com/niiniyare/erp/internal/core/identity/mock.go:84.93,87.2 2 1
github.com/niiniyare/erp/internal/core/identity/mock.go:90.78,95.2 4 0
github.com/niiniyare/erp/internal/core/identity/mock.go:98.76,101.2 2 0
github.com/niiniyare/erp/internal/core/identity/mock.go:104.96,110.2 5 1
github.com/niiniyare/erp/internal/core/identity/mock.go:113.81,116.2 2 1
github.com/niiniyare/erp/internal/core/identity/mock.go:119.92,125.2 5 1
github.com/niiniyare/erp/internal/core/identity/mock.go:128.79,131.2 2 1
github.com/niiniyare/erp/internal/core/identity/mock.go:134.91,140.2 5 1
github.com/niiniyare/erp/internal/core/identity/mock.go:143.83,146.2 2 1
github.com/niiniyare/erp/internal/core/identity/mock.go:149.88,155.2 5 1
github.com/niiniyare/erp/internal/core/identity/mock.go:158.77,161.2 2 1
github.com/niiniyare/erp/internal/core/identity/mock.go:164.97,170.2 5 1
github.com/niiniyare/erp/internal/core/identity/mock.go:173.89,176.2 2 1
github.com/niiniyare/erp/internal/core/identity/mock.go:179.97,185.2 5 1
github.com/niiniyare/erp/internal/core/identity/mock.go:188.85,191.2 2 1
github.com/niiniyare/erp/internal/core/identity/mock.go:194.106,200.2 5 0
github.com/niiniyare/erp/internal/core/identity/mock.go:203.84,206.2 2 0
github.com/niiniyare/erp/internal/core/identity/mock.go:209.110,214.2 4 1
github.com/niiniyare/erp/internal/core/identity/mock.go:217.101,220.2 2 1
github.com/niiniyare/erp/internal/core/identity/mock.go:223.111,229.2 5 1
github.com/niiniyare/erp/internal/core/identity/mock.go:232.81,235.2 2 1
github.com/niiniyare/erp/internal/core/identity/model.go:25.39,28.2 2 0
github.com/niiniyare/erp/internal/core/identity/model.go:30.40,32.2 1 0
github.com/niiniyare/erp/internal/core/identity/model.go:34.43,41.2 1 0
github.com/niiniyare/erp/internal/core/identity/model.go:110.49,118.2 1 0
github.com/niiniyare/erp/internal/core/identity/model.go:121.42,124.2 2 0
github.com/niiniyare/erp/internal/core/identity/model.go:126.43,128.2 1 0
github.com/niiniyare/erp/internal/core/identity/model.go:250.39,251.48 1 0
github.com/niiniyare/erp/internal/core/identity/model.go:251.48,253.3 1 0
github.com/niiniyare/erp/internal/core/identity/model.go:254.2,254.39 1 0
github.com/niiniyare/erp/internal/core/identity/model.go:258.44,260.31 2 0
github.com/niiniyare/erp/internal/core/identity/model.go:260.31,261.20 1 0
github.com/niiniyare/erp/internal/core/identity/model.go:261.20,263.4 1 0
github.com/niiniyare/erp/internal/core/identity/model.go:265.2,265.14 1 0
github.com/niiniyare/erp/internal/core/identity/model.go:269.47,271.34 2 0
github.com/niiniyare/erp/internal/core/identity/model.go:271.34,272.18 1 0
github.com/niiniyare/erp/internal/core/identity/model.go:272.18,274.4 1 0
github.com/niiniyare/erp/internal/core/identity/model.go:276.2,276.14 1 0
github.com/niiniyare/erp/internal/core/identity/model.go:280.50,282.34 2 0
github.com/niiniyare/erp/internal/core/identity/model.go:282.34,283.18 1 0
github.com/niiniyare/erp/internal/core/identity/model.go:283.18,285.4 1 0
github.com/niiniyare/erp/internal/core/identity/model.go:287.2,287.14 1 0
github.com/niiniyare/erp/internal/core/identity/repository.go:46.112,52.2 1 0
github.com/niiniyare/erp/internal/core/identity/repository.go:55.116,57.16 2 0
github.com/niiniyare/erp/internal/core/identity/repository.go:57.16,59.3 1 0
github.com/niiniyare/erp/internal/core/identity/repository.go:61.2,62.16 2 0
github.com/niiniyare/erp/internal/core/identity/repository.go:62.16,64.3 1 0
github.com/niiniyare/erp/internal/core/identity/repository.go:66.2,66.31 1 0
github.com/niiniyare/erp/internal/core/identity/repository.go:70.84,72.16 2 0
github.com/niiniyare/erp/internal/core/identity/repository.go:72.16,73.27 1 0
github.com/niiniyare/erp/internal/core/identity/repository.go:73.27,75.4 1 0
github.com/niiniyare/erp/internal/core/identity/repository.go:76.3,76.56 1 0
github.com/niiniyare/erp/internal/core/identity/repository.go:78.2,78.31 1 0
github.com/niiniyare/erp/internal/core/identity/repository.go:82.87,84.16 2 0
github.com/niiniyare/erp/internal/core/identity/repository.go:84.16,85.27 1 0
github.com/niiniyare/erp/internal/core/identity/repository.go:85.27,87.4 1 0
github.com/niiniyare/erp/internal/core/identity/repository.go:88.3,88.65 1 0
github.com/niiniyare/erp/internal/core/identity/repository.go:90.2,90.31 1 0
github.com/niiniyare/erp/internal/core/identity/repository.go:94.93,96.16 2 0
github.com/niiniyare/erp/internal/core/identity/repository.go:96.16,97.27 1 0
github.com/niiniyare/erp/internal/core/identity/repository.go:97.27,99.4 1 0
github.com/niiniyare/erp/internal/core/identity/repository.go:100.3,100.68 1 0
github.com/niiniyare/erp/internal/core/identity/repository.go:102.2,102.31 1 0
github.com/niiniyare/erp/internal/core/identity/repository.go:106.107,111.16 3 0
github.com/niiniyare/erp/internal/core/identity/repository.go:111.16,112.27 1 0
github.com/niiniyare/erp/internal/core/identity/repository.go:112.27,114.4 1 0
github.com/niiniyare/erp/internal/core/identity/repository.go:115.3,115.59 1 0
github.com/niiniyare/erp/internal/core/identity/repository.go:117.2,117.31 1 0
github.com/niiniyare/erp/internal/core/identity/repository.go:121.74,123.2 1 0
github.com/niiniyare/erp/internal/core/identity/repository.go:126.102,128.16 2 0
github.com/niiniyare/erp/internal/core/identity/repository.go:128.16,129.27 1 0
github.com/niiniyare/erp/internal/core/identity/repository.go:129.27,131.4 1 0
github.com/niiniyare/erp/internal/core/identity/repository.go:132.3,132.69 1 0
github.com/niiniyare/erp/internal/core/identity/repository.go:135.2,135.49 1 0
github.com/niiniyare/erp/internal/core/identity/repository.go:138.93,140.16 2 0
github.com/niiniyare/erp/internal/core/identity/repository.go:140.16,141.27 1 0
github.com/niiniyare/erp/internal/core/identity/repository.go:141.27,143.4 1 0
github.com/niiniyare/erp/internal/core/identity/repository.go:144.3,144.17 1 0
github.com/niiniyare/erp/internal/core/identity/repository.go:146.2,146.17 1 0
github.com/niiniyare/erp/internal/core/identity/repository.go:146.17,148.3 1 0
github.com/niiniyare/erp/internal/core/identity/repository.go:149.2,149.19 1 0
github.com/niiniyare/erp/internal/core/identity/repository.go:152.106,157.2 1 0
github.com/niiniyare/erp/internal/core/identity/repository.go:160.99,162.16 2 0
github.com/niiniyare/erp/internal/core/identity/repository.go:162.16,164.3 1 0
github.com/niiniyare/erp/internal/core/identity/repository.go:165.2,166.16 2 0
github.com/niiniyare/erp/internal/core/identity/repository.go:166.16,168.3 1 0
github.com/niiniyare/erp/internal/core/identity/repository.go:169.2,169.35 1 0
github.com/niiniyare/erp/internal/core/identity/repository.go:172.88,174.16 2 0
github.com/niiniyare/erp/internal/core/identity/repository.go:174.16,175.27 1 0
github.com/niiniyare/erp/internal/core/identity/repository.go:175.27,177.4 1 0
github.com/niiniyare/erp/internal/core/identity/repository.go:178.3,178.58 1 0
github.com/niiniyare/erp/internal/core/identity/repository.go:180.2,180.35 1 0
github.com/niiniyare/erp/internal/core/identity/repository.go:184.105,186.16 2 0
github.com/niiniyare/erp/internal/core/identity/repository.go:186.16,188.3 1 0
github.com/niiniyare/erp/internal/core/identity/repository.go:189.2,190.16 2 0
github.com/niiniyare/erp/internal/core/identity/repository.go:190.16,192.3 1 0
github.com/niiniyare/erp/internal/core/identity/repository.go:193.2,193.39 1 0
github.com/niiniyare/erp/internal/core/identity/repository.go:196.92,198.16 2 0
github.com/niiniyare/erp/internal/core/identity/repository.go:198.16,199.27 1 0
github.com/niiniyare/erp/internal/core/identity/repository.go:199.27,201.4 1 0
github.com/niiniyare/erp/internal/core/identity/repository.go:202.3,202.60 1 0
github.com/niiniyare/erp/internal/core/identity/repository.go:204.2,204.39 1 0
github.com/niiniyare/erp/internal/core/identity/repository.go:209.53,211.117 2 0
github.com/niiniyare/erp/internal/core/identity/repository.go:211.117,213.3 1 0
github.com/niiniyare/erp/internal/core/identity/repository.go:214.2,214.99 1 0
github.com/niiniyare/erp/internal/core/identity/repository.go:214.99,216.3 1 0
github.com/niiniyare/erp/internal/core/identity/repository.go:218.2,219.30 2 0
github.com/niiniyare/erp/internal/core/identity/repository.go:219.30,221.3 1 0
github.com/niiniyare/erp/internal/core/identity/repository.go:223.2,224.35 2 0
github.com/niiniyare/erp/internal/core/identity/repository.go:224.35,226.3 1 0
github.com/niiniyare/erp/internal/core/identity/repository.go:228.2,229.41 2 0
github.com/niiniyare/erp/internal/core/identity/repository.go:229.41,231.3 1 0
github.com/niiniyare/erp/internal/core/identity/repository.go:233.2,234.43 2 0
github.com/niiniyare/erp/internal/core/identity/repository.go:234.43,236.3 1 0
github.com/niiniyare/erp/internal/core/identity/repository.go:238.2,239.32 2 0
github.com/niiniyare/erp/internal/core/identity/repository.go:239.32,241.3 1 0
github.com/niiniyare/erp/internal/core/identity/repository.go:243.2,265.8 1 0
github.com/niiniyare/erp/internal/core/identity/repository.go:268.61,270.133 2 0
github.com/niiniyare/erp/internal/core/identity/repository.go:270.133,272.3 1 0
github.com/niiniyare/erp/internal/core/identity/repository.go:273.2,273.103 1 0
github.com/niiniyare/erp/internal/core/identity/repository.go:273.103,275.3 1 0
github.com/niiniyare/erp/internal/core/identity/repository.go:277.2,278.29 2 0
github.com/niiniyare/erp/internal/core/identity/repository.go:278.29,280.3 1 0
github.com/niiniyare/erp/internal/core/identity/repository.go:282.2,302.8 1 0
github.com/niiniyare/erp/internal/core/identity/repository.go:305.69,307.113 2 0
github.com/niiniyare/erp/internal/core/identity/repository.go:307.113,309.3 1 0
github.com/niiniyare/erp/internal/core/identity/repository.go:310.2,310.119 1 0
github.com/niiniyare/erp/internal/core/identity/repository.go:310.119,312.3 1 0
github.com/niiniyare/erp/internal/core/identity/repository.go:313.2,313.131 1 0
github.com/niiniyare/erp/internal/core/identity/repository.go:313.131,315.3 1 0
github.com/niiniyare/erp/internal/core/identity/repository.go:317.2,318.42 2 0
github.com/niiniyare/erp/internal/core/identity/repository.go:318.42,320.3 1 0
github.com/niiniyare/erp/internal/core/identity/repository.go:322.2,323.39 2 0
github.com/niiniyare/erp/internal/core/identity/repository.go:323.39,325.3 1 0
github.com/niiniyare/erp/internal/core/identity/repository.go:327.2,346.8 1 0
github.com/niiniyare/erp/internal/core/identity/repository.go:349.95,378.16 2 0
github.com/niiniyare/erp/internal/core/identity/repository.go:378.16,380.3 1 0
github.com/niiniyare/erp/internal/core/identity/repository.go:382.2,383.21 2 0
github.com/niiniyare/erp/internal/core/identity/repository.go:383.21,405.17 2 0
github.com/niiniyare/erp/internal/core/identity/repository.go:405.17,407.4 1 0
github.com/niiniyare/erp/internal/core/identity/repository.go:410.2,411.21 2 0
github.com/niiniyare/erp/internal/core/identity/repository.go:411.21,432.17 2 0
github.com/niiniyare/erp/internal/core/identity/repository.go:432.17,434.4 1 0
github.com/niiniyare/erp/internal/core/identity/repository.go:437.2,441.8 1 0
github.com/niiniyare/erp/internal/core/identity/repository.go:444.105,447.31 3 0
github.com/niiniyare/erp/internal/core/identity/repository.go:447.31,449.17 2 0
github.com/niiniyare/erp/internal/core/identity/repository.go:449.17,451.4 1 0
github.com/niiniyare/erp/internal/core/identity/repository.go:453.2,453.25 1 0
github.com/niiniyare/erp/internal/core/identity/repository.go:453.25,455.17 2 0
github.com/niiniyare/erp/internal/core/identity/repository.go:455.17,457.4 1 0
github.com/niiniyare/erp/internal/core/identity/repository.go:460.2,473.8 1 0
github.com/niiniyare/erp/internal/core/identity/repository.go:476.88,479.35 3 0
github.com/niiniyare/erp/internal/core/identity/repository.go:479.35,481.17 2 0
github.com/niiniyare/erp/internal/core/identity/repository.go:481.17,483.4 1 0
github.com/niiniyare/erp/internal/core/identity/repository.go:485.2,485.25 1 0
github.com/niiniyare/erp/internal/core/identity/repository.go:485.25,487.17 2 0
github.com/niiniyare/erp/internal/core/identity/repository.go:487.17,489.4 1 0
github.com/niiniyare/erp/internal/core/identity/repository.go:492.2,505.8 1 0
github.com/niiniyare/erp/internal/core/identity/repository.go:508.94,511.27 3 0
github.com/niiniyare/erp/internal/core/identity/repository.go:511.27,513.17 2 0
github.com/niiniyare/erp/internal/core/identity/repository.go:513.17,515.4 1 0
github.com/niiniyare/erp/internal/core/identity/repository.go:517.2,517.29 1 0
github.com/niiniyare/erp/internal/core/identity/repository.go:517.29,519.17 2 0
github.com/niiniyare/erp/internal/core/identity/repository.go:519.17,521.4 1 0
github.com/niiniyare/erp/internal/core/identity/repository.go:523.2,523.33 1 0
github.com/niiniyare/erp/internal/core/identity/repository.go:523.33,525.17 2 0
github.com/niiniyare/erp/internal/core/identity/repository.go:525.17,527.4 1 0
github.com/niiniyare/erp/internal/core/identity/repository.go:530.2,544.8 2 0
github.com/niiniyare/erp/internal/core/identity/service.go:59.128,66.2 1 1
github.com/niiniyare/erp/internal/core/identity/service.go:69.95,74.49 3 1
github.com/niiniyare/erp/internal/core/identity/service.go:74.49,76.3 1 0
github.com/niiniyare/erp/internal/core/identity/service.go:80.2,81.16 2 1
github.com/niiniyare/erp/internal/core/identity/service.go:81.16,83.3 1 0
github.com/niiniyare/erp/internal/core/identity/service.go:86.2,87.16 2 1
github.com/niiniyare/erp/internal/core/identity/service.go:87.16,90.3 1 0
github.com/niiniyare/erp/internal/core/identity/service.go:93.2,95.18 2 1
github.com/niiniyare/erp/internal/core/identity/service.go:99.81,106.58 5 1
github.com/niiniyare/erp/internal/core/identity/service.go:106.58,108.3 1 1
github.com/niiniyare/erp/internal/core/identity/service.go:111.2,112.16 2 1
github.com/niiniyare/erp/internal/core/identity/service.go:112.16,114.3 1 0
github.com/niiniyare/erp/internal/core/identity/service.go:117.2,118.20 2 1
github.com/niiniyare/erp/internal/core/identity/service.go:122.84,128.58 5 1
github.com/niiniyare/erp/internal/core/identity/service.go:128.58,130.3 1 1
github.com/niiniyare/erp/internal/core/identity/service.go:132.2,133.16 2 1
github.com/niiniyare/erp/internal/core/identity/service.go:133.16,135.3 1 0
github.com/niiniyare/erp/internal/core/identity/service.go:137.2,138.20 2 1
github.com/niiniyare/erp/internal/core/identity/service.go:142.90,148.58 5 1
github.com/niiniyare/erp/internal/core/identity/service.go:148.58,150.3 1 1
github.com/niiniyare/erp/internal/core/identity/service.go:152.2,153.16 2 1
github.com/niiniyare/erp/internal/core/identity/service.go:153.16,155.3 1 0
github.com/niiniyare/erp/internal/core/identity/service.go:157.2,158.20 2 1
github.com/niiniyare/erp/internal/core/identity/service.go:162.104,168.16 4 1
github.com/niiniyare/erp/internal/core/identity/service.go:168.16,170.3 1 0
github.com/niiniyare/erp/internal/core/identity/service.go:172.2,173.16 2 1
github.com/niiniyare/erp/internal/core/identity/service.go:173.16,175.3 1 0
github.com/niiniyare/erp/internal/core/identity/service.go:178.2,181.25 3 1
github.com/niiniyare/erp/internal/core/identity/service.go:185.97,193.39 5 1
github.com/niiniyare/erp/internal/core/identity/service.go:193.39,195.3 1 1
github.com/niiniyare/erp/internal/core/identity/service.go:195.8,197.3 1 1
github.com/niiniyare/erp/internal/core/identity/service.go:199.2,199.16 1 1
github.com/niiniyare/erp/internal/core/identity/service.go:199.16,201.3 1 1
github.com/niiniyare/erp/internal/core/identity/service.go:204.2,205.16 2 1
github.com/niiniyare/erp/internal/core/identity/service.go:205.16,207.3 1 0
github.com/niiniyare/erp/internal/core/identity/service.go:210.2,210.49 1 1
github.com/niiniyare/erp/internal/core/identity/service.go:210.49,213.3 1 1
github.com/niiniyare/erp/internal/core/identity/service.go:216.2,216.18 1 1
github.com/niiniyare/erp/internal/core/identity/service.go:220.112,226.16 4 1
github.com/niiniyare/erp/internal/core/identity/service.go:226.16,228.3 1 1
github.com/niiniyare/erp/internal/core/identity/service.go:229.2,229.59 1 1
github.com/niiniyare/erp/internal/core/identity/service.go:229.59,231.3 1 1
github.com/niiniyare/erp/internal/core/identity/service.go:234.2,235.16 2 1
github.com/niiniyare/erp/internal/core/identity/service.go:235.16,237.3 1 0
github.com/niiniyare/erp/internal/core/identity/service.go:240.2,240.62 1 1
github.com/niiniyare/erp/internal/core/identity/service.go:245.96,247.2 1 1
github.com/niiniyare/erp/internal/core/identity/service.go:249.85,251.2 1 1
github.com/niiniyare/erp/internal/core/identity/service.go:253.102,255.2 1 1
github.com/niiniyare/erp/internal/core/identity/service.go:257.89,259.2 1 1
github.com/niiniyare/erp/internal/core/identity/service.go:261.97,264.2 1 1
github.com/niiniyare/erp/internal/core/identity/service.go:266.97,269.2 1 1
github.com/niiniyare/erp/internal/core/identity/service.go:273.90,276.2 1 0
github.com/niiniyare/erp/internal/core/identity/service.go:278.71,281.2 1 0
github.com/niiniyare/erp/internal/core/identity/service.go:283.88,286.2 1 0
github.com/niiniyare/erp/internal/core/identity/service.go:288.106,291.2 1 0
github.com/niiniyare/erp/internal/core/identity/service.go:293.130,296.2 1 0
github.com/niiniyare/erp/internal/core/identity/service.go:298.141,301.2 1 0
github.com/niiniyare/erp/internal/core/identity/service.go:303.113,306.2 1 0
github.com/niiniyare/erp/internal/core/identity/service.go:308.107,311.2 1 0
github.com/niiniyare/erp/internal/core/identity/service.go:313.102,316.2 1 0
github.com/niiniyare/erp/internal/core/identity/service.go:320.65,322.16 2 1
github.com/niiniyare/erp/internal/core/identity/service.go:322.16,324.3 1 0
github.com/niiniyare/erp/internal/core/identity/service.go:325.2,325.33 1 1
github.com/niiniyare/erp/internal/core/identity/service.go:328.72,331.2 2 1
github.com/niiniyare/erp/internal/core/identity/service.go:333.62,337.25 4 1
github.com/niiniyare/erp/internal/core/identity/service.go:337.25,339.3 1 1
github.com/niiniyare/erp/internal/core/identity/service.go:342.98,345.20 3 1
github.com/niiniyare/erp/internal/core/identity/service.go:345.20,347.3 1 1
