mode: set
github.com/niiniyare/erp/internal/core/identity/mock.go:33.65,37.2 3 1
github.com/niiniyare/erp/internal/core/identity/mock.go:40.63,42.2 1 1
github.com/niiniyare/erp/internal/core/identity/mock.go:45.104,50.2 4 1
github.com/niiniyare/erp/internal/core/identity/mock.go:53.102,56.2 2 1
github.com/niiniyare/erp/internal/core/identity/mock.go:59.109,65.2 5 1
github.com/niiniyare/erp/internal/core/identity/mock.go:68.81,71.2 2 1
github.com/niiniyare/erp/internal/core/identity/mock.go:74.103,80.2 5 1
github.com/niiniyare/erp/internal/core/identity/mock.go:83.79,86.2 2 1
github.com/niiniyare/erp/internal/core/identity/mock.go:89.120,95.2 5 1
github.com/niiniyare/erp/internal/core/identity/mock.go:98.93,101.2 2 1
github.com/niiniyare/erp/internal/core/identity/mock.go:104.78,109.2 4 0
github.com/niiniyare/erp/internal/core/identity/mock.go:112.76,115.2 2 0
github.com/niiniyare/erp/internal/core/identity/mock.go:118.96,124.2 5 1
github.com/niiniyare/erp/internal/core/identity/mock.go:127.81,130.2 2 1
github.com/niiniyare/erp/internal/core/identity/mock.go:133.92,139.2 5 1
github.com/niiniyare/erp/internal/core/identity/mock.go:142.79,145.2 2 1
github.com/niiniyare/erp/internal/core/identity/mock.go:148.91,154.2 5 1
github.com/niiniyare/erp/internal/core/identity/mock.go:157.83,160.2 2 1
github.com/niiniyare/erp/internal/core/identity/mock.go:163.88,169.2 5 1
github.com/niiniyare/erp/internal/core/identity/mock.go:172.77,175.2 2 1
github.com/niiniyare/erp/internal/core/identity/mock.go:178.97,184.2 5 1
github.com/niiniyare/erp/internal/core/identity/mock.go:187.89,190.2 2 1
github.com/niiniyare/erp/internal/core/identity/mock.go:193.97,199.2 5 1
github.com/niiniyare/erp/internal/core/identity/mock.go:202.85,205.2 2 1
github.com/niiniyare/erp/internal/core/identity/mock.go:208.106,214.2 5 0
github.com/niiniyare/erp/internal/core/identity/mock.go:217.84,220.2 2 0
github.com/niiniyare/erp/internal/core/identity/mock.go:223.104,228.2 4 1
github.com/niiniyare/erp/internal/core/identity/mock.go:231.102,234.2 2 1
github.com/niiniyare/erp/internal/core/identity/mock.go:237.110,242.2 4 1
github.com/niiniyare/erp/internal/core/identity/mock.go:245.101,248.2 2 1
github.com/niiniyare/erp/internal/core/identity/mock.go:251.111,257.2 5 1
github.com/niiniyare/erp/internal/core/identity/mock.go:260.81,263.2 2 1
github.com/niiniyare/erp/internal/core/identity/model.go:25.39,28.2 2 1
github.com/niiniyare/erp/internal/core/identity/model.go:30.40,32.2 1 1
github.com/niiniyare/erp/internal/core/identity/model.go:34.43,41.2 1 0
github.com/niiniyare/erp/internal/core/identity/model.go:110.49,118.2 1 0
github.com/niiniyare/erp/internal/core/identity/model.go:121.42,124.2 2 1
github.com/niiniyare/erp/internal/core/identity/model.go:126.43,128.2 1 1
github.com/niiniyare/erp/internal/core/identity/model.go:250.39,251.48 1 1
github.com/niiniyare/erp/internal/core/identity/model.go:251.48,253.3 1 1
github.com/niiniyare/erp/internal/core/identity/model.go:254.2,254.39 1 1
github.com/niiniyare/erp/internal/core/identity/model.go:258.44,260.31 2 1
github.com/niiniyare/erp/internal/core/identity/model.go:260.31,261.20 1 1
github.com/niiniyare/erp/internal/core/identity/model.go:261.20,263.4 1 1
github.com/niiniyare/erp/internal/core/identity/model.go:265.2,265.14 1 1
github.com/niiniyare/erp/internal/core/identity/model.go:269.47,271.34 2 1
github.com/niiniyare/erp/internal/core/identity/model.go:271.34,272.18 1 1
github.com/niiniyare/erp/internal/core/identity/model.go:272.18,274.4 1 1
github.com/niiniyare/erp/internal/core/identity/model.go:276.2,276.14 1 1
github.com/niiniyare/erp/internal/core/identity/model.go:280.50,282.34 2 1
github.com/niiniyare/erp/internal/core/identity/model.go:282.34,283.18 1 1
github.com/niiniyare/erp/internal/core/identity/model.go:283.18,285.4 1 1
github.com/niiniyare/erp/internal/core/identity/model.go:287.2,287.14 1 1
github.com/niiniyare/erp/internal/core/identity/repository.go:49.112,55.2 1 1
github.com/niiniyare/erp/internal/core/identity/repository.go:58.116,60.16 2 1
github.com/niiniyare/erp/internal/core/identity/repository.go:60.16,62.3 1 0
github.com/niiniyare/erp/internal/core/identity/repository.go:64.2,65.16 2 1
github.com/niiniyare/erp/internal/core/identity/repository.go:65.16,67.3 1 1
github.com/niiniyare/erp/internal/core/identity/repository.go:69.2,69.31 1 1
github.com/niiniyare/erp/internal/core/identity/repository.go:73.84,75.16 2 0
github.com/niiniyare/erp/internal/core/identity/repository.go:75.16,76.27 1 0
github.com/niiniyare/erp/internal/core/identity/repository.go:76.27,78.4 1 0
github.com/niiniyare/erp/internal/core/identity/repository.go:79.3,79.56 1 0
github.com/niiniyare/erp/internal/core/identity/repository.go:81.2,81.31 1 0
github.com/niiniyare/erp/internal/core/identity/repository.go:85.87,87.16 2 0
github.com/niiniyare/erp/internal/core/identity/repository.go:87.16,88.27 1 0
github.com/niiniyare/erp/internal/core/identity/repository.go:88.27,90.4 1 0
github.com/niiniyare/erp/internal/core/identity/repository.go:91.3,91.65 1 0
github.com/niiniyare/erp/internal/core/identity/repository.go:93.2,93.31 1 0
github.com/niiniyare/erp/internal/core/identity/repository.go:97.93,99.16 2 0
github.com/niiniyare/erp/internal/core/identity/repository.go:99.16,100.27 1 0
github.com/niiniyare/erp/internal/core/identity/repository.go:100.27,102.4 1 0
github.com/niiniyare/erp/internal/core/identity/repository.go:103.3,103.68 1 0
github.com/niiniyare/erp/internal/core/identity/repository.go:105.2,105.31 1 0
github.com/niiniyare/erp/internal/core/identity/repository.go:109.107,114.16 3 0
github.com/niiniyare/erp/internal/core/identity/repository.go:114.16,115.27 1 0
github.com/niiniyare/erp/internal/core/identity/repository.go:115.27,117.4 1 0
github.com/niiniyare/erp/internal/core/identity/repository.go:118.3,118.59 1 0
github.com/niiniyare/erp/internal/core/identity/repository.go:120.2,120.31 1 0
github.com/niiniyare/erp/internal/core/identity/repository.go:124.74,126.2 1 0
github.com/niiniyare/erp/internal/core/identity/repository.go:129.102,131.16 2 0
github.com/niiniyare/erp/internal/core/identity/repository.go:131.16,132.27 1 0
github.com/niiniyare/erp/internal/core/identity/repository.go:132.27,134.4 1 0
github.com/niiniyare/erp/internal/core/identity/repository.go:135.3,135.69 1 0
github.com/niiniyare/erp/internal/core/identity/repository.go:138.2,138.49 1 0
github.com/niiniyare/erp/internal/core/identity/repository.go:141.93,143.16 2 0
github.com/niiniyare/erp/internal/core/identity/repository.go:143.16,144.27 1 0
github.com/niiniyare/erp/internal/core/identity/repository.go:144.27,146.4 1 0
github.com/niiniyare/erp/internal/core/identity/repository.go:147.3,147.17 1 0
github.com/niiniyare/erp/internal/core/identity/repository.go:149.2,149.17 1 0
github.com/niiniyare/erp/internal/core/identity/repository.go:149.17,151.3 1 0
github.com/niiniyare/erp/internal/core/identity/repository.go:152.2,152.19 1 0
github.com/niiniyare/erp/internal/core/identity/repository.go:155.106,160.2 1 0
github.com/niiniyare/erp/internal/core/identity/repository.go:163.99,165.16 2 0
github.com/niiniyare/erp/internal/core/identity/repository.go:165.16,167.3 1 0
github.com/niiniyare/erp/internal/core/identity/repository.go:168.2,169.16 2 0
github.com/niiniyare/erp/internal/core/identity/repository.go:169.16,171.3 1 0
github.com/niiniyare/erp/internal/core/identity/repository.go:172.2,172.35 1 0
github.com/niiniyare/erp/internal/core/identity/repository.go:175.88,177.16 2 0
github.com/niiniyare/erp/internal/core/identity/repository.go:177.16,178.27 1 0
github.com/niiniyare/erp/internal/core/identity/repository.go:178.27,180.4 1 0
github.com/niiniyare/erp/internal/core/identity/repository.go:181.3,181.58 1 0
github.com/niiniyare/erp/internal/core/identity/repository.go:183.2,183.35 1 0
github.com/niiniyare/erp/internal/core/identity/repository.go:187.105,189.16 2 0
github.com/niiniyare/erp/internal/core/identity/repository.go:189.16,191.3 1 0
github.com/niiniyare/erp/internal/core/identity/repository.go:192.2,193.16 2 0
github.com/niiniyare/erp/internal/core/identity/repository.go:193.16,195.3 1 0
github.com/niiniyare/erp/internal/core/identity/repository.go:196.2,196.39 1 0
github.com/niiniyare/erp/internal/core/identity/repository.go:199.92,201.16 2 0
github.com/niiniyare/erp/internal/core/identity/repository.go:201.16,202.27 1 0
github.com/niiniyare/erp/internal/core/identity/repository.go:202.27,204.4 1 0
github.com/niiniyare/erp/internal/core/identity/repository.go:205.3,205.60 1 0
github.com/niiniyare/erp/internal/core/identity/repository.go:207.2,207.39 1 0
github.com/niiniyare/erp/internal/core/identity/repository.go:210.100,213.2 1 0
github.com/niiniyare/erp/internal/core/identity/repository.go:215.100,218.2 1 0
github.com/niiniyare/erp/internal/core/identity/repository.go:222.53,224.117 2 1
github.com/niiniyare/erp/internal/core/identity/repository.go:224.117,226.3 1 0
github.com/niiniyare/erp/internal/core/identity/repository.go:227.2,227.99 1 1
github.com/niiniyare/erp/internal/core/identity/repository.go:227.99,229.3 1 0
github.com/niiniyare/erp/internal/core/identity/repository.go:231.2,232.30 2 1
github.com/niiniyare/erp/internal/core/identity/repository.go:232.30,234.3 1 1
github.com/niiniyare/erp/internal/core/identity/repository.go:236.2,237.35 2 1
github.com/niiniyare/erp/internal/core/identity/repository.go:237.35,239.3 1 0
github.com/niiniyare/erp/internal/core/identity/repository.go:241.2,242.41 2 1
github.com/niiniyare/erp/internal/core/identity/repository.go:242.41,244.3 1 0
github.com/niiniyare/erp/internal/core/identity/repository.go:246.2,247.43 2 1
github.com/niiniyare/erp/internal/core/identity/repository.go:247.43,249.3 1 0
github.com/niiniyare/erp/internal/core/identity/repository.go:251.2,252.32 2 1
github.com/niiniyare/erp/internal/core/identity/repository.go:252.32,254.3 1 0
github.com/niiniyare/erp/internal/core/identity/repository.go:256.2,278.8 1 1
github.com/niiniyare/erp/internal/core/identity/repository.go:281.61,283.133 2 0
github.com/niiniyare/erp/internal/core/identity/repository.go:283.133,285.3 1 0
github.com/niiniyare/erp/internal/core/identity/repository.go:286.2,286.103 1 0
github.com/niiniyare/erp/internal/core/identity/repository.go:286.103,288.3 1 0
github.com/niiniyare/erp/internal/core/identity/repository.go:290.2,291.29 2 0
github.com/niiniyare/erp/internal/core/identity/repository.go:291.29,293.3 1 0
github.com/niiniyare/erp/internal/core/identity/repository.go:295.2,315.8 1 0
github.com/niiniyare/erp/internal/core/identity/repository.go:318.69,320.113 2 0
github.com/niiniyare/erp/internal/core/identity/repository.go:320.113,322.3 1 0
github.com/niiniyare/erp/internal/core/identity/repository.go:323.2,323.119 1 0
github.com/niiniyare/erp/internal/core/identity/repository.go:323.119,325.3 1 0
github.com/niiniyare/erp/internal/core/identity/repository.go:326.2,326.131 1 0
github.com/niiniyare/erp/internal/core/identity/repository.go:326.131,328.3 1 0
github.com/niiniyare/erp/internal/core/identity/repository.go:330.2,331.42 2 0
github.com/niiniyare/erp/internal/core/identity/repository.go:331.42,333.3 1 0
github.com/niiniyare/erp/internal/core/identity/repository.go:335.2,336.39 2 0
github.com/niiniyare/erp/internal/core/identity/repository.go:336.39,338.3 1 0
github.com/niiniyare/erp/internal/core/identity/repository.go:340.2,359.8 1 0
github.com/niiniyare/erp/internal/core/identity/repository.go:362.95,388.16 2 0
github.com/niiniyare/erp/internal/core/identity/repository.go:388.16,390.3 1 0
github.com/niiniyare/erp/internal/core/identity/repository.go:392.2,393.21 2 0
github.com/niiniyare/erp/internal/core/identity/repository.go:393.21,415.17 2 0
github.com/niiniyare/erp/internal/core/identity/repository.go:415.17,417.4 1 0
github.com/niiniyare/erp/internal/core/identity/repository.go:420.2,421.21 2 0
github.com/niiniyare/erp/internal/core/identity/repository.go:421.21,442.17 2 0
github.com/niiniyare/erp/internal/core/identity/repository.go:442.17,444.4 1 0
github.com/niiniyare/erp/internal/core/identity/repository.go:447.2,451.8 1 0
github.com/niiniyare/erp/internal/core/identity/repository.go:454.105,457.31 3 1
github.com/niiniyare/erp/internal/core/identity/repository.go:457.31,459.17 2 0
github.com/niiniyare/erp/internal/core/identity/repository.go:459.17,461.4 1 0
github.com/niiniyare/erp/internal/core/identity/repository.go:463.2,463.25 1 1
github.com/niiniyare/erp/internal/core/identity/repository.go:463.25,465.17 2 0
github.com/niiniyare/erp/internal/core/identity/repository.go:465.17,467.4 1 0
github.com/niiniyare/erp/internal/core/identity/repository.go:470.2,483.8 1 1
github.com/niiniyare/erp/internal/core/identity/repository.go:486.88,489.35 3 0
github.com/niiniyare/erp/internal/core/identity/repository.go:489.35,491.17 2 0
github.com/niiniyare/erp/internal/core/identity/repository.go:491.17,493.4 1 0
github.com/niiniyare/erp/internal/core/identity/repository.go:495.2,495.25 1 0
github.com/niiniyare/erp/internal/core/identity/repository.go:495.25,497.17 2 0
github.com/niiniyare/erp/internal/core/identity/repository.go:497.17,499.4 1 0
github.com/niiniyare/erp/internal/core/identity/repository.go:502.2,515.8 1 0
github.com/niiniyare/erp/internal/core/identity/repository.go:518.94,521.27 3 0
github.com/niiniyare/erp/internal/core/identity/repository.go:521.27,523.17 2 0
github.com/niiniyare/erp/internal/core/identity/repository.go:523.17,525.4 1 0
github.com/niiniyare/erp/internal/core/identity/repository.go:527.2,527.29 1 0
github.com/niiniyare/erp/internal/core/identity/repository.go:527.29,529.17 2 0
github.com/niiniyare/erp/internal/core/identity/repository.go:529.17,531.4 1 0
github.com/niiniyare/erp/internal/core/identity/repository.go:533.2,533.33 1 0
github.com/niiniyare/erp/internal/core/identity/repository.go:533.33,535.17 2 0
github.com/niiniyare/erp/internal/core/identity/repository.go:535.17,537.4 1 0
github.com/niiniyare/erp/internal/core/identity/repository.go:540.2,554.8 2 0
github.com/niiniyare/erp/internal/core/identity/service.go:59.128,66.2 1 1
github.com/niiniyare/erp/internal/core/identity/service.go:69.95,74.49 3 1
github.com/niiniyare/erp/internal/core/identity/service.go:74.49,76.3 1 1
github.com/niiniyare/erp/internal/core/identity/service.go:80.2,81.16 2 1
github.com/niiniyare/erp/internal/core/identity/service.go:81.16,83.3 1 0
github.com/niiniyare/erp/internal/core/identity/service.go:86.2,87.16 2 1
github.com/niiniyare/erp/internal/core/identity/service.go:87.16,90.3 1 1
github.com/niiniyare/erp/internal/core/identity/service.go:93.2,95.18 2 1
github.com/niiniyare/erp/internal/core/identity/service.go:99.81,106.58 5 1
github.com/niiniyare/erp/internal/core/identity/service.go:106.58,108.3 1 1
github.com/niiniyare/erp/internal/core/identity/service.go:111.2,112.16 2 1
github.com/niiniyare/erp/internal/core/identity/service.go:112.16,114.3 1 1
github.com/niiniyare/erp/internal/core/identity/service.go:117.2,118.20 2 1
github.com/niiniyare/erp/internal/core/identity/service.go:122.84,128.58 5 1
github.com/niiniyare/erp/internal/core/identity/service.go:128.58,130.3 1 1
github.com/niiniyare/erp/internal/core/identity/service.go:132.2,133.16 2 1
github.com/niiniyare/erp/internal/core/identity/service.go:133.16,135.3 1 1
github.com/niiniyare/erp/internal/core/identity/service.go:137.2,138.20 2 1
github.com/niiniyare/erp/internal/core/identity/service.go:142.90,148.58 5 1
github.com/niiniyare/erp/internal/core/identity/service.go:148.58,150.3 1 1
github.com/niiniyare/erp/internal/core/identity/service.go:152.2,153.16 2 1
github.com/niiniyare/erp/internal/core/identity/service.go:153.16,155.3 1 1
github.com/niiniyare/erp/internal/core/identity/service.go:157.2,158.20 2 1
github.com/niiniyare/erp/internal/core/identity/service.go:162.104,168.16 4 1
github.com/niiniyare/erp/internal/core/identity/service.go:168.16,170.3 1 1
github.com/niiniyare/erp/internal/core/identity/service.go:172.2,173.16 2 1
github.com/niiniyare/erp/internal/core/identity/service.go:173.16,175.3 1 1
github.com/niiniyare/erp/internal/core/identity/service.go:178.2,181.25 3 1
github.com/niiniyare/erp/internal/core/identity/service.go:185.97,193.39 5 1
github.com/niiniyare/erp/internal/core/identity/service.go:193.39,195.3 1 1
github.com/niiniyare/erp/internal/core/identity/service.go:195.8,197.3 1 1
github.com/niiniyare/erp/internal/core/identity/service.go:199.2,199.16 1 1
github.com/niiniyare/erp/internal/core/identity/service.go:199.16,201.3 1 1
github.com/niiniyare/erp/internal/core/identity/service.go:204.2,205.16 2 1
github.com/niiniyare/erp/internal/core/identity/service.go:205.16,207.3 1 1
github.com/niiniyare/erp/internal/core/identity/service.go:210.2,210.49 1 1
github.com/niiniyare/erp/internal/core/identity/service.go:210.49,213.3 1 1
github.com/niiniyare/erp/internal/core/identity/service.go:216.2,216.18 1 1
github.com/niiniyare/erp/internal/core/identity/service.go:220.112,226.16 4 1
github.com/niiniyare/erp/internal/core/identity/service.go:226.16,228.3 1 1
github.com/niiniyare/erp/internal/core/identity/service.go:229.2,229.59 1 1
github.com/niiniyare/erp/internal/core/identity/service.go:229.59,231.3 1 1
github.com/niiniyare/erp/internal/core/identity/service.go:234.2,235.16 2 1
github.com/niiniyare/erp/internal/core/identity/service.go:235.16,237.3 1 0
github.com/niiniyare/erp/internal/core/identity/service.go:240.2,240.62 1 1
github.com/niiniyare/erp/internal/core/identity/service.go:245.96,247.2 1 1
github.com/niiniyare/erp/internal/core/identity/service.go:249.85,251.2 1 1
github.com/niiniyare/erp/internal/core/identity/service.go:253.102,255.2 1 1
github.com/niiniyare/erp/internal/core/identity/service.go:257.89,259.2 1 1
github.com/niiniyare/erp/internal/core/identity/service.go:261.97,263.2 1 1
github.com/niiniyare/erp/internal/core/identity/service.go:265.97,267.2 1 1
github.com/niiniyare/erp/internal/core/identity/service.go:271.90,274.2 1 1
github.com/niiniyare/erp/internal/core/identity/service.go:276.71,279.2 1 1
github.com/niiniyare/erp/internal/core/identity/service.go:281.88,284.2 1 0
github.com/niiniyare/erp/internal/core/identity/service.go:286.106,289.2 1 0
github.com/niiniyare/erp/internal/core/identity/service.go:291.130,294.2 1 0
github.com/niiniyare/erp/internal/core/identity/service.go:296.141,299.2 1 0
github.com/niiniyare/erp/internal/core/identity/service.go:301.113,304.2 1 0
github.com/niiniyare/erp/internal/core/identity/service.go:306.107,309.2 1 0
github.com/niiniyare/erp/internal/core/identity/service.go:311.102,314.2 1 0
github.com/niiniyare/erp/internal/core/identity/service.go:318.65,320.16 2 1
github.com/niiniyare/erp/internal/core/identity/service.go:320.16,322.3 1 0
github.com/niiniyare/erp/internal/core/identity/service.go:323.2,323.33 1 1
github.com/niiniyare/erp/internal/core/identity/service.go:326.72,329.2 2 1
github.com/niiniyare/erp/internal/core/identity/service.go:331.62,335.25 4 1
github.com/niiniyare/erp/internal/core/identity/service.go:335.25,337.3 1 1
github.com/niiniyare/erp/internal/core/identity/service.go:340.98,343.20 3 1
github.com/niiniyare/erp/internal/core/identity/service.go:343.20,345.3 1 1
