mode: set
github.com/niiniyare/erp/web/helpers/accessibility.go:44.79,45.19 1 1
github.com/niiniyare/erp/web/helpers/accessibility.go:45.19,47.3 1 1
github.com/niiniyare/erp/web/helpers/accessibility.go:48.2,51.3 1 1
github.com/niiniyare/erp/web/helpers/accessibility.go:55.108,59.2 3 1
github.com/niiniyare/erp/web/helpers/accessibility.go:62.56,71.2 1 1
github.com/niiniyare/erp/web/helpers/accessibility.go:74.77,75.21 1 1
github.com/niiniyare/erp/web/helpers/accessibility.go:75.21,77.3 1 1
github.com/niiniyare/erp/web/helpers/accessibility.go:81.76,82.21 1 1
github.com/niiniyare/erp/web/helpers/accessibility.go:82.21,84.3 1 1
github.com/niiniyare/erp/web/helpers/accessibility.go:88.77,89.21 1 1
github.com/niiniyare/erp/web/helpers/accessibility.go:89.21,91.3 1 1
github.com/niiniyare/erp/web/helpers/accessibility.go:95.63,103.2 6 1
github.com/niiniyare/erp/web/helpers/accessibility.go:106.73,107.19 1 1
github.com/niiniyare/erp/web/helpers/accessibility.go:107.19,109.3 1 1
github.com/niiniyare/erp/web/helpers/accessibility.go:110.2,120.4 4 1
github.com/niiniyare/erp/web/helpers/accessibility.go:124.60,128.2 3 1
github.com/niiniyare/erp/web/helpers/accessibility.go:133.101,134.21 1 1
github.com/niiniyare/erp/web/helpers/accessibility.go:134.21,137.3 2 1
github.com/niiniyare/erp/web/helpers/accessibility.go:140.2,143.57 3 1
github.com/niiniyare/erp/web/helpers/accessibility.go:143.57,145.3 1 1
github.com/niiniyare/erp/web/helpers/accessibility.go:147.2,147.54 1 1
github.com/niiniyare/erp/web/helpers/accessibility.go:147.54,149.3 1 1
github.com/niiniyare/erp/web/helpers/accessibility.go:151.2,151.54 1 1
github.com/niiniyare/erp/web/helpers/accessibility.go:151.54,153.3 1 1
github.com/niiniyare/erp/web/helpers/accessibility.go:155.2,161.14 3 1
github.com/niiniyare/erp/web/helpers/accessibility.go:165.124,166.21 1 1
github.com/niiniyare/erp/web/helpers/accessibility.go:166.21,172.3 3 1
github.com/niiniyare/erp/web/helpers/accessibility.go:174.2,174.26 1 1
github.com/niiniyare/erp/web/helpers/accessibility.go:174.26,181.3 3 1
github.com/niiniyare/erp/web/helpers/accessibility.go:183.2,183.53 1 1
github.com/niiniyare/erp/web/helpers/accessibility.go:187.103,188.21 1 1
github.com/niiniyare/erp/web/helpers/accessibility.go:188.21,191.3 2 1
github.com/niiniyare/erp/web/helpers/accessibility.go:193.2,194.36 2 1
github.com/niiniyare/erp/web/helpers/accessibility.go:194.36,195.17 1 1
github.com/niiniyare/erp/web/helpers/accessibility.go:195.17,197.4 1 1
github.com/niiniyare/erp/web/helpers/accessibility.go:200.2,207.15 3 1
github.com/niiniyare/erp/web/helpers/accessibility.go:211.98,212.21 1 0
github.com/niiniyare/erp/web/helpers/accessibility.go:212.21,214.3 1 0
github.com/niiniyare/erp/web/helpers/accessibility.go:216.2,222.15 3 0
github.com/niiniyare/erp/web/helpers/accessibility.go:228.90,232.33 3 1
github.com/niiniyare/erp/web/helpers/accessibility.go:232.33,234.3 1 1
github.com/niiniyare/erp/web/helpers/accessibility.go:236.2,236.16 1 1
github.com/niiniyare/erp/web/helpers/accessibility.go:236.16,238.3 1 1
github.com/niiniyare/erp/web/helpers/accessibility.go:240.2,240.17 1 1
github.com/niiniyare/erp/web/helpers/accessibility.go:240.17,242.3 1 1
github.com/niiniyare/erp/web/helpers/accessibility.go:244.2,244.13 1 1
github.com/niiniyare/erp/web/helpers/accessibility.go:248.106,252.33 3 1
github.com/niiniyare/erp/web/helpers/accessibility.go:252.33,254.3 1 0
github.com/niiniyare/erp/web/helpers/accessibility.go:256.2,258.15 2 1
github.com/niiniyare/erp/web/helpers/accessibility.go:258.15,260.25 2 1
github.com/niiniyare/erp/web/helpers/accessibility.go:260.25,262.4 1 1
github.com/niiniyare/erp/web/helpers/accessibility.go:265.3,265.51 1 1
github.com/niiniyare/erp/web/helpers/accessibility.go:265.51,267.4 1 1
github.com/niiniyare/erp/web/helpers/accessibility.go:270.3,271.25 2 1
github.com/niiniyare/erp/web/helpers/accessibility.go:271.25,273.4 1 1
github.com/niiniyare/erp/web/helpers/accessibility.go:274.3,280.5 2 1
github.com/niiniyare/erp/web/helpers/accessibility.go:283.2,283.14 1 1
github.com/niiniyare/erp/web/helpers/accessibility.go:289.76,293.48 3 0
github.com/niiniyare/erp/web/helpers/accessibility.go:293.48,295.3 1 0
github.com/niiniyare/erp/web/helpers/accessibility.go:296.2,296.13 1 0
github.com/niiniyare/erp/web/helpers/accessibility.go:300.71,304.34 3 1
github.com/niiniyare/erp/web/helpers/accessibility.go:304.34,306.3 1 0
github.com/niiniyare/erp/web/helpers/accessibility.go:308.2,309.34 2 1
github.com/niiniyare/erp/web/helpers/accessibility.go:310.33,311.23 1 1
github.com/niiniyare/erp/web/helpers/accessibility.go:312.52,313.20 1 1
github.com/niiniyare/erp/web/helpers/accessibility.go:314.13,315.17 1 1
github.com/niiniyare/erp/web/helpers/accessibility.go:316.10,317.20 1 1
github.com/niiniyare/erp/web/helpers/accessibility.go:320.2,325.15 2 1
github.com/niiniyare/erp/web/helpers/accessibility.go:331.107,334.24 2 1
github.com/niiniyare/erp/web/helpers/accessibility.go:334.24,337.3 2 1
github.com/niiniyare/erp/web/helpers/accessibility.go:340.2,340.26 1 1
github.com/niiniyare/erp/web/helpers/accessibility.go:340.26,343.3 2 1
github.com/niiniyare/erp/web/helpers/accessibility.go:346.2,346.26 1 1
github.com/niiniyare/erp/web/helpers/accessibility.go:346.26,348.32 2 1
github.com/niiniyare/erp/web/helpers/accessibility.go:348.32,350.4 1 1
github.com/niiniyare/erp/web/helpers/accessibility.go:354.2,354.36 1 1
github.com/niiniyare/erp/web/helpers/accessibility.go:354.36,356.3 1 1
github.com/niiniyare/erp/web/helpers/accessibility.go:359.2,359.33 1 1
github.com/niiniyare/erp/web/helpers/accessibility.go:359.33,361.3 1 1
github.com/niiniyare/erp/web/helpers/accessibility.go:364.2,364.31 1 1
github.com/niiniyare/erp/web/helpers/accessibility.go:364.31,366.3 1 1
github.com/niiniyare/erp/web/helpers/accessibility.go:368.2,375.14 2 1
github.com/niiniyare/erp/web/helpers/accessibility.go:394.51,396.2 1 1
github.com/niiniyare/erp/web/helpers/accessibility.go:398.69,401.2 2 1
github.com/niiniyare/erp/web/helpers/accessibility.go:403.84,407.2 3 1
github.com/niiniyare/erp/web/helpers/accessibility.go:409.85,412.2 2 1
github.com/niiniyare/erp/web/helpers/accessibility.go:414.81,417.2 2 1
github.com/niiniyare/erp/web/helpers/accessibility.go:419.82,422.2 2 1
github.com/niiniyare/erp/web/helpers/accessibility.go:424.59,427.2 2 1
github.com/niiniyare/erp/web/helpers/accessibility.go:432.94,435.19 2 0
github.com/niiniyare/erp/web/helpers/accessibility.go:435.19,438.3 2 0
github.com/niiniyare/erp/web/helpers/accessibility.go:441.2,442.26 2 0
github.com/niiniyare/erp/web/helpers/accessibility.go:442.26,444.3 1 0
github.com/niiniyare/erp/web/helpers/accessibility.go:447.2,447.21 1 0
github.com/niiniyare/erp/web/helpers/accessibility.go:447.21,449.3 1 0
github.com/niiniyare/erp/web/helpers/accessibility.go:452.2,452.25 1 0
github.com/niiniyare/erp/web/helpers/accessibility.go:452.25,454.3 1 0
github.com/niiniyare/erp/web/helpers/accessibility.go:455.2,455.25 1 0
github.com/niiniyare/erp/web/helpers/accessibility.go:455.25,457.3 1 0
github.com/niiniyare/erp/web/helpers/accessibility.go:459.2,466.14 2 0
github.com/niiniyare/erp/web/helpers/accessibility.go:480.96,483.19 2 1
github.com/niiniyare/erp/web/helpers/accessibility.go:483.19,486.3 2 1
github.com/niiniyare/erp/web/helpers/accessibility.go:489.2,489.27 1 1
github.com/niiniyare/erp/web/helpers/accessibility.go:489.27,491.3 1 1
github.com/niiniyare/erp/web/helpers/accessibility.go:493.2,493.28 1 1
github.com/niiniyare/erp/web/helpers/accessibility.go:493.28,495.3 1 1
github.com/niiniyare/erp/web/helpers/accessibility.go:498.2,498.27 1 1
github.com/niiniyare/erp/web/helpers/accessibility.go:498.27,500.3 1 1
github.com/niiniyare/erp/web/helpers/accessibility.go:503.2,503.21 1 1
github.com/niiniyare/erp/web/helpers/accessibility.go:503.21,505.3 1 1
github.com/niiniyare/erp/web/helpers/accessibility.go:508.2,508.21 1 1
github.com/niiniyare/erp/web/helpers/accessibility.go:508.21,511.3 2 1
github.com/niiniyare/erp/web/helpers/accessibility.go:513.2,521.14 2 1
github.com/niiniyare/erp/web/helpers/accessibility.go:539.45,541.2 1 1
github.com/niiniyare/erp/web/helpers/accessibility.go:543.74,546.2 2 1
github.com/niiniyare/erp/web/helpers/accessibility.go:548.76,551.2 2 1
github.com/niiniyare/erp/web/helpers/accessibility.go:553.79,556.2 2 1
github.com/niiniyare/erp/web/helpers/accessibility.go:558.63,561.2 2 1
github.com/niiniyare/erp/web/helpers/accessibility.go:563.63,566.2 2 1
github.com/niiniyare/erp/web/helpers/accessibility.go:568.53,571.2 2 1
github.com/niiniyare/erp/web/helpers/accessibility.go:576.90,579.19 2 0
github.com/niiniyare/erp/web/helpers/accessibility.go:579.19,582.3 2 0
github.com/niiniyare/erp/web/helpers/accessibility.go:585.2,586.24 2 0
github.com/niiniyare/erp/web/helpers/accessibility.go:586.24,588.3 1 0
github.com/niiniyare/erp/web/helpers/accessibility.go:591.2,591.30 1 0
github.com/niiniyare/erp/web/helpers/accessibility.go:591.30,593.3 1 0
github.com/niiniyare/erp/web/helpers/accessibility.go:595.2,600.14 2 0
github.com/niiniyare/erp/web/helpers/accessibility.go:612.112,615.19 2 0
github.com/niiniyare/erp/web/helpers/accessibility.go:615.19,618.3 2 0
github.com/niiniyare/erp/web/helpers/accessibility.go:621.2,621.25 1 0
github.com/niiniyare/erp/web/helpers/accessibility.go:621.25,623.3 1 0
github.com/niiniyare/erp/web/helpers/accessibility.go:626.2,626.35 1 0
github.com/niiniyare/erp/web/helpers/accessibility.go:626.35,628.3 1 0
github.com/niiniyare/erp/web/helpers/accessibility.go:631.2,631.25 1 0
github.com/niiniyare/erp/web/helpers/accessibility.go:631.25,634.3 2 0
github.com/niiniyare/erp/web/helpers/accessibility.go:636.2,636.14 1 0
github.com/niiniyare/erp/web/helpers/accessibility.go:649.74,653.34 3 0
github.com/niiniyare/erp/web/helpers/accessibility.go:653.34,655.3 1 0
github.com/niiniyare/erp/web/helpers/accessibility.go:657.2,657.18 1 0
github.com/niiniyare/erp/web/helpers/accessibility.go:657.18,659.3 1 0
github.com/niiniyare/erp/web/helpers/accessibility.go:661.2,661.11 1 0
github.com/niiniyare/erp/web/helpers/accessibility.go:667.83,671.35 3 0
github.com/niiniyare/erp/web/helpers/accessibility.go:671.35,673.3 1 0
github.com/niiniyare/erp/web/helpers/accessibility.go:675.2,675.29 1 0
github.com/niiniyare/erp/web/helpers/accessibility.go:675.29,677.3 1 0
github.com/niiniyare/erp/web/helpers/accessibility.go:679.2,679.11 1 0
github.com/niiniyare/erp/web/helpers/accessibility.go:685.80,690.97 3 1
github.com/niiniyare/erp/web/helpers/accessibility.go:690.97,692.3 1 1
github.com/niiniyare/erp/web/helpers/accessibility.go:695.2,695.33 1 1
github.com/niiniyare/erp/web/helpers/accessibility.go:699.109,703.97 3 0
github.com/niiniyare/erp/web/helpers/accessibility.go:703.97,705.3 1 0
github.com/niiniyare/erp/web/helpers/accessibility.go:707.2,707.61 1 0
github.com/niiniyare/erp/web/helpers/accessibility.go:707.61,709.3 1 0
github.com/niiniyare/erp/web/helpers/accessibility.go:711.2,711.33 1 0
github.com/niiniyare/erp/web/helpers/accessibility.go:715.69,719.2 3 1
github.com/niiniyare/erp/web/helpers/accessibility.go:722.75,724.2 1 1
github.com/niiniyare/erp/web/helpers/accessibility.go:729.63,730.17 1 1
github.com/niiniyare/erp/web/helpers/accessibility.go:730.17,733.3 2 1
github.com/niiniyare/erp/web/helpers/accessibility.go:736.2,743.23 5 1
github.com/niiniyare/erp/web/helpers/accessibility.go:743.23,744.79 1 1
github.com/niiniyare/erp/web/helpers/accessibility.go:744.79,746.4 1 1
github.com/niiniyare/erp/web/helpers/accessibility.go:749.2,752.72 2 1
github.com/niiniyare/erp/web/helpers/accessibility.go:752.72,754.3 1 1
github.com/niiniyare/erp/web/helpers/accessibility.go:756.2,761.18 2 1
github.com/niiniyare/erp/web/helpers/accessibility.go:765.70,768.27 3 1
github.com/niiniyare/erp/web/helpers/accessibility.go:768.27,770.3 1 1
github.com/niiniyare/erp/web/helpers/accessibility.go:771.2,778.17 3 1
github.com/niiniyare/erp/web/helpers/accessibility.go:782.76,784.27 2 1
github.com/niiniyare/erp/web/helpers/accessibility.go:784.27,786.3 1 0
github.com/niiniyare/erp/web/helpers/accessibility.go:789.2,790.40 2 1
github.com/niiniyare/erp/web/helpers/accessibility.go:790.40,797.3 2 0
github.com/niiniyare/erp/web/helpers/accessibility.go:799.2,805.17 3 1
github.com/niiniyare/erp/web/helpers/accessibility.go:811.76,823.30 2 1
github.com/niiniyare/erp/web/helpers/accessibility.go:823.30,825.3 1 1
github.com/niiniyare/erp/web/helpers/accessibility.go:827.2,830.11 2 1
github.com/niiniyare/erp/web/helpers/accessibility.go:834.70,835.12 1 0
github.com/niiniyare/erp/web/helpers/accessibility.go:835.12,837.3 1 0
github.com/niiniyare/erp/web/helpers/accessibility.go:838.2,838.16 1 0
github.com/niiniyare/erp/web/helpers/accessibility.go:842.64,864.22 2 1
github.com/niiniyare/erp/web/helpers/accessibility.go:864.22,866.3 1 1
github.com/niiniyare/erp/web/helpers/accessibility.go:868.2,871.11 2 1
github.com/niiniyare/erp/web/helpers/accessibility.go:875.96,877.33 2 1
github.com/niiniyare/erp/web/helpers/accessibility.go:877.33,878.27 1 1
github.com/niiniyare/erp/web/helpers/accessibility.go:878.27,880.4 1 1
github.com/niiniyare/erp/web/helpers/accessibility.go:882.2,882.15 1 1
github.com/niiniyare/erp/web/helpers/accessibility.go:886.97,890.63 2 1
github.com/niiniyare/erp/web/helpers/accessibility.go:890.63,891.95 1 1
github.com/niiniyare/erp/web/helpers/accessibility.go:891.95,898.4 3 1
github.com/niiniyare/erp/web/helpers/accessibility.go:901.2,901.63 1 1
github.com/niiniyare/erp/web/helpers/accessibility.go:901.63,903.37 2 1
github.com/niiniyare/erp/web/helpers/accessibility.go:903.37,910.4 3 1
github.com/niiniyare/erp/web/helpers/accessibility.go:913.2,913.23 1 1
github.com/niiniyare/erp/web/helpers/accessibility.go:913.23,917.3 1 1
github.com/niiniyare/erp/web/helpers/accessibility.go:919.2,919.17 1 1
github.com/niiniyare/erp/web/helpers/accessibility.go:923.75,925.2 1 1
github.com/niiniyare/erp/web/helpers/combined.go:19.104,24.2 1 0
github.com/niiniyare/erp/web/helpers/combined.go:27.58,29.2 1 0
github.com/niiniyare/erp/web/helpers/combined.go:32.60,34.2 1 0
github.com/niiniyare/erp/web/helpers/combined.go:44.112,46.40 1 0
github.com/niiniyare/erp/web/helpers/combined.go:46.40,47.74 1 0
github.com/niiniyare/erp/web/helpers/combined.go:47.74,49.4 1 0
github.com/niiniyare/erp/web/helpers/combined.go:53.2,53.37 1 0
github.com/niiniyare/erp/web/helpers/combined.go:53.37,54.32 1 0
github.com/niiniyare/erp/web/helpers/combined.go:54.32,56.4 1 0
github.com/niiniyare/erp/web/helpers/combined.go:56.9,58.4 1 0
github.com/niiniyare/erp/web/helpers/combined.go:61.2,61.13 1 0
github.com/niiniyare/erp/web/helpers/combined.go:67.141,69.16 2 0
github.com/niiniyare/erp/web/helpers/combined.go:69.16,71.3 1 0
github.com/niiniyare/erp/web/helpers/combined.go:74.2,82.20 2 0
github.com/niiniyare/erp/web/helpers/combined.go:82.20,84.3 1 0
github.com/niiniyare/erp/web/helpers/combined.go:87.2,87.63 1 0
github.com/niiniyare/erp/web/helpers/combined.go:91.109,93.59 1 0
github.com/niiniyare/erp/web/helpers/combined.go:93.59,95.3 1 0
github.com/niiniyare/erp/web/helpers/combined.go:98.2,99.16 2 0
github.com/niiniyare/erp/web/helpers/combined.go:99.16,101.3 1 0
github.com/niiniyare/erp/web/helpers/combined.go:103.2,108.4 1 0
github.com/niiniyare/erp/web/helpers/combined.go:112.127,114.63 1 0
github.com/niiniyare/erp/web/helpers/combined.go:114.63,116.3 1 0
github.com/niiniyare/erp/web/helpers/combined.go:119.2,120.16 2 0
github.com/niiniyare/erp/web/helpers/combined.go:120.16,122.3 1 0
github.com/niiniyare/erp/web/helpers/combined.go:124.2,129.4 1 0
github.com/niiniyare/erp/web/helpers/combined.go:133.121,135.16 2 0
github.com/niiniyare/erp/web/helpers/combined.go:135.16,137.3 1 0
github.com/niiniyare/erp/web/helpers/combined.go:140.2,157.35 4 0
github.com/niiniyare/erp/web/helpers/combined.go:157.35,159.3 1 0
github.com/niiniyare/erp/web/helpers/combined.go:161.2,169.3 1 0
github.com/niiniyare/erp/web/helpers/featureflags.go:19.86,23.2 1 0
github.com/niiniyare/erp/web/helpers/featureflags.go:35.89,36.33 1 0
github.com/niiniyare/erp/web/helpers/featureflags.go:36.33,38.3 1 0
github.com/niiniyare/erp/web/helpers/featureflags.go:40.2,41.9 2 0
github.com/niiniyare/erp/web/helpers/featureflags.go:41.9,43.3 1 0
github.com/niiniyare/erp/web/helpers/featureflags.go:45.2,51.19 4 0
github.com/niiniyare/erp/web/helpers/featureflags.go:51.19,55.3 3 0
github.com/niiniyare/erp/web/helpers/featureflags.go:58.2,65.19 2 0
github.com/niiniyare/erp/web/helpers/featureflags.go:65.19,70.3 1 0
github.com/niiniyare/erp/web/helpers/featureflags.go:73.2,74.16 2 0
github.com/niiniyare/erp/web/helpers/featureflags.go:74.16,76.3 1 0
github.com/niiniyare/erp/web/helpers/featureflags.go:78.2,78.16 1 0
github.com/niiniyare/erp/web/helpers/featureflags.go:82.135,83.33 1 0
github.com/niiniyare/erp/web/helpers/featureflags.go:83.33,85.3 1 0
github.com/niiniyare/erp/web/helpers/featureflags.go:87.2,88.21 2 0
github.com/niiniyare/erp/web/helpers/featureflags.go:88.21,90.3 1 0
github.com/niiniyare/erp/web/helpers/featureflags.go:92.2,100.16 3 0
github.com/niiniyare/erp/web/helpers/featureflags.go:100.16,102.3 1 0
github.com/niiniyare/erp/web/helpers/featureflags.go:104.2,104.16 1 0
github.com/niiniyare/erp/web/helpers/featureflags.go:108.100,109.33 1 0
github.com/niiniyare/erp/web/helpers/featureflags.go:109.33,111.3 1 0
github.com/niiniyare/erp/web/helpers/featureflags.go:113.2,114.9 2 0
github.com/niiniyare/erp/web/helpers/featureflags.go:114.9,116.3 1 0
github.com/niiniyare/erp/web/helpers/featureflags.go:118.2,128.16 4 0
github.com/niiniyare/erp/web/helpers/featureflags.go:128.16,130.3 1 0
github.com/niiniyare/erp/web/helpers/featureflags.go:132.2,132.26 1 0
github.com/niiniyare/erp/web/helpers/featureflags.go:136.120,138.16 2 0
github.com/niiniyare/erp/web/helpers/featureflags.go:138.16,140.3 1 0
github.com/niiniyare/erp/web/helpers/featureflags.go:141.2,141.14 1 0
github.com/niiniyare/erp/web/helpers/featureflags.go:145.96,146.37 1 0
github.com/niiniyare/erp/web/helpers/featureflags.go:146.37,147.40 1 0
github.com/niiniyare/erp/web/helpers/featureflags.go:147.40,149.4 1 0
github.com/niiniyare/erp/web/helpers/featureflags.go:151.2,151.14 1 0
github.com/niiniyare/erp/web/helpers/featureflags.go:155.97,156.37 1 0
github.com/niiniyare/erp/web/helpers/featureflags.go:156.37,157.41 1 0
github.com/niiniyare/erp/web/helpers/featureflags.go:157.41,159.4 1 0
github.com/niiniyare/erp/web/helpers/featureflags.go:161.2,161.13 1 0
github.com/niiniyare/erp/web/helpers/featureflags.go:165.100,167.9 2 0
github.com/niiniyare/erp/web/helpers/featureflags.go:167.9,169.3 1 0
github.com/niiniyare/erp/web/helpers/featureflags.go:171.2,172.9 2 0
github.com/niiniyare/erp/web/helpers/featureflags.go:172.9,174.3 1 0
github.com/niiniyare/erp/web/helpers/featureflags.go:176.2,176.31 1 0
github.com/niiniyare/erp/web/helpers/featureflags.go:182.76,184.2 1 0
github.com/niiniyare/erp/web/helpers/featureflags.go:187.107,189.2 1 0
github.com/niiniyare/erp/web/helpers/featureflags.go:192.94,194.2 1 0
github.com/niiniyare/erp/web/helpers/featureflags.go:197.100,199.2 1 0
github.com/niiniyare/erp/web/helpers/featureflags.go:202.90,204.2 1 0
github.com/niiniyare/erp/web/helpers/permissions.go:20.68,24.2 1 0
github.com/niiniyare/erp/web/helpers/permissions.go:37.96,38.50 1 0
github.com/niiniyare/erp/web/helpers/permissions.go:38.50,40.3 1 0
github.com/niiniyare/erp/web/helpers/permissions.go:43.2,54.16 3 0
github.com/niiniyare/erp/web/helpers/permissions.go:54.16,56.3 1 0
github.com/niiniyare/erp/web/helpers/permissions.go:58.2,58.35 1 0
github.com/niiniyare/erp/web/helpers/permissions.go:62.105,63.35 1 0
github.com/niiniyare/erp/web/helpers/permissions.go:63.35,64.33 1 0
github.com/niiniyare/erp/web/helpers/permissions.go:64.33,66.4 1 0
github.com/niiniyare/erp/web/helpers/permissions.go:68.2,68.14 1 0
github.com/niiniyare/erp/web/helpers/permissions.go:72.106,73.35 1 0
github.com/niiniyare/erp/web/helpers/permissions.go:73.35,74.34 1 0
github.com/niiniyare/erp/web/helpers/permissions.go:74.34,76.4 1 0
github.com/niiniyare/erp/web/helpers/permissions.go:78.2,78.13 1 0
github.com/niiniyare/erp/web/helpers/permissions.go:82.145,90.2 1 0
github.com/niiniyare/erp/web/helpers/permissions.go:93.146,101.2 1 0
github.com/niiniyare/erp/web/helpers/permissions.go:104.147,112.2 1 0
github.com/niiniyare/erp/web/helpers/permissions.go:115.124,122.2 1 0
github.com/niiniyare/erp/web/helpers/permissions.go:125.147,133.2 1 0
github.com/niiniyare/erp/web/helpers/permissions.go:136.99,138.9 2 0
github.com/niiniyare/erp/web/helpers/permissions.go:138.9,140.3 1 0
github.com/niiniyare/erp/web/helpers/permissions.go:142.2,143.9 2 0
github.com/niiniyare/erp/web/helpers/permissions.go:143.9,145.3 1 0
github.com/niiniyare/erp/web/helpers/permissions.go:147.2,147.31 1 0
github.com/niiniyare/erp/web/helpers/permissions.go:151.157,153.2 1 0
github.com/niiniyare/erp/web/helpers/permissions.go:158.86,164.2 1 0
github.com/niiniyare/erp/web/helpers/permissions.go:167.106,174.2 1 0
github.com/niiniyare/erp/web/helpers/permissions.go:177.89,183.2 1 0
github.com/niiniyare/erp/web/helpers/permissions.go:186.134,194.2 1 0
