mode: set
/data/data/com.termux/files/home/project/erp/internal/core/iam/model/entities.go:40.32,43.2 1 1
/data/data/com.termux/files/home/project/erp/internal/core/iam/model/entities.go:46.32,48.2 1 1
/data/data/com.termux/files/home/project/erp/internal/core/iam/model/entities.go:51.34,53.2 1 1
/data/data/com.termux/files/home/project/erp/internal/core/iam/model/entities.go:79.36,81.2 1 1
/data/data/com.termux/files/home/project/erp/internal/core/iam/model/entities.go:106.36,108.2 1 1
/data/data/com.termux/files/home/project/erp/internal/core/iam/model/entities.go:148.38,150.2 1 1
/data/data/com.termux/files/home/project/erp/internal/core/iam/model/entities.go:167.36,169.2 1 1
/data/data/com.termux/files/home/project/erp/internal/core/iam/model/entities.go:189.39,191.2 1 1
/data/data/com.termux/files/home/project/erp/internal/core/iam/model/entities.go:338.43,340.2 1 0
/data/data/com.termux/files/home/project/erp/internal/core/iam/model/entities.go:343.47,345.2 1 0
/data/data/com.termux/files/home/project/erp/internal/core/iam/model/types.go:20.39,23.2 2 0
/data/data/com.termux/files/home/project/erp/internal/core/iam/model/types.go:25.40,27.2 1 0
/data/data/com.termux/files/home/project/erp/internal/core/iam/model/types.go:44.46,47.2 2 0
/data/data/com.termux/files/home/project/erp/internal/core/iam/model/types.go:49.47,51.2 1 0
