mode: set
github.com/niiniyare/erp/internal/core/notification/mock.go:33.65,37.2 3 1
github.com/niiniyare/erp/internal/core/notification/mock.go:40.63,42.2 1 1
github.com/niiniyare/erp/internal/core/notification/mock.go:45.130,51.2 5 1
github.com/niiniyare/erp/internal/core/notification/mock.go:54.100,57.2 2 1
github.com/niiniyare/erp/internal/core/notification/mock.go:60.137,65.2 4 1
github.com/niiniyare/erp/internal/core/notification/mock.go:68.110,71.2 2 1
github.com/niiniyare/erp/internal/core/notification/repository.go:24.47,28.2 1 0
github.com/niiniyare/erp/internal/core/notification/repository.go:32.126,34.16 2 0
github.com/niiniyare/erp/internal/core/notification/repository.go:34.16,35.27 1 0
github.com/niiniyare/erp/internal/core/notification/repository.go:35.27,38.4 1 0
github.com/niiniyare/erp/internal/core/notification/repository.go:39.3,39.18 1 0
github.com/niiniyare/erp/internal/core/notification/repository.go:41.2,41.24 1 0
github.com/niiniyare/erp/internal/core/notification/repository.go:45.133,47.16 2 0
github.com/niiniyare/erp/internal/core/notification/repository.go:47.16,49.3 1 0
github.com/niiniyare/erp/internal/core/notification/repository.go:50.2,51.12 2 0
github.com/niiniyare/erp/internal/core/notification/repository.go:54.120,57.16 3 0
github.com/niiniyare/erp/internal/core/notification/repository.go:57.16,59.3 1 0
github.com/niiniyare/erp/internal/core/notification/repository.go:61.2,62.16 2 0
github.com/niiniyare/erp/internal/core/notification/repository.go:62.16,64.3 1 0
github.com/niiniyare/erp/internal/core/notification/repository.go:66.2,66.26 1 0
github.com/niiniyare/erp/internal/core/notification/repository.go:71.79,73.65 2 0
github.com/niiniyare/erp/internal/core/notification/repository.go:73.65,75.3 1 0
github.com/niiniyare/erp/internal/core/notification/repository.go:77.2,78.65 2 0
github.com/niiniyare/erp/internal/core/notification/repository.go:78.65,80.3 1 0
github.com/niiniyare/erp/internal/core/notification/repository.go:82.2,83.25 2 0
github.com/niiniyare/erp/internal/core/notification/repository.go:83.25,84.59 1 0
github.com/niiniyare/erp/internal/core/notification/repository.go:84.59,86.4 1 0
github.com/niiniyare/erp/internal/core/notification/repository.go:89.2,99.8 1 0
github.com/niiniyare/erp/internal/core/notification/repository.go:102.99,104.16 2 0
github.com/niiniyare/erp/internal/core/notification/repository.go:104.16,106.3 1 0
github.com/niiniyare/erp/internal/core/notification/repository.go:107.2,108.16 2 0
github.com/niiniyare/erp/internal/core/notification/repository.go:108.16,110.3 1 0
github.com/niiniyare/erp/internal/core/notification/repository.go:111.2,112.16 2 0
github.com/niiniyare/erp/internal/core/notification/repository.go:112.16,114.3 1 0
github.com/niiniyare/erp/internal/core/notification/repository.go:116.2,124.8 1 0
github.com/niiniyare/erp/internal/core/notification/repository.go:127.99,129.16 2 0
github.com/niiniyare/erp/internal/core/notification/repository.go:129.16,131.3 1 0
github.com/niiniyare/erp/internal/core/notification/repository.go:132.2,133.16 2 0
github.com/niiniyare/erp/internal/core/notification/repository.go:133.16,135.3 1 0
github.com/niiniyare/erp/internal/core/notification/repository.go:136.2,137.16 2 0
github.com/niiniyare/erp/internal/core/notification/repository.go:137.16,139.3 1 0
github.com/niiniyare/erp/internal/core/notification/repository.go:141.2,149.8 1 0
github.com/niiniyare/erp/internal/core/notification/repository.go:152.68,167.2 1 0
github.com/niiniyare/erp/internal/core/notification/service.go:54.23,62.2 1 1
github.com/niiniyare/erp/internal/core/notification/service.go:65.91,74.39 4 1
github.com/niiniyare/erp/internal/core/notification/service.go:74.39,77.3 2 1
github.com/niiniyare/erp/internal/core/notification/service.go:79.2,85.52 4 1
github.com/niiniyare/erp/internal/core/notification/service.go:85.52,87.17 2 1
github.com/niiniyare/erp/internal/core/notification/service.go:87.17,89.12 2 0
github.com/niiniyare/erp/internal/core/notification/service.go:93.3,93.88 1 1
github.com/niiniyare/erp/internal/core/notification/service.go:93.88,94.12 1 0
github.com/niiniyare/erp/internal/core/notification/service.go:98.3,98.41 1 1
github.com/niiniyare/erp/internal/core/notification/service.go:98.41,100.12 2 0
github.com/niiniyare/erp/internal/core/notification/service.go:104.3,105.31 2 1
github.com/niiniyare/erp/internal/core/notification/service.go:105.31,107.4 1 1
github.com/niiniyare/erp/internal/core/notification/service.go:109.3,109.42 1 1
github.com/niiniyare/erp/internal/core/notification/service.go:109.42,110.19 1 1
github.com/niiniyare/erp/internal/core/notification/service.go:111.34,112.58 1 1
github.com/niiniyare/erp/internal/core/notification/service.go:112.58,114.6 1 1
github.com/niiniyare/erp/internal/core/notification/service.go:115.34,116.60 1 1
github.com/niiniyare/erp/internal/core/notification/service.go:116.60,118.6 1 1
github.com/niiniyare/erp/internal/core/notification/service.go:124.2,124.55 1 1
github.com/niiniyare/erp/internal/core/notification/service.go:124.55,125.135 1 1
github.com/niiniyare/erp/internal/core/notification/service.go:125.135,128.4 2 1
github.com/niiniyare/erp/internal/core/notification/service.go:128.9,130.4 1 1
github.com/niiniyare/erp/internal/core/notification/service.go:134.2,134.57 1 1
github.com/niiniyare/erp/internal/core/notification/service.go:134.57,135.122 1 1
github.com/niiniyare/erp/internal/core/notification/service.go:135.122,138.4 2 1
github.com/niiniyare/erp/internal/core/notification/service.go:138.9,140.4 1 1
github.com/niiniyare/erp/internal/core/notification/service.go:143.2,143.21 1 1
github.com/niiniyare/erp/internal/core/notification/service.go:143.21,146.3 1 1
github.com/niiniyare/erp/internal/core/notification/service.go:148.2,148.12 1 1
github.com/niiniyare/erp/internal/core/notification/service.go:152.135,154.2 1 1
github.com/niiniyare/erp/internal/core/notification/service.go:157.142,159.2 1 1
github.com/niiniyare/erp/internal/core/notification/service.go:163.75,164.46 1 1
github.com/niiniyare/erp/internal/core/notification/service.go:164.46,166.3 1 1
github.com/niiniyare/erp/internal/core/notification/service.go:168.2,173.23 5 0
github.com/niiniyare/erp/internal/core/notification/service.go:173.23,175.3 1 0
github.com/niiniyare/erp/internal/core/notification/service.go:177.2,177.64 1 0
